2016-03-15 16:35:06,331 [6] DEBUG BankSimulator.Communication.Controllers.CoreController [(null)] - Recieved Key Auth Request from Host Node
2016-03-15 16:35:06,378 [6] DEBUG BankSimulator.Communication.Controllers.CoreController [(null)] - Geting Incomming Message
2016-03-15 16:35:06,378 [6] DEBUG SwitchLink.ProtocalFactory.PartnerSimulator.Factory [(null)] - <STX><NUL>2:D\u0091(\u00E2<CAN>\u0081<SOH>0<NUL><NUL><NUL><NUL><ETX>0<NUL><ETX><NAK><SYN>5<ACK><EOT>v4<SYN>5<ACK><ETX><NAK><ETX><ETB>X<DC1><NUL>!AD<NUL><NUL><STX>P<ACK>V<STX>X2I<STX>7<NUL><NUL><NUL>#H\u00D1!!<SOH><DC1>#A#160300048124SM200001437586000      4/25 GIBBES ST, SYDNEY, NSW, AU         028TCC01\EFC00000000\CCI0\FBKV\2\u00E6>\u00F8\u00F1\u008D)\u00E8<NUL><NUL><NUL><NUL><NUL><NUL><NUL><STX><NUL><NUL><NUL><ETX>0<NUL>)6Z<EOT><NUL><NUL><NUL><NUL>
2016-03-15 16:35:06,378 [6] DEBUG BankSimulator.Communication.Controllers.CoreController [(null)] - Recieved Key Auth Request from Host Node
2016-03-15 16:35:06,425 [6] DEBUG BankSimulator.Communication.Controllers.CoreController [(null)] - Geting Incomming Message
2016-03-15 16:35:06,425 [6] DEBUG SwitchLink.ProtocalFactory.PartnerSimulator.Factory [(null)] - <STX><NUL>2:D\u0091(\u00E2<CAN>\u0081<SOH>0<NUL><NUL><NUL><NUL><ETX>0<NUL><ETX><NAK><SYN>5<ACK><EOT>v5<SYN>5<ACK><ETX><NAK><ETX><ETB>X<DC1><NUL>!AD<NUL><NUL><STX>P<ACK>V<STX>X2I<STX>7<NUL><NUL><NUL>#H\u00D1!!<SOH><DC1>#A#160300048125SM200001437586000      4/25 GIBBES ST, SYDNEY, NSW, AU         028TCC01\EFC00000000\CCI0\FBKV\2\u00E6>\u00F8\u00F1\u008D)\u00E8<NUL><NUL><NUL><NUL><NUL><NUL><NUL><STX><NUL><NUL><NUL><ETX>0<NUL>)6Z<EOT><NUL><NUL><NUL><NUL>
2016-03-15 16:35:06,425 [6] DEBUG BankSimulator.Communication.Controllers.CoreController [(null)] - Recieved Key Auth Request from Host Node
2016-03-15 16:35:06,487 [6] DEBUG BankSimulator.Communication.Controllers.CoreController [(null)] - Geting Incomming Message
2016-03-15 16:35:06,487 [6] DEBUG SwitchLink.ProtocalFactory.PartnerSimulator.Factory [(null)] - <STX><NUL>2:D\u0091(\u00E2<CAN>\u0081<SOH>0<NUL><NUL><NUL><NUL><ETX>0<NUL><ETX><NAK><SYN>5<ACK><EOT>v6<SYN>5<ACK><ETX><NAK><ETX><ETB>X<DC1><NUL>!AD<NUL><NUL><STX>P<ACK>V<STX>X2I<STX>7<NUL><NUL><NUL>#H\u00D1!!<SOH><DC1>#A#160300048126SM200001437586000      4/25 GIBBES ST, SYDNEY, NSW, AU         028TCC01\EFC00000000\CCI0\FBKV\2\u00E6>\u00F8\u00F1\u008D)\u00E8<NUL><NUL><NUL><NUL><NUL><NUL><NUL><STX><NUL><NUL><NUL><ETX>0<NUL>)6Z<EOT><NUL><NUL><NUL><NUL>
2016-03-15 16:35:06,487 [6] DEBUG BankSimulator.Communication.Controllers.CoreController [(null)] - Recieved Key Auth Request from Host Node
2016-03-15 16:35:06,534 [6] DEBUG BankSimulator.Communication.Controllers.CoreController [(null)] - Geting Incomming Message
2016-03-15 16:35:06,534 [6] DEBUG SwitchLink.ProtocalFactory.PartnerSimulator.Factory [(null)] - <STX><NUL>2:D\u0091(\u00E2<CAN>\u0081<SOH> <NUL><NUL><NUL><NUL><NUL>\u0090<NUL><ETX><NAK><SYN>5<ACK><EOT>v7<SYN>5<ACK><ETX><NAK><ETX><ETB>X<DC1><NUL>!AD<NUL><NUL><STX>P<ACK>V<STX>X2I<STX>7<NUL><NUL><NUL>#H\u00D1!!<SOH><DC1>#A#160300048127SM200001437586000      4/25 GIBBES ST, SYDNEY, NSW, AU         028TCC01\EFC00000000\CCI0\FBKV\2\u00E6>\u00F8\u00F1\u008D)\u00E8<NUL><NUL><NUL><NUL><NUL><NUL><NUL><STX><NUL><NUL><NUL><NUL>\u0090<NUL>)6Z<EOT><NUL><NUL><NUL><NUL>
2016-03-15 16:35:06,534 [6] DEBUG BankSimulator.Communication.Controllers.CoreController [(null)] - Recieved Key Auth Request from Host Node
2016-03-15 16:35:06,581 [6] DEBUG BankSimulator.Communication.Controllers.CoreController [(null)] - Geting Incomming Message
2016-03-15 16:35:06,581 [6] DEBUG SwitchLink.ProtocalFactory.PartnerSimulator.Factory [(null)] - <STX><NUL>2:D\u0091(\u00E2<CAN>\u0081<SOH> <NUL><NUL><NUL><NUL><NUL>\u0090<NUL><ETX><NAK><SYN>5<ACK><EOT>v8<SYN>5<ACK><ETX><NAK><ETX><ETB>X<DC1><NUL>!AD<NUL><NUL><STX>P<ACK>V<STX>X2I<STX>7<NUL><NUL><NUL>#H\u00D1!!<SOH><DC1>#A#160300048128SM200001437586000      4/25 GIBBES ST, SYDNEY, NSW, AU         028TCC01\EFC00000000\CCI0\FBKV\2\u00E6>\u00F8\u00F1\u008D)\u00E8<NUL><NUL><NUL><NUL><NUL><NUL><NUL><STX><NUL><NUL><NUL><NUL>\u0090<NUL>)6Z<EOT><NUL><NUL><NUL><NUL>
2016-03-15 16:35:06,581 [6] DEBUG BankSimulator.Communication.Controllers.CoreController [(null)] - Recieved Key Auth Request from Host Node
2016-03-15 16:35:08,363 [6] DEBUG BankSimulator.Communication.Controllers.CoreController [(null)] - Geting Incomming Message
2016-03-15 16:35:08,363 [6] DEBUG SwitchLink.ProtocalFactory.PartnerSimulator.Factory [(null)] - <EOT> \u00B2:<EOT>\u0091(\u00E2<BS>\u0080<NUL><NUL><NUL>@<NUL><NUL><NUL><SOH> <NUL><NUL><NUL><NUL><NUL><STX> <NUL><ETX><NAK><SYN>5<BS><EOT>u\u0094<SYN>5<BS><ETX><NAK><ETX><ETB><NUL>!AD<NUL><NUL><STX>P<ACK>V<STX>X2I<STX>7<NUL><NUL><NUL>#H\u00D1!!<SOH><DC1>#A#160300048085SM200001437586000      4/25 GIBBES ST, SYDNEY, NSW, AU         028TCC01\EFC00000000\CCI0\FBKV\<NUL><NUL><NUL><NUL><NUL><NUL><NUL><STX><NUL><NUL><NUL><NUL><NUL><NUL><STX><NUL><EOT>u\u0094<ETX><NAK><SYN>5<BS><NUL><NUL><Enq>`%\u0080<NUL>a<NUL><DLE><SOH>p<SOH>\u00DCN<NUL><NUL><NUL><NUL>
2016-03-15 16:35:08,363 [6] DEBUG BankSimulator.Communication.Controllers.CoreController [(null)] - Recieved Key Reversal Request from Host Node
2016-03-15 16:35:08,378 [6] DEBUG BankSimulator.Communication.Controllers.CoreController [(null)] - Geting Incomming Message
2016-03-15 16:35:08,378 [6] DEBUG SwitchLink.ProtocalFactory.PartnerSimulator.Factory [(null)] - <EOT> \u00B2:<EOT>\u0091(\u00E2<BS>\u0080<NUL><NUL><NUL>@<NUL><NUL><NUL><SOH> <NUL><NUL><NUL><NUL><NUL><ETX>P<NUL><ETX><NAK><SYN>5<BS><EOT>v<EOT><SYN>5<BS><ETX><NAK><ETX><ETB><NUL>!AD<NUL><NUL><STX>P<ACK>V<STX>X2I<STX>7<NUL><NUL><NUL>#H\u00D1!!<SOH><DC1>#A#160300048094SM200001437586000      4/25 GIBBES ST, SYDNEY, NSW, AU         028TCC01\EFC00000000\CCI0\FBKV\<NUL><NUL><NUL><NUL><NUL><NUL><NUL><STX><NUL><NUL><NUL><NUL><NUL><NUL><STX><NUL><EOT>v<EOT><ETX><NAK><SYN>5<BS><NUL><NUL><Enq>`%\u0080<NUL>a<NUL><DLE><SOH>p<SOH>\u00DCN<NUL><NUL><NUL><NUL>
2016-03-15 16:35:08,378 [6] DEBUG BankSimulator.Communication.Controllers.CoreController [(null)] - Recieved Key Reversal Request from Host Node
2016-03-15 16:35:08,409 [6] DEBUG BankSimulator.Communication.Controllers.CoreController [(null)] - Geting Incomming Message
2016-03-15 16:35:08,409 [6] DEBUG SwitchLink.ProtocalFactory.PartnerSimulator.Factory [(null)] - <EOT> \u00B2:<EOT>\u0091(\u00E2<BS>\u0080<NUL><NUL><NUL>@<NUL><NUL><NUL><SOH> <NUL><NUL><NUL><NUL><NUL><ETX>P<NUL><ETX><NAK><SYN>5<BS><EOT>u\u0099<SYN>5<BS><ETX><NAK><ETX><ETB><NUL>!AD<NUL><NUL><STX>P<ACK>V<STX>X2I<STX>7<NUL><NUL><NUL>#H\u00D1!!<SOH><DC1>#A#160300048089SM200001437586000      4/25 GIBBES ST, SYDNEY, NSW, AU         028TCC01\EFC00000000\CCI0\FBKV\<NUL><NUL><NUL><NUL><NUL><NUL><NUL><STX><NUL><NUL><NUL><NUL><NUL><NUL><STX><NUL><EOT>u\u0099<ETX><NAK><SYN>5<BS><NUL><NUL><Enq>`%\u0080<NUL>a<NUL><DLE><SOH>p<SOH>\u00DCN<NUL><NUL><NUL><NUL>
2016-03-15 16:35:08,409 [6] DEBUG BankSimulator.Communication.Controllers.CoreController [(null)] - Recieved Key Reversal Request from Host Node
2016-03-15 16:35:09,332 [6] DEBUG BankSimulator.Communication.Controllers.CoreController [(null)] - Geting Incomming Message
2016-03-15 16:35:09,332 [6] DEBUG SwitchLink.ProtocalFactory.PartnerSimulator.Factory [(null)] - <EOT> \u00B2:<EOT>\u0091(\u00E2<BS>\u0080<NUL><NUL><NUL>@<NUL><NUL><NUL><SOH> <NUL><NUL><NUL><NUL><NUL><NUL>P<NUL><ETX><NAK><SYN>5<HT><EOT>v<ETB><SYN>5<HT><ETX><NAK><ETX><ETB><NUL>!AD<NUL><NUL><STX>P<ACK>V<STX>X2I<STX>7<NUL><NUL><NUL>#H\u00D1!!<SOH><DC1>#A#160300048108SM200001437586000      4/25 GIBBES ST, SYDNEY, NSW, AU         028TCC01\EFC00000000\CCI0\FBKV\<NUL><NUL><NUL><NUL><NUL><NUL><NUL><STX><NUL><NUL><NUL><NUL><NUL><NUL><STX><NUL><EOT>v<ETB><ETX><NAK><SYN>5<HT><NUL><NUL><Enq>`%\u0080<NUL>a<NUL><DLE><SOH>p<SOH>\u00DCN<NUL><NUL><NUL><NUL>
2016-03-15 16:35:09,332 [6] DEBUG BankSimulator.Communication.Controllers.CoreController [(null)] - Recieved Key Reversal Request from Host Node
2016-03-15 16:35:09,597 [6] DEBUG BankSimulator.Communication.Controllers.CoreController [(null)] - Geting Incomming Message
2016-03-15 16:35:09,597 [6] DEBUG SwitchLink.ProtocalFactory.PartnerSimulator.Factory [(null)] - <EOT> \u00B2:<EOT>\u0091(\u00E2<BS>\u0080<NUL><NUL><NUL>@<NUL><NUL><NUL><SOH> <NUL><NUL><NUL><NUL><NUL><ETX>0<NUL><ETX><NAK><SYN>5<HT><EOT>v5<SYN>5<HT><ETX><NAK><ETX><ETB><NUL>!AD<NUL><NUL><STX>P<ACK>V<STX>X2I<STX>7<NUL><NUL><NUL>#H\u00D1!!<SOH><DC1>#A#160300048125SM200001437586000      4/25 GIBBES ST, SYDNEY, NSW, AU         028TCC01\EFC00000000\CCI0\FBKV\<NUL><NUL><NUL><NUL><NUL><NUL><NUL><STX><NUL><NUL><NUL><NUL><NUL><NUL><STX><NUL><EOT>v5<ETX><NAK><SYN>5<HT><NUL><NUL><Enq>`%\u0080<NUL>a<NUL><DLE><SOH>p<SOH>\u00DCN<NUL><NUL><NUL><NUL>
2016-03-15 16:35:09,597 [6] DEBUG BankSimulator.Communication.Controllers.CoreController [(null)] - Recieved Key Reversal Request from Host Node
2016-03-15 16:35:09,597 [6] DEBUG BankSimulator.Communication.Controllers.CoreController [(null)] - Geting Incomming Message
2016-03-15 16:35:09,597 [6] DEBUG SwitchLink.ProtocalFactory.PartnerSimulator.Factory [(null)] - <EOT> \u00B2:<EOT>\u0091(\u00E2<BS>\u0080<NUL><NUL><NUL>@<NUL><NUL><NUL><SOH> <NUL><NUL><NUL><NUL><NUL><NUL>\u0090<NUL><ETX><NAK><SYN>5<HT><EOT>v7<SYN>5<HT><ETX><NAK><ETX><ETB><NUL>!AD<NUL><NUL><STX>P<ACK>V<STX>X2I<STX>7<NUL><NUL><NUL>#H\u00D1!!<SOH><DC1>#A#160300048127SM200001437586000      4/25 GIBBES ST, SYDNEY, NSW, AU         028TCC01\EFC00000000\CCI0\FBKV\<NUL><NUL><NUL><NUL><NUL><NUL><NUL><STX><NUL><NUL><NUL><NUL><NUL><NUL><STX><NUL><EOT>v7<ETX><NAK><SYN>5<HT><NUL><NUL><Enq>`%\u0080<NUL>a<NUL><DLE><SOH>p<SOH>\u00DCN<NUL><NUL><NUL><NUL>
2016-03-15 16:35:09,597 [6] DEBUG BankSimulator.Communication.Controllers.CoreController [(null)] - Recieved Key Reversal Request from Host Node
