2016-03-15 14:33:31,498 [30] INFO  SwitchLink.HostNode.Communication.Controller.BankingCommunicationController [(null)] - Received a message: 005A02103222001182C008810120000000000030000315143331047270031844000002500656025808610010013030534D323030303035343337353836303030202020202020000000000000000200000004054529365A0400000000
2016-03-15 14:33:31,518 [30] DEBUG SwitchLink.ProtocalFactory.HostNode.Factory [(null)] - <STX><DLE>2"<NUL><DC1>\u0082\u00C0<BS>\u0081<SOH> <NUL><NUL><NUL><NUL><NUL>0<NUL><ETX><NAK><DC4>31<EOT>rp<ETX><CAN>D<NUL><NUL><STX>P<ACK>V<STX>X<BS>a<NUL><DLE><SOH>00SM200005437586000      <NUL><NUL><NUL><NUL><NUL><NUL><NUL><STX><NUL><NUL><NUL><EOT><Enq>E)6Z<EOT><NUL><NUL><NUL><NUL>
2016-03-15 14:33:31,518 [30] INFO  SwitchLink.HostNode.Communication.Services.BankingCoreService [(null)] - Host State changed Transacting --> SignedOn
2016-03-15 14:33:31,519 [30] INFO  SwitchLink.HostNode.Communication.Controller.BankingCommunicationController [(null)] - Received transaction ref: 47270 from Partner
2016-03-15 14:33:31,551 [19] DEBUG SwitchLink.HostNode.Communication.Services.HostNodeRequestService [(null)] - Creating Transaction Request
2016-03-15 14:33:31,562 [19] DEBUG SwitchLink.HostNode.Services.TransactionService [(null)] - Creating TransactionModel Request
2016-03-15 14:33:31,562 [16] INFO  SwitchLink.HostNode.SocketServer.HostNode [(null)] - A client is disconnected! Client Id = ab60d2fe-667a-49bf-83c8-1bc34a7b4f9e
2016-03-15 14:33:31,566 [19] INFO  SwitchLink.ProtocalFactory.HostNode.Helper.BankMessageBuilder [(null)] - host node build (0200) request transaction authorization ==> 0130000000000340000315143331047271143331031503175811002141440000025006560258324902370000002348D121210111234123313630333030303437373637534D323030303035343337353836303030202020202020342F3235204749424245532053542C205359444E45592C204E53572C20415520202020202020202030323854434330315C45464330303030303030305C434349305C46424B565C7BC41E9D165253ED000000000000000200000003400029365A0400000000
2016-03-15 14:33:31,566 [19] DEBUG SwitchLink.HostNode.Communication.Services.HostNodeRequestService [(null)] - Get Transaction Response
2016-03-15 14:33:31,569 [30] INFO  SwitchLink.HostNode.Communication.Controller.BankingCommunicationController [(null)] - Received a message: 005A02103222001182C008810130000000000340000315143331047271031844000002500656025808610010013030534D323030303035343337353836303030202020202020000000000000000200000003199929365A0400000000
2016-03-15 14:33:31,569 [19] INFO  SwitchLink.HostNode.Communication.Services.BankingCoreService [(null)] - Host State changed SignedOn --> Transacting
2016-03-15 14:33:31,569 [30] DEBUG SwitchLink.ProtocalFactory.HostNode.Factory [(null)] - <STX><DLE>2"<NUL><DC1>\u0082\u00C0<BS>\u0081<SOH>0<NUL><NUL><NUL><NUL><ETX>@<NUL><ETX><NAK><DC4>31<EOT>rq<ETX><CAN>D<NUL><NUL><STX>P<ACK>V<STX>X<BS>a<NUL><DLE><SOH>00SM200005437586000      <NUL><NUL><NUL><NUL><NUL><NUL><NUL><STX><NUL><NUL><NUL><ETX><EM>\u0099)6Z<EOT><NUL><NUL><NUL><NUL>
2016-03-15 14:33:31,570 [30] INFO  SwitchLink.HostNode.Communication.Services.BankingCoreService [(null)] - Host State changed Transacting --> SignedOn
2016-03-15 14:33:31,570 [30] INFO  SwitchLink.HostNode.Communication.Controller.BankingCommunicationController [(null)] - Received transaction ref: 47271 from Partner
2016-03-15 14:33:31,613 [30] INFO  SwitchLink.HostNode.SocketServer.HostNode [(null)] - A client is disconnected! Client Id = 2b5affc1-09f9-4f0f-a9ef-ce822a0acbec
2016-03-15 14:33:31,616 [14] INFO  SwitchLink.HostNode.SocketServer.HostNode [(null)] - A new client is Connected. Client Id = c2999de8-1f51-40df-8bc5-a77a2ea4636e
2016-03-15 14:33:31,636 [22] DEBUG SwitchLink.HostNode.Communication.Services.HostNodeRequestService [(null)] - Creating Transaction Request
2016-03-15 14:33:31,636 [22] DEBUG SwitchLink.HostNode.Services.TransactionService [(null)] - Creating TransactionModel Request
2016-03-15 14:33:31,639 [22] INFO  SwitchLink.ProtocalFactory.HostNode.Helper.BankMessageBuilder [(null)] - host node build (0200) request transaction authorization ==> 0110000000000240000315143331047272143331031503175811002141440000025006560258324902370000002348D121210111234123313630333030303437373731534D323030303035343337353836303030202020202020342F3235204749424245532053542C205359444E45592C204E53572C20415520202020202020202030323854434330315C45464330303030303030305C434349305C46424B565C7BC41E9D165253ED000000000000000200000002400029365A0400000000
2016-03-15 14:33:31,639 [22] DEBUG SwitchLink.HostNode.Communication.Services.HostNodeRequestService [(null)] - Get Transaction Response
2016-03-15 14:33:31,641 [30] INFO  SwitchLink.HostNode.Communication.Controller.BankingCommunicationController [(null)] - Received a message: 005A02103222001182C008810110000000000240000315143331047272031844000002500656025808610010013038534D323030303035343337353836303030202020202020000000000000000200000000741829365A0400000000
2016-03-15 14:33:31,641 [30] DEBUG SwitchLink.ProtocalFactory.HostNode.Factory [(null)] - <STX><DLE>2"<NUL><DC1>\u0082\u00C0<BS>\u0081<SOH><DLE><NUL><NUL><NUL><NUL><STX>@<NUL><ETX><NAK><DC4>31<EOT>rr<ETX><CAN>D<NUL><NUL><STX>P<ACK>V<STX>X<BS>a<NUL><DLE><SOH>08SM200005437586000      <NUL><NUL><NUL><NUL><NUL><NUL><NUL><STX><NUL><NUL><NUL><NUL>t<CAN>)6Z<EOT><NUL><NUL><NUL><NUL>
2016-03-15 14:33:31,641 [22] INFO  SwitchLink.HostNode.Communication.Services.BankingCoreService [(null)] - Host State changed SignedOn --> Transacting
2016-03-15 14:33:31,684 [23] DEBUG SwitchLink.HostNode.Communication.Services.HostNodeRequestService [(null)] - Creating Transaction Request
2016-03-15 14:33:31,685 [23] DEBUG SwitchLink.HostNode.Services.TransactionService [(null)] - Creating TransactionModel Request
2016-03-15 14:33:31,687 [23] INFO  SwitchLink.ProtocalFactory.HostNode.Helper.BankMessageBuilder [(null)] - host node build (0200) request transaction authorization ==> 0120000000000020000315143331047273143331031503175811002141440000025006560258324902370000002348D121210111234123313630333030303437373636534D323030303035343337353836303030202020202020342F3235204749424245532053542C205359444E45592C204E53572C20415520202020202020202030323854434330315C45464330303030303030305C434349305C46424B565C7BC41E9D165253ED000000000000000200000000200029365A0400000000
2016-03-15 14:33:31,688 [23] DEBUG SwitchLink.HostNode.Communication.Services.HostNodeRequestService [(null)] - Get Transaction Response
2016-03-15 14:33:31,745 [25] DEBUG SwitchLink.HostNode.Communication.Services.HostNodeRequestService [(null)] - Creating Transaction Request
2016-03-15 14:33:31,746 [25] DEBUG SwitchLink.HostNode.Services.TransactionService [(null)] - Creating TransactionModel Request
2016-03-15 14:33:31,748 [25] INFO  SwitchLink.ProtocalFactory.HostNode.Helper.BankMessageBuilder [(null)] - host node build (0200) request transaction authorization ==> 0130000000000380000315143331047274143331031503175811002141440000025006560258324902370000002348D121210111234123313630333030303437373732534D323030303035343337353836303030202020202020342F3235204749424245532053542C205359444E45592C204E53572C20415520202020202020202030323854434330315C45464330303030303030305C434349305C46424B565C7BC41E9D165253ED000000000000000200000003800029365A0400000000
2016-03-15 14:33:31,748 [25] DEBUG SwitchLink.HostNode.Communication.Services.HostNodeRequestService [(null)] - Get Transaction Response
2016-03-15 14:33:32,051 [14] INFO  SwitchLink.HostNode.SocketServer.HostNode [(null)] - A new client is Connected. Client Id = c3386b0d-1f6a-4c28-b855-49ff8133af78
2016-03-15 14:33:32,162 [27] DEBUG SwitchLink.HostNode.Communication.Services.HostNodeRequestService [(null)] - Creating Transaction Request
2016-03-15 14:33:32,163 [27] DEBUG SwitchLink.HostNode.Services.TransactionService [(null)] - Creating TransactionModel Request
2016-03-15 14:33:32,165 [27] INFO  SwitchLink.ProtocalFactory.HostNode.Helper.BankMessageBuilder [(null)] - host node build (0200) request transaction authorization ==> 0120000000000070000315143332047275143332031503175811002141440000025006560258324902370000002348D121210111234123313630333030303437373733534D323030303035343337353836303030202020202020342F3235204749424245532053542C205359444E45592C204E53572C20415520202020202020202030323854434330315C45464330303030303030305C434349305C46424B565C7BC41E9D165253ED000000000000000200000000700029365A0400000000
2016-03-15 14:33:32,165 [27] DEBUG SwitchLink.HostNode.Communication.Services.HostNodeRequestService [(null)] - Get Transaction Response
2016-03-15 14:33:32,543 [14] INFO  SwitchLink.HostNode.SocketServer.HostNode [(null)] - A new client is Connected. Client Id = 3c88a248-7521-410f-beb3-67d9a09bf871
2016-03-15 14:33:32,640 [20] DEBUG SwitchLink.HostNode.Communication.Services.HostNodeRequestService [(null)] - Creating Transaction Request
2016-03-15 14:33:32,640 [20] DEBUG SwitchLink.HostNode.Services.TransactionService [(null)] - Creating TransactionModel Request
2016-03-15 14:33:32,642 [20] INFO  SwitchLink.ProtocalFactory.HostNode.Helper.BankMessageBuilder [(null)] - host node build (0200) request transaction authorization ==> 0110000000000210000315143332047276143332031503175811002141440000025006560258324902370000002348D121210111234123313630333030303437373734534D323030303035343337353836303030202020202020342F3235204749424245532053542C205359444E45592C204E53572C20415520202020202020202030323854434330315C45464330303030303030305C434349305C46424B565C7BC41E9D165253ED000000000000000200000002100029365A0400000000
2016-03-15 14:33:32,643 [20] DEBUG SwitchLink.HostNode.Communication.Services.HostNodeRequestService [(null)] - Get Transaction Response
2016-03-15 14:33:33,312 [14] INFO  SwitchLink.HostNode.SocketServer.HostNode [(null)] - A new client is Connected. Client Id = fe16a324-28c7-4475-bcd2-ea5a9594b763
2016-03-15 14:33:33,314 [14] INFO  SwitchLink.HostNode.SocketServer.HostNode [(null)] - A new client is Connected. Client Id = 98a881d7-7a9f-4968-9624-d5e0f7aafce4
2016-03-15 14:33:33,314 [14] INFO  SwitchLink.HostNode.SocketServer.HostNode [(null)] - A new client is Connected. Client Id = b0800fdb-7820-44a2-b920-13ac9d3553ed
2016-03-15 14:33:33,315 [14] INFO  SwitchLink.HostNode.SocketServer.HostNode [(null)] - A new client is Connected. Client Id = 552b0789-9b8f-41b6-b86f-094cc2e7e197
2016-03-15 14:33:33,315 [14] INFO  SwitchLink.HostNode.SocketServer.HostNode [(null)] - A new client is Connected. Client Id = 38184ceb-04e1-4ea2-923c-baa587c3a65f
2016-03-15 14:33:33,315 [14] INFO  SwitchLink.HostNode.SocketServer.HostNode [(null)] - A new client is Connected. Client Id = f8a14d3b-7d2c-4632-8c8a-6e3fe32053a0
2016-03-15 14:33:33,642 [18] DEBUG SwitchLink.HostNode.Communication.Services.HostNodeRequestService [(null)] - Creating Transaction Request
2016-03-15 14:33:33,643 [18] DEBUG SwitchLink.HostNode.Services.TransactionService [(null)] - Creating TransactionModel Request
2016-03-15 14:33:33,648 [18] INFO  SwitchLink.ProtocalFactory.HostNode.Helper.BankMessageBuilder [(null)] - host node build (0200) request transaction authorization ==> 0110000000000230000315143333047277143333031503175811002141440000025006560258324902370000002348D121210111234123313630333030303437373736534D323030303035343337353836303030202020202020342F3235204749424245532053542C205359444E45592C204E53572C20415520202020202020202030323854434330315C45464330303030303030305C434349305C46424B565C7BC41E9D165253ED000000000000000200000002300029365A0400000000
2016-03-15 14:33:33,648 [18] DEBUG SwitchLink.HostNode.Communication.Services.HostNodeRequestService [(null)] - Get Transaction Response
2016-03-15 14:33:33,682 [21] DEBUG SwitchLink.HostNode.Communication.Services.HostNodeRequestService [(null)] - Creating Transaction Request
2016-03-15 14:33:33,682 [21] DEBUG SwitchLink.HostNode.Services.TransactionService [(null)] - Creating TransactionModel Request
2016-03-15 14:33:33,686 [21] INFO  SwitchLink.ProtocalFactory.HostNode.Helper.BankMessageBuilder [(null)] - host node build (0200) request transaction authorization ==> 0120000000000090000315143333047278143333031503175811002141440000025006560258324902370000002348D121210111234123313630333030303437373735534D323030303035343337353836303030202020202020342F3235204749424245532053542C205359444E45592C204E53572C20415520202020202020202030323854434330315C45464330303030303030305C434349305C46424B565C7BC41E9D165253ED000000000000000200000000900029365A0400000000
2016-03-15 14:33:33,687 [21] DEBUG SwitchLink.HostNode.Communication.Services.HostNodeRequestService [(null)] - Get Transaction Response
2016-03-15 14:33:33,780 [26] DEBUG SwitchLink.HostNode.Communication.Services.HostNodeRequestService [(null)] - Creating Transaction Request
2016-03-15 14:33:33,780 [26] DEBUG SwitchLink.HostNode.Services.TransactionService [(null)] - Creating TransactionModel Request
2016-03-15 14:33:33,783 [26] INFO  SwitchLink.ProtocalFactory.HostNode.Helper.BankMessageBuilder [(null)] - host node build (0200) request transaction authorization ==> 0110000000000270000315143333047279143333031503175811002141440000025006560258324902370000002348D121210111234123313630333030303437373738534D323030303035343337353836303030202020202020342F3235204749424245532053542C205359444E45592C204E53572C20415520202020202020202030323854434330315C45464330303030303030305C434349305C46424B565C7BC41E9D165253ED000000000000000200000002700029365A0400000000
2016-03-15 14:33:33,783 [26] DEBUG SwitchLink.HostNode.Communication.Services.HostNodeRequestService [(null)] - Get Transaction Response
2016-03-15 14:33:33,833 [19] DEBUG SwitchLink.HostNode.Communication.Services.HostNodeRequestService [(null)] - Creating Transaction Request
2016-03-15 14:33:33,833 [19] DEBUG SwitchLink.HostNode.Services.TransactionService [(null)] - Creating TransactionModel Request
2016-03-15 14:33:33,835 [19] INFO  SwitchLink.ProtocalFactory.HostNode.Helper.BankMessageBuilder [(null)] - host node build (0200) request transaction authorization ==> 0120000000000110000315143333047280143333031503175811002141440000025006560258324902370000002348D121210111234123313630333030303437373830534D323030303035343337353836303030202020202020342F3235204749424245532053542C205359444E45592C204E53572C20415520202020202020202030323854434330315C45464330303030303030305C434349305C46424B565C7BC41E9D165253ED000000000000000200000001100029365A0400000000
2016-03-15 14:33:33,836 [19] DEBUG SwitchLink.HostNode.Communication.Services.HostNodeRequestService [(null)] - Get Transaction Response
2016-03-15 14:33:33,880 [28] DEBUG SwitchLink.HostNode.Communication.Services.HostNodeRequestService [(null)] - Creating Transaction Request
2016-03-15 14:33:33,880 [28] DEBUG SwitchLink.HostNode.Services.TransactionService [(null)] - Creating TransactionModel Request
2016-03-15 14:33:33,882 [28] INFO  SwitchLink.ProtocalFactory.HostNode.Helper.BankMessageBuilder [(null)] - host node build (0200) request transaction authorization ==> 0120000000000040000315143333047281143333031503175811002141440000025006560258324902370000002348D121210111234123313630333030303437373739534D323030303035343337353836303030202020202020342F3235204749424245532053542C205359444E45592C204E53572C20415520202020202020202030323854434330315C45464330303030303030305C434349305C46424B565C7BC41E9D165253ED000000000000000200000000400029365A0400000000
2016-03-15 14:33:33,883 [28] DEBUG SwitchLink.HostNode.Communication.Services.HostNodeRequestService [(null)] - Get Transaction Response
2016-03-15 14:33:33,900 [14] INFO  SwitchLink.HostNode.SocketServer.HostNode [(null)] - A new client is Connected. Client Id = 0a7996e4-70ab-4c95-af39-2f854ecfb659
2016-03-15 14:33:33,949 [24] DEBUG SwitchLink.HostNode.Communication.Services.HostNodeRequestService [(null)] - Creating Transaction Request
2016-03-15 14:33:33,949 [24] DEBUG SwitchLink.HostNode.Services.TransactionService [(null)] - Creating TransactionModel Request
2016-03-15 14:33:33,953 [24] INFO  SwitchLink.ProtocalFactory.HostNode.Helper.BankMessageBuilder [(null)] - host node build (0200) request transaction authorization ==> 0130000000000370000315143333047282143333031503175811002141440000025006560258324902370000002348D121210111234123313630333030303437373737534D323030303035343337353836303030202020202020342F3235204749424245532053542C205359444E45592C204E53572C20415520202020202020202030323854434330315C45464330303030303030305C434349305C46424B565C7BC41E9D165253ED000000000000000200000003700029365A0400000000
2016-03-15 14:33:33,953 [24] DEBUG SwitchLink.HostNode.Communication.Services.HostNodeRequestService [(null)] - Get Transaction Response
2016-03-15 14:33:34,003 [15] DEBUG SwitchLink.HostNode.Communication.Services.HostNodeRequestService [(null)] - Creating Transaction Request
2016-03-15 14:33:34,003 [15] DEBUG SwitchLink.HostNode.Services.TransactionService [(null)] - Creating TransactionModel Request
2016-03-15 14:33:34,005 [15] INFO  SwitchLink.ProtocalFactory.HostNode.Helper.BankMessageBuilder [(null)] - host node build (0200) request transaction authorization ==> 0130000000000290000315143334047283143334031503175811002141440000025006560258324902370000002348D121210111234123313630333030303437373833534D323030303035343337353836303030202020202020342F3235204749424245532053542C205359444E45592C204E53572C20415520202020202020202030323854434330315C45464330303030303030305C434349305C46424B565C7BC41E9D165253ED000000000000000200000002900029365A0400000000
2016-03-15 14:33:34,006 [15] DEBUG SwitchLink.HostNode.Communication.Services.HostNodeRequestService [(null)] - Get Transaction Response
2016-03-15 14:33:34,901 [14] INFO  SwitchLink.HostNode.SocketServer.HostNode [(null)] - A new client is Connected. Client Id = 7ce7e11b-a71b-479d-8f9c-d049a6cc64b2
2016-03-15 14:33:35,002 [13] DEBUG SwitchLink.HostNode.Communication.Services.HostNodeRequestService [(null)] - Creating Transaction Request
2016-03-15 14:33:35,002 [13] DEBUG SwitchLink.HostNode.Services.TransactionService [(null)] - Creating TransactionModel Request
2016-03-15 14:33:35,010 [13] INFO  SwitchLink.ProtocalFactory.HostNode.Helper.BankMessageBuilder [(null)] - host node build (0200) request transaction authorization ==> 0110000000000150000315143335047284143335031503175811002141440000025006560258324902370000002348D121210111234123313630333030303437373832534D323030303035343337353836303030202020202020342F3235204749424245532053542C205359444E45592C204E53572C20415520202020202020202030323854434330315C45464330303030303030305C434349305C46424B565C7BC41E9D165253ED000000000000000200000001500029365A0400000000
2016-03-15 14:33:35,011 [13] DEBUG SwitchLink.HostNode.Communication.Services.HostNodeRequestService [(null)] - Get Transaction Response
2016-03-15 14:33:35,903 [14] INFO  SwitchLink.HostNode.SocketServer.HostNode [(null)] - A new client is Connected. Client Id = f3a9ef37-d084-4ed1-bc7c-8135dc9bb0e5
2016-03-15 14:33:35,999 [10] DEBUG SwitchLink.HostNode.Communication.Services.HostNodeRequestService [(null)] - Creating Transaction Request
2016-03-15 14:33:36,000 [10] DEBUG SwitchLink.HostNode.Services.TransactionService [(null)] - Creating TransactionModel Request
2016-03-15 14:33:36,002 [10] INFO  SwitchLink.ProtocalFactory.HostNode.Helper.BankMessageBuilder [(null)] - host node build (0200) request transaction authorization ==> 0110000000000250000315143335047285143335031503175811002141440000025006560258324902370000002348D121210111234123313630333030303437373834534D323030303035343337353836303030202020202020342F3235204749424245532053542C205359444E45592C204E53572C20415520202020202020202030323854434330315C45464330303030303030305C434349305C46424B565C7BC41E9D165253ED000000000000000200000002500029365A0400000000
2016-03-15 14:33:36,002 [10] DEBUG SwitchLink.HostNode.Communication.Services.HostNodeRequestService [(null)] - Get Transaction Response
2016-03-15 14:33:36,908 [14] INFO  SwitchLink.HostNode.SocketServer.HostNode [(null)] - A new client is Connected. Client Id = 5a3a464d-d4b5-460a-9335-cfe92d1f8593
2016-03-15 14:33:37,002 [6] DEBUG SwitchLink.HostNode.Communication.Services.HostNodeRequestService [(null)] - Creating Transaction Request
2016-03-15 14:33:37,002 [6] DEBUG SwitchLink.HostNode.Services.TransactionService [(null)] - Creating TransactionModel Request
2016-03-15 14:33:37,010 [6] INFO  SwitchLink.ProtocalFactory.HostNode.Helper.BankMessageBuilder [(null)] - host node build (0200) request transaction authorization ==> 0130000000000380000315143337047286143337031503175811002141440000025006560258324902370000002348D121210111234123313630333030303437373831534D323030303035343337353836303030202020202020342F3235204749424245532053542C205359444E45592C204E53572C20415520202020202020202030323854434330315C45464330303030303030305C434349305C46424B565C7BC41E9D165253ED000000000000000200000003800029365A0400000000
2016-03-15 14:33:37,011 [6] DEBUG SwitchLink.HostNode.Communication.Services.HostNodeRequestService [(null)] - Get Transaction Response
2016-03-15 14:33:37,660 [31] INFO  SwitchLink.HostNode.Communication.Services.BankingCoreService [(null)] - Host State changed Transacting --> SignedOn
2016-03-15 14:33:37,661 [31] ERROR SwitchLink.HostNode.Communication.Controller.BankingCommunicationController [(null)] - Transaction ref:47272 timeout => Partner not responding request in 6 sec.
2016-03-15 14:33:37,679 [18] INFO  SwitchLink.HostNode.Communication.Services.BankingCoreService [(null)] - Host State changed SignedOn --> Transacting
2016-03-15 14:33:37,679 [30] INFO  SwitchLink.HostNode.Communication.Controller.BankingCommunicationController [(null)] - Received a message: 005A02103222001182C008810110000000000230000315143333047277031844000002500656025808610010013030534D323030303035343337353836303030202020202020000000000000000200000009666629365A0400000000
2016-03-15 14:33:37,681 [30] DEBUG SwitchLink.ProtocalFactory.HostNode.Factory [(null)] - <STX><DLE>2"<NUL><DC1>\u0082\u00C0<BS>\u0081<SOH><DLE><NUL><NUL><NUL><NUL><STX>0<NUL><ETX><NAK><DC4>33<EOT>rw<ETX><CAN>D<NUL><NUL><STX>P<ACK>V<STX>X<BS>a<NUL><DLE><SOH>00SM200005437586000      <NUL><NUL><NUL><NUL><NUL><NUL><NUL><STX><NUL><NUL><NUL><HT>ff)6Z<EOT><NUL><NUL><NUL><NUL>
2016-03-15 14:33:37,706 [30] INFO  SwitchLink.HostNode.Communication.Services.BankingCoreService [(null)] - Host State changed Transacting --> SignedOn
2016-03-15 14:33:37,707 [30] INFO  SwitchLink.HostNode.Communication.Controller.BankingCommunicationController [(null)] - Received transaction ref: 47277 from Partner
2016-03-15 14:33:37,722 [30] INFO  SwitchLink.HostNode.Communication.Controller.BankingCommunicationController [(null)] - Received a message: 005A02103222001182C008810120000000000110000315143333047280031844000002500656025808610010013030534D323030303035343337353836303030202020202020000000000000000200000005295729365A0400000000
2016-03-15 14:33:37,722 [30] DEBUG SwitchLink.ProtocalFactory.HostNode.Factory [(null)] - <STX><DLE>2"<NUL><DC1>\u0082\u00C0<BS>\u0081<SOH> <NUL><NUL><NUL><NUL><SOH><DLE><NUL><ETX><NAK><DC4>33<EOT>r\u0080<ETX><CAN>D<NUL><NUL><STX>P<ACK>V<STX>X<BS>a<NUL><DLE><SOH>00SM200005437586000      <NUL><NUL><NUL><NUL><NUL><NUL><NUL><STX><NUL><NUL><NUL><Enq>)W)6Z<EOT><NUL><NUL><NUL><NUL>
2016-03-15 14:33:37,741 [19] INFO  SwitchLink.HostNode.Communication.Services.BankingCoreService [(null)] - Host State changed SignedOn --> Transacting
2016-03-15 14:33:37,755 [14] INFO  SwitchLink.HostNode.SocketServer.HostNode [(null)] - A new client is Connected. Client Id = fc09dd83-a693-42c7-9914-77f1e6527ae7
2016-03-15 14:33:37,762 [17] INFO  SwitchLink.HostNode.SocketServer.HostNode [(null)] - A client is disconnected! Client Id = f8a14d3b-7d2c-4632-8c8a-6e3fe32053a0
2016-03-15 14:33:37,800 [17] INFO  SwitchLink.HostNode.SocketServer.HostNode [(null)] - A client is disconnected! Client Id = 6bf31dc5-c00d-4694-8d93-8c2d368224b9
2016-03-15 14:33:37,809 [14] INFO  SwitchLink.HostNode.SocketServer.HostNode [(null)] - A new client is Connected. Client Id = f8d1c0df-5fbb-4df8-b46c-8c8b9109a5aa
2016-03-15 14:33:37,862 [18] DEBUG SwitchLink.HostNode.Communication.Services.HostNodeRequestService [(null)] - Creating Transaction Request
2016-03-15 14:33:37,862 [18] DEBUG SwitchLink.HostNode.Services.TransactionService [(null)] - Creating TransactionModel Request
2016-03-15 14:33:37,864 [18] INFO  SwitchLink.ProtocalFactory.HostNode.Helper.BankMessageBuilder [(null)] - host node build (0200) request transaction authorization ==> 0120000000000020000315143337047287143337031503175811002141440000025006560258324902370000002348D121210111234123313630333030303437373835534D323030303035343337353836303030202020202020342F3235204749424245532053542C205359444E45592C204E53572C20415520202020202020202030323854434330315C45464330303030303030305C434349305C46424B565C7BC41E9D165253ED000000000000000200000000200029365A0400000000
2016-03-15 14:33:37,864 [18] DEBUG SwitchLink.HostNode.Communication.Services.HostNodeRequestService [(null)] - Get Transaction Response
2016-03-15 14:33:37,935 [31] DEBUG SwitchLink.HostNode.Communication.Services.HostNodeRequestService [(null)] - Creating Transaction Request
2016-03-15 14:33:37,935 [31] DEBUG SwitchLink.HostNode.Services.TransactionService [(null)] - Creating TransactionModel Request
2016-03-15 14:33:37,937 [31] INFO  SwitchLink.ProtocalFactory.HostNode.Helper.BankMessageBuilder [(null)] - host node build (0200) request transaction authorization ==> 0130000000000340000315143337047288143337031503175811002141440000025006560258324902370000002348D121210111234123313630333030303437373837534D323030303035343337353836303030202020202020342F3235204749424245532053542C205359444E45592C204E53572C20415520202020202020202030323854434330315C45464330303030303030305C434349305C46424B565C7BC41E9D165253ED000000000000000200000003400029365A0400000000
2016-03-15 14:33:37,938 [31] DEBUG SwitchLink.HostNode.Communication.Services.HostNodeRequestService [(null)] - Get Transaction Response
2016-03-15 14:33:38,409 [14] INFO  SwitchLink.HostNode.SocketServer.HostNode [(null)] - A new client is Connected. Client Id = 6a2ac875-297b-4169-9711-d15351ffa8b9
2016-03-15 14:33:38,570 [22] DEBUG SwitchLink.HostNode.Communication.Services.HostNodeRequestService [(null)] - Creating Transaction Request
2016-03-15 14:33:38,570 [22] DEBUG SwitchLink.HostNode.Services.TransactionService [(null)] - Creating TransactionModel Request
2016-03-15 14:33:38,573 [22] INFO  SwitchLink.ProtocalFactory.HostNode.Helper.BankMessageBuilder [(null)] - host node build (0200) request transaction authorization ==> 0110000000000230000315143338047289143338031503175811002141440000025006560258324902370000002348D121210111234123313630333030303437373836534D323030303035343337353836303030202020202020342F3235204749424245532053542C205359444E45592C204E53572C20415520202020202020202030323854434330315C45464330303030303030305C434349305C46424B565C7BC41E9D165253ED000000000000000200000002300029365A0400000000
2016-03-15 14:33:38,574 [22] DEBUG SwitchLink.HostNode.Communication.Services.HostNodeRequestService [(null)] - Get Transaction Response
2016-03-15 14:33:39,410 [14] INFO  SwitchLink.HostNode.SocketServer.HostNode [(null)] - A new client is Connected. Client Id = 40d68195-143f-4b24-8b1e-eb0ad0e4cbf2
2016-03-15 14:33:39,528 [32] DEBUG SwitchLink.HostNode.Communication.Services.HostNodeRequestService [(null)] - Creating Transaction Request
2016-03-15 14:33:39,528 [32] DEBUG SwitchLink.HostNode.Services.TransactionService [(null)] - Creating TransactionModel Request
2016-03-15 14:33:39,537 [32] INFO  SwitchLink.ProtocalFactory.HostNode.Helper.BankMessageBuilder [(null)] - host node build (0200) request transaction authorization ==> 0110000000000170000315143339047290143339031503175811002141440000025006560258324902370000002348D121210111234123313630333030303437373838534D323030303035343337353836303030202020202020342F3235204749424245532053542C205359444E45592C204E53572C20415520202020202020202030323854434330315C45464330303030303030305C434349305C46424B565C7BC41E9D165253ED000000000000000200000001700029365A0400000000
2016-03-15 14:33:39,537 [32] DEBUG SwitchLink.HostNode.Communication.Services.HostNodeRequestService [(null)] - Get Transaction Response
2016-03-15 14:33:40,412 [14] INFO  SwitchLink.HostNode.SocketServer.HostNode [(null)] - A new client is Connected. Client Id = 765fd29a-0195-4715-9ae3-96c26ded900e
2016-03-15 14:33:40,506 [33] DEBUG SwitchLink.HostNode.Communication.Services.HostNodeRequestService [(null)] - Creating Transaction Request
2016-03-15 14:33:40,506 [33] DEBUG SwitchLink.HostNode.Services.TransactionService [(null)] - Creating TransactionModel Request
2016-03-15 14:33:40,510 [33] INFO  SwitchLink.ProtocalFactory.HostNode.Helper.BankMessageBuilder [(null)] - host node build (0200) request transaction authorization ==> 0110000000000250000315143340047291143340031503175811002141440000025006560258324902370000002348D121210111234123313630333030303437373839534D323030303035343337353836303030202020202020342F3235204749424245532053542C205359444E45592C204E53572C20415520202020202020202030323854434330315C45464330303030303030305C434349305C46424B565C7BC41E9D165253ED000000000000000200000002500029365A0400000000
2016-03-15 14:33:40,511 [33] DEBUG SwitchLink.HostNode.Communication.Services.HostNodeRequestService [(null)] - Get Transaction Response
2016-03-15 14:33:41,417 [14] INFO  SwitchLink.HostNode.SocketServer.HostNode [(null)] - A new client is Connected. Client Id = 98982924-23ec-4310-aa9d-6fba635a0402
2016-03-15 14:33:41,510 [34] DEBUG SwitchLink.HostNode.Communication.Services.HostNodeRequestService [(null)] - Creating Transaction Request
2016-03-15 14:33:41,510 [34] DEBUG SwitchLink.HostNode.Services.TransactionService [(null)] - Creating TransactionModel Request
2016-03-15 14:33:41,513 [34] INFO  SwitchLink.ProtocalFactory.HostNode.Helper.BankMessageBuilder [(null)] - host node build (0200) request transaction authorization ==> 0130000000000380000315143341047292143341031503175811002141440000025006560258324902370000002348D121210111234123313630333030303437373930534D323030303035343337353836303030202020202020342F3235204749424245532053542C205359444E45592C204E53572C20415520202020202020202030323854434330315C45464330303030303030305C434349305C46424B565C7BC41E9D165253ED000000000000000200000003800029365A0400000000
2016-03-15 14:33:41,513 [34] DEBUG SwitchLink.HostNode.Communication.Services.HostNodeRequestService [(null)] - Get Transaction Response
2016-03-15 14:33:42,417 [14] INFO  SwitchLink.HostNode.SocketServer.HostNode [(null)] - A new client is Connected. Client Id = ae977e22-0152-423f-92f6-946af8e9a7a2
2016-03-15 14:33:42,529 [35] DEBUG SwitchLink.HostNode.Communication.Services.HostNodeRequestService [(null)] - Creating Transaction Request
2016-03-15 14:33:42,529 [35] DEBUG SwitchLink.HostNode.Services.TransactionService [(null)] - Creating TransactionModel Request
2016-03-15 14:33:42,532 [35] INFO  SwitchLink.ProtocalFactory.HostNode.Helper.BankMessageBuilder [(null)] - host node build (0200) request transaction authorization ==> 0120000000000080000315143342047293143342031503175811002141440000025006560258324902370000002348D121210111234123313630333030303437373931534D323030303035343337353836303030202020202020342F3235204749424245532053542C205359444E45592C204E53572C20415520202020202020202030323854434330315C45464330303030303030305C434349305C46424B565C7BC41E9D165253ED000000000000000200000000800029365A0400000000
2016-03-15 14:33:42,532 [35] DEBUG SwitchLink.HostNode.Communication.Services.HostNodeRequestService [(null)] - Get Transaction Response
2016-03-15 14:33:43,418 [14] INFO  SwitchLink.HostNode.SocketServer.HostNode [(null)] - A new client is Connected. Client Id = beec7f58-649a-401b-8eb0-98daec664ead
2016-03-15 14:33:43,521 [36] DEBUG SwitchLink.HostNode.Communication.Services.HostNodeRequestService [(null)] - Creating Transaction Request
2016-03-15 14:33:43,522 [36] DEBUG SwitchLink.HostNode.Services.TransactionService [(null)] - Creating TransactionModel Request
2016-03-15 14:33:43,525 [36] INFO  SwitchLink.ProtocalFactory.HostNode.Helper.BankMessageBuilder [(null)] - host node build (0200) request transaction authorization ==> 0110000000000210000315143343047294143343031503175811002141440000025006560258324902370000002348D121210111234123313630333030303437373932534D323030303035343337353836303030202020202020342F3235204749424245532053542C205359444E45592C204E53572C20415520202020202020202030323854434330315C45464330303030303030305C434349305C46424B565C7BC41E9D165253ED000000000000000200000002100029365A0400000000
2016-03-15 14:33:43,525 [36] DEBUG SwitchLink.HostNode.Communication.Services.HostNodeRequestService [(null)] - Get Transaction Response
2016-03-15 14:33:44,173 [37] INFO  SwitchLink.HostNode.Communication.Services.BankingCoreService [(null)] - Host State changed Transacting --> SignedOn
2016-03-15 14:33:44,173 [37] ERROR SwitchLink.HostNode.Communication.Controller.BankingCommunicationController [(null)] - Transaction ref:47280 timeout => Partner not responding request in 6 sec.
2016-03-15 14:33:44,206 [30] INFO  SwitchLink.HostNode.Communication.Controller.BankingCommunicationController [(null)] - Received a message: 005A02103222001182C008810120000000000020000315143337047287031844000002500656025808610010013030534D323030303035343337353836303030202020202020000000000000000200000005755629365A0400000000
2016-03-15 14:33:44,206 [30] DEBUG SwitchLink.ProtocalFactory.HostNode.Factory [(null)] - <STX><DLE>2"<NUL><DC1>\u0082\u00C0<BS>\u0081<SOH> <NUL><NUL><NUL><NUL><NUL> <NUL><ETX><NAK><DC4>37<EOT>r\u0087<ETX><CAN>D<NUL><NUL><STX>P<ACK>V<STX>X<BS>a<NUL><DLE><SOH>00SM200005437586000      <NUL><NUL><NUL><NUL><NUL><NUL><NUL><STX><NUL><NUL><NUL><Enq>uV)6Z<EOT><NUL><NUL><NUL><NUL>
2016-03-15 14:33:44,206 [18] INFO  SwitchLink.HostNode.Communication.Services.BankingCoreService [(null)] - Host State changed SignedOn --> Transacting
2016-03-15 14:33:44,273 [30] INFO  SwitchLink.HostNode.SocketServer.HostNode [(null)] - A client is disconnected! Client Id = b0800fdb-7820-44a2-b920-13ac9d3553ed
2016-03-15 14:33:44,274 [14] INFO  SwitchLink.HostNode.SocketServer.HostNode [(null)] - A new client is Connected. Client Id = 46da01f8-9a9a-4e5e-ac24-befcf37ceb36
2016-03-15 14:33:44,394 [19] DEBUG SwitchLink.HostNode.Communication.Services.HostNodeRequestService [(null)] - Creating Transaction Request
2016-03-15 14:33:44,394 [19] DEBUG SwitchLink.HostNode.Services.TransactionService [(null)] - Creating TransactionModel Request
2016-03-15 14:33:44,406 [19] INFO  SwitchLink.ProtocalFactory.HostNode.Helper.BankMessageBuilder [(null)] - host node build (0200) request transaction authorization ==> 0130000000000290000315143344047295143344031503175811002141440000025006560258324902370000002348D121210111234123313630333030303437373933534D323030303035343337353836303030202020202020342F3235204749424245532053542C205359444E45592C204E53572C20415520202020202020202030323854434330315C45464330303030303030305C434349305C46424B565C7BC41E9D165253ED000000000000000200000002900029365A0400000000
2016-03-15 14:33:44,406 [19] DEBUG SwitchLink.HostNode.Communication.Services.HostNodeRequestService [(null)] - Get Transaction Response
2016-03-15 14:33:44,922 [14] INFO  SwitchLink.HostNode.SocketServer.HostNode [(null)] - A new client is Connected. Client Id = 6f7cd1dd-a105-407f-8179-73d203877f7b
2016-03-15 14:33:45,026 [37] DEBUG SwitchLink.HostNode.Communication.Services.HostNodeRequestService [(null)] - Creating Transaction Request
2016-03-15 14:33:45,026 [37] DEBUG SwitchLink.HostNode.Services.TransactionService [(null)] - Creating TransactionModel Request
2016-03-15 14:33:45,035 [37] INFO  SwitchLink.ProtocalFactory.HostNode.Helper.BankMessageBuilder [(null)] - host node build (0200) request transaction authorization ==> 0110000000000270000315143345047296143345031503175811002141440000025006560258324902370000002348D121210111234123313630333030303437373934534D323030303035343337353836303030202020202020342F3235204749424245532053542C205359444E45592C204E53572C20415520202020202020202030323854434330315C45464330303030303030305C434349305C46424B565C7BC41E9D165253ED000000000000000200000002700029365A0400000000
2016-03-15 14:33:45,035 [37] DEBUG SwitchLink.HostNode.Communication.Services.HostNodeRequestService [(null)] - Get Transaction Response
2016-03-15 14:33:45,923 [14] INFO  SwitchLink.HostNode.SocketServer.HostNode [(null)] - A new client is Connected. Client Id = 27092c5e-daf9-48e6-af27-88097fb23b86
2016-03-15 14:33:46,019 [38] DEBUG SwitchLink.HostNode.Communication.Services.HostNodeRequestService [(null)] - Creating Transaction Request
2016-03-15 14:33:46,020 [38] DEBUG SwitchLink.HostNode.Services.TransactionService [(null)] - Creating TransactionModel Request
2016-03-15 14:33:46,022 [38] INFO  SwitchLink.ProtocalFactory.HostNode.Helper.BankMessageBuilder [(null)] - host node build (0200) request transaction authorization ==> 0110000000000230000315143346047297143346031503175811002141440000025006560258324902370000002348D121210111234123313630333030303437373936534D323030303035343337353836303030202020202020342F3235204749424245532053542C205359444E45592C204E53572C20415520202020202020202030323854434330315C45464330303030303030305C434349305C46424B565C7BC41E9D165253ED000000000000000200000002300029365A0400000000
2016-03-15 14:33:46,022 [38] DEBUG SwitchLink.HostNode.Communication.Services.HostNodeRequestService [(null)] - Get Transaction Response
2016-03-15 14:33:46,925 [14] INFO  SwitchLink.HostNode.SocketServer.HostNode [(null)] - A new client is Connected. Client Id = 95ca8f6b-a243-40ce-872f-f68f8d109475
2016-03-15 14:33:47,033 [39] DEBUG SwitchLink.HostNode.Communication.Services.HostNodeRequestService [(null)] - Creating Transaction Request
2016-03-15 14:33:47,033 [39] DEBUG SwitchLink.HostNode.Services.TransactionService [(null)] - Creating TransactionModel Request
2016-03-15 14:33:47,036 [39] INFO  SwitchLink.ProtocalFactory.HostNode.Helper.BankMessageBuilder [(null)] - host node build (0200) request transaction authorization ==> 0120000000000080000315143347047298143347031503175811002141440000025006560258324902370000002348D121210111234123313630333030303437373935534D323030303035343337353836303030202020202020342F3235204749424245532053542C205359444E45592C204E53572C20415520202020202020202030323854434330315C45464330303030303030305C434349305C46424B565C7BC41E9D165253ED000000000000000200000000800029365A0400000000
2016-03-15 14:33:47,036 [39] DEBUG SwitchLink.HostNode.Communication.Services.HostNodeRequestService [(null)] - Get Transaction Response
2016-03-15 14:33:47,927 [14] INFO  SwitchLink.HostNode.SocketServer.HostNode [(null)] - A new client is Connected. Client Id = 7a6df198-8662-418a-a568-648392e8b0ea
2016-03-15 14:33:48,031 [40] DEBUG SwitchLink.HostNode.Communication.Services.HostNodeRequestService [(null)] - Creating Transaction Request
2016-03-15 14:33:48,031 [40] DEBUG SwitchLink.HostNode.Services.TransactionService [(null)] - Creating TransactionModel Request
2016-03-15 14:33:48,033 [40] INFO  SwitchLink.ProtocalFactory.HostNode.Helper.BankMessageBuilder [(null)] - host node build (0200) request transaction authorization ==> 0120000000000130000315143348047299143348031503175811002141440000025006560258324902370000002348D121210111234123313630333030303437373937534D323030303035343337353836303030202020202020342F3235204749424245532053542C205359444E45592C204E53572C20415520202020202020202030323854434330315C45464330303030303030305C434349305C46424B565C7BC41E9D165253ED000000000000000200000001300029365A0400000000
2016-03-15 14:33:48,034 [40] DEBUG SwitchLink.HostNode.Communication.Services.HostNodeRequestService [(null)] - Get Transaction Response
2016-03-15 14:33:48,932 [14] INFO  SwitchLink.HostNode.SocketServer.HostNode [(null)] - A new client is Connected. Client Id = f1431994-06a1-4725-b264-b2d93be8d4d6
2016-03-15 14:33:49,034 [41] DEBUG SwitchLink.HostNode.Communication.Services.HostNodeRequestService [(null)] - Creating Transaction Request
2016-03-15 14:33:49,034 [41] DEBUG SwitchLink.HostNode.Services.TransactionService [(null)] - Creating TransactionModel Request
2016-03-15 14:33:49,036 [41] INFO  SwitchLink.ProtocalFactory.HostNode.Helper.BankMessageBuilder [(null)] - host node build (0200) request transaction authorization ==> 0130000000000360000315143349047300143349031503175811002141440000025006560258324902370000002348D121210111234123313630333030303437373938534D323030303035343337353836303030202020202020342F3235204749424245532053542C205359444E45592C204E53572C20415520202020202020202030323854434330315C45464330303030303030305C434349305C46424B565C7BC41E9D165253ED000000000000000200000003600029365A0400000000
2016-03-15 14:33:49,037 [41] DEBUG SwitchLink.HostNode.Communication.Services.HostNodeRequestService [(null)] - Get Transaction Response
2016-03-15 14:33:49,933 [14] INFO  SwitchLink.HostNode.SocketServer.HostNode [(null)] - A new client is Connected. Client Id = e692c138-0bb0-4c24-ae11-a78917ed1829
2016-03-15 14:33:50,037 [42] DEBUG SwitchLink.HostNode.Communication.Services.HostNodeRequestService [(null)] - Creating Transaction Request
2016-03-15 14:33:50,038 [42] DEBUG SwitchLink.HostNode.Services.TransactionService [(null)] - Creating TransactionModel Request
2016-03-15 14:33:50,040 [42] INFO  SwitchLink.ProtocalFactory.HostNode.Helper.BankMessageBuilder [(null)] - host node build (0200) request transaction authorization ==> 0120000000000060000315143350047301143350031503175811002141440000025006560258324902370000002348D121210111234123313630333030303437373939534D323030303035343337353836303030202020202020342F3235204749424245532053542C205359444E45592C204E53572C20415520202020202020202030323854434330315C45464330303030303030305C434349305C46424B565C7BC41E9D165253ED000000000000000200000000600029365A0400000000
2016-03-15 14:33:50,040 [42] DEBUG SwitchLink.HostNode.Communication.Services.HostNodeRequestService [(null)] - Get Transaction Response
2016-03-15 14:33:50,685 [43] INFO  SwitchLink.HostNode.Communication.Services.BankingCoreService [(null)] - Host State changed Transacting --> SignedOn
2016-03-15 14:33:50,685 [43] ERROR SwitchLink.HostNode.Communication.Controller.BankingCommunicationController [(null)] - Transaction ref:47287 timeout => Partner not responding request in 6 sec.
2016-03-15 14:33:50,710 [19] INFO  SwitchLink.HostNode.Communication.Services.BankingCoreService [(null)] - Host State changed SignedOn --> Transacting
2016-03-15 14:33:50,717 [30] INFO  SwitchLink.HostNode.Communication.Controller.BankingCommunicationController [(null)] - Received a message: 005A02103222001182C008810130000000000290000315143344047295031844000002500656025808610010013030534D323030303035343337353836303030202020202020000000000000000200000005051629365A0400000000
2016-03-15 14:33:50,718 [30] DEBUG SwitchLink.ProtocalFactory.HostNode.Factory [(null)] - <STX><DLE>2"<NUL><DC1>\u0082\u00C0<BS>\u0081<SOH>0<NUL><NUL><NUL><NUL><STX>\u0090<NUL><ETX><NAK><DC4>3D<EOT>r\u0095<ETX><CAN>D<NUL><NUL><STX>P<ACK>V<STX>X<BS>a<NUL><DLE><SOH>00SM200005437586000      <NUL><NUL><NUL><NUL><NUL><NUL><NUL><STX><NUL><NUL><NUL><Enq><Enq><SYN>)6Z<EOT><NUL><NUL><NUL><NUL>
2016-03-15 14:33:50,725 [30] INFO  SwitchLink.HostNode.Communication.Services.BankingCoreService [(null)] - Host State changed Transacting --> SignedOn
2016-03-15 14:33:50,732 [30] INFO  SwitchLink.HostNode.Communication.Controller.BankingCommunicationController [(null)] - Received transaction ref: 47295 from Partner
2016-03-15 14:33:50,763 [20] INFO  SwitchLink.HostNode.Communication.Services.BankingCoreService [(null)] - Host State changed SignedOn --> Transacting
2016-03-15 14:33:50,764 [30] INFO  SwitchLink.HostNode.Communication.Controller.BankingCommunicationController [(null)] - Received a message: 005A02103222001182C008810110000000000210000315143332047276031844000002500656025808610010013030534D323030303035343337353836303030202020202020000000000000000200000006964429365A0400000000
2016-03-15 14:33:50,764 [30] DEBUG SwitchLink.ProtocalFactory.HostNode.Factory [(null)] - <STX><DLE>2"<NUL><DC1>\u0082\u00C0<BS>\u0081<SOH><DLE><NUL><NUL><NUL><NUL><STX><DLE><NUL><ETX><NAK><DC4>32<EOT>rv<ETX><CAN>D<NUL><NUL><STX>P<ACK>V<STX>X<BS>a<NUL><DLE><SOH>00SM200005437586000      <NUL><NUL><NUL><NUL><NUL><NUL><NUL><STX><NUL><NUL><NUL><ACK>\u0096D)6Z<EOT><NUL><NUL><NUL><NUL>
2016-03-15 14:33:50,765 [30] INFO  SwitchLink.HostNode.Communication.Services.BankingCoreService [(null)] - Host State changed Transacting --> SignedOn
2016-03-15 14:33:50,765 [30] INFO  SwitchLink.HostNode.Communication.Controller.BankingCommunicationController [(null)] - Received transaction ref: 47276 from Partner
2016-03-15 14:33:50,781 [21] INFO  SwitchLink.HostNode.Communication.Services.BankingCoreService [(null)] - Host State changed SignedOn --> Transacting
2016-03-15 14:33:50,781 [17] INFO  SwitchLink.HostNode.SocketServer.HostNode [(null)] - A client is disconnected! Client Id = 46da01f8-9a9a-4e5e-ac24-befcf37ceb36
2016-03-15 14:33:50,781 [17] INFO  SwitchLink.HostNode.Communication.Controller.BankingCommunicationController [(null)] - Received a message: 005A02103222001182C008810120000000000090000315143333047278031844000002500656025808610010013030534D323030303035343337353836303030202020202020000000000000000200000002593529365A0400000000
2016-03-15 14:33:50,782 [17] DEBUG SwitchLink.ProtocalFactory.HostNode.Factory [(null)] - <STX><DLE>2"<NUL><DC1>\u0082\u00C0<BS>\u0081<SOH> <NUL><NUL><NUL><NUL><NUL>\u0090<NUL><ETX><NAK><DC4>33<EOT>rx<ETX><CAN>D<NUL><NUL><STX>P<ACK>V<STX>X<BS>a<NUL><DLE><SOH>00SM200005437586000      <NUL><NUL><NUL><NUL><NUL><NUL><NUL><STX><NUL><NUL><NUL><STX>Y5)6Z<EOT><NUL><NUL><NUL><NUL>
2016-03-15 14:33:50,782 [17] INFO  SwitchLink.HostNode.Communication.Services.BankingCoreService [(null)] - Host State changed Transacting --> SignedOn
2016-03-15 14:33:50,782 [17] INFO  SwitchLink.HostNode.Communication.Controller.BankingCommunicationController [(null)] - Received transaction ref: 47278 from Partner
2016-03-15 14:33:50,783 [22] INFO  SwitchLink.HostNode.Communication.Services.BankingCoreService [(null)] - Host State changed SignedOn --> Transacting
2016-03-15 14:33:50,781 [14] INFO  SwitchLink.HostNode.SocketServer.HostNode [(null)] - A new client is Connected. Client Id = 75da2894-f699-42c7-b915-ab9c4a26e08f
2016-03-15 14:33:50,787 [45] INFO  SwitchLink.HostNode.Communication.Controller.BankingCommunicationController [(null)] - Received a message: 005A02103222001182C008810110000000000230000315143338047289031844000002500656025808610010013030534D323030303035343337353836303030202020202020000000000000000200000002593529365A0400000000
2016-03-15 14:33:50,787 [45] DEBUG SwitchLink.ProtocalFactory.HostNode.Factory [(null)] - <STX><DLE>2"<NUL><DC1>\u0082\u00C0<BS>\u0081<SOH><DLE><NUL><NUL><NUL><NUL><STX>0<NUL><ETX><NAK><DC4>38<EOT>r\u0089<ETX><CAN>D<NUL><NUL><STX>P<ACK>V<STX>X<BS>a<NUL><DLE><SOH>00SM200005437586000      <NUL><NUL><NUL><NUL><NUL><NUL><NUL><STX><NUL><NUL><NUL><STX>Y5)6Z<EOT><NUL><NUL><NUL><NUL>
2016-03-15 14:33:50,787 [45] INFO  SwitchLink.HostNode.Communication.Services.BankingCoreService [(null)] - Host State changed Transacting --> SignedOn
2016-03-15 14:33:50,788 [45] INFO  SwitchLink.HostNode.Communication.Controller.BankingCommunicationController [(null)] - Received transaction ref: 47289 from Partner
2016-03-15 14:33:50,788 [23] INFO  SwitchLink.HostNode.Communication.Services.BankingCoreService [(null)] - Host State changed SignedOn --> Transacting
2016-03-15 14:33:50,789 [45] INFO  SwitchLink.HostNode.Communication.Controller.BankingCommunicationController [(null)] - Received a message: 005A02103222001182C008810120000000000020000315143331047273031844000002500656025808610010013038534D323030303035343337353836303030202020202020000000000000000200000000990129365A0400000000
2016-03-15 14:33:50,790 [45] DEBUG SwitchLink.ProtocalFactory.HostNode.Factory [(null)] - <STX><DLE>2"<NUL><DC1>\u0082\u00C0<BS>\u0081<SOH> <NUL><NUL><NUL><NUL><NUL> <NUL><ETX><NAK><DC4>31<EOT>rs<ETX><CAN>D<NUL><NUL><STX>P<ACK>V<STX>X<BS>a<NUL><DLE><SOH>08SM200005437586000      <NUL><NUL><NUL><NUL><NUL><NUL><NUL><STX><NUL><NUL><NUL><NUL>\u0099<SOH>)6Z<EOT><NUL><NUL><NUL><NUL>
2016-03-15 14:33:50,790 [45] INFO  SwitchLink.HostNode.Communication.Services.BankingCoreService [(null)] - Host State changed Transacting --> SignedOn
2016-03-15 14:33:50,790 [45] INFO  SwitchLink.HostNode.Communication.Controller.BankingCommunicationController [(null)] - Received transaction ref: 47273 from Partner
2016-03-15 14:33:50,792 [24] INFO  SwitchLink.HostNode.Communication.Services.BankingCoreService [(null)] - Host State changed SignedOn --> Transacting
2016-03-15 14:33:50,795 [14] INFO  SwitchLink.HostNode.SocketServer.HostNode [(null)] - A new client is Connected. Client Id = 2ef26057-88bb-4c76-a288-cb4770b52e77
2016-03-15 14:33:50,797 [45] INFO  SwitchLink.HostNode.Communication.Controller.BankingCommunicationController [(null)] - Received a message: 005A02103222001182C008810130000000000370000315143333047282031844000002500656025808610010013038534D323030303035343337353836303030202020202020000000000000000200000000990129365A0400000000
2016-03-15 14:33:50,798 [45] DEBUG SwitchLink.ProtocalFactory.HostNode.Factory [(null)] - <STX><DLE>2"<NUL><DC1>\u0082\u00C0<BS>\u0081<SOH>0<NUL><NUL><NUL><NUL><ETX>p<NUL><ETX><NAK><DC4>33<EOT>r\u0082<ETX><CAN>D<NUL><NUL><STX>P<ACK>V<STX>X<BS>a<NUL><DLE><SOH>08SM200005437586000      <NUL><NUL><NUL><NUL><NUL><NUL><NUL><STX><NUL><NUL><NUL><NUL>\u0099<SOH>)6Z<EOT><NUL><NUL><NUL><NUL>
2016-03-15 14:33:50,798 [45] INFO  SwitchLink.HostNode.Communication.Services.BankingCoreService [(null)] - Host State changed Transacting --> SignedOn
2016-03-15 14:33:50,799 [45] INFO  SwitchLink.HostNode.Communication.Controller.BankingCommunicationController [(null)] - Received transaction ref: 47282 from Partner
2016-03-15 14:33:50,852 [25] INFO  SwitchLink.HostNode.Communication.Services.BankingCoreService [(null)] - Host State changed SignedOn --> Transacting
2016-03-15 14:33:50,852 [30] INFO  SwitchLink.HostNode.SocketServer.HostNode [(null)] - A client is disconnected! Client Id = 552b0789-9b8f-41b6-b86f-094cc2e7e197
2016-03-15 14:33:50,855 [30] INFO  SwitchLink.HostNode.Communication.Controller.BankingCommunicationController [(null)] - Received a message: 005A02103222001182C008810130000000000380000315143331047274031844000002500656025808610010013030534D323030303035343337353836303030202020202020000000000000000200000008022629365A0400000000
2016-03-15 14:33:50,871 [30] DEBUG SwitchLink.ProtocalFactory.HostNode.Factory [(null)] - <STX><DLE>2"<NUL><DC1>\u0082\u00C0<BS>\u0081<SOH>0<NUL><NUL><NUL><NUL><ETX>\u0080<NUL><ETX><NAK><DC4>31<EOT>rt<ETX><CAN>D<NUL><NUL><STX>P<ACK>V<STX>X<BS>a<NUL><DLE><SOH>00SM200005437586000      <NUL><NUL><NUL><NUL><NUL><NUL><NUL><STX><NUL><NUL><NUL><BS><STX>&)6Z<EOT><NUL><NUL><NUL><NUL>
2016-03-15 14:33:50,864 [44] INFO  SwitchLink.HostNode.SocketServer.HostNode [(null)] - A client is disconnected! Client Id = 6a2ac875-297b-4169-9711-d15351ffa8b9
2016-03-15 14:33:50,871 [30] INFO  SwitchLink.HostNode.Communication.Services.BankingCoreService [(null)] - Host State changed Transacting --> SignedOn
2016-03-15 14:33:50,872 [30] INFO  SwitchLink.HostNode.Communication.Controller.BankingCommunicationController [(null)] - Received transaction ref: 47274 from Partner
2016-03-15 14:33:50,891 [26] INFO  SwitchLink.HostNode.Communication.Services.BankingCoreService [(null)] - Host State changed SignedOn --> Transacting
2016-03-15 14:33:50,891 [44] INFO  SwitchLink.HostNode.Communication.Controller.BankingCommunicationController [(null)] - Received a message: 005A02103222001182C008810110000000000270000315143333047279031844000002500656025808610010013030534D323030303035343337353836303030202020202020000000000000000200000003651729365A0400000000
2016-03-15 14:33:50,892 [44] DEBUG SwitchLink.ProtocalFactory.HostNode.Factory [(null)] - <STX><DLE>2"<NUL><DC1>\u0082\u00C0<BS>\u0081<SOH><DLE><NUL><NUL><NUL><NUL><STX>p<NUL><ETX><NAK><DC4>33<EOT>ry<ETX><CAN>D<NUL><NUL><STX>P<ACK>V<STX>X<BS>a<NUL><DLE><SOH>00SM200005437586000      <NUL><NUL><NUL><NUL><NUL><NUL><NUL><STX><NUL><NUL><NUL><ETX>e<ETB>)6Z<EOT><NUL><NUL><NUL><NUL>
2016-03-15 14:33:50,893 [44] INFO  SwitchLink.HostNode.Communication.Services.BankingCoreService [(null)] - Host State changed Transacting --> SignedOn
2016-03-15 14:33:50,893 [44] INFO  SwitchLink.HostNode.Communication.Controller.BankingCommunicationController [(null)] - Received transaction ref: 47279 from Partner
2016-03-15 14:33:50,863 [17] INFO  SwitchLink.HostNode.SocketServer.HostNode [(null)] - A client is disconnected! Client Id = e2e80764-12d4-4fea-ac45-99f808f050c2
2016-03-15 14:33:50,901 [30] INFO  SwitchLink.HostNode.Communication.Controller.BankingCommunicationController [(null)] - Received a message: 005A02103222001182C008810120000000000070000315143332047275031844000002500656025808610010013030534D323030303035343337353836303030202020202020000000000000000200000002048329365A0400000000
2016-03-15 14:33:50,903 [30] DEBUG SwitchLink.ProtocalFactory.HostNode.Factory [(null)] - <STX><DLE>2"<NUL><DC1>\u0082\u00C0<BS>\u0081<SOH> <NUL><NUL><NUL><NUL><NUL>p<NUL><ETX><NAK><DC4>32<EOT>ru<ETX><CAN>D<NUL><NUL><STX>P<ACK>V<STX>X<BS>a<NUL><DLE><SOH>00SM200005437586000      <NUL><NUL><NUL><NUL><NUL><NUL><NUL><STX><NUL><NUL><NUL><STX><EOT>\u0083)6Z<EOT><NUL><NUL><NUL><NUL>
2016-03-15 14:33:50,901 [27] INFO  SwitchLink.HostNode.Communication.Services.BankingCoreService [(null)] - Host State changed SignedOn --> Transacting
2016-03-15 14:33:50,902 [45] INFO  SwitchLink.HostNode.SocketServer.HostNode [(null)] - A client is disconnected! Client Id = 3c88a248-7521-410f-beb3-67d9a09bf871
2016-03-15 14:33:50,869 [14] INFO  SwitchLink.HostNode.SocketServer.HostNode [(null)] - A new client is Connected. Client Id = 1d9ec1d1-7633-44ba-80ec-63320366b65d
2016-03-15 14:33:50,905 [14] INFO  SwitchLink.HostNode.SocketServer.HostNode [(null)] - A new client is Connected. Client Id = f6894ac1-8905-4dd0-98ac-b47e1b092b76
2016-03-15 14:33:50,910 [14] INFO  SwitchLink.HostNode.SocketServer.HostNode [(null)] - A new client is Connected. Client Id = 93fe3d71-957a-4ef7-82fc-78d48046fe65
2016-03-15 14:33:50,937 [45] INFO  SwitchLink.HostNode.SocketServer.HostNode [(null)] - A client is disconnected! Client Id = 98a881d7-7a9f-4968-9624-d5e0f7aafce4
2016-03-15 14:33:50,937 [44] INFO  SwitchLink.HostNode.SocketServer.HostNode [(null)] - A client is disconnected! Client Id = fc09dd83-a693-42c7-9914-77f1e6527ae7
2016-03-15 14:33:51,019 [44] INFO  SwitchLink.HostNode.SocketServer.HostNode [(null)] - A client is disconnected! Client Id = c2999de8-1f51-40df-8bc5-a77a2ea4636e
2016-03-15 14:33:51,026 [45] INFO  SwitchLink.HostNode.SocketServer.HostNode [(null)] - A client is disconnected! Client Id = fe16a324-28c7-4475-bcd2-ea5a9594b763
2016-03-15 14:33:56,916 [20] INFO  SwitchLink.HostNode.Communication.Services.BankingCoreService [(null)] - Host State changed Transacting --> SignedOn
2016-03-15 14:33:56,916 [20] ERROR SwitchLink.HostNode.Communication.Controller.BankingCommunicationController [(null)] - Transaction ref:47275 timeout => Partner not responding request in 6 sec.
2016-03-15 14:33:56,940 [18] INFO  SwitchLink.HostNode.Communication.Services.BankingCoreService [(null)] - Host State changed SignedOn --> Transacting
2016-03-15 14:33:56,940 [45] INFO  SwitchLink.HostNode.Communication.Controller.BankingCommunicationController [(null)] - Received a message: 005004303222001182C00880200000000000008000031514335104726003164400000250010008610010013030534D3230303030353433373538363030302020202020200000000000000002000000000000
2016-03-15 14:33:56,941 [45] DEBUG SwitchLink.ProtocalFactory.HostNode.Factory [(null)] - <EOT>02"<NUL><DC1>\u0082\u00C0<BS>\u0080 <NUL><NUL><NUL><NUL><NUL><NUL>\u0080<NUL><ETX><NAK><DC4>3Q<EOT>r`<ETX><SYN>D<NUL><NUL><STX>P<SOH><NUL><BS>a<NUL><DLE><SOH>00SM200005437586000      <NUL><NUL><NUL><NUL><NUL><NUL><NUL><STX><NUL><NUL><NUL><NUL><NUL><NUL>
2016-03-15 14:33:56,941 [45] INFO  SwitchLink.HostNode.Communication.Services.BankingCoreService [(null)] - Host State changed Transacting --> SignedOn
2016-03-15 14:33:56,942 [45] INFO  SwitchLink.HostNode.Communication.Controller.BankingCommunicationController [(null)] - Received transaction ref: 47260 from Partner
2016-03-15 14:33:56,949 [45] INFO  SwitchLink.HostNode.Communication.Controller.BankingCommunicationController [(null)] - Received a message: 005004303222001182C00880200000000000003000031514335004727003164400000250010008610010013030534D3230303030353433373538363030302020202020200000000000000002000000000000
2016-03-15 14:33:56,950 [45] DEBUG SwitchLink.ProtocalFactory.HostNode.Factory [(null)] - <EOT>02"<NUL><DC1>\u0082\u00C0<BS>\u0080 <NUL><NUL><NUL><NUL><NUL><NUL>0<NUL><ETX><NAK><DC4>3P<EOT>rp<ETX><SYN>D<NUL><NUL><STX>P<SOH><NUL><BS>a<NUL><DLE><SOH>00SM200005437586000      <NUL><NUL><NUL><NUL><NUL><NUL><NUL><STX><NUL><NUL><NUL><NUL><NUL><NUL>
2016-03-15 14:33:56,958 [19] INFO  SwitchLink.HostNode.Communication.Services.BankingCoreService [(null)] - Host State changed SignedOn --> Transacting
2016-03-15 14:33:56,985 [17] INFO  SwitchLink.HostNode.SocketServer.HostNode [(null)] - A client is disconnected! Client Id = 2ef26057-88bb-4c76-a288-cb4770b52e77
2016-03-15 14:33:57,022 [17] INFO  SwitchLink.HostNode.SocketServer.HostNode [(null)] - A client is disconnected! Client Id = c3386b0d-1f6a-4c28-b855-49ff8133af78
2016-03-15 14:33:57,744 [14] INFO  SwitchLink.HostNode.SocketServer.HostNode [(null)] - A new client is Connected. Client Id = 6c6b86fa-356d-4431-a7ab-557c8873aaf8
2016-03-15 14:34:01,885 [45] WARN  SwitchLink.HostNode.Communication.Services.BankingCoreService [(null)] - Host Disonnected From Partner..
2016-03-15 14:34:01,885 [45] INFO  SwitchLink.HostNode.Communication.Services.BankingCoreService [(null)] - Host State changed Transacting --> Disconnected
2016-03-15 14:34:01,886 [20] WARN  SwitchLink.HostNode.Communication.Services.BankingCoreService [(null)] - Host Disonnected From Partner..
2016-03-15 14:34:01,886 [20] INFO  SwitchLink.HostNode.Communication.Services.BankingCoreService [(null)] - Host State changed Disconnected --> Disconnected
2016-03-15 14:34:01,886 [20] WARN  SwitchLink.HostNode.Communication.Controller.BankingCommunicationController [(null)] - Connecting to Partner...
2016-03-15 14:34:05,018 [44] INFO  SwitchLink.HostNode.SocketServer.HostNode [(null)] - A client is disconnected! Client Id = 95ca8f6b-a243-40ce-872f-f68f8d109475
2016-03-15 14:34:05,040 [17] INFO  SwitchLink.HostNode.SocketServer.HostNode [(null)] - A client is disconnected! Client Id = 40d68195-143f-4b24-8b1e-eb0ad0e4cbf2
2016-03-15 14:34:05,056 [45] INFO  SwitchLink.HostNode.SocketServer.HostNode [(null)] - A client is disconnected! Client Id = e692c138-0bb0-4c24-ae11-a78917ed1829
2016-03-15 14:34:05,058 [30] INFO  SwitchLink.HostNode.SocketServer.HostNode [(null)] - A client is disconnected! Client Id = 38184ceb-04e1-4ea2-923c-baa587c3a65f
2016-03-15 14:34:05,070 [46] INFO  SwitchLink.HostNode.SocketServer.HostNode [(null)] - A client is disconnected! Client Id = 27092c5e-daf9-48e6-af27-88097fb23b86
