2016-03-15 16:34:59,316 [53] DEBUG SwitchLink.ProtocalFactory.TritonNode.Factory [(null)] - Starting to create transaction response
2016-03-15 16:34:59,316 [51] DEBUG SwitchLink.ProtocalFactory.TritonNode.Factory [(null)] - Starting to create transaction response
2016-03-15 16:34:59,316 [50] DEBUG SwitchLink.TritonNode.Communication.Services.CoreCommunicationService [(null)] - Recieved Response from Core Node: Stan: 47599
AmountTran: 35000
AmtTranFee: 250
AmountCash: 71531

2016-03-15 16:34:59,316 [55] DEBUG SwitchLink.ProtocalFactory.TritonNode.Factory [(null)] - Message sent to ATM: <STX>            <FS>0<FS>SM200001       <FS>15<FS>0006<FS>000<FS>00047600<FS>031516<FS>163459<FS>031516<FS>00027822<FS>00000250<FS><FS><FS><FS><ETX>#
2016-03-15 16:34:59,316 [39] INFO  SwitchLink.TritonNode.Communication.Controller.AtmCommunicationController [(null)] - Response Ack sent
2016-03-15 16:34:59,331 [63] DEBUG SwitchLink.TritonNode.Communication.Services.CoreCommunicationService [(null)] - Recieved Response from Core Node: Stan: 47606
AmountTran: 35000
AmtTranFee: 250
AmountCash: 98574

2016-03-15 16:34:59,331 [60] DEBUG SwitchLink.TritonNode.Communication.Services.CoreCommunicationService [(null)] - Recieved Response from Core Node: Stan: 47603
AmountTran: 35000
AmtTranFee: 250
AmountCash: 71215

2016-03-15 16:34:59,331 [60] DEBUG SwitchLink.ProtocalFactory.TritonNode.Factory [(null)] - Starting to create transaction response
2016-03-15 16:34:59,331 [60] DEBUG SwitchLink.ProtocalFactory.TritonNode.Factory [(null)] - Message sent to ATM: <STX>            <FS>0<FS>SM200001       <FS>15<FS>0010<FS>000<FS>00047603<FS>031516<FS>163459<FS>031516<FS>00071215<FS>00000250<FS><FS><FS><FS><ETX>*
2016-03-15 16:34:59,331 [63] DEBUG SwitchLink.ProtocalFactory.TritonNode.Factory [(null)] - Starting to create transaction response
2016-03-15 16:34:59,331 [63] DEBUG SwitchLink.ProtocalFactory.TritonNode.Factory [(null)] - Message sent to ATM: <STX>            <FS>0<FS>SM200001       <FS>15<FS>0013<FS>000<FS>00047606<FS>031516<FS>163459<FS>031516<FS>00098574<FS>00000250<FS><FS><FS><FS><ETX>+
2016-03-15 16:34:59,331 [61] DEBUG SwitchLink.TritonNode.Communication.Services.CoreCommunicationService [(null)] - Recieved Response from Core Node: Stan: 47604
AmountTran: 35000
AmtTranFee: 250
AmountCash: 56893

2016-03-15 16:34:59,331 [61] DEBUG SwitchLink.ProtocalFactory.TritonNode.Factory [(null)] - Starting to create transaction response
2016-03-15 16:34:59,331 [61] DEBUG SwitchLink.ProtocalFactory.TritonNode.Factory [(null)] - Message sent to ATM: <STX>            <FS>0<FS>SM200001       <FS>15<FS>0011<FS>000<FS>00047604<FS>031516<FS>163459<FS>031516<FS>00056893<FS>00000250<FS><FS><FS><FS><ETX>-
2016-03-15 16:34:59,331 [61] INFO  SwitchLink.TritonNode.Communication.Controller.AtmCommunicationController [(null)] - Response Ack sent
2016-03-15 16:34:59,331 [61] INFO  SwitchLink.TritonNode.Communication.Controller.AtmCommunicationController [(null)] - Response Stx Sent : count (1)
2016-03-15 16:34:59,331 [50] DEBUG SwitchLink.ProtocalFactory.TritonNode.Factory [(null)] - Starting to create transaction response
2016-03-15 16:34:59,331 [50] DEBUG SwitchLink.ProtocalFactory.TritonNode.Factory [(null)] - Message sent to ATM: <STX>            <FS>0<FS>SM200001       <FS>15<FS>0007<FS>000<FS>00047599<FS>031516<FS>163459<FS>031516<FS>00071531<FS>00000250<FS><FS><FS><FS><ETX>-
2016-03-15 16:34:59,331 [50] INFO  SwitchLink.TritonNode.Communication.Controller.AtmCommunicationController [(null)] - Response Ack sent
2016-03-15 16:34:59,331 [50] INFO  SwitchLink.TritonNode.Communication.Controller.AtmCommunicationController [(null)] - Response Stx Sent : count (1)
2016-03-15 16:34:59,331 [55] INFO  SwitchLink.TritonNode.Communication.Controller.AtmCommunicationController [(null)] - Response Ack sent
2016-03-15 16:34:59,316 [52] DEBUG SwitchLink.ProtocalFactory.TritonNode.Factory [(null)] - Starting to create transaction response
2016-03-15 16:34:59,347 [52] DEBUG SwitchLink.ProtocalFactory.TritonNode.Factory [(null)] - Message sent to ATM: <STX>            <FS>0<FS>SM200001       <FS>12<FS>0002<FS>000<FS>00047594<FS>031516<FS>163459<FS>031516<FS>00015852<FS>00000250<FS><FS><FS><FS><ETX>(
2016-03-15 16:34:59,331 [51] DEBUG SwitchLink.ProtocalFactory.TritonNode.Factory [(null)] - Message sent to ATM: <STX>            <FS>0<FS>SM200001       <FS>12<FS>0003<FS>008<FS>00047596<FS>031516<FS>163459<FS>031516<FS>00007306<FS>00000250<FS><FS><FS><FS><ETX>*
2016-03-15 16:34:59,347 [52] INFO  SwitchLink.TritonNode.Communication.Controller.AtmCommunicationController [(null)] - Response Ack sent
2016-03-15 16:34:59,347 [51] INFO  SwitchLink.TritonNode.Communication.Controller.AtmCommunicationController [(null)] - Response Ack sent
2016-03-15 16:34:59,347 [51] INFO  SwitchLink.TritonNode.Communication.Controller.AtmCommunicationController [(null)] - Response Stx Sent : count (1)
2016-03-15 16:34:59,316 [54] INFO  SwitchLink.TritonNode.Communication.Controller.AtmCommunicationController [(null)] - Response Ack sent
2016-03-15 16:34:59,347 [52] INFO  SwitchLink.TritonNode.Communication.Controller.AtmCommunicationController [(null)] - Response Stx Sent : count (1)
2016-03-15 16:34:59,347 [54] INFO  SwitchLink.TritonNode.Communication.Controller.AtmCommunicationController [(null)] - Response Stx Sent : count (1)
2016-03-15 16:34:59,331 [60] INFO  SwitchLink.TritonNode.Communication.Controller.AtmCommunicationController [(null)] - Response Ack sent
2016-03-15 16:34:59,331 [53] DEBUG SwitchLink.ProtocalFactory.TritonNode.Factory [(null)] - Message sent to ATM: <STX>            <FS>0<FS>SM200001       <FS>12<FS>0004<FS>012<FS>00047597<FS>031516<FS>163459<FS>031516<FS>00010399<FS>00000250<FS><FS><FS><FS><ETX>'
2016-03-15 16:34:59,347 [53] INFO  SwitchLink.TritonNode.Communication.Controller.AtmCommunicationController [(null)] - Response Ack sent
2016-03-15 16:34:59,347 [53] INFO  SwitchLink.TritonNode.Communication.Controller.AtmCommunicationController [(null)] - Response Stx Sent : count (1)
2016-03-15 16:34:59,331 [64] DEBUG SwitchLink.TritonNode.Communication.Services.CoreCommunicationService [(null)] - Recieved Response from Core Node: Stan: 47607
AmountTran: 35000
AmtTranFee: 250
AmountCash: 56577

2016-03-15 16:34:59,347 [64] DEBUG SwitchLink.ProtocalFactory.TritonNode.Factory [(null)] - Starting to create transaction response
2016-03-15 16:34:59,347 [64] DEBUG SwitchLink.ProtocalFactory.TritonNode.Factory [(null)] - Message sent to ATM: <STX>            <FS>0<FS>SM200001       <FS>15<FS>0014<FS>000<FS>00047607<FS>031516<FS>163459<FS>031516<FS>00056577<FS>00000250<FS><FS><FS><FS><ETX>,
2016-03-15 16:34:59,331 [62] DEBUG SwitchLink.TritonNode.Communication.Services.CoreCommunicationService [(null)] - Recieved Response from Core Node: Stan: 47605
AmountTran: 35000
AmtTranFee: 250
AmountCash: 93768

2016-03-15 16:34:59,347 [64] INFO  SwitchLink.TritonNode.Communication.Controller.AtmCommunicationController [(null)] - Response Ack sent
2016-03-15 16:34:59,347 [64] INFO  SwitchLink.TritonNode.Communication.Controller.AtmCommunicationController [(null)] - Response Stx Sent : count (1)
2016-03-15 16:34:59,347 [62] DEBUG SwitchLink.ProtocalFactory.TritonNode.Factory [(null)] - Starting to create transaction response
2016-03-15 16:34:59,347 [62] DEBUG SwitchLink.ProtocalFactory.TritonNode.Factory [(null)] - Message sent to ATM: <STX>            <FS>0<FS>SM200001       <FS>15<FS>0012<FS>000<FS>00047605<FS>031516<FS>163459<FS>031516<FS>00093768<FS>00000250<FS><FS><FS><FS><ETX>-
2016-03-15 16:34:59,347 [62] INFO  SwitchLink.TritonNode.Communication.Controller.AtmCommunicationController [(null)] - Response Ack sent
2016-03-15 16:34:59,347 [62] INFO  SwitchLink.TritonNode.Communication.Controller.AtmCommunicationController [(null)] - Response Stx Sent : count (1)
2016-03-15 16:34:59,331 [39] INFO  SwitchLink.TritonNode.Communication.Controller.AtmCommunicationController [(null)] - Response Stx Sent : count (1)
2016-03-15 16:34:59,331 [55] INFO  SwitchLink.TritonNode.Communication.Controller.AtmCommunicationController [(null)] - Response Stx Sent : count (1)
2016-03-15 16:34:59,347 [60] INFO  SwitchLink.TritonNode.Communication.Controller.AtmCommunicationController [(null)] - Response Stx Sent : count (1)
2016-03-15 16:34:59,331 [49] DEBUG SwitchLink.TritonNode.Communication.Services.CoreCommunicationService [(null)] - Recieved Response from Core Node: Stan: 47601
AmountTran: 35000
AmtTranFee: 250
AmountCash: 10407

2016-03-15 16:34:59,331 [63] INFO  SwitchLink.TritonNode.Communication.Controller.AtmCommunicationController [(null)] - Response Ack sent
2016-03-15 16:34:59,347 [63] INFO  SwitchLink.TritonNode.Communication.Controller.AtmCommunicationController [(null)] - Response Stx Sent : count (1)
2016-03-15 16:34:59,331 [48] DEBUG SwitchLink.TritonNode.Communication.Services.CoreCommunicationService [(null)] - Recieved Response from Core Node: Stan: 47602
AmountTran: 35000
AmtTranFee: 250
AmountCash: 50375

2016-03-15 16:34:59,347 [49] DEBUG SwitchLink.ProtocalFactory.TritonNode.Factory [(null)] - Starting to create transaction response
2016-03-15 16:34:59,347 [49] DEBUG SwitchLink.ProtocalFactory.TritonNode.Factory [(null)] - Message sent to ATM: <STX>            <FS>0<FS>SM200001       <FS>15<FS>0008<FS>012<FS>00047601<FS>031516<FS>163459<FS>031516<FS>00010407<FS>00000250<FS><FS><FS><FS><ETX> 
2016-03-15 16:34:59,347 [49] INFO  SwitchLink.TritonNode.Communication.Controller.AtmCommunicationController [(null)] - Response Ack sent
2016-03-15 16:34:59,347 [49] INFO  SwitchLink.TritonNode.Communication.Controller.AtmCommunicationController [(null)] - Response Stx Sent : count (1)
2016-03-15 16:34:59,347 [48] DEBUG SwitchLink.ProtocalFactory.TritonNode.Factory [(null)] - Starting to create transaction response
2016-03-15 16:34:59,347 [48] DEBUG SwitchLink.ProtocalFactory.TritonNode.Factory [(null)] - Message sent to ATM: <STX>            <FS>0<FS>SM200001       <FS>15<FS>0009<FS>000<FS>00047602<FS>031516<FS>163459<FS>031516<FS>00050375<FS>00000250<FS><FS><FS><FS><ETX>'
2016-03-15 16:34:59,347 [48] INFO  SwitchLink.TritonNode.Communication.Controller.AtmCommunicationController [(null)] - Response Ack sent
2016-03-15 16:34:59,347 [48] INFO  SwitchLink.TritonNode.Communication.Controller.AtmCommunicationController [(null)] - Response Stx Sent : count (1)
2016-03-15 16:34:59,331 [65] DEBUG SwitchLink.TritonNode.Communication.Services.CoreCommunicationService [(null)] - Recieved Response from Core Node: Stan: 47608
AmountTran: 35000
AmtTranFee: 250
AmountCash: 42254

2016-03-15 16:34:59,362 [65] DEBUG SwitchLink.ProtocalFactory.TritonNode.Factory [(null)] - Starting to create transaction response
2016-03-15 16:34:59,362 [65] DEBUG SwitchLink.ProtocalFactory.TritonNode.Factory [(null)] - Message sent to ATM: <STX>            <FS>0<FS>SM200001       <FS>15<FS>0015<FS>000<FS>00047608<FS>031516<FS>163459<FS>031516<FS>00042254<FS>00000250<FS><FS><FS><FS><ETX>!
2016-03-15 16:34:59,362 [65] INFO  SwitchLink.TritonNode.Communication.Controller.AtmCommunicationController [(null)] - Response Ack sent
2016-03-15 16:34:59,362 [65] INFO  SwitchLink.TritonNode.Communication.Controller.AtmCommunicationController [(null)] - Response Stx Sent : count (1)
2016-03-15 16:34:59,801 [7] INFO  SwitchLink.TritonNode.SocketServer.TritonNode [(null)] - A new client is connected. Client Id: dfdbb373-ac36-43cb-a88c-d76a4d2887c3, Address:tcp://10.211.55.11:2118 
2016-03-15 16:34:59,801 [7] DEBUG SwitchLink.TritonNode.Communication.Controller.AtmCommunicationController [(null)] - Sent Enq to Client Id = dfdbb373-ac36-43cb-a88c-d76a4d2887c3
2016-03-15 16:34:59,801 [65] DEBUG SwitchLink.ProtocalFactory.TritonNode.Factory [(null)] - <STX>PILOT   td8D2       <FS>SM200001       <FS>15<FS>0016<FS>4902370000002348=121210111234123<FS>00029000<FS>00000250<FS>EECCBD2A57B822E7<FS><FS><FS>VA6.00.18DV02.70.10 V06.01.12 0  0T  00 110     00000702K1237003200005K148400010000000000000000000000000000000000<FS>ub093A<FS><ETX>V
2016-03-15 16:34:59,801 [7] INFO  SwitchLink.TritonNode.SocketServer.TritonNode [(null)] - A new client is connected. Client Id: b891ca78-aac5-4917-a8ea-1f9430c2aab3, Address:tcp://10.211.55.11:2119 
2016-03-15 16:34:59,801 [7] DEBUG SwitchLink.TritonNode.Communication.Controller.AtmCommunicationController [(null)] - Sent Enq to Client Id = b891ca78-aac5-4917-a8ea-1f9430c2aab3
2016-03-15 16:34:59,801 [48] DEBUG SwitchLink.ProtocalFactory.TritonNode.Factory [(null)] - <STX>PILOT   td8D2       <FS>SM200001       <FS>15<FS>0017<FS>4902370000002348=121210111234123<FS>00029000<FS>00000250<FS>EECCBD2A57B822E7<FS><FS><FS>VA6.00.18DV02.70.10 V06.01.12 0  0T  00 110     00000702K1236003200005K148300010000000000000000000000000000000000<FS>ub093A<FS><ETX>V
2016-03-15 16:34:59,801 [7] INFO  SwitchLink.TritonNode.SocketServer.TritonNode [(null)] - A new client is connected. Client Id: f4be4de8-1e70-410a-8d12-f1fc6b7bc3e7, Address:tcp://10.211.55.11:2120 
2016-03-15 16:34:59,801 [7] DEBUG SwitchLink.TritonNode.Communication.Controller.AtmCommunicationController [(null)] - Sent Enq to Client Id = f4be4de8-1e70-410a-8d12-f1fc6b7bc3e7
2016-03-15 16:34:59,801 [49] DEBUG SwitchLink.ProtocalFactory.TritonNode.Factory [(null)] - <STX>PILOT   td8D2       <FS>SM200001       <FS>15<FS>0018<FS>4902370000002348=121210111234123<FS>00029000<FS>00000250<FS>EECCBD2A57B822E7<FS><FS><FS>VA6.00.18DV02.70.10 V06.01.12 0  0T  00 110     00000702K1235003200005K148200010000000000000000000000000000000000<FS>ub093A<FS><ETX>V
2016-03-15 16:34:59,801 [7] INFO  SwitchLink.TritonNode.SocketServer.TritonNode [(null)] - A new client is connected. Client Id: 6e4cc0f6-fffd-48da-96ec-a22d17994d45, Address:tcp://10.211.55.11:2121 
2016-03-15 16:34:59,801 [7] DEBUG SwitchLink.TritonNode.Communication.Controller.AtmCommunicationController [(null)] - Sent Enq to Client Id = 6e4cc0f6-fffd-48da-96ec-a22d17994d45
2016-03-15 16:34:59,801 [63] DEBUG SwitchLink.ProtocalFactory.TritonNode.Factory [(null)] - <STX>PILOT   td8D2       <FS>SM200001       <FS>15<FS>0019<FS>4902370000002348=121210111234123<FS>00029000<FS>00000250<FS>EECCBD2A57B822E7<FS><FS><FS>VA6.00.18DV02.70.10 V06.01.12 0  0T  00 110     00000702K1234003200005K148100010000000000000000000000000000000000<FS>ub093A<FS><ETX>V
2016-03-15 16:34:59,801 [7] INFO  SwitchLink.TritonNode.SocketServer.TritonNode [(null)] - A new client is connected. Client Id: a61e45af-96e4-40ba-9caf-af1bece70b7b, Address:tcp://10.211.55.11:2122 
2016-03-15 16:34:59,801 [7] DEBUG SwitchLink.TritonNode.Communication.Controller.AtmCommunicationController [(null)] - Sent Enq to Client Id = a61e45af-96e4-40ba-9caf-af1bece70b7b
2016-03-15 16:34:59,801 [65] DEBUG SwitchLink.TritonNode.Communication.Services.CoreCommunicationService [(null)] - Sending Request to Core Node: Track2 :4902370000002348=121210111234123
Amount1 :29000
Amount2 :250
PinBlock :EECCBD2A57B822E7

2016-03-15 16:34:59,815 [49] DEBUG SwitchLink.TritonNode.Communication.Services.CoreCommunicationService [(null)] - Sending Request to Core Node: Track2 :4902370000002348=121210111234123
Amount1 :29000
Amount2 :250
PinBlock :EECCBD2A57B822E7

2016-03-15 16:34:59,815 [48] DEBUG SwitchLink.TritonNode.Communication.Services.CoreCommunicationService [(null)] - Sending Request to Core Node: Track2 :4902370000002348=121210111234123
Amount1 :29000
Amount2 :250
PinBlock :EECCBD2A57B822E7

2016-03-15 16:34:59,815 [63] DEBUG SwitchLink.TritonNode.Communication.Services.CoreCommunicationService [(null)] - Sending Request to Core Node: Track2 :4902370000002348=121210111234123
Amount1 :29000
Amount2 :250
PinBlock :EECCBD2A57B822E7

2016-03-15 16:34:59,801 [60] DEBUG SwitchLink.ProtocalFactory.TritonNode.Factory [(null)] - <STX>PILOT   td8D2       <FS>SM200001       <FS>15<FS>0020<FS>4902370000002348=121210111234123<FS>00029000<FS>00000250<FS>EECCBD2A57B822E7<FS><FS><FS>VA6.00.18DV02.70.10 V06.01.12 0  0T  00 110     00000702K1233003200005K148000010000000000000000000000000000000000<FS>ub093A<FS><ETX>V
2016-03-15 16:34:59,815 [7] INFO  SwitchLink.TritonNode.SocketServer.TritonNode [(null)] - A new client is connected. Client Id: 8cfa2052-8f74-45f1-b52a-0ca4bc7cad56, Address:tcp://10.211.55.11:2125 
2016-03-15 16:34:59,815 [7] DEBUG SwitchLink.TritonNode.Communication.Controller.AtmCommunicationController [(null)] - Sent Enq to Client Id = 8cfa2052-8f74-45f1-b52a-0ca4bc7cad56
2016-03-15 16:34:59,815 [7] INFO  SwitchLink.TritonNode.SocketServer.TritonNode [(null)] - A new client is connected. Client Id: f2859ebc-0962-437f-bcec-74b2bda06730, Address:tcp://10.211.55.11:2130 
2016-03-15 16:34:59,815 [55] DEBUG SwitchLink.ProtocalFactory.TritonNode.Factory [(null)] - <STX>PILOT   td8D2       <FS>SM200001       <FS>15<FS>0021<FS>4902370000002348=121210111234123<FS>00029000<FS>00000250<FS>EECCBD2A57B822E7<FS><FS><FS>VA6.00.18DV02.70.10 V06.01.12 0  0T  00 110     00000702K1232003200005K147900010000000000000000000000000000000000<FS>ub093A<FS><ETX>V
2016-03-15 16:34:59,815 [60] DEBUG SwitchLink.TritonNode.Communication.Services.CoreCommunicationService [(null)] - Sending Request to Core Node: Track2 :4902370000002348=121210111234123
Amount1 :29000
Amount2 :250
PinBlock :EECCBD2A57B822E7

2016-03-15 16:34:59,815 [7] DEBUG SwitchLink.TritonNode.Communication.Controller.AtmCommunicationController [(null)] - Sent Enq to Client Id = f2859ebc-0962-437f-bcec-74b2bda06730
2016-03-15 16:34:59,831 [39] DEBUG SwitchLink.ProtocalFactory.TritonNode.Factory [(null)] - <STX>PILOT   td8D2       <FS>SM200001       <FS>11<FS>0022<FS>4902370000002348=121210111234123<FS>00005000<FS>00000250<FS>EECCBD2A57B822E7<FS><FS><FS>VA6.00.18DV02.70.10 V06.01.12 0  0T  00 000     04200002K1231003200005K147800010000000000000000000000000000000000<FS>ub093A<FS><ETX>V
2016-03-15 16:34:59,831 [7] INFO  SwitchLink.TritonNode.SocketServer.TritonNode [(null)] - A new client is connected. Client Id: 9298c2c2-d9d4-474a-ab44-1dbc9eb214c2, Address:tcp://10.211.55.11:2133 
2016-03-15 16:34:59,831 [7] DEBUG SwitchLink.TritonNode.Communication.Controller.AtmCommunicationController [(null)] - Sent Enq to Client Id = 9298c2c2-d9d4-474a-ab44-1dbc9eb214c2
2016-03-15 16:34:59,831 [7] DEBUG SwitchLink.ProtocalFactory.TritonNode.Factory [(null)] - <STX>PILOT   td8D2       <FS>SM200001       <FS>11<FS>0023<FS>4902370000002348=121210111234123<FS>00005000<FS>00000250<FS>EECCBD2A57B822E7<FS><FS><FS>VA6.00.18DV02.70.10 V06.01.12 0  0T  00 000     04200002K1230003200005K147700010000000000000000000000000000000000<FS>ub093A<FS><ETX>V
2016-03-15 16:34:59,831 [55] DEBUG SwitchLink.TritonNode.Communication.Services.CoreCommunicationService [(null)] - Sending Request to Core Node: Track2 :4902370000002348=121210111234123
Amount1 :29000
Amount2 :250
PinBlock :EECCBD2A57B822E7

2016-03-15 16:34:59,831 [39] DEBUG SwitchLink.TritonNode.Communication.Services.CoreCommunicationService [(null)] - Sending Request to Core Node: Track2 :4902370000002348=121210111234123
Amount1 :5000
Amount2 :250
PinBlock :EECCBD2A57B822E7

2016-03-15 16:34:59,831 [7] DEBUG SwitchLink.TritonNode.Communication.Services.CoreCommunicationService [(null)] - Sending Request to Core Node: Track2 :4902370000002348=121210111234123
Amount1 :5000
Amount2 :250
PinBlock :EECCBD2A57B822E7

2016-03-15 16:34:59,894 [65] DEBUG SwitchLink.TritonNode.Communication.Services.CoreCommunicationService [(null)] - Recieved Response from Core Node: Stan: 47609
AmountTran: 29000
AmtTranFee: 250
AmountCash: 99970

2016-03-15 16:34:59,894 [65] DEBUG SwitchLink.ProtocalFactory.TritonNode.Factory [(null)] - Starting to create transaction response
2016-03-15 16:34:59,894 [65] DEBUG SwitchLink.ProtocalFactory.TritonNode.Factory [(null)] - Message sent to ATM: <STX>            <FS>0<FS>SM200001       <FS>15<FS>0016<FS>000<FS>00047609<FS>031516<FS>163459<FS>031516<FS>00099970<FS>00000250<FS><FS><FS><FS><ETX>(
2016-03-15 16:34:59,894 [65] INFO  SwitchLink.TritonNode.Communication.Controller.AtmCommunicationController [(null)] - Response Ack sent
2016-03-15 16:34:59,894 [65] INFO  SwitchLink.TritonNode.Communication.Controller.AtmCommunicationController [(null)] - Response Stx Sent : count (1)
2016-03-15 16:34:59,894 [65] DEBUG SwitchLink.TritonNode.Communication.Services.AtmCoreService [(null)] - Recieved Ack
2016-03-15 16:34:59,894 [65] INFO  SwitchLink.TritonNode.Communication.Controller.AtmCommunicationController [(null)] - Response Eot Sent
2016-03-15 16:34:59,894 [62] INFO  SwitchLink.TritonNode.SocketServer.TritonNode [(null)] - A client is disconnected!. Client Id: dfdbb373-ac36-43cb-a88c-d76a4d2887c3, Address:tcp://10.211.55.11:2118 
2016-03-15 16:34:59,940 [49] DEBUG SwitchLink.TritonNode.Communication.Services.CoreCommunicationService [(null)] - Recieved Response from Core Node: Stan: 47610
AmountTran: 29000
AmtTranFee: 250
AmountCash: 40226

2016-03-15 16:34:59,940 [49] DEBUG SwitchLink.ProtocalFactory.TritonNode.Factory [(null)] - Starting to create transaction response
2016-03-15 16:34:59,940 [49] DEBUG SwitchLink.ProtocalFactory.TritonNode.Factory [(null)] - Message sent to ATM: <STX>            <FS>0<FS>SM200001       <FS>15<FS>0018<FS>000<FS>00047610<FS>031516<FS>163459<FS>031516<FS>00040226<FS>00000250<FS><FS><FS><FS><ETX>"
2016-03-15 16:34:59,940 [49] INFO  SwitchLink.TritonNode.Communication.Controller.AtmCommunicationController [(null)] - Response Ack sent
2016-03-15 16:34:59,940 [49] INFO  SwitchLink.TritonNode.Communication.Controller.AtmCommunicationController [(null)] - Response Stx Sent : count (1)
2016-03-15 16:34:59,987 [48] DEBUG SwitchLink.TritonNode.Communication.Services.CoreCommunicationService [(null)] - Recieved Response from Core Node: Stan: 47611
AmountTran: 29000
AmtTranFee: 250
AmountCash: 94517

2016-03-15 16:34:59,987 [48] DEBUG SwitchLink.ProtocalFactory.TritonNode.Factory [(null)] - Starting to create transaction response
2016-03-15 16:34:59,987 [48] DEBUG SwitchLink.ProtocalFactory.TritonNode.Factory [(null)] - Message sent to ATM: <STX>            <FS>0<FS>SM200001       <FS>15<FS>0017<FS>000<FS>00047611<FS>031516<FS>163459<FS>031516<FS>00094517<FS>00000250<FS><FS><FS><FS><ETX> 
2016-03-15 16:34:59,987 [48] INFO  SwitchLink.TritonNode.Communication.Controller.AtmCommunicationController [(null)] - Response Ack sent
2016-03-15 16:34:59,987 [48] INFO  SwitchLink.TritonNode.Communication.Controller.AtmCommunicationController [(null)] - Response Stx Sent : count (1)
2016-03-15 16:34:59,987 [48] DEBUG SwitchLink.TritonNode.Communication.Services.AtmCoreService [(null)] - Recieved Ack
2016-03-15 16:34:59,987 [48] INFO  SwitchLink.TritonNode.Communication.Controller.AtmCommunicationController [(null)] - Response Eot Sent
2016-03-15 16:34:59,987 [49] INFO  SwitchLink.TritonNode.SocketServer.TritonNode [(null)] - A client is disconnected!. Client Id: b891ca78-aac5-4917-a8ea-1f9430c2aab3, Address:tcp://10.211.55.11:2119 
2016-03-15 16:35:00,034 [63] DEBUG SwitchLink.TritonNode.Communication.Services.CoreCommunicationService [(null)] - Recieved Response from Core Node: Stan: 47612
AmountTran: 29000
AmtTranFee: 250
AmountCash: 50808

2016-03-15 16:35:00,034 [63] DEBUG SwitchLink.ProtocalFactory.TritonNode.Factory [(null)] - Starting to create transaction response
2016-03-15 16:35:00,034 [63] DEBUG SwitchLink.ProtocalFactory.TritonNode.Factory [(null)] - Message sent to ATM: <STX>            <FS>0<FS>SM200001       <FS>15<FS>0019<FS>000<FS>00047612<FS>031516<FS>163500<FS>031516<FS>00050808<FS>00000250<FS><FS><FS><FS><ETX>+
2016-03-15 16:35:00,034 [63] INFO  SwitchLink.TritonNode.Communication.Controller.AtmCommunicationController [(null)] - Response Ack sent
2016-03-15 16:35:00,034 [63] INFO  SwitchLink.TritonNode.Communication.Controller.AtmCommunicationController [(null)] - Response Stx Sent : count (1)
2016-03-15 16:35:00,081 [60] DEBUG SwitchLink.TritonNode.Communication.Services.CoreCommunicationService [(null)] - Recieved Response from Core Node: Stan: 47613
AmountTran: 29000
AmtTranFee: 250
AmountCash: 7099

2016-03-15 16:35:00,081 [60] DEBUG SwitchLink.ProtocalFactory.TritonNode.Factory [(null)] - Starting to create transaction response
2016-03-15 16:35:00,081 [60] DEBUG SwitchLink.ProtocalFactory.TritonNode.Factory [(null)] - Message sent to ATM: <STX>            <FS>0<FS>SM200001       <FS>15<FS>0020<FS>006<FS>00047613<FS>031516<FS>163500<FS>031516<FS>00007099<FS>00000250<FS><FS><FS><FS><ETX>$
2016-03-15 16:35:00,081 [60] INFO  SwitchLink.TritonNode.Communication.Controller.AtmCommunicationController [(null)] - Response Ack sent
2016-03-15 16:35:00,081 [60] INFO  SwitchLink.TritonNode.Communication.Controller.AtmCommunicationController [(null)] - Response Stx Sent : count (1)
2016-03-15 16:35:00,097 [60] DEBUG SwitchLink.TritonNode.Communication.Services.AtmCoreService [(null)] - Recieved Ack
2016-03-15 16:35:00,097 [60] INFO  SwitchLink.TritonNode.Communication.Controller.AtmCommunicationController [(null)] - Response Eot Sent
2016-03-15 16:35:00,097 [63] INFO  SwitchLink.TritonNode.SocketServer.TritonNode [(null)] - A client is disconnected!. Client Id: a61e45af-96e4-40ba-9caf-af1bece70b7b, Address:tcp://10.211.55.11:2122 
2016-03-15 16:35:00,143 [55] DEBUG SwitchLink.TritonNode.Communication.Services.CoreCommunicationService [(null)] - Recieved Response from Core Node: Stan: 47614
AmountTran: 29000
AmtTranFee: 250
AmountCash: 61390

2016-03-15 16:35:00,143 [55] DEBUG SwitchLink.ProtocalFactory.TritonNode.Factory [(null)] - Starting to create transaction response
2016-03-15 16:35:00,143 [55] DEBUG SwitchLink.ProtocalFactory.TritonNode.Factory [(null)] - Message sent to ATM: <STX>            <FS>0<FS>SM200001       <FS>15<FS>0021<FS>000<FS>00047614<FS>031516<FS>163500<FS>031516<FS>00061390<FS>00000250<FS><FS><FS><FS><ETX>.
2016-03-15 16:35:00,143 [55] INFO  SwitchLink.TritonNode.Communication.Controller.AtmCommunicationController [(null)] - Response Ack sent
2016-03-15 16:35:00,143 [55] INFO  SwitchLink.TritonNode.Communication.Controller.AtmCommunicationController [(null)] - Response Stx Sent : count (1)
2016-03-15 16:35:00,190 [39] DEBUG SwitchLink.TritonNode.Communication.Services.CoreCommunicationService [(null)] - Recieved Response from Core Node: Stan: 47615
AmountTran: 5000
AmtTranFee: 250
AmountCash: 99646

2016-03-15 16:35:00,190 [39] DEBUG SwitchLink.ProtocalFactory.TritonNode.Factory [(null)] - Starting to create transaction response
2016-03-15 16:35:00,190 [39] DEBUG SwitchLink.ProtocalFactory.TritonNode.Factory [(null)] - Message sent to ATM: <STX>            <FS>0<FS>SM200001       <FS>11<FS>0022<FS>000<FS>00047615<FS>031516<FS>163500<FS>031516<FS>00099646<FS>00000250<FS><FS><FS><FS><ETX>!
2016-03-15 16:35:00,190 [39] INFO  SwitchLink.TritonNode.Communication.Controller.AtmCommunicationController [(null)] - Response Ack sent
2016-03-15 16:35:00,190 [39] INFO  SwitchLink.TritonNode.Communication.Controller.AtmCommunicationController [(null)] - Response Stx Sent : count (1)
2016-03-15 16:35:00,190 [39] DEBUG SwitchLink.TritonNode.Communication.Services.AtmCoreService [(null)] - Recieved Ack
2016-03-15 16:35:00,190 [39] INFO  SwitchLink.TritonNode.Communication.Controller.AtmCommunicationController [(null)] - Response Eot Sent
2016-03-15 16:35:00,190 [55] INFO  SwitchLink.TritonNode.SocketServer.TritonNode [(null)] - A client is disconnected!. Client Id: f2859ebc-0962-437f-bcec-74b2bda06730, Address:tcp://10.211.55.11:2130 
2016-03-15 16:35:00,237 [7] DEBUG SwitchLink.TritonNode.Communication.Services.CoreCommunicationService [(null)] - Recieved Response from Core Node: Stan: 47616
AmountTran: 5000
AmtTranFee: 250
AmountCash: 55937

2016-03-15 16:35:00,237 [7] DEBUG SwitchLink.ProtocalFactory.TritonNode.Factory [(null)] - Starting to create transaction response
2016-03-15 16:35:00,237 [7] DEBUG SwitchLink.ProtocalFactory.TritonNode.Factory [(null)] - Message sent to ATM: <STX>            <FS>0<FS>SM200001       <FS>11<FS>0023<FS>000<FS>00047616<FS>031516<FS>163500<FS>031516<FS>00055937<FS>00000250<FS><FS><FS><FS><ETX>*
2016-03-15 16:35:00,237 [7] INFO  SwitchLink.TritonNode.Communication.Controller.AtmCommunicationController [(null)] - Response Ack sent
2016-03-15 16:35:00,237 [7] INFO  SwitchLink.TritonNode.Communication.Controller.AtmCommunicationController [(null)] - Response Stx Sent : count (1)
2016-03-15 16:35:00,237 [7] INFO  SwitchLink.TritonNode.SocketServer.TritonNode [(null)] - A new client is connected. Client Id: bae15c78-b4bd-4492-959c-309b0c2bb394, Address:tcp://10.211.55.11:2137 
2016-03-15 16:35:00,237 [7] DEBUG SwitchLink.TritonNode.Communication.Controller.AtmCommunicationController [(null)] - Sent Enq to Client Id = bae15c78-b4bd-4492-959c-309b0c2bb394
2016-03-15 16:35:00,237 [55] DEBUG SwitchLink.ProtocalFactory.TritonNode.Factory [(null)] - <STX>PILOT   td8D2       <FS>SM200001       <FS>11<FS>0024<FS>4902370000002348=121210111234123<FS>00005000<FS>00000250<FS>EECCBD2A57B822E7<FS><FS><FS>VA6.00.18DV02.70.10 V06.01.12 0  0T  00 000     04200002K1229003200005K147600010000000000000000000000000000000000<FS>ub093A<FS><ETX>V
2016-03-15 16:35:00,237 [7] INFO  SwitchLink.TritonNode.SocketServer.TritonNode [(null)] - A new client is connected. Client Id: 829b0824-b4c9-4676-8847-5c7f619fe4f5, Address:tcp://10.211.55.11:2138 
2016-03-15 16:35:00,237 [7] DEBUG SwitchLink.TritonNode.Communication.Controller.AtmCommunicationController [(null)] - Sent Enq to Client Id = 829b0824-b4c9-4676-8847-5c7f619fe4f5
2016-03-15 16:35:00,237 [39] DEBUG SwitchLink.ProtocalFactory.TritonNode.Factory [(null)] - <STX>PILOT   td8D2       <FS>SM200001       <FS>11<FS>0025<FS>4902370000002348=121210111234123<FS>00005000<FS>00000250<FS>EECCBD2A57B822E7<FS><FS><FS>VA6.00.18DV02.70.10 V06.01.12 0  0T  00 000     04200002K1228003200005K147500010000000000000000000000000000000000<FS>ub093A<FS><ETX>V
2016-03-15 16:35:00,237 [7] INFO  SwitchLink.TritonNode.SocketServer.TritonNode [(null)] - A new client is connected. Client Id: 31ec011c-9798-47be-8d9d-0e22cf883249, Address:tcp://10.211.55.11:2140 
2016-03-15 16:35:00,237 [7] DEBUG SwitchLink.TritonNode.Communication.Controller.AtmCommunicationController [(null)] - Sent Enq to Client Id = 31ec011c-9798-47be-8d9d-0e22cf883249
2016-03-15 16:35:00,237 [7] INFO  SwitchLink.TritonNode.SocketServer.TritonNode [(null)] - A new client is connected. Client Id: 25260cc6-5212-4a2b-858e-b60824aec17f, Address:tcp://10.211.55.11:2142 
2016-03-15 16:35:00,237 [63] DEBUG SwitchLink.ProtocalFactory.TritonNode.Factory [(null)] - <STX>PILOT   td8D2       <FS>SM200001       <FS>11<FS>0026<FS>4902370000002348=121210111234123<FS>00005000<FS>00000250<FS>EECCBD2A57B822E7<FS><FS><FS>VA6.00.18DV02.70.10 V06.01.12 0  0T  00 000     04200002K1227003200005K147400010000000000000000000000000000000000<FS>ub093A<FS><ETX>V
2016-03-15 16:35:00,237 [39] DEBUG SwitchLink.TritonNode.Communication.Services.CoreCommunicationService [(null)] - Sending Request to Core Node: Track2 :4902370000002348=121210111234123
Amount1 :5000
Amount2 :250
PinBlock :EECCBD2A57B822E7

2016-03-15 16:35:00,237 [55] DEBUG SwitchLink.TritonNode.Communication.Services.CoreCommunicationService [(null)] - Sending Request to Core Node: Track2 :4902370000002348=121210111234123
Amount1 :5000
Amount2 :250
PinBlock :EECCBD2A57B822E7

2016-03-15 16:35:00,237 [7] DEBUG SwitchLink.TritonNode.Communication.Controller.AtmCommunicationController [(null)] - Sent Enq to Client Id = 25260cc6-5212-4a2b-858e-b60824aec17f
2016-03-15 16:35:00,237 [60] DEBUG SwitchLink.ProtocalFactory.TritonNode.Factory [(null)] - <STX>PILOT   td8D2       <FS>SM200001       <FS>12<FS>0027<FS>4902370000002348=121210111234123<FS>00018000<FS>00000250<FS>EECCBD2A57B822E7<FS><FS><FS>VA6.00.18DV02.70.10 V06.01.12 0  0T  00 000     00000402K1226003200005K147300010000000000000000000000000000000000<FS>ub093A<FS><ETX>V
2016-03-15 16:35:00,237 [7] INFO  SwitchLink.TritonNode.SocketServer.TritonNode [(null)] - A new client is connected. Client Id: 2b053645-c96f-4e3b-ab9b-85bf8d3cd0a4, Address:tcp://10.211.55.11:2144 
2016-03-15 16:35:00,237 [63] DEBUG SwitchLink.TritonNode.Communication.Services.CoreCommunicationService [(null)] - Sending Request to Core Node: Track2 :4902370000002348=121210111234123
Amount1 :5000
Amount2 :250
PinBlock :EECCBD2A57B822E7

2016-03-15 16:35:00,237 [7] DEBUG SwitchLink.TritonNode.Communication.Controller.AtmCommunicationController [(null)] - Sent Enq to Client Id = 2b053645-c96f-4e3b-ab9b-85bf8d3cd0a4
2016-03-15 16:35:00,253 [7] DEBUG SwitchLink.ProtocalFactory.TritonNode.Factory [(null)] - <STX>PILOT   td8D2       <FS>SM200001       <FS>12<FS>0028<FS>4902370000002348=121210111234123<FS>00018000<FS>00000250<FS>EECCBD2A57B822E7<FS><FS><FS>VA6.00.18DV02.70.10 V06.01.12 0  0T  00 000     00000402K1225003200005K147200010000000000000000000000000000000000<FS>ub093A<FS><ETX>V
2016-03-15 16:35:00,253 [60] DEBUG SwitchLink.TritonNode.Communication.Services.CoreCommunicationService [(null)] - Sending Request to Core Node: Track2 :4902370000002348=121210111234123
Amount1 :18000
Amount2 :250
PinBlock :EECCBD2A57B822E7

2016-03-15 16:35:00,253 [7] DEBUG SwitchLink.TritonNode.Communication.Services.CoreCommunicationService [(null)] - Sending Request to Core Node: Track2 :4902370000002348=121210111234123
Amount1 :18000
Amount2 :250
PinBlock :EECCBD2A57B822E7

2016-03-15 16:35:00,315 [39] DEBUG SwitchLink.TritonNode.Communication.Services.CoreCommunicationService [(null)] - Recieved Response from Core Node: Stan: 47617
AmountTran: 5000
AmtTranFee: 250
AmountCash: 31357

2016-03-15 16:35:00,315 [39] DEBUG SwitchLink.ProtocalFactory.TritonNode.Factory [(null)] - Starting to create transaction response
2016-03-15 16:35:00,315 [39] DEBUG SwitchLink.ProtocalFactory.TritonNode.Factory [(null)] - Message sent to ATM: <STX>            <FS>0<FS>SM200001       <FS>11<FS>0025<FS>000<FS>00047617<FS>031516<FS>163500<FS>031516<FS>00031357<FS>00000250<FS><FS><FS><FS><ETX>#
2016-03-15 16:35:00,315 [39] INFO  SwitchLink.TritonNode.Communication.Controller.AtmCommunicationController [(null)] - Response Ack sent
2016-03-15 16:35:00,315 [39] INFO  SwitchLink.TritonNode.Communication.Controller.AtmCommunicationController [(null)] - Response Stx Sent : count (1)
2016-03-15 16:35:00,362 [55] DEBUG SwitchLink.TritonNode.Communication.Services.CoreCommunicationService [(null)] - Recieved Response from Core Node: Stan: 47618
AmountTran: 5000
AmtTranFee: 250
AmountCash: 85648

2016-03-15 16:35:00,362 [55] DEBUG SwitchLink.ProtocalFactory.TritonNode.Factory [(null)] - Starting to create transaction response
2016-03-15 16:35:00,362 [55] DEBUG SwitchLink.ProtocalFactory.TritonNode.Factory [(null)] - Message sent to ATM: <STX>            <FS>0<FS>SM200001       <FS>11<FS>0024<FS>000<FS>00047618<FS>031516<FS>163500<FS>031516<FS>00085648<FS>00000250<FS><FS><FS><FS><ETX>)
2016-03-15 16:35:00,362 [55] INFO  SwitchLink.TritonNode.Communication.Controller.AtmCommunicationController [(null)] - Response Ack sent
2016-03-15 16:35:00,362 [55] INFO  SwitchLink.TritonNode.Communication.Controller.AtmCommunicationController [(null)] - Response Stx Sent : count (1)
2016-03-15 16:35:00,362 [55] DEBUG SwitchLink.TritonNode.Communication.Services.AtmCoreService [(null)] - Recieved Ack
2016-03-15 16:35:00,362 [55] INFO  SwitchLink.TritonNode.Communication.Controller.AtmCommunicationController [(null)] - Response Eot Sent
2016-03-15 16:35:00,362 [39] INFO  SwitchLink.TritonNode.SocketServer.TritonNode [(null)] - A client is disconnected!. Client Id: bae15c78-b4bd-4492-959c-309b0c2bb394, Address:tcp://10.211.55.11:2137 
2016-03-15 16:35:00,409 [63] DEBUG SwitchLink.TritonNode.Communication.Services.CoreCommunicationService [(null)] - Recieved Response from Core Node: Stan: 47619
AmountTran: 5000
AmtTranFee: 250
AmountCash: 41939

2016-03-15 16:35:00,409 [63] DEBUG SwitchLink.ProtocalFactory.TritonNode.Factory [(null)] - Starting to create transaction response
2016-03-15 16:35:00,409 [63] DEBUG SwitchLink.ProtocalFactory.TritonNode.Factory [(null)] - Message sent to ATM: <STX>            <FS>0<FS>SM200001       <FS>11<FS>0026<FS>000<FS>00047619<FS>031516<FS>163500<FS>031516<FS>00041939<FS>00000250<FS><FS><FS><FS><ETX>+
2016-03-15 16:35:00,409 [63] INFO  SwitchLink.TritonNode.Communication.Controller.AtmCommunicationController [(null)] - Response Ack sent
2016-03-15 16:35:00,409 [63] INFO  SwitchLink.TritonNode.Communication.Controller.AtmCommunicationController [(null)] - Response Stx Sent : count (1)
2016-03-15 16:35:00,457 [7] DEBUG SwitchLink.TritonNode.Communication.Services.CoreCommunicationService [(null)] - Recieved Response from Core Node: Stan: 47620
AmountTran: 18000
AmtTranFee: 250
AmountCash: 96230

2016-03-15 16:35:00,457 [7] DEBUG SwitchLink.ProtocalFactory.TritonNode.Factory [(null)] - Starting to create transaction response
2016-03-15 16:35:00,457 [7] DEBUG SwitchLink.ProtocalFactory.TritonNode.Factory [(null)] - Message sent to ATM: <STX>            <FS>0<FS>SM200001       <FS>12<FS>0028<FS>000<FS>00047620<FS>031516<FS>163500<FS>031516<FS>00096230<FS>00000250<FS><FS><FS><FS><ETX>$
2016-03-15 16:35:00,457 [7] INFO  SwitchLink.TritonNode.Communication.Controller.AtmCommunicationController [(null)] - Response Ack sent
2016-03-15 16:35:00,457 [7] INFO  SwitchLink.TritonNode.Communication.Controller.AtmCommunicationController [(null)] - Response Stx Sent : count (1)
2016-03-15 16:35:00,457 [7] INFO  SwitchLink.TritonNode.SocketServer.TritonNode [(null)] - A new client is connected. Client Id: 46e73e1e-662d-4bfe-913d-029da1c0fa4b, Address:tcp://10.211.55.11:2150 
2016-03-15 16:35:00,457 [7] DEBUG SwitchLink.TritonNode.Communication.Controller.AtmCommunicationController [(null)] - Sent Enq to Client Id = 46e73e1e-662d-4bfe-913d-029da1c0fa4b
2016-03-15 16:35:00,472 [63] DEBUG SwitchLink.ProtocalFactory.TritonNode.Factory [(null)] - <STX>PILOT   td8D2       <FS>SM200001       <FS>12<FS>0029<FS>4902370000002348=121210111234123<FS>00018000<FS>00000250<FS>EECCBD2A57B822E7<FS><FS><FS>VA6.00.18DV02.70.10 V06.01.12 0  0T  00 000     00000402K1224003200005K147100010000000000000000000000000000000000<FS>ub093A<FS><ETX>V
2016-03-15 16:35:00,472 [7] INFO  SwitchLink.TritonNode.SocketServer.TritonNode [(null)] - A new client is connected. Client Id: 7e66d19c-c8a0-425c-b89b-f6b2634ef0e5, Address:tcp://10.211.55.11:2152 
2016-03-15 16:35:00,472 [7] DEBUG SwitchLink.TritonNode.Communication.Controller.AtmCommunicationController [(null)] - Sent Enq to Client Id = 7e66d19c-c8a0-425c-b89b-f6b2634ef0e5
2016-03-15 16:35:00,472 [39] DEBUG SwitchLink.ProtocalFactory.TritonNode.Factory [(null)] - <STX>PILOT   td8D2       <FS>SM200001       <FS>12<FS>0030<FS>4902370000002348=121210111234123<FS>00018000<FS>00000250<FS>EECCBD2A57B822E7<FS><FS><FS>VA6.00.18DV02.70.10 V06.01.12 0  0T  00 000     00000402K1223003200005K147000010000000000000000000000000000000000<FS>ub093A<FS><ETX>V
2016-03-15 16:35:00,472 [63] DEBUG SwitchLink.TritonNode.Communication.Services.CoreCommunicationService [(null)] - Sending Request to Core Node: Track2 :4902370000002348=121210111234123
Amount1 :18000
Amount2 :250
PinBlock :EECCBD2A57B822E7

2016-03-15 16:35:00,472 [39] DEBUG SwitchLink.TritonNode.Communication.Services.CoreCommunicationService [(null)] - Sending Request to Core Node: Track2 :4902370000002348=121210111234123
Amount1 :18000
Amount2 :250
PinBlock :EECCBD2A57B822E7

2016-03-15 16:35:00,472 [55] DEBUG SwitchLink.TritonNode.Communication.Services.AtmCoreService [(null)] - Recieved Ack
2016-03-15 16:35:00,472 [55] INFO  SwitchLink.TritonNode.Communication.Controller.AtmCommunicationController [(null)] - Response Eot Sent
2016-03-15 16:35:00,472 [49] INFO  SwitchLink.TritonNode.SocketServer.TritonNode [(null)] - A client is disconnected!. Client Id: 2b053645-c96f-4e3b-ab9b-85bf8d3cd0a4, Address:tcp://10.211.55.11:2144 
2016-03-15 16:35:00,518 [60] DEBUG SwitchLink.TritonNode.Communication.Services.CoreCommunicationService [(null)] - Recieved Response from Core Node: Stan: 47621
AmountTran: 18000
AmtTranFee: 250
AmountCash: 52521

2016-03-15 16:35:00,518 [60] DEBUG SwitchLink.ProtocalFactory.TritonNode.Factory [(null)] - Starting to create transaction response
2016-03-15 16:35:00,518 [60] DEBUG SwitchLink.ProtocalFactory.TritonNode.Factory [(null)] - Message sent to ATM: <STX>            <FS>0<FS>SM200001       <FS>12<FS>0027<FS>000<FS>00047621<FS>031516<FS>163500<FS>031516<FS>00052521<FS>00000250<FS><FS><FS><FS><ETX>%
2016-03-15 16:35:00,518 [60] INFO  SwitchLink.TritonNode.Communication.Controller.AtmCommunicationController [(null)] - Response Ack sent
2016-03-15 16:35:00,518 [60] INFO  SwitchLink.TritonNode.Communication.Controller.AtmCommunicationController [(null)] - Response Stx Sent : count (1)
2016-03-15 16:35:00,659 [63] DEBUG SwitchLink.TritonNode.Communication.Services.CoreCommunicationService [(null)] - Recieved Response from Core Node: Stan: 47622
AmountTran: 18000
AmtTranFee: 250
AmountCash: 3359

2016-03-15 16:35:00,659 [63] DEBUG SwitchLink.ProtocalFactory.TritonNode.Factory [(null)] - Starting to create transaction response
2016-03-15 16:35:00,659 [63] DEBUG SwitchLink.ProtocalFactory.TritonNode.Factory [(null)] - Message sent to ATM: <STX>            <FS>0<FS>SM200001       <FS>12<FS>0029<FS>005<FS>00047622<FS>031516<FS>163500<FS>031516<FS>00003359<FS>00000250<FS><FS><FS><FS><ETX> 
2016-03-15 16:35:00,659 [63] INFO  SwitchLink.TritonNode.Communication.Controller.AtmCommunicationController [(null)] - Response Ack sent
2016-03-15 16:35:00,659 [63] INFO  SwitchLink.TritonNode.Communication.Controller.AtmCommunicationController [(null)] - Response Stx Sent : count (1)
2016-03-15 16:35:00,707 [39] DEBUG SwitchLink.TritonNode.Communication.Services.CoreCommunicationService [(null)] - Recieved Response from Core Node: Stan: 47623
AmountTran: 18000
AmtTranFee: 250
AmountCash: 57650

2016-03-15 16:35:00,707 [39] DEBUG SwitchLink.ProtocalFactory.TritonNode.Factory [(null)] - Starting to create transaction response
2016-03-15 16:35:00,707 [39] DEBUG SwitchLink.ProtocalFactory.TritonNode.Factory [(null)] - Message sent to ATM: <STX>            <FS>0<FS>SM200001       <FS>12<FS>0030<FS>000<FS>00047623<FS>031516<FS>163500<FS>031516<FS>00057650<FS>00000250<FS><FS><FS><FS><ETX>!
2016-03-15 16:35:00,707 [39] INFO  SwitchLink.TritonNode.Communication.Controller.AtmCommunicationController [(null)] - Response Ack sent
2016-03-15 16:35:00,707 [39] INFO  SwitchLink.TritonNode.Communication.Controller.AtmCommunicationController [(null)] - Response Stx Sent : count (1)
2016-03-15 16:35:02,347 [59] INFO  SwitchLink.TritonNode.Communication.Controller.AtmCommunicationController [(null)] - Response Stx Sent : count (2)
2016-03-15 16:35:02,347 [67] INFO  SwitchLink.TritonNode.Communication.Controller.AtmCommunicationController [(null)] - Response Stx Sent : count (2)
2016-03-15 16:35:02,347 [67] INFO  SwitchLink.TritonNode.Communication.Controller.AtmCommunicationController [(null)] - Response Stx Sent : count (2)
2016-03-15 16:35:02,347 [67] INFO  SwitchLink.TritonNode.Communication.Controller.AtmCommunicationController [(null)] - Response Stx Sent : count (2)
2016-03-15 16:35:02,347 [67] INFO  SwitchLink.TritonNode.Communication.Controller.AtmCommunicationController [(null)] - Response Stx Sent : count (2)
2016-03-15 16:35:02,347 [67] INFO  SwitchLink.TritonNode.Communication.Controller.AtmCommunicationController [(null)] - Response Stx Sent : count (2)
2016-03-15 16:35:02,347 [68] INFO  SwitchLink.TritonNode.Communication.Controller.AtmCommunicationController [(null)] - Response Stx Sent : count (2)
2016-03-15 16:35:02,347 [68] INFO  SwitchLink.TritonNode.Communication.Controller.AtmCommunicationController [(null)] - Response Stx Sent : count (2)
2016-03-15 16:35:02,347 [58] INFO  SwitchLink.TritonNode.Communication.Controller.AtmCommunicationController [(null)] - Response Stx Sent : count (2)
2016-03-15 16:35:02,347 [57] INFO  SwitchLink.TritonNode.Communication.Controller.AtmCommunicationController [(null)] - Response Stx Sent : count (2)
2016-03-15 16:35:02,347 [59] INFO  SwitchLink.TritonNode.Communication.Controller.AtmCommunicationController [(null)] - Response Stx Sent : count (2)
2016-03-15 16:35:02,347 [68] INFO  SwitchLink.TritonNode.Communication.Controller.AtmCommunicationController [(null)] - Response Stx Sent : count (2)
2016-03-15 16:35:02,347 [67] INFO  SwitchLink.TritonNode.Communication.Controller.AtmCommunicationController [(null)] - Response Stx Sent : count (2)
2016-03-15 16:35:02,347 [56] INFO  SwitchLink.TritonNode.Communication.Controller.AtmCommunicationController [(null)] - Response Stx Sent : count (2)
2016-03-15 16:35:02,378 [58] INFO  SwitchLink.TritonNode.Communication.Controller.AtmCommunicationController [(null)] - Response Stx Sent : count (2)
2016-03-15 16:35:02,378 [39] DEBUG SwitchLink.TritonNode.Communication.Services.AtmCoreService [(null)] - Recieved Ack
2016-03-15 16:35:02,378 [39] INFO  SwitchLink.TritonNode.Communication.Controller.AtmCommunicationController [(null)] - Response Eot Sent
2016-03-15 16:35:02,378 [39] DEBUG SwitchLink.TritonNode.Communication.Services.AtmCoreService [(null)] - Recieved Ack
2016-03-15 16:35:02,378 [39] INFO  SwitchLink.TritonNode.Communication.Controller.AtmCommunicationController [(null)] - Response Eot Sent
2016-03-15 16:35:02,378 [63] INFO  SwitchLink.TritonNode.SocketServer.TritonNode [(null)] - A client is disconnected!. Client Id: 26a978bd-34eb-4290-84e2-afc0731be4f1, Address:tcp://10.211.55.11:2066 
2016-03-15 16:35:02,378 [39] INFO  SwitchLink.TritonNode.SocketServer.TritonNode [(null)] - A client is disconnected!. Client Id: dc117a17-6be1-4a72-a2a0-be828af46287, Address:tcp://10.211.55.11:2051 
2016-03-15 16:35:02,393 [39] DEBUG SwitchLink.TritonNode.Communication.Services.AtmCoreService [(null)] - Recieved Ack
2016-03-15 16:35:02,393 [39] INFO  SwitchLink.TritonNode.Communication.Controller.AtmCommunicationController [(null)] - Response Eot Sent
2016-03-15 16:35:02,393 [63] INFO  SwitchLink.TritonNode.SocketServer.TritonNode [(null)] - A client is disconnected!. Client Id: c12c6c8b-714a-42c9-b36b-1f287054bafe, Address:tcp://10.211.55.11:2067 
2016-03-15 16:35:02,941 [59] INFO  SwitchLink.TritonNode.Communication.Controller.AtmCommunicationController [(null)] - Response Stx Sent : count (2)
2016-03-15 16:35:02,941 [63] DEBUG SwitchLink.TritonNode.Communication.Services.AtmCoreService [(null)] - Recieved Ack
2016-03-15 16:35:02,941 [63] INFO  SwitchLink.TritonNode.Communication.Controller.AtmCommunicationController [(null)] - Response Eot Sent
2016-03-15 16:35:02,941 [39] INFO  SwitchLink.TritonNode.SocketServer.TritonNode [(null)] - A client is disconnected!. Client Id: f4be4de8-1e70-410a-8d12-f1fc6b7bc3e7, Address:tcp://10.211.55.11:2120 
2016-03-15 16:35:03,035 [68] INFO  SwitchLink.TritonNode.Communication.Controller.AtmCommunicationController [(null)] - Response Stx Sent : count (2)
2016-03-15 16:35:03,035 [39] DEBUG SwitchLink.TritonNode.Communication.Services.AtmCoreService [(null)] - Recieved Ack
2016-03-15 16:35:03,035 [39] INFO  SwitchLink.TritonNode.Communication.Controller.AtmCommunicationController [(null)] - Response Eot Sent
2016-03-15 16:35:03,035 [63] INFO  SwitchLink.TritonNode.SocketServer.TritonNode [(null)] - A client is disconnected!. Client Id: 6e4cc0f6-fffd-48da-96ec-a22d17994d45, Address:tcp://10.211.55.11:2121 
2016-03-15 16:35:03,144 [67] INFO  SwitchLink.TritonNode.Communication.Controller.AtmCommunicationController [(null)] - Response Stx Sent : count (2)
2016-03-15 16:35:03,144 [63] DEBUG SwitchLink.TritonNode.Communication.Services.AtmCoreService [(null)] - Recieved Ack
2016-03-15 16:35:03,144 [63] INFO  SwitchLink.TritonNode.Communication.Controller.AtmCommunicationController [(null)] - Response Eot Sent
2016-03-15 16:35:03,144 [39] INFO  SwitchLink.TritonNode.SocketServer.TritonNode [(null)] - A client is disconnected!. Client Id: 8cfa2052-8f74-45f1-b52a-0ca4bc7cad56, Address:tcp://10.211.55.11:2125 
2016-03-15 16:35:03,238 [56] INFO  SwitchLink.TritonNode.Communication.Controller.AtmCommunicationController [(null)] - Response Stx Sent : count (2)
2016-03-15 16:35:03,238 [39] DEBUG SwitchLink.TritonNode.Communication.Services.AtmCoreService [(null)] - Recieved Ack
2016-03-15 16:35:03,238 [39] INFO  SwitchLink.TritonNode.Communication.Controller.AtmCommunicationController [(null)] - Response Eot Sent
2016-03-15 16:35:03,238 [39] INFO  SwitchLink.TritonNode.SocketServer.TritonNode [(null)] - A client is disconnected!. Client Id: 9298c2c2-d9d4-474a-ab44-1dbc9eb214c2, Address:tcp://10.211.55.11:2133 
2016-03-15 16:35:03,316 [58] INFO  SwitchLink.TritonNode.Communication.Controller.AtmCommunicationController [(null)] - Response Stx Sent : count (2)
2016-03-15 16:35:03,409 [57] INFO  SwitchLink.TritonNode.Communication.Controller.AtmCommunicationController [(null)] - Response Stx Sent : count (2)
2016-03-15 16:35:03,409 [39] DEBUG SwitchLink.TritonNode.Communication.Services.AtmCoreService [(null)] - Recieved Ack
2016-03-15 16:35:03,409 [39] INFO  SwitchLink.TritonNode.Communication.Controller.AtmCommunicationController [(null)] - Response Eot Sent
2016-03-15 16:35:03,409 [63] INFO  SwitchLink.TritonNode.SocketServer.TritonNode [(null)] - A client is disconnected!. Client Id: 31ec011c-9798-47be-8d9d-0e22cf883249, Address:tcp://10.211.55.11:2140 
2016-03-15 16:35:03,520 [59] INFO  SwitchLink.TritonNode.Communication.Controller.AtmCommunicationController [(null)] - Response Stx Sent : count (2)
2016-03-15 16:35:03,520 [63] DEBUG SwitchLink.TritonNode.Communication.Services.AtmCoreService [(null)] - Recieved Ack
2016-03-15 16:35:03,520 [63] INFO  SwitchLink.TritonNode.Communication.Controller.AtmCommunicationController [(null)] - Response Eot Sent
2016-03-15 16:35:03,520 [39] INFO  SwitchLink.TritonNode.SocketServer.TritonNode [(null)] - A client is disconnected!. Client Id: 25260cc6-5212-4a2b-858e-b60824aec17f, Address:tcp://10.211.55.11:2142 
2016-03-15 16:35:03,676 [68] INFO  SwitchLink.TritonNode.Communication.Controller.AtmCommunicationController [(null)] - Response Stx Sent : count (2)
2016-03-15 16:35:03,707 [67] INFO  SwitchLink.TritonNode.Communication.Controller.AtmCommunicationController [(null)] - Response Stx Sent : count (2)
2016-03-15 16:35:03,707 [39] DEBUG SwitchLink.TritonNode.Communication.Services.AtmCoreService [(null)] - Recieved Ack
2016-03-15 16:35:03,707 [39] INFO  SwitchLink.TritonNode.Communication.Controller.AtmCommunicationController [(null)] - Response Eot Sent
2016-03-15 16:35:03,707 [63] INFO  SwitchLink.TritonNode.SocketServer.TritonNode [(null)] - A client is disconnected!. Client Id: 7e66d19c-c8a0-425c-b89b-f6b2634ef0e5, Address:tcp://10.211.55.11:2152 
2016-03-15 16:35:05,348 [56] INFO  SwitchLink.TritonNode.Communication.Controller.AtmCommunicationController [(null)] - Response Stx Sent : count (3)
2016-03-15 16:35:05,348 [56] INFO  SwitchLink.TritonNode.Communication.Controller.AtmCommunicationController [(null)] - Response Stx Sent : count (3)
2016-03-15 16:35:05,348 [72] INFO  SwitchLink.TritonNode.Communication.Controller.AtmCommunicationController [(null)] - Response Stx Sent : count (3)
2016-03-15 16:35:05,348 [67] INFO  SwitchLink.TritonNode.Communication.Controller.AtmCommunicationController [(null)] - Response Stx Sent : count (3)
2016-03-15 16:35:05,348 [68] INFO  SwitchLink.TritonNode.Communication.Controller.AtmCommunicationController [(null)] - Response Stx Sent : count (3)
2016-03-15 16:35:05,348 [74] INFO  SwitchLink.TritonNode.Communication.Controller.AtmCommunicationController [(null)] - Response Stx Sent : count (3)
2016-03-15 16:35:05,348 [59] INFO  SwitchLink.TritonNode.Communication.Controller.AtmCommunicationController [(null)] - Response Stx Sent : count (3)
2016-03-15 16:35:05,348 [73] INFO  SwitchLink.TritonNode.Communication.Controller.AtmCommunicationController [(null)] - Response Stx Sent : count (3)
2016-03-15 16:35:05,348 [58] INFO  SwitchLink.TritonNode.Communication.Controller.AtmCommunicationController [(null)] - Response Stx Sent : count (3)
2016-03-15 16:35:05,348 [57] INFO  SwitchLink.TritonNode.Communication.Controller.AtmCommunicationController [(null)] - Response Stx Sent : count (3)
2016-03-15 16:35:05,348 [69] INFO  SwitchLink.TritonNode.Communication.Controller.AtmCommunicationController [(null)] - Response Stx Sent : count (3)
2016-03-15 16:35:05,348 [70] INFO  SwitchLink.TritonNode.Communication.Controller.AtmCommunicationController [(null)] - Response Stx Sent : count (3)
2016-03-15 16:35:05,362 [63] DEBUG SwitchLink.TritonNode.Communication.Services.AtmCoreService [(null)] - Recieved Ack
2016-03-15 16:35:05,362 [63] INFO  SwitchLink.TritonNode.Communication.Controller.AtmCommunicationController [(null)] - Response Eot Sent
2016-03-15 16:35:05,362 [63] DEBUG SwitchLink.TritonNode.Communication.Services.AtmCoreService [(null)] - Recieved Ack
2016-03-15 16:35:05,362 [63] INFO  SwitchLink.TritonNode.Communication.Controller.AtmCommunicationController [(null)] - Response Eot Sent
2016-03-15 16:35:05,378 [63] DEBUG SwitchLink.TritonNode.Communication.Services.AtmCoreService [(null)] - Recieved Ack
2016-03-15 16:35:05,378 [63] INFO  SwitchLink.TritonNode.Communication.Controller.AtmCommunicationController [(null)] - Response Eot Sent
2016-03-15 16:35:05,378 [63] DEBUG SwitchLink.TritonNode.Communication.Services.AtmCoreService [(null)] - Recieved Ack
2016-03-15 16:35:05,378 [63] INFO  SwitchLink.TritonNode.Communication.Controller.AtmCommunicationController [(null)] - Response Eot Sent
2016-03-15 16:35:05,378 [63] DEBUG SwitchLink.TritonNode.Communication.Services.AtmCoreService [(null)] - Recieved Ack
2016-03-15 16:35:05,378 [39] INFO  SwitchLink.TritonNode.SocketServer.TritonNode [(null)] - A client is disconnected!. Client Id: 2404cc14-9e84-4da3-b4b0-be9bc121bd9d, Address:tcp://10.211.55.11:2059 
2016-03-15 16:35:05,378 [49] INFO  SwitchLink.TritonNode.SocketServer.TritonNode [(null)] - A client is disconnected!. Client Id: 7875eac4-0b27-49e3-95fb-89b9eca5cbdc, Address:tcp://10.211.55.11:2064 
2016-03-15 16:35:05,378 [55] INFO  SwitchLink.TritonNode.SocketServer.TritonNode [(null)] - A client is disconnected!. Client Id: 6a43247e-0004-4d6e-b787-2a9f1f922e68, Address:tcp://10.211.55.11:2055 
2016-03-15 16:35:05,378 [63] INFO  SwitchLink.TritonNode.Communication.Controller.AtmCommunicationController [(null)] - Response Eot Sent
2016-03-15 16:35:05,378 [55] INFO  SwitchLink.TritonNode.SocketServer.TritonNode [(null)] - A client is disconnected!. Client Id: 47028376-88ac-42c3-a979-8d26cc1e0ae6, Address:tcp://10.211.55.11:2062 
2016-03-15 16:35:05,378 [60] INFO  SwitchLink.TritonNode.SocketServer.TritonNode [(null)] - A client is disconnected!. Client Id: c1732e20-0547-42a5-8984-c4e8b7bae4f1, Address:tcp://10.211.55.11:2047 
2016-03-15 16:35:05,378 [60] DEBUG SwitchLink.TritonNode.Communication.Services.AtmCoreService [(null)] - Recieved Ack
2016-03-15 16:35:05,378 [60] INFO  SwitchLink.TritonNode.Communication.Controller.AtmCommunicationController [(null)] - Response Eot Sent
2016-03-15 16:35:05,378 [55] INFO  SwitchLink.TritonNode.SocketServer.TritonNode [(null)] - A client is disconnected!. Client Id: 62016b27-bd4e-4261-a636-f39b5875110f, Address:tcp://10.211.55.11:2065 
2016-03-15 16:35:05,378 [55] DEBUG SwitchLink.TritonNode.Communication.Services.AtmCoreService [(null)] - Recieved Ack
2016-03-15 16:35:05,378 [55] INFO  SwitchLink.TritonNode.Communication.Controller.AtmCommunicationController [(null)] - Response Eot Sent
2016-03-15 16:35:05,378 [60] INFO  SwitchLink.TritonNode.SocketServer.TritonNode [(null)] - A client is disconnected!. Client Id: 5679e7a6-18a8-4162-b1b4-01c028c51d95, Address:tcp://10.211.55.11:2053 
2016-03-15 16:35:05,378 [60] DEBUG SwitchLink.TritonNode.Communication.Services.AtmCoreService [(null)] - Recieved Ack
2016-03-15 16:35:05,378 [60] INFO  SwitchLink.TritonNode.Communication.Controller.AtmCommunicationController [(null)] - Response Eot Sent
2016-03-15 16:35:05,393 [60] INFO  SwitchLink.TritonNode.SocketServer.TritonNode [(null)] - A client is disconnected!. Client Id: 60c11205-f057-4a39-b218-a5e9af1f1b6d, Address:tcp://10.211.55.11:2061 
2016-03-15 16:35:05,800 [7] INFO  SwitchLink.TritonNode.SocketServer.TritonNode [(null)] - A new client is connected. Client Id: eedf9ab7-54b4-4fb0-8230-f12be43e69eb, Address:tcp://10.211.55.11:2178 
2016-03-15 16:35:05,800 [7] DEBUG SwitchLink.TritonNode.Communication.Controller.AtmCommunicationController [(null)] - Sent Enq to Client Id = eedf9ab7-54b4-4fb0-8230-f12be43e69eb
2016-03-15 16:35:05,800 [60] DEBUG SwitchLink.ProtocalFactory.TritonNode.Factory [(null)] - <STX>PILOT   td8D2       <FS>SM200001       <FS>11<FS>0031<FS>4902370000002348=121210111234123<FS>00012000<FS>00000250<FS>EECCBD2A57B822E7<FS><FS><FS>VA6.00.18DV02.70.10 V06.01.12 0  0T  00 000     00000202K1222003200005K146900010000000000000000000000000000000000<FS>ub093A<FS><ETX>V
2016-03-15 16:35:05,800 [7] INFO  SwitchLink.TritonNode.SocketServer.TritonNode [(null)] - A new client is connected. Client Id: 39245b3e-247e-4b1c-b50e-90bbfd58cbd9, Address:tcp://10.211.55.11:2180 
2016-03-15 16:35:05,800 [7] DEBUG SwitchLink.TritonNode.Communication.Controller.AtmCommunicationController [(null)] - Sent Enq to Client Id = 39245b3e-247e-4b1c-b50e-90bbfd58cbd9
2016-03-15 16:35:05,815 [55] DEBUG SwitchLink.ProtocalFactory.TritonNode.Factory [(null)] - <STX>PILOT   td8D2       <FS>SM200001       <FS>11<FS>0032<FS>4902370000002348=121210111234123<FS>00012000<FS>00000250<FS>EECCBD2A57B822E7<FS><FS><FS>VA6.00.18DV02.70.10 V06.01.12 0  0T  00 000     00000202K1221003200005K146800010000000000000000000000000000000000<FS>ub093A<FS><ETX>V
2016-03-15 16:35:05,815 [7] INFO  SwitchLink.TritonNode.SocketServer.TritonNode [(null)] - A new client is connected. Client Id: 5791468b-9525-4a4a-a97d-4668d2e7c1af, Address:tcp://10.211.55.11:2181 
2016-03-15 16:35:05,815 [7] DEBUG SwitchLink.TritonNode.Communication.Controller.AtmCommunicationController [(null)] - Sent Enq to Client Id = 5791468b-9525-4a4a-a97d-4668d2e7c1af
2016-03-15 16:35:05,815 [60] DEBUG SwitchLink.TritonNode.Communication.Services.CoreCommunicationService [(null)] - Sending Request to Core Node: Track2 :4902370000002348=121210111234123
Amount1 :12000
Amount2 :250
PinBlock :EECCBD2A57B822E7

2016-03-15 16:35:05,815 [63] DEBUG SwitchLink.ProtocalFactory.TritonNode.Factory [(null)] - <STX>PILOT   td8D2       <FS>SM200001       <FS>12<FS>0033<FS>4902370000002348=121210111234123<FS>00026000<FS>00000250<FS>EECCBD2A57B822E7<FS><FS><FS>VA6.00.18DV02.70.10 V06.01.12 0  0T  00 110     00000602K1220003200005K146700010000000000000000000000000000000000<FS>ub093A<FS><ETX>V
2016-03-15 16:35:05,815 [7] INFO  SwitchLink.TritonNode.SocketServer.TritonNode [(null)] - A new client is connected. Client Id: 66cf3769-238f-4da8-96f0-755b8766b7ae, Address:tcp://10.211.55.11:2183 
2016-03-15 16:35:05,815 [55] DEBUG SwitchLink.TritonNode.Communication.Services.CoreCommunicationService [(null)] - Sending Request to Core Node: Track2 :4902370000002348=121210111234123
Amount1 :12000
Amount2 :250
PinBlock :EECCBD2A57B822E7

2016-03-15 16:35:05,815 [7] DEBUG SwitchLink.TritonNode.Communication.Controller.AtmCommunicationController [(null)] - Sent Enq to Client Id = 66cf3769-238f-4da8-96f0-755b8766b7ae
2016-03-15 16:35:05,815 [49] DEBUG SwitchLink.ProtocalFactory.TritonNode.Factory [(null)] - <STX>PILOT   td8D2       <FS>SM200001       <FS>12<FS>0034<FS>4902370000002348=121210111234123<FS>00026000<FS>00000250<FS>EECCBD2A57B822E7<FS><FS><FS>VA6.00.18DV02.70.10 V06.01.12 0  0T  00 110     00000602K1219003200005K146600010000000000000000000000000000000000<FS>ub093A<FS><ETX>V
2016-03-15 16:35:05,815 [63] DEBUG SwitchLink.TritonNode.Communication.Services.CoreCommunicationService [(null)] - Sending Request to Core Node: Track2 :4902370000002348=121210111234123
Amount1 :26000
Amount2 :250
PinBlock :EECCBD2A57B822E7

2016-03-15 16:35:05,815 [7] INFO  SwitchLink.TritonNode.SocketServer.TritonNode [(null)] - A new client is connected. Client Id: 11b716bc-afa6-4d9b-9c5c-c781ddb0a7c4, Address:tcp://10.211.55.11:2190 
2016-03-15 16:35:05,815 [7] DEBUG SwitchLink.TritonNode.Communication.Controller.AtmCommunicationController [(null)] - Sent Enq to Client Id = 11b716bc-afa6-4d9b-9c5c-c781ddb0a7c4
2016-03-15 16:35:05,815 [49] DEBUG SwitchLink.TritonNode.Communication.Services.CoreCommunicationService [(null)] - Sending Request to Core Node: Track2 :4902370000002348=121210111234123
Amount1 :26000
Amount2 :250
PinBlock :EECCBD2A57B822E7

2016-03-15 16:35:05,815 [39] DEBUG SwitchLink.ProtocalFactory.TritonNode.Factory [(null)] - <STX>PILOT   td8D2       <FS>SM200001       <FS>12<FS>0035<FS>4902370000002348=121210111234123<FS>00026000<FS>00000250<FS>EECCBD2A57B822E7<FS><FS><FS>VA6.00.18DV02.70.10 V06.01.12 0  0T  00 110     00000602K1218003200005K146500010000000000000000000000000000000000<FS>ub093A<FS><ETX>V
2016-03-15 16:35:05,831 [7] INFO  SwitchLink.TritonNode.SocketServer.TritonNode [(null)] - A new client is connected. Client Id: 0024127b-a722-4bf5-a8c9-8fef9b9212ff, Address:tcp://10.211.55.11:2195 
2016-03-15 16:35:05,831 [7] DEBUG SwitchLink.TritonNode.Communication.Controller.AtmCommunicationController [(null)] - Sent Enq to Client Id = 0024127b-a722-4bf5-a8c9-8fef9b9212ff
2016-03-15 16:35:05,831 [48] DEBUG SwitchLink.ProtocalFactory.TritonNode.Factory [(null)] - <STX>PILOT   td8D2       <FS>SM200001       <FS>12<FS>0036<FS>4902370000002348=121210111234123<FS>00026000<FS>00000250<FS>EECCBD2A57B822E7<FS><FS><FS>VA6.00.18DV02.70.10 V06.01.12 0  0T  00 110     00000602K1217003200005K146400010000000000000000000000000000000000<FS>ub093A<FS><ETX>V
2016-03-15 16:35:05,831 [7] INFO  SwitchLink.TritonNode.SocketServer.TritonNode [(null)] - A new client is connected. Client Id: e704aee3-87f2-4ac7-b35b-127ecbcfbdec, Address:tcp://10.211.55.11:2198 
2016-03-15 16:35:05,831 [39] DEBUG SwitchLink.TritonNode.Communication.Services.CoreCommunicationService [(null)] - Sending Request to Core Node: Track2 :4902370000002348=121210111234123
Amount1 :26000
Amount2 :250
PinBlock :EECCBD2A57B822E7

2016-03-15 16:35:05,831 [7] DEBUG SwitchLink.TritonNode.Communication.Controller.AtmCommunicationController [(null)] - Sent Enq to Client Id = e704aee3-87f2-4ac7-b35b-127ecbcfbdec
2016-03-15 16:35:05,831 [62] DEBUG SwitchLink.ProtocalFactory.TritonNode.Factory [(null)] - <STX>PILOT   td8D2       <FS>SM200001       <FS>15<FS>0037<FS>4902370000002348=121210111234123<FS>00039000<FS>00000250<FS>EECCBD2A57B822E7<FS><FS><FS>VA6.00.18DV02.70.10 V06.01.12 0  0T  00 110     00000902K1216003200005K146300010000000000000000000000000000000000<FS>ub093A<FS><ETX>V
2016-03-15 16:35:05,831 [7] INFO  SwitchLink.TritonNode.SocketServer.TritonNode [(null)] - A new client is connected. Client Id: fe44f384-a602-47ad-b7ba-fa9c4ecd8e27, Address:tcp://10.211.55.11:2201 
2016-03-15 16:35:05,831 [48] DEBUG SwitchLink.TritonNode.Communication.Services.CoreCommunicationService [(null)] - Sending Request to Core Node: Track2 :4902370000002348=121210111234123
Amount1 :26000
Amount2 :250
PinBlock :EECCBD2A57B822E7

2016-03-15 16:35:05,831 [7] DEBUG SwitchLink.TritonNode.Communication.Controller.AtmCommunicationController [(null)] - Sent Enq to Client Id = fe44f384-a602-47ad-b7ba-fa9c4ecd8e27
2016-03-15 16:35:05,831 [65] DEBUG SwitchLink.ProtocalFactory.TritonNode.Factory [(null)] - <STX>PILOT   td8D2       <FS>SM200001       <FS>15<FS>0038<FS>4902370000002348=121210111234123<FS>00039000<FS>00000250<FS>EECCBD2A57B822E7<FS><FS><FS>VA6.00.18DV02.70.10 V06.01.12 0  0T  00 110     00000902K1215003200005K146200010000000000000000000000000000000000<FS>ub093A<FS><ETX>V
2016-03-15 16:35:05,831 [7] INFO  SwitchLink.TritonNode.SocketServer.TritonNode [(null)] - A new client is connected. Client Id: 76f8744c-99a7-407e-a3e9-f1c7d36c110c, Address:tcp://10.211.55.11:2206 
2016-03-15 16:35:05,831 [62] DEBUG SwitchLink.TritonNode.Communication.Services.CoreCommunicationService [(null)] - Sending Request to Core Node: Track2 :4902370000002348=121210111234123
Amount1 :39000
Amount2 :250
PinBlock :EECCBD2A57B822E7

2016-03-15 16:35:05,831 [7] DEBUG SwitchLink.TritonNode.Communication.Controller.AtmCommunicationController [(null)] - Sent Enq to Client Id = 76f8744c-99a7-407e-a3e9-f1c7d36c110c
2016-03-15 16:35:05,847 [65] DEBUG SwitchLink.TritonNode.Communication.Services.CoreCommunicationService [(null)] - Sending Request to Core Node: Track2 :4902370000002348=121210111234123
Amount1 :39000
Amount2 :250
PinBlock :EECCBD2A57B822E7

2016-03-15 16:35:05,847 [64] DEBUG SwitchLink.ProtocalFactory.TritonNode.Factory [(null)] - <STX>PILOT   td8D2       <FS>SM200001       <FS>15<FS>0039<FS>4902370000002348=121210111234123<FS>00039000<FS>00000250<FS>EECCBD2A57B822E7<FS><FS><FS>VA6.00.18DV02.70.10 V06.01.12 0  0T  00 110     00000902K1214003200005K146100010000000000000000000000000000000000<FS>ub093A<FS><ETX>V
2016-03-15 16:35:05,847 [7] INFO  SwitchLink.TritonNode.SocketServer.TritonNode [(null)] - A new client is connected. Client Id: 2b025f4c-15c5-45dd-ab3d-70f5d801705e, Address:tcp://10.211.55.11:2208 
2016-03-15 16:35:05,847 [7] DEBUG SwitchLink.TritonNode.Communication.Controller.AtmCommunicationController [(null)] - Sent Enq to Client Id = 2b025f4c-15c5-45dd-ab3d-70f5d801705e
2016-03-15 16:35:05,847 [64] DEBUG SwitchLink.TritonNode.Communication.Services.CoreCommunicationService [(null)] - Sending Request to Core Node: Track2 :4902370000002348=121210111234123
Amount1 :39000
Amount2 :250
PinBlock :EECCBD2A57B822E7

2016-03-15 16:35:05,847 [53] DEBUG SwitchLink.ProtocalFactory.TritonNode.Factory [(null)] - <STX>PILOT   td8D2       <FS>SM200001       <FS>15<FS>0040<FS>4902370000002348=121210111234123<FS>00033000<FS>00000250<FS>EECCBD2A57B822E7<FS><FS><FS>VA6.00.18DV02.70.10 V06.01.12 0  0T  00 110     00000802K1213003200005K146000010000000000000000000000000000000000<FS>ub093A<FS><ETX>V
2016-03-15 16:35:05,847 [7] INFO  SwitchLink.TritonNode.SocketServer.TritonNode [(null)] - A new client is connected. Client Id: ee4a02ce-b6e6-4fc1-a6db-e3c637f553ba, Address:tcp://10.211.55.11:2210 
2016-03-15 16:35:05,847 [7] DEBUG SwitchLink.TritonNode.Communication.Controller.AtmCommunicationController [(null)] - Sent Enq to Client Id = ee4a02ce-b6e6-4fc1-a6db-e3c637f553ba
2016-03-15 16:35:05,847 [53] DEBUG SwitchLink.TritonNode.Communication.Services.CoreCommunicationService [(null)] - Sending Request to Core Node: Track2 :4902370000002348=121210111234123
Amount1 :33000
Amount2 :250
PinBlock :EECCBD2A57B822E7

2016-03-15 16:35:05,847 [54] DEBUG SwitchLink.ProtocalFactory.TritonNode.Factory [(null)] - <STX>PILOT   td8D2       <FS>SM200001       <FS>15<FS>0041<FS>4902370000002348=121210111234123<FS>00033000<FS>00000250<FS>EECCBD2A57B822E7<FS><FS><FS>VA6.00.18DV02.70.10 V06.01.12 0  0T  00 110     00000802K1212003200005K145900010000000000000000000000000000000000<FS>ub093A<FS><ETX>V
2016-03-15 16:35:05,847 [7] INFO  SwitchLink.TritonNode.SocketServer.TritonNode [(null)] - A new client is connected. Client Id: f52fd1d0-9889-4906-9b53-d71c2e088e7f, Address:tcp://10.211.55.11:2212 
2016-03-15 16:35:05,847 [7] DEBUG SwitchLink.TritonNode.Communication.Controller.AtmCommunicationController [(null)] - Sent Enq to Client Id = f52fd1d0-9889-4906-9b53-d71c2e088e7f
2016-03-15 16:35:05,847 [54] DEBUG SwitchLink.TritonNode.Communication.Services.CoreCommunicationService [(null)] - Sending Request to Core Node: Track2 :4902370000002348=121210111234123
Amount1 :33000
Amount2 :250
PinBlock :EECCBD2A57B822E7

2016-03-15 16:35:05,847 [52] DEBUG SwitchLink.ProtocalFactory.TritonNode.Factory [(null)] - <STX>PILOT   td8D2       <FS>SM200001       <FS>15<FS>0042<FS>4902370000002348=121210111234123<FS>00033000<FS>00000250<FS>EECCBD2A57B822E7<FS><FS><FS>VA6.00.18DV02.70.10 V06.01.12 0  0T  00 110     00000802K1211003200005K145800010000000000000000000000000000000000<FS>ub093A<FS><ETX>V
2016-03-15 16:35:05,847 [7] INFO  SwitchLink.TritonNode.SocketServer.TritonNode [(null)] - A new client is connected. Client Id: 2e16a8a6-0d5b-4080-876b-ca65a4ca29bf, Address:tcp://10.211.55.11:2214 
2016-03-15 16:35:05,847 [7] DEBUG SwitchLink.TritonNode.Communication.Controller.AtmCommunicationController [(null)] - Sent Enq to Client Id = 2e16a8a6-0d5b-4080-876b-ca65a4ca29bf
2016-03-15 16:35:05,862 [52] DEBUG SwitchLink.TritonNode.Communication.Services.CoreCommunicationService [(null)] - Sending Request to Core Node: Track2 :4902370000002348=121210111234123
Amount1 :33000
Amount2 :250
PinBlock :EECCBD2A57B822E7

2016-03-15 16:35:05,862 [51] DEBUG SwitchLink.ProtocalFactory.TritonNode.Factory [(null)] - <STX>PILOT   td8D2       <FS>SM200001       <FS>15<FS>0043<FS>4902370000002348=121210111234123<FS>00033000<FS>00000250<FS>EECCBD2A57B822E7<FS><FS><FS>VA6.00.18DV02.70.10 V06.01.12 0  0T  00 110     00000802K1210003200005K145700010000000000000000000000000000000000<FS>ub093A<FS><ETX>V
2016-03-15 16:35:05,862 [7] INFO  SwitchLink.TritonNode.SocketServer.TritonNode [(null)] - A new client is connected. Client Id: 7dd7e22a-fa29-42fd-bd92-fd0eb9c170d9, Address:tcp://10.211.55.11:2216 
2016-03-15 16:35:05,862 [7] DEBUG SwitchLink.TritonNode.Communication.Controller.AtmCommunicationController [(null)] - Sent Enq to Client Id = 7dd7e22a-fa29-42fd-bd92-fd0eb9c170d9
2016-03-15 16:35:05,862 [51] DEBUG SwitchLink.TritonNode.Communication.Services.CoreCommunicationService [(null)] - Sending Request to Core Node: Track2 :4902370000002348=121210111234123
Amount1 :33000
Amount2 :250
PinBlock :EECCBD2A57B822E7

2016-03-15 16:35:05,862 [61] DEBUG SwitchLink.ProtocalFactory.TritonNode.Factory [(null)] - <STX>PILOT   td8D2       <FS>SM200001       <FS>11<FS>0044<FS>4902370000002348=121210111234123<FS>00009000<FS>00000250<FS>EECCBD2A57B822E7<FS><FS><FS>VA6.00.18DV02.70.10 V06.01.12 0  0T  00 000     00000102K1209003200005K145600010000000000000000000000000000000000<FS>ub093A<FS><ETX>V
2016-03-15 16:35:05,862 [7] INFO  SwitchLink.TritonNode.SocketServer.TritonNode [(null)] - A new client is connected. Client Id: ca75aab3-22cb-4c84-be96-bb4a9653b947, Address:tcp://10.211.55.11:2218 
2016-03-15 16:35:05,862 [7] DEBUG SwitchLink.TritonNode.Communication.Controller.AtmCommunicationController [(null)] - Sent Enq to Client Id = ca75aab3-22cb-4c84-be96-bb4a9653b947
2016-03-15 16:35:05,862 [50] DEBUG SwitchLink.ProtocalFactory.TritonNode.Factory [(null)] - <STX>PILOT   td8D2       <FS>SM200001       <FS>11<FS>0045<FS>4902370000002348=121210111234123<FS>00009000<FS>00000250<FS>EECCBD2A57B822E7<FS><FS><FS>VA6.00.18DV02.70.10 V06.01.12 0  0T  00 000     00000102K1208003200005K145500010000000000000000000000000000000000<FS>ub093A<FS><ETX>V
2016-03-15 16:35:05,862 [61] DEBUG SwitchLink.TritonNode.Communication.Services.CoreCommunicationService [(null)] - Sending Request to Core Node: Track2 :4902370000002348=121210111234123
Amount1 :9000
Amount2 :250
PinBlock :EECCBD2A57B822E7

2016-03-15 16:35:05,862 [50] DEBUG SwitchLink.TritonNode.Communication.Services.CoreCommunicationService [(null)] - Sending Request to Core Node: Track2 :4902370000002348=121210111234123
Amount1 :9000
Amount2 :250
PinBlock :EECCBD2A57B822E7

2016-03-15 16:35:05,878 [60] DEBUG SwitchLink.TritonNode.Communication.Services.CoreCommunicationService [(null)] - Recieved Response from Core Node: Stan: 47624
AmountTran: 12000
AmtTranFee: 250
AmountCash: 56055

2016-03-15 16:35:05,878 [60] DEBUG SwitchLink.ProtocalFactory.TritonNode.Factory [(null)] - Starting to create transaction response
2016-03-15 16:35:05,878 [60] DEBUG SwitchLink.ProtocalFactory.TritonNode.Factory [(null)] - Message sent to ATM: <STX>            <FS>0<FS>SM200001       <FS>11<FS>0031<FS>000<FS>00047624<FS>031516<FS>163505<FS>031516<FS>00056055<FS>00000250<FS><FS><FS><FS><ETX>#
2016-03-15 16:35:05,878 [60] INFO  SwitchLink.TritonNode.Communication.Controller.AtmCommunicationController [(null)] - Response Ack sent
2016-03-15 16:35:05,878 [60] INFO  SwitchLink.TritonNode.Communication.Controller.AtmCommunicationController [(null)] - Response Stx Sent : count (1)
2016-03-15 16:35:05,925 [55] DEBUG SwitchLink.TritonNode.Communication.Services.CoreCommunicationService [(null)] - Recieved Response from Core Node: Stan: 47625
AmountTran: 12000
AmtTranFee: 250
AmountCash: 59148

2016-03-15 16:35:05,925 [55] DEBUG SwitchLink.ProtocalFactory.TritonNode.Factory [(null)] - Starting to create transaction response
2016-03-15 16:35:05,925 [55] DEBUG SwitchLink.ProtocalFactory.TritonNode.Factory [(null)] - Message sent to ATM: <STX>            <FS>0<FS>SM200001       <FS>11<FS>0032<FS>000<FS>00047625<FS>031516<FS>163505<FS>031516<FS>00059148<FS>00000250<FS><FS><FS><FS><ETX>#
2016-03-15 16:35:05,925 [55] INFO  SwitchLink.TritonNode.Communication.Controller.AtmCommunicationController [(null)] - Response Ack sent
2016-03-15 16:35:05,925 [55] INFO  SwitchLink.TritonNode.Communication.Controller.AtmCommunicationController [(null)] - Response Stx Sent : count (1)
2016-03-15 16:35:05,940 [55] DEBUG SwitchLink.TritonNode.Communication.Services.AtmCoreService [(null)] - Recieved Ack
2016-03-15 16:35:05,940 [55] INFO  SwitchLink.TritonNode.Communication.Controller.AtmCommunicationController [(null)] - Response Eot Sent
2016-03-15 16:35:05,940 [60] INFO  SwitchLink.TritonNode.SocketServer.TritonNode [(null)] - A client is disconnected!. Client Id: 39245b3e-247e-4b1c-b50e-90bbfd58cbd9, Address:tcp://10.211.55.11:2180 
2016-03-15 16:35:05,987 [63] DEBUG SwitchLink.TritonNode.Communication.Services.CoreCommunicationService [(null)] - Recieved Response from Core Node: Stan: 47626
AmountTran: 26000
AmtTranFee: 250
AmountCash: 50602

2016-03-15 16:35:05,987 [63] DEBUG SwitchLink.ProtocalFactory.TritonNode.Factory [(null)] - Starting to create transaction response
2016-03-15 16:35:05,987 [63] DEBUG SwitchLink.ProtocalFactory.TritonNode.Factory [(null)] - Message sent to ATM: <STX>            <FS>0<FS>SM200001       <FS>12<FS>0033<FS>000<FS>00047626<FS>031516<FS>163505<FS>031516<FS>00050602<FS>00000250<FS><FS><FS><FS><ETX>"
2016-03-15 16:35:05,987 [63] INFO  SwitchLink.TritonNode.Communication.Controller.AtmCommunicationController [(null)] - Response Ack sent
2016-03-15 16:35:05,987 [63] INFO  SwitchLink.TritonNode.Communication.Controller.AtmCommunicationController [(null)] - Response Stx Sent : count (1)
2016-03-15 16:35:06,034 [39] DEBUG SwitchLink.TritonNode.Communication.Services.CoreCommunicationService [(null)] - Recieved Response from Core Node: Stan: 47627
AmountTran: 26000
AmtTranFee: 250
AmountCash: 6893

2016-03-15 16:35:06,034 [39] DEBUG SwitchLink.ProtocalFactory.TritonNode.Factory [(null)] - Starting to create transaction response
2016-03-15 16:35:06,034 [39] DEBUG SwitchLink.ProtocalFactory.TritonNode.Factory [(null)] - Message sent to ATM: <STX>            <FS>0<FS>SM200001       <FS>12<FS>0035<FS>006<FS>00047627<FS>031516<FS>163506<FS>031516<FS>00006893<FS>00000250<FS><FS><FS><FS><ETX>%
2016-03-15 16:35:06,034 [39] INFO  SwitchLink.TritonNode.Communication.Controller.AtmCommunicationController [(null)] - Response Ack sent
2016-03-15 16:35:06,034 [39] INFO  SwitchLink.TritonNode.Communication.Controller.AtmCommunicationController [(null)] - Response Stx Sent : count (1)
2016-03-15 16:35:06,081 [48] DEBUG SwitchLink.TritonNode.Communication.Services.CoreCommunicationService [(null)] - Recieved Response from Core Node: Stan: 47628
AmountTran: 26000
AmtTranFee: 250
AmountCash: 61184

2016-03-15 16:35:06,081 [48] DEBUG SwitchLink.ProtocalFactory.TritonNode.Factory [(null)] - Starting to create transaction response
2016-03-15 16:35:06,081 [48] DEBUG SwitchLink.ProtocalFactory.TritonNode.Factory [(null)] - Message sent to ATM: <STX>            <FS>0<FS>SM200001       <FS>12<FS>0036<FS>000<FS>00047628<FS>031516<FS>163506<FS>031516<FS>00061184<FS>00000250<FS><FS><FS><FS><ETX>!
2016-03-15 16:35:06,081 [48] INFO  SwitchLink.TritonNode.Communication.Controller.AtmCommunicationController [(null)] - Response Ack sent
2016-03-15 16:35:06,081 [48] INFO  SwitchLink.TritonNode.Communication.Controller.AtmCommunicationController [(null)] - Response Stx Sent : count (1)
2016-03-15 16:35:06,097 [48] DEBUG SwitchLink.TritonNode.Communication.Services.AtmCoreService [(null)] - Recieved Ack
2016-03-15 16:35:06,097 [48] INFO  SwitchLink.TritonNode.Communication.Controller.AtmCommunicationController [(null)] - Response Eot Sent
2016-03-15 16:35:06,097 [39] INFO  SwitchLink.TritonNode.SocketServer.TritonNode [(null)] - A client is disconnected!. Client Id: 0024127b-a722-4bf5-a8c9-8fef9b9212ff, Address:tcp://10.211.55.11:2195 
2016-03-15 16:35:06,129 [49] DEBUG SwitchLink.TritonNode.Communication.Services.CoreCommunicationService [(null)] - Recieved Response from Core Node: Stan: 47629
AmountTran: 26000
AmtTranFee: 250
AmountCash: 17475

2016-03-15 16:35:06,129 [49] DEBUG SwitchLink.ProtocalFactory.TritonNode.Factory [(null)] - Starting to create transaction response
2016-03-15 16:35:06,129 [49] DEBUG SwitchLink.ProtocalFactory.TritonNode.Factory [(null)] - Message sent to ATM: <STX>            <FS>0<FS>SM200001       <FS>12<FS>0034<FS>000<FS>00047629<FS>031516<FS>163506<FS>031516<FS>00017475<FS>00000250<FS><FS><FS><FS><ETX>(
2016-03-15 16:35:06,129 [49] INFO  SwitchLink.TritonNode.Communication.Controller.AtmCommunicationController [(null)] - Response Ack sent
2016-03-15 16:35:06,129 [49] INFO  SwitchLink.TritonNode.Communication.Controller.AtmCommunicationController [(null)] - Response Stx Sent : count (1)
2016-03-15 16:35:06,144 [49] DEBUG SwitchLink.TritonNode.Communication.Services.AtmCoreService [(null)] - Recieved Ack
2016-03-15 16:35:06,144 [49] INFO  SwitchLink.TritonNode.Communication.Controller.AtmCommunicationController [(null)] - Response Eot Sent
2016-03-15 16:35:06,144 [39] INFO  SwitchLink.TritonNode.SocketServer.TritonNode [(null)] - A client is disconnected!. Client Id: 66cf3769-238f-4da8-96f0-755b8766b7ae, Address:tcp://10.211.55.11:2183 
2016-03-15 16:35:06,175 [62] DEBUG SwitchLink.TritonNode.Communication.Services.CoreCommunicationService [(null)] - Recieved Response from Core Node: Stan: 47630
AmountTran: 39000
AmtTranFee: 250
AmountCash: 20568

2016-03-15 16:35:06,175 [62] DEBUG SwitchLink.ProtocalFactory.TritonNode.Factory [(null)] - Starting to create transaction response
2016-03-15 16:35:06,190 [62] DEBUG SwitchLink.ProtocalFactory.TritonNode.Factory [(null)] - Message sent to ATM: <STX>            <FS>0<FS>SM200001       <FS>15<FS>0037<FS>000<FS>00047630<FS>031516<FS>163506<FS>031516<FS>00020568<FS>00000250<FS><FS><FS><FS><ETX>-
2016-03-15 16:35:06,190 [62] INFO  SwitchLink.TritonNode.Communication.Controller.AtmCommunicationController [(null)] - Response Ack sent
2016-03-15 16:35:06,190 [62] INFO  SwitchLink.TritonNode.Communication.Controller.AtmCommunicationController [(null)] - Response Stx Sent : count (1)
2016-03-15 16:35:06,237 [65] DEBUG SwitchLink.TritonNode.Communication.Services.CoreCommunicationService [(null)] - Recieved Response from Core Node: Stan: 47631
AmountTran: 39000
AmtTranFee: 250
AmountCash: 74859

2016-03-15 16:35:06,237 [65] DEBUG SwitchLink.ProtocalFactory.TritonNode.Factory [(null)] - Starting to create transaction response
2016-03-15 16:35:06,237 [65] DEBUG SwitchLink.ProtocalFactory.TritonNode.Factory [(null)] - Message sent to ATM: <STX>            <FS>0<FS>SM200001       <FS>15<FS>0038<FS>000<FS>00047631<FS>031516<FS>163506<FS>031516<FS>00074859<FS>00000250<FS><FS><FS><FS><ETX>-
2016-03-15 16:35:06,237 [65] INFO  SwitchLink.TritonNode.Communication.Controller.AtmCommunicationController [(null)] - Response Ack sent
2016-03-15 16:35:06,237 [65] INFO  SwitchLink.TritonNode.Communication.Controller.AtmCommunicationController [(null)] - Response Stx Sent : count (1)
2016-03-15 16:35:06,284 [64] DEBUG SwitchLink.TritonNode.Communication.Services.CoreCommunicationService [(null)] - Recieved Response from Core Node: Stan: 47632
AmountTran: 39000
AmtTranFee: 250
AmountCash: 66313

2016-03-15 16:35:06,284 [64] DEBUG SwitchLink.ProtocalFactory.TritonNode.Factory [(null)] - Starting to create transaction response
2016-03-15 16:35:06,284 [64] DEBUG SwitchLink.ProtocalFactory.TritonNode.Factory [(null)] - Message sent to ATM: <STX>            <FS>0<FS>SM200001       <FS>15<FS>0039<FS>000<FS>00047632<FS>031516<FS>163506<FS>031516<FS>00066313<FS>00000250<FS><FS><FS><FS><ETX>)
2016-03-15 16:35:06,284 [64] INFO  SwitchLink.TritonNode.Communication.Controller.AtmCommunicationController [(null)] - Response Ack sent
2016-03-15 16:35:06,284 [64] INFO  SwitchLink.TritonNode.Communication.Controller.AtmCommunicationController [(null)] - Response Stx Sent : count (1)
2016-03-15 16:35:06,300 [64] DEBUG SwitchLink.TritonNode.Communication.Services.AtmCoreService [(null)] - Recieved Ack
2016-03-15 16:35:06,300 [64] INFO  SwitchLink.TritonNode.Communication.Controller.AtmCommunicationController [(null)] - Response Eot Sent
2016-03-15 16:35:06,300 [65] INFO  SwitchLink.TritonNode.SocketServer.TritonNode [(null)] - A client is disconnected!. Client Id: 76f8744c-99a7-407e-a3e9-f1c7d36c110c, Address:tcp://10.211.55.11:2206 
2016-03-15 16:35:06,331 [79] INFO  SwitchLink.TritonNode.Communication.Controller.AtmCommunicationController [(null)] - Response Stx Sent : count (3)
2016-03-15 16:35:06,347 [53] DEBUG SwitchLink.TritonNode.Communication.Services.CoreCommunicationService [(null)] - Recieved Response from Core Node: Stan: 47633
AmountTran: 33000
AmtTranFee: 250
AmountCash: 6569

2016-03-15 16:35:06,347 [53] DEBUG SwitchLink.ProtocalFactory.TritonNode.Factory [(null)] - Starting to create transaction response
2016-03-15 16:35:06,347 [53] DEBUG SwitchLink.ProtocalFactory.TritonNode.Factory [(null)] - Message sent to ATM: <STX>            <FS>0<FS>SM200001       <FS>15<FS>0040<FS>006<FS>00047633<FS>031516<FS>163506<FS>031516<FS>00006569<FS>00000250<FS><FS><FS><FS><ETX>-
2016-03-15 16:35:06,347 [53] INFO  SwitchLink.TritonNode.Communication.Controller.AtmCommunicationController [(null)] - Response Ack sent
2016-03-15 16:35:06,347 [53] INFO  SwitchLink.TritonNode.Communication.Controller.AtmCommunicationController [(null)] - Response Stx Sent : count (1)
2016-03-15 16:35:06,378 [54] DEBUG SwitchLink.TritonNode.Communication.Services.CoreCommunicationService [(null)] - Recieved Response from Core Node: Stan: 47634
AmountTran: 33000
AmtTranFee: 250
AmountCash: 76895

2016-03-15 16:35:06,378 [54] DEBUG SwitchLink.ProtocalFactory.TritonNode.Factory [(null)] - Starting to create transaction response
2016-03-15 16:35:06,378 [54] DEBUG SwitchLink.ProtocalFactory.TritonNode.Factory [(null)] - Message sent to ATM: <STX>            <FS>0<FS>SM200001       <FS>15<FS>0041<FS>000<FS>00047634<FS>031516<FS>163506<FS>031516<FS>00076895<FS>00000250<FS><FS><FS><FS><ETX>$
2016-03-15 16:35:06,378 [54] INFO  SwitchLink.TritonNode.Communication.Controller.AtmCommunicationController [(null)] - Response Ack sent
2016-03-15 16:35:06,378 [54] INFO  SwitchLink.TritonNode.Communication.Controller.AtmCommunicationController [(null)] - Response Stx Sent : count (1)
2016-03-15 16:35:06,393 [54] DEBUG SwitchLink.TritonNode.Communication.Services.AtmCoreService [(null)] - Recieved Ack
2016-03-15 16:35:06,393 [54] INFO  SwitchLink.TritonNode.Communication.Controller.AtmCommunicationController [(null)] - Response Eot Sent
2016-03-15 16:35:06,393 [53] INFO  SwitchLink.TritonNode.SocketServer.TritonNode [(null)] - A client is disconnected!. Client Id: ee4a02ce-b6e6-4fc1-a6db-e3c637f553ba, Address:tcp://10.211.55.11:2210 
2016-03-15 16:35:06,425 [52] DEBUG SwitchLink.TritonNode.Communication.Services.CoreCommunicationService [(null)] - Recieved Response from Core Node: Stan: 47635
AmountTran: 33000
AmtTranFee: 250
AmountCash: 79989

2016-03-15 16:35:06,425 [52] DEBUG SwitchLink.ProtocalFactory.TritonNode.Factory [(null)] - Starting to create transaction response
2016-03-15 16:35:06,425 [52] DEBUG SwitchLink.ProtocalFactory.TritonNode.Factory [(null)] - Message sent to ATM: <STX>            <FS>0<FS>SM200001       <FS>15<FS>0042<FS>000<FS>00047635<FS>031516<FS>163506<FS>031516<FS>00079989<FS>00000250<FS><FS><FS><FS><ETX>%
2016-03-15 16:35:06,425 [52] INFO  SwitchLink.TritonNode.Communication.Controller.AtmCommunicationController [(null)] - Response Ack sent
2016-03-15 16:35:06,440 [52] INFO  SwitchLink.TritonNode.Communication.Controller.AtmCommunicationController [(null)] - Response Stx Sent : count (1)
2016-03-15 16:35:06,487 [51] DEBUG SwitchLink.TritonNode.Communication.Services.CoreCommunicationService [(null)] - Recieved Response from Core Node: Stan: 47636
AmountTran: 33000
AmtTranFee: 250
AmountCash: 71442

2016-03-15 16:35:06,487 [51] DEBUG SwitchLink.ProtocalFactory.TritonNode.Factory [(null)] - Starting to create transaction response
2016-03-15 16:35:06,487 [51] DEBUG SwitchLink.ProtocalFactory.TritonNode.Factory [(null)] - Message sent to ATM: <STX>            <FS>0<FS>SM200001       <FS>15<FS>0043<FS>000<FS>00047636<FS>031516<FS>163506<FS>031516<FS>00071442<FS>00000250<FS><FS><FS><FS><ETX>%
2016-03-15 16:35:06,487 [51] INFO  SwitchLink.TritonNode.Communication.Controller.AtmCommunicationController [(null)] - Response Ack sent
2016-03-15 16:35:06,487 [51] INFO  SwitchLink.TritonNode.Communication.Controller.AtmCommunicationController [(null)] - Response Stx Sent : count (1)
2016-03-15 16:35:06,487 [51] DEBUG SwitchLink.TritonNode.Communication.Services.AtmCoreService [(null)] - Recieved Ack
2016-03-15 16:35:06,487 [51] INFO  SwitchLink.TritonNode.Communication.Controller.AtmCommunicationController [(null)] - Response Eot Sent
2016-03-15 16:35:06,487 [52] INFO  SwitchLink.TritonNode.SocketServer.TritonNode [(null)] - A client is disconnected!. Client Id: 2e16a8a6-0d5b-4080-876b-ca65a4ca29bf, Address:tcp://10.211.55.11:2214 
2016-03-15 16:35:06,534 [61] DEBUG SwitchLink.TritonNode.Communication.Services.CoreCommunicationService [(null)] - Recieved Response from Core Node: Stan: 47637
AmountTran: 9000
AmtTranFee: 250
AmountCash: 27733

2016-03-15 16:35:06,534 [61] DEBUG SwitchLink.ProtocalFactory.TritonNode.Factory [(null)] - Starting to create transaction response
2016-03-15 16:35:06,534 [61] DEBUG SwitchLink.ProtocalFactory.TritonNode.Factory [(null)] - Message sent to ATM: <STX>            <FS>0<FS>SM200001       <FS>11<FS>0044<FS>000<FS>00047637<FS>031516<FS>163506<FS>031516<FS>00027733<FS>00000250<FS><FS><FS><FS><ETX>!
2016-03-15 16:35:06,534 [61] INFO  SwitchLink.TritonNode.Communication.Controller.AtmCommunicationController [(null)] - Response Ack sent
2016-03-15 16:35:06,534 [61] INFO  SwitchLink.TritonNode.Communication.Controller.AtmCommunicationController [(null)] - Response Stx Sent : count (1)
2016-03-15 16:35:06,581 [50] DEBUG SwitchLink.TritonNode.Communication.Services.CoreCommunicationService [(null)] - Recieved Response from Core Node: Stan: 47638
AmountTran: 9000
AmtTranFee: 250
AmountCash: 82024

2016-03-15 16:35:06,581 [50] DEBUG SwitchLink.ProtocalFactory.TritonNode.Factory [(null)] - Starting to create transaction response
2016-03-15 16:35:06,581 [50] DEBUG SwitchLink.ProtocalFactory.TritonNode.Factory [(null)] - Message sent to ATM: <STX>            <FS>0<FS>SM200001       <FS>11<FS>0045<FS>000<FS>00047638<FS>031516<FS>163506<FS>031516<FS>00082024<FS>00000250<FS><FS><FS><FS><ETX>!
2016-03-15 16:35:06,581 [50] INFO  SwitchLink.TritonNode.Communication.Controller.AtmCommunicationController [(null)] - Response Ack sent
2016-03-15 16:35:06,581 [50] INFO  SwitchLink.TritonNode.Communication.Controller.AtmCommunicationController [(null)] - Response Stx Sent : count (1)
2016-03-15 16:35:06,597 [50] DEBUG SwitchLink.TritonNode.Communication.Services.AtmCoreService [(null)] - Recieved Ack
2016-03-15 16:35:06,597 [50] INFO  SwitchLink.TritonNode.Communication.Controller.AtmCommunicationController [(null)] - Response Eot Sent
2016-03-15 16:35:06,597 [61] INFO  SwitchLink.TritonNode.SocketServer.TritonNode [(null)] - A client is disconnected!. Client Id: ca75aab3-22cb-4c84-be96-bb4a9653b947, Address:tcp://10.211.55.11:2218 
2016-03-15 16:35:06,691 [73] INFO  SwitchLink.TritonNode.Communication.Controller.AtmCommunicationController [(null)] - Response Stx Sent : count (3)
2016-03-15 16:35:06,691 [61] DEBUG SwitchLink.TritonNode.Communication.Services.AtmCoreService [(null)] - Recieved Ack
2016-03-15 16:35:06,691 [61] INFO  SwitchLink.TritonNode.Communication.Controller.AtmCommunicationController [(null)] - Response Eot Sent
2016-03-15 16:35:06,691 [50] INFO  SwitchLink.TritonNode.SocketServer.TritonNode [(null)] - A client is disconnected!. Client Id: 46e73e1e-662d-4bfe-913d-029da1c0fa4b, Address:tcp://10.211.55.11:2150 
2016-03-15 16:35:08,363 [78] WARN  SwitchLink.TritonNode.Communication.Controller.AtmCommunicationController [(null)] - ATM not ACK within 3 times
2016-03-15 16:35:08,363 [78] INFO  SwitchLink.TritonNode.SocketServer.TritonNode [(null)] - A client is disconnected!. Client Id: d77125a2-106e-4391-8c63-e3c071165264, Address:tcp://10.211.55.11:2048 
2016-03-15 16:35:08,363 [78] WARN  SwitchLink.TritonNode.Communication.Services.AtmCoreService [(null)] - Triton process reversal message to bank
2016-03-15 16:35:08,363 [75] WARN  SwitchLink.TritonNode.Communication.Controller.AtmCommunicationController [(null)] - ATM not ACK within 3 times
2016-03-15 16:35:08,363 [75] INFO  SwitchLink.TritonNode.SocketServer.TritonNode [(null)] - A client is disconnected!. Client Id: 6d5b69db-c94b-4fda-b5b7-2452ceb968c2, Address:tcp://10.211.55.11:2058 
2016-03-15 16:35:08,363 [75] WARN  SwitchLink.TritonNode.Communication.Services.AtmCoreService [(null)] - Triton process reversal message to bank
2016-03-15 16:35:08,363 [58] WARN  SwitchLink.TritonNode.Communication.Controller.AtmCommunicationController [(null)] - ATM not ACK within 3 times
2016-03-15 16:35:08,363 [71] WARN  SwitchLink.TritonNode.Communication.Controller.AtmCommunicationController [(null)] - ATM not ACK within 3 times
2016-03-15 16:35:08,363 [71] INFO  SwitchLink.TritonNode.SocketServer.TritonNode [(null)] - A client is disconnected!. Client Id: cfde486a-ae3d-4d95-9ee5-730956a0101c, Address:tcp://10.211.55.11:2050 
2016-03-15 16:35:08,363 [58] INFO  SwitchLink.TritonNode.SocketServer.TritonNode [(null)] - A client is disconnected!. Client Id: 4b0cb0d8-5641-481d-9132-fc56a7eee574, Address:tcp://10.211.55.11:2063 
2016-03-15 16:35:08,363 [58] WARN  SwitchLink.TritonNode.Communication.Services.AtmCoreService [(null)] - Triton process reversal message to bank
2016-03-15 16:35:08,894 [80] INFO  SwitchLink.TritonNode.Communication.Controller.AtmCommunicationController [(null)] - Response Stx Sent : count (2)
2016-03-15 16:35:08,894 [50] DEBUG SwitchLink.TritonNode.Communication.Services.AtmCoreService [(null)] - Recieved Ack
2016-03-15 16:35:08,894 [50] INFO  SwitchLink.TritonNode.Communication.Controller.AtmCommunicationController [(null)] - Response Eot Sent
2016-03-15 16:35:08,894 [61] INFO  SwitchLink.TritonNode.SocketServer.TritonNode [(null)] - A client is disconnected!. Client Id: eedf9ab7-54b4-4fb0-8230-f12be43e69eb, Address:tcp://10.211.55.11:2178 
2016-03-15 16:35:08,988 [71] INFO  SwitchLink.TritonNode.Communication.Controller.AtmCommunicationController [(null)] - Response Stx Sent : count (2)
2016-03-15 16:35:08,988 [61] DEBUG SwitchLink.TritonNode.Communication.Services.AtmCoreService [(null)] - Recieved Ack
2016-03-15 16:35:08,988 [61] INFO  SwitchLink.TritonNode.Communication.Controller.AtmCommunicationController [(null)] - Response Eot Sent
2016-03-15 16:35:08,988 [50] INFO  SwitchLink.TritonNode.SocketServer.TritonNode [(null)] - A client is disconnected!. Client Id: 5791468b-9525-4a4a-a97d-4668d2e7c1af, Address:tcp://10.211.55.11:2181 
2016-03-15 16:35:09,035 [57] INFO  SwitchLink.TritonNode.Communication.Controller.AtmCommunicationController [(null)] - Response Stx Sent : count (2)
2016-03-15 16:35:09,191 [69] INFO  SwitchLink.TritonNode.Communication.Controller.AtmCommunicationController [(null)] - Response Stx Sent : count (2)
2016-03-15 16:35:09,191 [50] DEBUG SwitchLink.TritonNode.Communication.Services.AtmCoreService [(null)] - Recieved Ack
2016-03-15 16:35:09,191 [50] INFO  SwitchLink.TritonNode.Communication.Controller.AtmCommunicationController [(null)] - Response Eot Sent
2016-03-15 16:35:09,191 [61] INFO  SwitchLink.TritonNode.SocketServer.TritonNode [(null)] - A client is disconnected!. Client Id: e704aee3-87f2-4ac7-b35b-127ecbcfbdec, Address:tcp://10.211.55.11:2198 
2016-03-15 16:35:09,253 [70] INFO  SwitchLink.TritonNode.Communication.Controller.AtmCommunicationController [(null)] - Response Stx Sent : count (2)
2016-03-15 16:35:09,253 [61] DEBUG SwitchLink.TritonNode.Communication.Services.AtmCoreService [(null)] - Recieved Ack
2016-03-15 16:35:09,253 [61] INFO  SwitchLink.TritonNode.Communication.Controller.AtmCommunicationController [(null)] - Response Eot Sent
2016-03-15 16:35:09,253 [50] INFO  SwitchLink.TritonNode.SocketServer.TritonNode [(null)] - A client is disconnected!. Client Id: fe44f384-a602-47ad-b7ba-fa9c4ecd8e27, Address:tcp://10.211.55.11:2201 
2016-03-15 16:35:09,332 [67] WARN  SwitchLink.TritonNode.Communication.Controller.AtmCommunicationController [(null)] - ATM not ACK within 3 times
2016-03-15 16:35:09,332 [67] INFO  SwitchLink.TritonNode.SocketServer.TritonNode [(null)] - A client is disconnected!. Client Id: 829b0824-b4c9-4676-8847-5c7f619fe4f5, Address:tcp://10.211.55.11:2138 
2016-03-15 16:35:09,332 [67] WARN  SwitchLink.TritonNode.Communication.Services.AtmCoreService [(null)] - Triton process reversal message to bank
2016-03-15 16:35:09,347 [74] INFO  SwitchLink.TritonNode.Communication.Controller.AtmCommunicationController [(null)] - Response Stx Sent : count (2)
2016-03-15 16:35:09,441 [59] INFO  SwitchLink.TritonNode.Communication.Controller.AtmCommunicationController [(null)] - Response Stx Sent : count (2)
2016-03-15 16:35:09,535 [77] INFO  SwitchLink.TritonNode.Communication.Controller.AtmCommunicationController [(null)] - Response Stx Sent : count (2)
2016-03-15 16:35:09,581 [50] INFO  SwitchLink.TritonNode.SocketServer.TritonNode [(null)] - A client is disconnected!. Client Id: 2b025f4c-15c5-45dd-ab3d-70f5d801705e, Address:tcp://10.211.55.11:2208 
2016-03-15 16:35:09,581 [61] INFO  SwitchLink.TritonNode.SocketServer.TritonNode [(null)] - A client is disconnected!. Client Id: 11b716bc-afa6-4d9b-9c5c-c781ddb0a7c4, Address:tcp://10.211.55.11:2190 
2016-03-15 16:35:09,581 [52] INFO  SwitchLink.TritonNode.SocketServer.TritonNode [(null)] - A client is disconnected!. Client Id: f52fd1d0-9889-4906-9b53-d71c2e088e7f, Address:tcp://10.211.55.11:2212 
2016-03-15 16:35:09,581 [52] WARN  SwitchLink.TritonNode.Communication.Services.AtmCoreService [(null)] - Triton process reversal message to bank
2016-03-15 16:35:09,581 [51] INFO  SwitchLink.TritonNode.SocketServer.TritonNode [(null)] - A client is disconnected!. Client Id: 7dd7e22a-fa29-42fd-bd92-fd0eb9c170d9, Address:tcp://10.211.55.11:2216 
2016-03-15 16:35:09,581 [51] WARN  SwitchLink.TritonNode.Communication.Services.AtmCoreService [(null)] - Triton process reversal message to bank
