2016-03-15 16:34:59,878 [19] INFO  SwitchLink.HostNode.Communication.Controller.BankingCommunicationController [(null)] - Received a message: 005A02103222001182C008810130000000000290000315163459047609031844000002500656025808610010013030534D323030303031343337353836303030202020202020000000000000000200000009997029365A0400000000
2016-03-15 16:34:59,894 [19] DEBUG SwitchLink.ProtocalFactory.HostNode.Factory [(null)] - <STX><DLE>2"<NUL><DC1>\u0082\u00C0<BS>\u0081<SOH>0<NUL><NUL><NUL><NUL><STX>\u0090<NUL><ETX><NAK><SYN>4Y<EOT>v<HT><ETX><CAN>D<NUL><NUL><STX>P<ACK>V<STX>X<BS>a<NUL><DLE><SOH>00SM200001437586000      <NUL><NUL><NUL><NUL><NUL><NUL><NUL><STX><NUL><NUL><NUL><HT>\u0099p)6Z<EOT><NUL><NUL><NUL><NUL>
2016-03-15 16:34:59,894 [19] INFO  SwitchLink.HostNode.Communication.Services.BankingCoreService [(null)] - Host State changed Transacting --> SignedOn
2016-03-15 16:34:59,894 [19] INFO  SwitchLink.HostNode.Communication.Controller.BankingCommunicationController [(null)] - Received transaction ref: 47609 from Partner
2016-03-15 16:34:59,894 [19] INFO  SwitchLink.HostNode.SocketServer.HostNode [(null)] - A client is disconnected! Client Id = a4af17a8-f650-465a-a864-40d8312febac
2016-03-15 16:34:59,894 [10] INFO  SwitchLink.HostNode.SocketServer.HostNode [(null)] - A new client is Connected. Client Id = ef17bfbf-df88-49bc-bddf-eb11f0b4d8d0
2016-03-15 16:34:59,925 [37] DEBUG SwitchLink.HostNode.Communication.Services.HostNodeRequestService [(null)] - Creating Transaction Request
2016-03-15 16:34:59,925 [37] DEBUG SwitchLink.HostNode.Services.TransactionService [(null)] - Creating TransactionModel Request
2016-03-15 16:34:59,940 [37] INFO  SwitchLink.ProtocalFactory.HostNode.Helper.BankMessageBuilder [(null)] - host node build (0200) request transaction authorization ==> 0130000000000290000315163459047610163459031503175811002141440000025006560258324902370000002348D121210111234123313630333030303438313031534D323030303031343337353836303030202020202020342F3235204749424245532053542C205359444E45592C204E53572C20415520202020202020202030323854434330315C45464330303030303030305C434349305C46424B565C32E63EF8F18D29E8000000000000000200000002900029365A0400000000
2016-03-15 16:34:59,940 [37] DEBUG SwitchLink.HostNode.Communication.Services.HostNodeRequestService [(null)] - Get Transaction Response
2016-03-15 16:34:59,940 [37] INFO  SwitchLink.HostNode.Communication.Services.BankingCoreService [(null)] - Host State changed SignedOn --> Transacting
2016-03-15 16:34:59,940 [19] INFO  SwitchLink.HostNode.Communication.Controller.BankingCommunicationController [(null)] - Received a message: 005A02103222001182C008810130000000000290000315163459047610031844000002500656025808610010013030534D323030303031343337353836303030202020202020000000000000000200000004022629365A0400000000
2016-03-15 16:34:59,940 [19] DEBUG SwitchLink.ProtocalFactory.HostNode.Factory [(null)] - <STX><DLE>2"<NUL><DC1>\u0082\u00C0<BS>\u0081<SOH>0<NUL><NUL><NUL><NUL><STX>\u0090<NUL><ETX><NAK><SYN>4Y<EOT>v<DLE><ETX><CAN>D<NUL><NUL><STX>P<ACK>V<STX>X<BS>a<NUL><DLE><SOH>00SM200001437586000      <NUL><NUL><NUL><NUL><NUL><NUL><NUL><STX><NUL><NUL><NUL><EOT><STX>&)6Z<EOT><NUL><NUL><NUL><NUL>
2016-03-15 16:34:59,940 [19] INFO  SwitchLink.HostNode.Communication.Services.BankingCoreService [(null)] - Host State changed Transacting --> SignedOn
2016-03-15 16:34:59,940 [19] INFO  SwitchLink.HostNode.Communication.Controller.BankingCommunicationController [(null)] - Received transaction ref: 47610 from Partner
2016-03-15 16:34:59,940 [19] INFO  SwitchLink.HostNode.SocketServer.HostNode [(null)] - A client is disconnected! Client Id = b0c65238-f2dc-4db9-a5b6-96f838c35a6e
2016-03-15 16:34:59,940 [10] INFO  SwitchLink.HostNode.SocketServer.HostNode [(null)] - A new client is Connected. Client Id = f71e0010-d2ce-4d07-8646-6b08ca32d8c7
2016-03-15 16:34:59,987 [40] DEBUG SwitchLink.HostNode.Communication.Services.HostNodeRequestService [(null)] - Creating Transaction Request
2016-03-15 16:34:59,987 [40] DEBUG SwitchLink.HostNode.Services.TransactionService [(null)] - Creating TransactionModel Request
2016-03-15 16:34:59,987 [40] INFO  SwitchLink.ProtocalFactory.HostNode.Helper.BankMessageBuilder [(null)] - host node build (0200) request transaction authorization ==> 0130000000000290000315163459047611163459031503175811002141440000025006560258324902370000002348D121210111234123313630333030303438313030534D323030303031343337353836303030202020202020342F3235204749424245532053542C205359444E45592C204E53572C20415520202020202020202030323854434330315C45464330303030303030305C434349305C46424B565C32E63EF8F18D29E8000000000000000200000002900029365A0400000000
2016-03-15 16:34:59,987 [40] DEBUG SwitchLink.HostNode.Communication.Services.HostNodeRequestService [(null)] - Get Transaction Response
2016-03-15 16:34:59,987 [40] INFO  SwitchLink.HostNode.Communication.Services.BankingCoreService [(null)] - Host State changed SignedOn --> Transacting
2016-03-15 16:34:59,987 [19] INFO  SwitchLink.HostNode.Communication.Controller.BankingCommunicationController [(null)] - Received a message: 005A02103222001182C008810130000000000290000315163459047611031844000002500656025808610010013030534D323030303031343337353836303030202020202020000000000000000200000009451729365A0400000000
2016-03-15 16:34:59,987 [19] DEBUG SwitchLink.ProtocalFactory.HostNode.Factory [(null)] - <STX><DLE>2"<NUL><DC1>\u0082\u00C0<BS>\u0081<SOH>0<NUL><NUL><NUL><NUL><STX>\u0090<NUL><ETX><NAK><SYN>4Y<EOT>v<DC1><ETX><CAN>D<NUL><NUL><STX>P<ACK>V<STX>X<BS>a<NUL><DLE><SOH>00SM200001437586000      <NUL><NUL><NUL><NUL><NUL><NUL><NUL><STX><NUL><NUL><NUL><HT>E<ETB>)6Z<EOT><NUL><NUL><NUL><NUL>
2016-03-15 16:34:59,987 [19] INFO  SwitchLink.HostNode.Communication.Services.BankingCoreService [(null)] - Host State changed Transacting --> SignedOn
2016-03-15 16:34:59,987 [19] INFO  SwitchLink.HostNode.Communication.Controller.BankingCommunicationController [(null)] - Received transaction ref: 47611 from Partner
2016-03-15 16:34:59,987 [19] INFO  SwitchLink.HostNode.SocketServer.HostNode [(null)] - A client is disconnected! Client Id = c87a0b34-9ab8-49b9-828e-3619c0aa7421
2016-03-15 16:35:00,034 [39] DEBUG SwitchLink.HostNode.Communication.Services.HostNodeRequestService [(null)] - Creating Transaction Request
2016-03-15 16:35:00,034 [39] DEBUG SwitchLink.HostNode.Services.TransactionService [(null)] - Creating TransactionModel Request
2016-03-15 16:35:00,034 [39] INFO  SwitchLink.ProtocalFactory.HostNode.Helper.BankMessageBuilder [(null)] - host node build (0200) request transaction authorization ==> 0130000000000290000315163500047612163500031503175811002141440000025006560258324902370000002348D121210111234123313630333030303438313032534D323030303031343337353836303030202020202020342F3235204749424245532053542C205359444E45592C204E53572C20415520202020202020202030323854434330315C45464330303030303030305C434349305C46424B565C32E63EF8F18D29E8000000000000000200000002900029365A0400000000
2016-03-15 16:35:00,034 [39] DEBUG SwitchLink.HostNode.Communication.Services.HostNodeRequestService [(null)] - Get Transaction Response
2016-03-15 16:35:00,034 [39] INFO  SwitchLink.HostNode.Communication.Services.BankingCoreService [(null)] - Host State changed SignedOn --> Transacting
2016-03-15 16:35:00,034 [19] INFO  SwitchLink.HostNode.Communication.Controller.BankingCommunicationController [(null)] - Received a message: 005A02103222001182C008810130000000000290000315163500047612031844000002500656025808610010013030534D323030303031343337353836303030202020202020000000000000000200000005080829365A0400000000
2016-03-15 16:35:00,034 [19] DEBUG SwitchLink.ProtocalFactory.HostNode.Factory [(null)] - <STX><DLE>2"<NUL><DC1>\u0082\u00C0<BS>\u0081<SOH>0<NUL><NUL><NUL><NUL><STX>\u0090<NUL><ETX><NAK><SYN>5<NUL><EOT>v<DC2><ETX><CAN>D<NUL><NUL><STX>P<ACK>V<STX>X<BS>a<NUL><DLE><SOH>00SM200001437586000      <NUL><NUL><NUL><NUL><NUL><NUL><NUL><STX><NUL><NUL><NUL><Enq><BS><BS>)6Z<EOT><NUL><NUL><NUL><NUL>
2016-03-15 16:35:00,034 [19] INFO  SwitchLink.HostNode.Communication.Services.BankingCoreService [(null)] - Host State changed Transacting --> SignedOn
2016-03-15 16:35:00,034 [19] INFO  SwitchLink.HostNode.Communication.Controller.BankingCommunicationController [(null)] - Received transaction ref: 47612 from Partner
2016-03-15 16:35:00,034 [19] INFO  SwitchLink.HostNode.SocketServer.HostNode [(null)] - A client is disconnected! Client Id = 5a737225-49a8-4b30-ae7b-3095f50384f2
2016-03-15 16:35:00,081 [39] DEBUG SwitchLink.HostNode.Communication.Services.HostNodeRequestService [(null)] - Creating Transaction Request
2016-03-15 16:35:00,081 [39] DEBUG SwitchLink.HostNode.Services.TransactionService [(null)] - Creating TransactionModel Request
2016-03-15 16:35:00,081 [39] INFO  SwitchLink.ProtocalFactory.HostNode.Helper.BankMessageBuilder [(null)] - host node build (0200) request transaction authorization ==> 0130000000000290000315163500047613163500031503175811002141440000025006560258324902370000002348D121210111234123313630333030303438313033534D323030303031343337353836303030202020202020342F3235204749424245532053542C205359444E45592C204E53572C20415520202020202020202030323854434330315C45464330303030303030305C434349305C46424B565C32E63EF8F18D29E8000000000000000200000002900029365A0400000000
2016-03-15 16:35:00,081 [39] DEBUG SwitchLink.HostNode.Communication.Services.HostNodeRequestService [(null)] - Get Transaction Response
2016-03-15 16:35:00,081 [39] INFO  SwitchLink.HostNode.Communication.Services.BankingCoreService [(null)] - Host State changed SignedOn --> Transacting
2016-03-15 16:35:00,081 [19] INFO  SwitchLink.HostNode.Communication.Controller.BankingCommunicationController [(null)] - Received a message: 005A02103222001182C008810130000000000290000315163500047613031844000002500656025808610010013036534D323030303031343337353836303030202020202020000000000000000200000000709929365A0400000000
2016-03-15 16:35:00,081 [19] DEBUG SwitchLink.ProtocalFactory.HostNode.Factory [(null)] - <STX><DLE>2"<NUL><DC1>\u0082\u00C0<BS>\u0081<SOH>0<NUL><NUL><NUL><NUL><STX>\u0090<NUL><ETX><NAK><SYN>5<NUL><EOT>v<DC3><ETX><CAN>D<NUL><NUL><STX>P<ACK>V<STX>X<BS>a<NUL><DLE><SOH>06SM200001437586000      <NUL><NUL><NUL><NUL><NUL><NUL><NUL><STX><NUL><NUL><NUL><NUL>p\u0099)6Z<EOT><NUL><NUL><NUL><NUL>
2016-03-15 16:35:00,081 [19] INFO  SwitchLink.HostNode.Communication.Services.BankingCoreService [(null)] - Host State changed Transacting --> SignedOn
2016-03-15 16:35:00,081 [19] INFO  SwitchLink.HostNode.Communication.Controller.BankingCommunicationController [(null)] - Received transaction ref: 47613 from Partner
2016-03-15 16:35:00,081 [19] INFO  SwitchLink.HostNode.SocketServer.HostNode [(null)] - A client is disconnected! Client Id = a70ea8b0-2d60-4ac4-b534-604f0356865d
2016-03-15 16:35:00,128 [37] DEBUG SwitchLink.HostNode.Communication.Services.HostNodeRequestService [(null)] - Creating Transaction Request
2016-03-15 16:35:00,128 [37] DEBUG SwitchLink.HostNode.Services.TransactionService [(null)] - Creating TransactionModel Request
2016-03-15 16:35:00,128 [37] INFO  SwitchLink.ProtocalFactory.HostNode.Helper.BankMessageBuilder [(null)] - host node build (0200) request transaction authorization ==> 0130000000000290000315163500047614163500031503175811002141440000025006560258324902370000002348D121210111234123313630333030303438313034534D323030303031343337353836303030202020202020342F3235204749424245532053542C205359444E45592C204E53572C20415520202020202020202030323854434330315C45464330303030303030305C434349305C46424B565C32E63EF8F18D29E8000000000000000200000002900029365A0400000000
2016-03-15 16:35:00,128 [37] DEBUG SwitchLink.HostNode.Communication.Services.HostNodeRequestService [(null)] - Get Transaction Response
2016-03-15 16:35:00,128 [37] INFO  SwitchLink.HostNode.Communication.Services.BankingCoreService [(null)] - Host State changed SignedOn --> Transacting
2016-03-15 16:35:00,128 [19] INFO  SwitchLink.HostNode.Communication.Controller.BankingCommunicationController [(null)] - Received a message: 005A02103222001182C008810130000000000290000315163500047614031844000002500656025808610010013030534D323030303031343337353836303030202020202020000000000000000200000006139029365A0400000000
2016-03-15 16:35:00,128 [19] DEBUG SwitchLink.ProtocalFactory.HostNode.Factory [(null)] - <STX><DLE>2"<NUL><DC1>\u0082\u00C0<BS>\u0081<SOH>0<NUL><NUL><NUL><NUL><STX>\u0090<NUL><ETX><NAK><SYN>5<NUL><EOT>v<DC4><ETX><CAN>D<NUL><NUL><STX>P<ACK>V<STX>X<BS>a<NUL><DLE><SOH>00SM200001437586000      <NUL><NUL><NUL><NUL><NUL><NUL><NUL><STX><NUL><NUL><NUL><ACK><DC3>\u0090)6Z<EOT><NUL><NUL><NUL><NUL>
2016-03-15 16:35:00,128 [19] INFO  SwitchLink.HostNode.Communication.Services.BankingCoreService [(null)] - Host State changed Transacting --> SignedOn
2016-03-15 16:35:00,128 [19] INFO  SwitchLink.HostNode.Communication.Controller.BankingCommunicationController [(null)] - Received transaction ref: 47614 from Partner
2016-03-15 16:35:00,143 [19] INFO  SwitchLink.HostNode.SocketServer.HostNode [(null)] - A client is disconnected! Client Id = 41eacb77-a805-47c5-94a4-7080f7df68ea
2016-03-15 16:35:00,190 [40] DEBUG SwitchLink.HostNode.Communication.Services.HostNodeRequestService [(null)] - Creating Transaction Request
2016-03-15 16:35:00,190 [40] DEBUG SwitchLink.HostNode.Services.TransactionService [(null)] - Creating TransactionModel Request
2016-03-15 16:35:00,190 [40] INFO  SwitchLink.ProtocalFactory.HostNode.Helper.BankMessageBuilder [(null)] - host node build (0200) request transaction authorization ==> 0120000000000050000315163500047615163500031503175811002141440000025006560258324902370000002348D121210111234123313630333030303438313035534D323030303031343337353836303030202020202020342F3235204749424245532053542C205359444E45592C204E53572C20415520202020202020202030323854434330315C45464330303030303030305C434349305C46424B565C32E63EF8F18D29E8000000000000000200000000500029365A0400000000
2016-03-15 16:35:00,190 [40] DEBUG SwitchLink.HostNode.Communication.Services.HostNodeRequestService [(null)] - Get Transaction Response
2016-03-15 16:35:00,190 [40] INFO  SwitchLink.HostNode.Communication.Services.BankingCoreService [(null)] - Host State changed SignedOn --> Transacting
2016-03-15 16:35:00,190 [19] INFO  SwitchLink.HostNode.Communication.Controller.BankingCommunicationController [(null)] - Received a message: 005A02103222001182C008810120000000000050000315163500047615031844000002500656025808610010013030534D323030303031343337353836303030202020202020000000000000000200000009964629365A0400000000
2016-03-15 16:35:00,190 [19] DEBUG SwitchLink.ProtocalFactory.HostNode.Factory [(null)] - <STX><DLE>2"<NUL><DC1>\u0082\u00C0<BS>\u0081<SOH> <NUL><NUL><NUL><NUL><NUL>P<NUL><ETX><NAK><SYN>5<NUL><EOT>v<NAK><ETX><CAN>D<NUL><NUL><STX>P<ACK>V<STX>X<BS>a<NUL><DLE><SOH>00SM200001437586000      <NUL><NUL><NUL><NUL><NUL><NUL><NUL><STX><NUL><NUL><NUL><HT>\u0096F)6Z<EOT><NUL><NUL><NUL><NUL>
2016-03-15 16:35:00,190 [19] INFO  SwitchLink.HostNode.Communication.Services.BankingCoreService [(null)] - Host State changed Transacting --> SignedOn
2016-03-15 16:35:00,190 [19] INFO  SwitchLink.HostNode.Communication.Controller.BankingCommunicationController [(null)] - Received transaction ref: 47615 from Partner
2016-03-15 16:35:00,190 [19] INFO  SwitchLink.HostNode.SocketServer.HostNode [(null)] - A client is disconnected! Client Id = ef17bfbf-df88-49bc-bddf-eb11f0b4d8d0
2016-03-15 16:35:00,222 [39] DEBUG SwitchLink.HostNode.Communication.Services.HostNodeRequestService [(null)] - Creating Transaction Request
2016-03-15 16:35:00,222 [39] DEBUG SwitchLink.HostNode.Services.TransactionService [(null)] - Creating TransactionModel Request
2016-03-15 16:35:00,237 [39] INFO  SwitchLink.ProtocalFactory.HostNode.Helper.BankMessageBuilder [(null)] - host node build (0200) request transaction authorization ==> 0120000000000050000315163500047616163500031503175811002141440000025006560258324902370000002348D121210111234123313630333030303438313036534D323030303031343337353836303030202020202020342F3235204749424245532053542C205359444E45592C204E53572C20415520202020202020202030323854434330315C45464330303030303030305C434349305C46424B565C32E63EF8F18D29E8000000000000000200000000500029365A0400000000
2016-03-15 16:35:00,237 [39] DEBUG SwitchLink.HostNode.Communication.Services.HostNodeRequestService [(null)] - Get Transaction Response
2016-03-15 16:35:00,237 [39] INFO  SwitchLink.HostNode.Communication.Services.BankingCoreService [(null)] - Host State changed SignedOn --> Transacting
2016-03-15 16:35:00,237 [19] INFO  SwitchLink.HostNode.Communication.Controller.BankingCommunicationController [(null)] - Received a message: 005A02103222001182C008810120000000000050000315163500047616031844000002500656025808610010013030534D323030303031343337353836303030202020202020000000000000000200000005593729365A0400000000
2016-03-15 16:35:00,237 [19] DEBUG SwitchLink.ProtocalFactory.HostNode.Factory [(null)] - <STX><DLE>2"<NUL><DC1>\u0082\u00C0<BS>\u0081<SOH> <NUL><NUL><NUL><NUL><NUL>P<NUL><ETX><NAK><SYN>5<NUL><EOT>v<SYN><ETX><CAN>D<NUL><NUL><STX>P<ACK>V<STX>X<BS>a<NUL><DLE><SOH>00SM200001437586000      <NUL><NUL><NUL><NUL><NUL><NUL><NUL><STX><NUL><NUL><NUL><Enq>Y7)6Z<EOT><NUL><NUL><NUL><NUL>
2016-03-15 16:35:00,237 [19] INFO  SwitchLink.HostNode.Communication.Services.BankingCoreService [(null)] - Host State changed Transacting --> SignedOn
2016-03-15 16:35:00,237 [19] INFO  SwitchLink.HostNode.Communication.Controller.BankingCommunicationController [(null)] - Received transaction ref: 47616 from Partner
2016-03-15 16:35:00,237 [19] INFO  SwitchLink.HostNode.SocketServer.HostNode [(null)] - A client is disconnected! Client Id = f71e0010-d2ce-4d07-8646-6b08ca32d8c7
2016-03-15 16:35:00,237 [10] INFO  SwitchLink.HostNode.SocketServer.HostNode [(null)] - A new client is Connected. Client Id = 4e2d0123-a11b-44a9-828a-c1e554170c22
2016-03-15 16:35:00,237 [10] INFO  SwitchLink.HostNode.SocketServer.HostNode [(null)] - A new client is Connected. Client Id = c7da71bb-78f5-4a73-9235-2679d1f5b59d
2016-03-15 16:35:00,253 [10] INFO  SwitchLink.HostNode.SocketServer.HostNode [(null)] - A new client is Connected. Client Id = edb55bfe-7a02-416d-a1e2-ce1d5a286c5a
2016-03-15 16:35:00,253 [10] INFO  SwitchLink.HostNode.SocketServer.HostNode [(null)] - A new client is Connected. Client Id = 3079d5eb-9128-4f9b-8df1-02eca46c1329
2016-03-15 16:35:00,253 [10] INFO  SwitchLink.HostNode.SocketServer.HostNode [(null)] - A new client is Connected. Client Id = 648619dc-bcb0-476e-83e5-8ba123a39fd5
2016-03-15 16:35:00,300 [37] DEBUG SwitchLink.HostNode.Communication.Services.HostNodeRequestService [(null)] - Creating Transaction Request
2016-03-15 16:35:00,300 [37] DEBUG SwitchLink.HostNode.Services.TransactionService [(null)] - Creating TransactionModel Request
2016-03-15 16:35:00,300 [37] INFO  SwitchLink.ProtocalFactory.HostNode.Helper.BankMessageBuilder [(null)] - host node build (0200) request transaction authorization ==> 0120000000000050000315163500047617163500031503175811002141440000025006560258324902370000002348D121210111234123313630333030303438313038534D323030303031343337353836303030202020202020342F3235204749424245532053542C205359444E45592C204E53572C20415520202020202020202030323854434330315C45464330303030303030305C434349305C46424B565C32E63EF8F18D29E8000000000000000200000000500029365A0400000000
2016-03-15 16:35:00,300 [37] DEBUG SwitchLink.HostNode.Communication.Services.HostNodeRequestService [(null)] - Get Transaction Response
2016-03-15 16:35:00,300 [37] INFO  SwitchLink.HostNode.Communication.Services.BankingCoreService [(null)] - Host State changed SignedOn --> Transacting
2016-03-15 16:35:00,315 [19] INFO  SwitchLink.HostNode.Communication.Controller.BankingCommunicationController [(null)] - Received a message: 005A02103222001182C008810120000000000050000315163500047617031844000002500656025808610010013030534D323030303031343337353836303030202020202020000000000000000200000003135729365A0400000000
2016-03-15 16:35:00,315 [19] DEBUG SwitchLink.ProtocalFactory.HostNode.Factory [(null)] - <STX><DLE>2"<NUL><DC1>\u0082\u00C0<BS>\u0081<SOH> <NUL><NUL><NUL><NUL><NUL>P<NUL><ETX><NAK><SYN>5<NUL><EOT>v<ETB><ETX><CAN>D<NUL><NUL><STX>P<ACK>V<STX>X<BS>a<NUL><DLE><SOH>00SM200001437586000      <NUL><NUL><NUL><NUL><NUL><NUL><NUL><STX><NUL><NUL><NUL><ETX><DC3>W)6Z<EOT><NUL><NUL><NUL><NUL>
2016-03-15 16:35:00,315 [19] INFO  SwitchLink.HostNode.Communication.Services.BankingCoreService [(null)] - Host State changed Transacting --> SignedOn
2016-03-15 16:35:00,315 [19] INFO  SwitchLink.HostNode.Communication.Controller.BankingCommunicationController [(null)] - Received transaction ref: 47617 from Partner
2016-03-15 16:35:00,315 [19] INFO  SwitchLink.HostNode.SocketServer.HostNode [(null)] - A client is disconnected! Client Id = 4e2d0123-a11b-44a9-828a-c1e554170c22
2016-03-15 16:35:00,362 [40] DEBUG SwitchLink.HostNode.Communication.Services.HostNodeRequestService [(null)] - Creating Transaction Request
2016-03-15 16:35:00,362 [40] DEBUG SwitchLink.HostNode.Services.TransactionService [(null)] - Creating TransactionModel Request
2016-03-15 16:35:00,362 [40] INFO  SwitchLink.ProtocalFactory.HostNode.Helper.BankMessageBuilder [(null)] - host node build (0200) request transaction authorization ==> 0120000000000050000315163500047618163500031503175811002141440000025006560258324902370000002348D121210111234123313630333030303438313037534D323030303031343337353836303030202020202020342F3235204749424245532053542C205359444E45592C204E53572C20415520202020202020202030323854434330315C45464330303030303030305C434349305C46424B565C32E63EF8F18D29E8000000000000000200000000500029365A0400000000
2016-03-15 16:35:00,362 [40] DEBUG SwitchLink.HostNode.Communication.Services.HostNodeRequestService [(null)] - Get Transaction Response
2016-03-15 16:35:00,362 [40] INFO  SwitchLink.HostNode.Communication.Services.BankingCoreService [(null)] - Host State changed SignedOn --> Transacting
2016-03-15 16:35:00,362 [19] INFO  SwitchLink.HostNode.Communication.Controller.BankingCommunicationController [(null)] - Received a message: 005A02103222001182C008810120000000000050000315163500047618031844000002500656025808610010013030534D323030303031343337353836303030202020202020000000000000000200000008564829365A0400000000
2016-03-15 16:35:00,362 [19] DEBUG SwitchLink.ProtocalFactory.HostNode.Factory [(null)] - <STX><DLE>2"<NUL><DC1>\u0082\u00C0<BS>\u0081<SOH> <NUL><NUL><NUL><NUL><NUL>P<NUL><ETX><NAK><SYN>5<NUL><EOT>v<CAN><ETX><CAN>D<NUL><NUL><STX>P<ACK>V<STX>X<BS>a<NUL><DLE><SOH>00SM200001437586000      <NUL><NUL><NUL><NUL><NUL><NUL><NUL><STX><NUL><NUL><NUL><BS>VH)6Z<EOT><NUL><NUL><NUL><NUL>
2016-03-15 16:35:00,362 [19] INFO  SwitchLink.HostNode.Communication.Services.BankingCoreService [(null)] - Host State changed Transacting --> SignedOn
2016-03-15 16:35:00,362 [19] INFO  SwitchLink.HostNode.Communication.Controller.BankingCommunicationController [(null)] - Received transaction ref: 47618 from Partner
2016-03-15 16:35:00,362 [19] INFO  SwitchLink.HostNode.SocketServer.HostNode [(null)] - A client is disconnected! Client Id = c7da71bb-78f5-4a73-9235-2679d1f5b59d
2016-03-15 16:35:00,409 [39] DEBUG SwitchLink.HostNode.Communication.Services.HostNodeRequestService [(null)] - Creating Transaction Request
2016-03-15 16:35:00,409 [39] DEBUG SwitchLink.HostNode.Services.TransactionService [(null)] - Creating TransactionModel Request
2016-03-15 16:35:00,409 [39] INFO  SwitchLink.ProtocalFactory.HostNode.Helper.BankMessageBuilder [(null)] - host node build (0200) request transaction authorization ==> 0120000000000050000315163500047619163500031503175811002141440000025006560258324902370000002348D121210111234123313630333030303438313039534D323030303031343337353836303030202020202020342F3235204749424245532053542C205359444E45592C204E53572C20415520202020202020202030323854434330315C45464330303030303030305C434349305C46424B565C32E63EF8F18D29E8000000000000000200000000500029365A0400000000
2016-03-15 16:35:00,409 [39] DEBUG SwitchLink.HostNode.Communication.Services.HostNodeRequestService [(null)] - Get Transaction Response
2016-03-15 16:35:00,409 [39] INFO  SwitchLink.HostNode.Communication.Services.BankingCoreService [(null)] - Host State changed SignedOn --> Transacting
2016-03-15 16:35:00,409 [19] INFO  SwitchLink.HostNode.Communication.Controller.BankingCommunicationController [(null)] - Received a message: 005A02103222001182C008810120000000000050000315163500047619031844000002500656025808610010013030534D323030303031343337353836303030202020202020000000000000000200000004193929365A0400000000
2016-03-15 16:35:00,409 [19] DEBUG SwitchLink.ProtocalFactory.HostNode.Factory [(null)] - <STX><DLE>2"<NUL><DC1>\u0082\u00C0<BS>\u0081<SOH> <NUL><NUL><NUL><NUL><NUL>P<NUL><ETX><NAK><SYN>5<NUL><EOT>v<EM><ETX><CAN>D<NUL><NUL><STX>P<ACK>V<STX>X<BS>a<NUL><DLE><SOH>00SM200001437586000      <NUL><NUL><NUL><NUL><NUL><NUL><NUL><STX><NUL><NUL><NUL><EOT><EM>9)6Z<EOT><NUL><NUL><NUL><NUL>
2016-03-15 16:35:00,409 [19] INFO  SwitchLink.HostNode.Communication.Services.BankingCoreService [(null)] - Host State changed Transacting --> SignedOn
2016-03-15 16:35:00,409 [19] INFO  SwitchLink.HostNode.Communication.Controller.BankingCommunicationController [(null)] - Received transaction ref: 47619 from Partner
2016-03-15 16:35:00,409 [19] INFO  SwitchLink.HostNode.SocketServer.HostNode [(null)] - A client is disconnected! Client Id = edb55bfe-7a02-416d-a1e2-ce1d5a286c5a
2016-03-15 16:35:00,457 [37] DEBUG SwitchLink.HostNode.Communication.Services.HostNodeRequestService [(null)] - Creating Transaction Request
2016-03-15 16:35:00,457 [37] DEBUG SwitchLink.HostNode.Services.TransactionService [(null)] - Creating TransactionModel Request
2016-03-15 16:35:00,457 [37] INFO  SwitchLink.ProtocalFactory.HostNode.Helper.BankMessageBuilder [(null)] - host node build (0200) request transaction authorization ==> 0110000000000180000315163500047620163500031503175811002141440000025006560258324902370000002348D121210111234123313630333030303438313131534D323030303031343337353836303030202020202020342F3235204749424245532053542C205359444E45592C204E53572C20415520202020202020202030323854434330315C45464330303030303030305C434349305C46424B565C32E63EF8F18D29E8000000000000000200000001800029365A0400000000
2016-03-15 16:35:00,457 [37] DEBUG SwitchLink.HostNode.Communication.Services.HostNodeRequestService [(null)] - Get Transaction Response
2016-03-15 16:35:00,457 [37] INFO  SwitchLink.HostNode.Communication.Services.BankingCoreService [(null)] - Host State changed SignedOn --> Transacting
2016-03-15 16:35:00,457 [19] INFO  SwitchLink.HostNode.Communication.Controller.BankingCommunicationController [(null)] - Received a message: 005A02103222001182C008810110000000000180000315163500047620031844000002500656025808610010013030534D323030303031343337353836303030202020202020000000000000000200000009623029365A0400000000
2016-03-15 16:35:00,457 [19] DEBUG SwitchLink.ProtocalFactory.HostNode.Factory [(null)] - <STX><DLE>2"<NUL><DC1>\u0082\u00C0<BS>\u0081<SOH><DLE><NUL><NUL><NUL><NUL><SOH>\u0080<NUL><ETX><NAK><SYN>5<NUL><EOT>v <ETX><CAN>D<NUL><NUL><STX>P<ACK>V<STX>X<BS>a<NUL><DLE><SOH>00SM200001437586000      <NUL><NUL><NUL><NUL><NUL><NUL><NUL><STX><NUL><NUL><NUL><HT>b0)6Z<EOT><NUL><NUL><NUL><NUL>
2016-03-15 16:35:00,457 [19] INFO  SwitchLink.HostNode.Communication.Services.BankingCoreService [(null)] - Host State changed Transacting --> SignedOn
2016-03-15 16:35:00,457 [19] INFO  SwitchLink.HostNode.Communication.Controller.BankingCommunicationController [(null)] - Received transaction ref: 47620 from Partner
2016-03-15 16:35:00,457 [19] INFO  SwitchLink.HostNode.SocketServer.HostNode [(null)] - A client is disconnected! Client Id = 648619dc-bcb0-476e-83e5-8ba123a39fd5
2016-03-15 16:35:00,472 [10] INFO  SwitchLink.HostNode.SocketServer.HostNode [(null)] - A new client is Connected. Client Id = d991811b-787e-4365-8a6a-aa1da968791d
2016-03-15 16:35:00,472 [10] INFO  SwitchLink.HostNode.SocketServer.HostNode [(null)] - A new client is Connected. Client Id = c9cda215-d232-44c4-b71d-abaffa697bc5
2016-03-15 16:35:00,504 [40] DEBUG SwitchLink.HostNode.Communication.Services.HostNodeRequestService [(null)] - Creating Transaction Request
2016-03-15 16:35:00,504 [40] DEBUG SwitchLink.HostNode.Services.TransactionService [(null)] - Creating TransactionModel Request
2016-03-15 16:35:00,504 [40] INFO  SwitchLink.ProtocalFactory.HostNode.Helper.BankMessageBuilder [(null)] - host node build (0200) request transaction authorization ==> 0110000000000180000315163500047621163500031503175811002141440000025006560258324902370000002348D121210111234123313630333030303438313130534D323030303031343337353836303030202020202020342F3235204749424245532053542C205359444E45592C204E53572C20415520202020202020202030323854434330315C45464330303030303030305C434349305C46424B565C32E63EF8F18D29E8000000000000000200000001800029365A0400000000
2016-03-15 16:35:00,504 [40] DEBUG SwitchLink.HostNode.Communication.Services.HostNodeRequestService [(null)] - Get Transaction Response
2016-03-15 16:35:00,504 [40] INFO  SwitchLink.HostNode.Communication.Services.BankingCoreService [(null)] - Host State changed SignedOn --> Transacting
2016-03-15 16:35:00,504 [19] INFO  SwitchLink.HostNode.Communication.Controller.BankingCommunicationController [(null)] - Received a message: 005A02103222001182C008810110000000000180000315163500047621031844000002500656025808610010013030534D323030303031343337353836303030202020202020000000000000000200000005252129365A0400000000
2016-03-15 16:35:00,504 [19] DEBUG SwitchLink.ProtocalFactory.HostNode.Factory [(null)] - <STX><DLE>2"<NUL><DC1>\u0082\u00C0<BS>\u0081<SOH><DLE><NUL><NUL><NUL><NUL><SOH>\u0080<NUL><ETX><NAK><SYN>5<NUL><EOT>v!<ETX><CAN>D<NUL><NUL><STX>P<ACK>V<STX>X<BS>a<NUL><DLE><SOH>00SM200001437586000      <NUL><NUL><NUL><NUL><NUL><NUL><NUL><STX><NUL><NUL><NUL><Enq>%!)6Z<EOT><NUL><NUL><NUL><NUL>
2016-03-15 16:35:00,504 [19] INFO  SwitchLink.HostNode.Communication.Services.BankingCoreService [(null)] - Host State changed Transacting --> SignedOn
2016-03-15 16:35:00,504 [19] INFO  SwitchLink.HostNode.Communication.Controller.BankingCommunicationController [(null)] - Received transaction ref: 47621 from Partner
2016-03-15 16:35:00,518 [19] INFO  SwitchLink.HostNode.SocketServer.HostNode [(null)] - A client is disconnected! Client Id = 3079d5eb-9128-4f9b-8df1-02eca46c1329
2016-03-15 16:35:00,659 [39] DEBUG SwitchLink.HostNode.Communication.Services.HostNodeRequestService [(null)] - Creating Transaction Request
2016-03-15 16:35:00,659 [39] DEBUG SwitchLink.HostNode.Services.TransactionService [(null)] - Creating TransactionModel Request
2016-03-15 16:35:00,659 [39] INFO  SwitchLink.ProtocalFactory.HostNode.Helper.BankMessageBuilder [(null)] - host node build (0200) request transaction authorization ==> 0110000000000180000315163500047622163500031503175811002141440000025006560258324902370000002348D121210111234123313630333030303438313132534D323030303031343337353836303030202020202020342F3235204749424245532053542C205359444E45592C204E53572C20415520202020202020202030323854434330315C45464330303030303030305C434349305C46424B565C32E63EF8F18D29E8000000000000000200000001800029365A0400000000
2016-03-15 16:35:00,659 [39] DEBUG SwitchLink.HostNode.Communication.Services.HostNodeRequestService [(null)] - Get Transaction Response
2016-03-15 16:35:00,659 [39] INFO  SwitchLink.HostNode.Communication.Services.BankingCoreService [(null)] - Host State changed SignedOn --> Transacting
2016-03-15 16:35:00,659 [19] INFO  SwitchLink.HostNode.Communication.Controller.BankingCommunicationController [(null)] - Received a message: 005A02103222001182C008810110000000000180000315163500047622031844000002500656025808610010013035534D323030303031343337353836303030202020202020000000000000000200000000335929365A0400000000
2016-03-15 16:35:00,659 [19] DEBUG SwitchLink.ProtocalFactory.HostNode.Factory [(null)] - <STX><DLE>2"<NUL><DC1>\u0082\u00C0<BS>\u0081<SOH><DLE><NUL><NUL><NUL><NUL><SOH>\u0080<NUL><ETX><NAK><SYN>5<NUL><EOT>v"<ETX><CAN>D<NUL><NUL><STX>P<ACK>V<STX>X<BS>a<NUL><DLE><SOH>05SM200001437586000      <NUL><NUL><NUL><NUL><NUL><NUL><NUL><STX><NUL><NUL><NUL><NUL>3Y)6Z<EOT><NUL><NUL><NUL><NUL>
2016-03-15 16:35:00,659 [19] INFO  SwitchLink.HostNode.Communication.Services.BankingCoreService [(null)] - Host State changed Transacting --> SignedOn
2016-03-15 16:35:00,659 [19] INFO  SwitchLink.HostNode.Communication.Controller.BankingCommunicationController [(null)] - Received transaction ref: 47622 from Partner
2016-03-15 16:35:00,659 [19] INFO  SwitchLink.HostNode.SocketServer.HostNode [(null)] - A client is disconnected! Client Id = d991811b-787e-4365-8a6a-aa1da968791d
2016-03-15 16:35:00,707 [37] DEBUG SwitchLink.HostNode.Communication.Services.HostNodeRequestService [(null)] - Creating Transaction Request
2016-03-15 16:35:00,707 [37] DEBUG SwitchLink.HostNode.Services.TransactionService [(null)] - Creating TransactionModel Request
2016-03-15 16:35:00,707 [37] INFO  SwitchLink.ProtocalFactory.HostNode.Helper.BankMessageBuilder [(null)] - host node build (0200) request transaction authorization ==> 0110000000000180000315163500047623163500031503175811002141440000025006560258324902370000002348D121210111234123313630333030303438313133534D323030303031343337353836303030202020202020342F3235204749424245532053542C205359444E45592C204E53572C20415520202020202020202030323854434330315C45464330303030303030305C434349305C46424B565C32E63EF8F18D29E8000000000000000200000001800029365A0400000000
2016-03-15 16:35:00,707 [37] DEBUG SwitchLink.HostNode.Communication.Services.HostNodeRequestService [(null)] - Get Transaction Response
2016-03-15 16:35:00,707 [37] INFO  SwitchLink.HostNode.Communication.Services.BankingCoreService [(null)] - Host State changed SignedOn --> Transacting
2016-03-15 16:35:00,707 [19] INFO  SwitchLink.HostNode.Communication.Controller.BankingCommunicationController [(null)] - Received a message: 005A02103222001182C008810110000000000180000315163500047623031844000002500656025808610010013030534D323030303031343337353836303030202020202020000000000000000200000005765029365A0400000000
2016-03-15 16:35:00,707 [19] DEBUG SwitchLink.ProtocalFactory.HostNode.Factory [(null)] - <STX><DLE>2"<NUL><DC1>\u0082\u00C0<BS>\u0081<SOH><DLE><NUL><NUL><NUL><NUL><SOH>\u0080<NUL><ETX><NAK><SYN>5<NUL><EOT>v#<ETX><CAN>D<NUL><NUL><STX>P<ACK>V<STX>X<BS>a<NUL><DLE><SOH>00SM200001437586000      <NUL><NUL><NUL><NUL><NUL><NUL><NUL><STX><NUL><NUL><NUL><Enq>vP)6Z<EOT><NUL><NUL><NUL><NUL>
2016-03-15 16:35:00,707 [19] INFO  SwitchLink.HostNode.Communication.Services.BankingCoreService [(null)] - Host State changed Transacting --> SignedOn
2016-03-15 16:35:00,707 [19] INFO  SwitchLink.HostNode.Communication.Controller.BankingCommunicationController [(null)] - Received transaction ref: 47623 from Partner
2016-03-15 16:35:00,707 [19] INFO  SwitchLink.HostNode.SocketServer.HostNode [(null)] - A client is disconnected! Client Id = c9cda215-d232-44c4-b71d-abaffa697bc5
2016-03-15 16:35:05,815 [10] INFO  SwitchLink.HostNode.SocketServer.HostNode [(null)] - A new client is Connected. Client Id = 4478ea02-4dff-474e-bc84-62522292a41f
2016-03-15 16:35:05,815 [10] INFO  SwitchLink.HostNode.SocketServer.HostNode [(null)] - A new client is Connected. Client Id = e179f96b-1c7b-4576-9b20-8ab651cfacc9
2016-03-15 16:35:05,815 [10] INFO  SwitchLink.HostNode.SocketServer.HostNode [(null)] - A new client is Connected. Client Id = 1f1707ab-72d0-4a93-91d8-a58398d53071
2016-03-15 16:35:05,815 [10] INFO  SwitchLink.HostNode.SocketServer.HostNode [(null)] - A new client is Connected. Client Id = 2525a608-e8bc-45ec-aed7-a430f0f61b37
2016-03-15 16:35:05,831 [10] INFO  SwitchLink.HostNode.SocketServer.HostNode [(null)] - A new client is Connected. Client Id = dee3144b-1704-45bd-b49e-0c3c811f2803
2016-03-15 16:35:05,831 [10] INFO  SwitchLink.HostNode.SocketServer.HostNode [(null)] - A new client is Connected. Client Id = 7b28c6ac-c55a-4ad6-b633-536c83320e07
2016-03-15 16:35:05,878 [40] DEBUG SwitchLink.HostNode.Communication.Services.HostNodeRequestService [(null)] - Creating Transaction Request
2016-03-15 16:35:05,878 [40] DEBUG SwitchLink.HostNode.Services.TransactionService [(null)] - Creating TransactionModel Request
2016-03-15 16:35:05,878 [40] INFO  SwitchLink.ProtocalFactory.HostNode.Helper.BankMessageBuilder [(null)] - host node build (0200) request transaction authorization ==> 0120000000000120000315163505047624163505031503175811002141440000025006560258324902370000002348D121210111234123313630333030303438313134534D323030303031343337353836303030202020202020342F3235204749424245532053542C205359444E45592C204E53572C20415520202020202020202030323854434330315C45464330303030303030305C434349305C46424B565C32E63EF8F18D29E8000000000000000200000001200029365A0400000000
2016-03-15 16:35:05,878 [40] DEBUG SwitchLink.HostNode.Communication.Services.HostNodeRequestService [(null)] - Get Transaction Response
2016-03-15 16:35:05,878 [40] INFO  SwitchLink.HostNode.Communication.Services.BankingCoreService [(null)] - Host State changed SignedOn --> Transacting
2016-03-15 16:35:05,878 [19] INFO  SwitchLink.HostNode.Communication.Controller.BankingCommunicationController [(null)] - Received a message: 005A02103222001182C008810120000000000120000315163505047624031844000002500656025808610010013030534D323030303031343337353836303030202020202020000000000000000200000005605529365A0400000000
2016-03-15 16:35:05,878 [19] DEBUG SwitchLink.ProtocalFactory.HostNode.Factory [(null)] - <STX><DLE>2"<NUL><DC1>\u0082\u00C0<BS>\u0081<SOH> <NUL><NUL><NUL><NUL><SOH> <NUL><ETX><NAK><SYN>5<Enq><EOT>v$<ETX><CAN>D<NUL><NUL><STX>P<ACK>V<STX>X<BS>a<NUL><DLE><SOH>00SM200001437586000      <NUL><NUL><NUL><NUL><NUL><NUL><NUL><STX><NUL><NUL><NUL><Enq>`U)6Z<EOT><NUL><NUL><NUL><NUL>
2016-03-15 16:35:05,878 [19] INFO  SwitchLink.HostNode.Communication.Services.BankingCoreService [(null)] - Host State changed Transacting --> SignedOn
2016-03-15 16:35:05,878 [19] INFO  SwitchLink.HostNode.Communication.Controller.BankingCommunicationController [(null)] - Received transaction ref: 47624 from Partner
2016-03-15 16:35:05,878 [19] INFO  SwitchLink.HostNode.SocketServer.HostNode [(null)] - A client is disconnected! Client Id = 4478ea02-4dff-474e-bc84-62522292a41f
2016-03-15 16:35:05,878 [10] INFO  SwitchLink.HostNode.SocketServer.HostNode [(null)] - A new client is Connected. Client Id = 2c5d8627-ee24-4187-b14f-24e39fa1c406
2016-03-15 16:35:05,925 [39] DEBUG SwitchLink.HostNode.Communication.Services.HostNodeRequestService [(null)] - Creating Transaction Request
2016-03-15 16:35:05,925 [39] DEBUG SwitchLink.HostNode.Services.TransactionService [(null)] - Creating TransactionModel Request
2016-03-15 16:35:05,925 [39] INFO  SwitchLink.ProtocalFactory.HostNode.Helper.BankMessageBuilder [(null)] - host node build (0200) request transaction authorization ==> 0120000000000120000315163505047625163505031503175811002141440000025006560258324902370000002348D121210111234123313630333030303438313135534D323030303031343337353836303030202020202020342F3235204749424245532053542C205359444E45592C204E53572C20415520202020202020202030323854434330315C45464330303030303030305C434349305C46424B565C32E63EF8F18D29E8000000000000000200000001200029365A0400000000
2016-03-15 16:35:05,925 [39] DEBUG SwitchLink.HostNode.Communication.Services.HostNodeRequestService [(null)] - Get Transaction Response
2016-03-15 16:35:05,925 [39] INFO  SwitchLink.HostNode.Communication.Services.BankingCoreService [(null)] - Host State changed SignedOn --> Transacting
2016-03-15 16:35:05,925 [19] INFO  SwitchLink.HostNode.Communication.Controller.BankingCommunicationController [(null)] - Received a message: 005A02103222001182C008810120000000000120000315163505047625031844000002500656025808610010013030534D323030303031343337353836303030202020202020000000000000000200000005914829365A0400000000
2016-03-15 16:35:05,925 [19] DEBUG SwitchLink.ProtocalFactory.HostNode.Factory [(null)] - <STX><DLE>2"<NUL><DC1>\u0082\u00C0<BS>\u0081<SOH> <NUL><NUL><NUL><NUL><SOH> <NUL><ETX><NAK><SYN>5<Enq><EOT>v%<ETX><CAN>D<NUL><NUL><STX>P<ACK>V<STX>X<BS>a<NUL><DLE><SOH>00SM200001437586000      <NUL><NUL><NUL><NUL><NUL><NUL><NUL><STX><NUL><NUL><NUL><Enq>\u0091H)6Z<EOT><NUL><NUL><NUL><NUL>
2016-03-15 16:35:05,925 [19] INFO  SwitchLink.HostNode.Communication.Services.BankingCoreService [(null)] - Host State changed Transacting --> SignedOn
2016-03-15 16:35:05,925 [19] INFO  SwitchLink.HostNode.Communication.Controller.BankingCommunicationController [(null)] - Received transaction ref: 47625 from Partner
2016-03-15 16:35:05,925 [19] INFO  SwitchLink.HostNode.SocketServer.HostNode [(null)] - A client is disconnected! Client Id = e179f96b-1c7b-4576-9b20-8ab651cfacc9
2016-03-15 16:35:05,925 [10] INFO  SwitchLink.HostNode.SocketServer.HostNode [(null)] - A new client is Connected. Client Id = 0dc7a335-5de2-4eab-b0a6-2149555a583d
2016-03-15 16:35:05,972 [37] DEBUG SwitchLink.HostNode.Communication.Services.HostNodeRequestService [(null)] - Creating Transaction Request
2016-03-15 16:35:05,972 [37] DEBUG SwitchLink.HostNode.Services.TransactionService [(null)] - Creating TransactionModel Request
2016-03-15 16:35:05,972 [37] INFO  SwitchLink.ProtocalFactory.HostNode.Helper.BankMessageBuilder [(null)] - host node build (0200) request transaction authorization ==> 0110000000000260000315163505047626163505031503175811002141440000025006560258324902370000002348D121210111234123313630333030303438313136534D323030303031343337353836303030202020202020342F3235204749424245532053542C205359444E45592C204E53572C20415520202020202020202030323854434330315C45464330303030303030305C434349305C46424B565C32E63EF8F18D29E8000000000000000200000002600029365A0400000000
2016-03-15 16:35:05,972 [37] DEBUG SwitchLink.HostNode.Communication.Services.HostNodeRequestService [(null)] - Get Transaction Response
2016-03-15 16:35:05,972 [37] INFO  SwitchLink.HostNode.Communication.Services.BankingCoreService [(null)] - Host State changed SignedOn --> Transacting
2016-03-15 16:35:05,987 [19] INFO  SwitchLink.HostNode.Communication.Controller.BankingCommunicationController [(null)] - Received a message: 005A02103222001182C008810110000000000260000315163505047626031844000002500656025808610010013030534D323030303031343337353836303030202020202020000000000000000200000005060229365A0400000000
2016-03-15 16:35:05,987 [19] DEBUG SwitchLink.ProtocalFactory.HostNode.Factory [(null)] - <STX><DLE>2"<NUL><DC1>\u0082\u00C0<BS>\u0081<SOH><DLE><NUL><NUL><NUL><NUL><STX>`<NUL><ETX><NAK><SYN>5<Enq><EOT>v&<ETX><CAN>D<NUL><NUL><STX>P<ACK>V<STX>X<BS>a<NUL><DLE><SOH>00SM200001437586000      <NUL><NUL><NUL><NUL><NUL><NUL><NUL><STX><NUL><NUL><NUL><Enq><ACK><STX>)6Z<EOT><NUL><NUL><NUL><NUL>
2016-03-15 16:35:05,987 [19] INFO  SwitchLink.HostNode.Communication.Services.BankingCoreService [(null)] - Host State changed Transacting --> SignedOn
2016-03-15 16:35:05,987 [19] INFO  SwitchLink.HostNode.Communication.Controller.BankingCommunicationController [(null)] - Received transaction ref: 47626 from Partner
2016-03-15 16:35:05,987 [19] INFO  SwitchLink.HostNode.SocketServer.HostNode [(null)] - A client is disconnected! Client Id = 1f1707ab-72d0-4a93-91d8-a58398d53071
2016-03-15 16:35:05,987 [10] INFO  SwitchLink.HostNode.SocketServer.HostNode [(null)] - A new client is Connected. Client Id = 6adf4b79-d3ca-48b9-9884-c7d59aa42c47
2016-03-15 16:35:06,019 [40] DEBUG SwitchLink.HostNode.Communication.Services.HostNodeRequestService [(null)] - Creating Transaction Request
2016-03-15 16:35:06,019 [40] DEBUG SwitchLink.HostNode.Services.TransactionService [(null)] - Creating TransactionModel Request
2016-03-15 16:35:06,034 [40] INFO  SwitchLink.ProtocalFactory.HostNode.Helper.BankMessageBuilder [(null)] - host node build (0200) request transaction authorization ==> 0110000000000260000315163506047627163506031503175811002141440000025006560258324902370000002348D121210111234123313630333030303438313138534D323030303031343337353836303030202020202020342F3235204749424245532053542C205359444E45592C204E53572C20415520202020202020202030323854434330315C45464330303030303030305C434349305C46424B565C32E63EF8F18D29E8000000000000000200000002600029365A0400000000
2016-03-15 16:35:06,034 [40] DEBUG SwitchLink.HostNode.Communication.Services.HostNodeRequestService [(null)] - Get Transaction Response
2016-03-15 16:35:06,034 [40] INFO  SwitchLink.HostNode.Communication.Services.BankingCoreService [(null)] - Host State changed SignedOn --> Transacting
2016-03-15 16:35:06,034 [19] INFO  SwitchLink.HostNode.Communication.Controller.BankingCommunicationController [(null)] - Received a message: 005A02103222001182C008810110000000000260000315163506047627031844000002500656025808610010013036534D323030303031343337353836303030202020202020000000000000000200000000689329365A0400000000
2016-03-15 16:35:06,034 [19] DEBUG SwitchLink.ProtocalFactory.HostNode.Factory [(null)] - <STX><DLE>2"<NUL><DC1>\u0082\u00C0<BS>\u0081<SOH><DLE><NUL><NUL><NUL><NUL><STX>`<NUL><ETX><NAK><SYN>5<ACK><EOT>v'<ETX><CAN>D<NUL><NUL><STX>P<ACK>V<STX>X<BS>a<NUL><DLE><SOH>06SM200001437586000      <NUL><NUL><NUL><NUL><NUL><NUL><NUL><STX><NUL><NUL><NUL><NUL>h\u0093)6Z<EOT><NUL><NUL><NUL><NUL>
2016-03-15 16:35:06,034 [19] INFO  SwitchLink.HostNode.Communication.Services.BankingCoreService [(null)] - Host State changed Transacting --> SignedOn
2016-03-15 16:35:06,034 [19] INFO  SwitchLink.HostNode.Communication.Controller.BankingCommunicationController [(null)] - Received transaction ref: 47627 from Partner
2016-03-15 16:35:06,034 [19] INFO  SwitchLink.HostNode.SocketServer.HostNode [(null)] - A client is disconnected! Client Id = dee3144b-1704-45bd-b49e-0c3c811f2803
2016-03-15 16:35:06,034 [10] INFO  SwitchLink.HostNode.SocketServer.HostNode [(null)] - A new client is Connected. Client Id = ebfe7cc5-2f72-46fb-8589-9f6f21f389ff
2016-03-15 16:35:06,081 [39] DEBUG SwitchLink.HostNode.Communication.Services.HostNodeRequestService [(null)] - Creating Transaction Request
2016-03-15 16:35:06,081 [39] DEBUG SwitchLink.HostNode.Services.TransactionService [(null)] - Creating TransactionModel Request
2016-03-15 16:35:06,081 [39] INFO  SwitchLink.ProtocalFactory.HostNode.Helper.BankMessageBuilder [(null)] - host node build (0200) request transaction authorization ==> 0110000000000260000315163506047628163506031503175811002141440000025006560258324902370000002348D121210111234123313630333030303438313139534D323030303031343337353836303030202020202020342F3235204749424245532053542C205359444E45592C204E53572C20415520202020202020202030323854434330315C45464330303030303030305C434349305C46424B565C32E63EF8F18D29E8000000000000000200000002600029365A0400000000
2016-03-15 16:35:06,081 [39] DEBUG SwitchLink.HostNode.Communication.Services.HostNodeRequestService [(null)] - Get Transaction Response
2016-03-15 16:35:06,081 [39] INFO  SwitchLink.HostNode.Communication.Services.BankingCoreService [(null)] - Host State changed SignedOn --> Transacting
2016-03-15 16:35:06,081 [19] INFO  SwitchLink.HostNode.Communication.Controller.BankingCommunicationController [(null)] - Received a message: 005A02103222001182C008810110000000000260000315163506047628031844000002500656025808610010013030534D323030303031343337353836303030202020202020000000000000000200000006118429365A0400000000
2016-03-15 16:35:06,081 [19] DEBUG SwitchLink.ProtocalFactory.HostNode.Factory [(null)] - <STX><DLE>2"<NUL><DC1>\u0082\u00C0<BS>\u0081<SOH><DLE><NUL><NUL><NUL><NUL><STX>`<NUL><ETX><NAK><SYN>5<ACK><EOT>v(<ETX><CAN>D<NUL><NUL><STX>P<ACK>V<STX>X<BS>a<NUL><DLE><SOH>00SM200001437586000      <NUL><NUL><NUL><NUL><NUL><NUL><NUL><STX><NUL><NUL><NUL><ACK><DC1>\u0084)6Z<EOT><NUL><NUL><NUL><NUL>
2016-03-15 16:35:06,081 [19] INFO  SwitchLink.HostNode.Communication.Services.BankingCoreService [(null)] - Host State changed Transacting --> SignedOn
2016-03-15 16:35:06,081 [19] INFO  SwitchLink.HostNode.Communication.Controller.BankingCommunicationController [(null)] - Received transaction ref: 47628 from Partner
2016-03-15 16:35:06,081 [19] INFO  SwitchLink.HostNode.SocketServer.HostNode [(null)] - A client is disconnected! Client Id = 7b28c6ac-c55a-4ad6-b633-536c83320e07
2016-03-15 16:35:06,081 [10] INFO  SwitchLink.HostNode.SocketServer.HostNode [(null)] - A new client is Connected. Client Id = baa1359c-7394-413b-a4f0-58ae47c87572
2016-03-15 16:35:06,129 [39] DEBUG SwitchLink.HostNode.Communication.Services.HostNodeRequestService [(null)] - Creating Transaction Request
2016-03-15 16:35:06,129 [39] DEBUG SwitchLink.HostNode.Services.TransactionService [(null)] - Creating TransactionModel Request
2016-03-15 16:35:06,129 [39] INFO  SwitchLink.ProtocalFactory.HostNode.Helper.BankMessageBuilder [(null)] - host node build (0200) request transaction authorization ==> 0110000000000260000315163506047629163506031503175811002141440000025006560258324902370000002348D121210111234123313630333030303438313137534D323030303031343337353836303030202020202020342F3235204749424245532053542C205359444E45592C204E53572C20415520202020202020202030323854434330315C45464330303030303030305C434349305C46424B565C32E63EF8F18D29E8000000000000000200000002600029365A0400000000
2016-03-15 16:35:06,129 [39] DEBUG SwitchLink.HostNode.Communication.Services.HostNodeRequestService [(null)] - Get Transaction Response
2016-03-15 16:35:06,129 [39] INFO  SwitchLink.HostNode.Communication.Services.BankingCoreService [(null)] - Host State changed SignedOn --> Transacting
2016-03-15 16:35:06,129 [19] INFO  SwitchLink.HostNode.Communication.Controller.BankingCommunicationController [(null)] - Received a message: 005A02103222001182C008810110000000000260000315163506047629031844000002500656025808610010013030534D323030303031343337353836303030202020202020000000000000000200000001747529365A0400000000
2016-03-15 16:35:06,129 [19] DEBUG SwitchLink.ProtocalFactory.HostNode.Factory [(null)] - <STX><DLE>2"<NUL><DC1>\u0082\u00C0<BS>\u0081<SOH><DLE><NUL><NUL><NUL><NUL><STX>`<NUL><ETX><NAK><SYN>5<ACK><EOT>v)<ETX><CAN>D<NUL><NUL><STX>P<ACK>V<STX>X<BS>a<NUL><DLE><SOH>00SM200001437586000      <NUL><NUL><NUL><NUL><NUL><NUL><NUL><STX><NUL><NUL><NUL><SOH>tu)6Z<EOT><NUL><NUL><NUL><NUL>
2016-03-15 16:35:06,129 [19] INFO  SwitchLink.HostNode.Communication.Services.BankingCoreService [(null)] - Host State changed Transacting --> SignedOn
2016-03-15 16:35:06,129 [19] INFO  SwitchLink.HostNode.Communication.Controller.BankingCommunicationController [(null)] - Received transaction ref: 47629 from Partner
2016-03-15 16:35:06,129 [19] INFO  SwitchLink.HostNode.SocketServer.HostNode [(null)] - A client is disconnected! Client Id = 2525a608-e8bc-45ec-aed7-a430f0f61b37
2016-03-15 16:35:06,129 [10] INFO  SwitchLink.HostNode.SocketServer.HostNode [(null)] - A new client is Connected. Client Id = 1e4a2c01-24b9-4602-b77c-23d952e14e14
2016-03-15 16:35:06,175 [37] DEBUG SwitchLink.HostNode.Communication.Services.HostNodeRequestService [(null)] - Creating Transaction Request
2016-03-15 16:35:06,175 [37] DEBUG SwitchLink.HostNode.Services.TransactionService [(null)] - Creating TransactionModel Request
2016-03-15 16:35:06,175 [37] INFO  SwitchLink.ProtocalFactory.HostNode.Helper.BankMessageBuilder [(null)] - host node build (0200) request transaction authorization ==> 0130000000000390000315163506047630163506031503175811002141440000025006560258324902370000002348D121210111234123313630333030303438313230534D323030303031343337353836303030202020202020342F3235204749424245532053542C205359444E45592C204E53572C20415520202020202020202030323854434330315C45464330303030303030305C434349305C46424B565C32E63EF8F18D29E8000000000000000200000003900029365A0400000000
2016-03-15 16:35:06,175 [37] DEBUG SwitchLink.HostNode.Communication.Services.HostNodeRequestService [(null)] - Get Transaction Response
2016-03-15 16:35:06,175 [37] INFO  SwitchLink.HostNode.Communication.Services.BankingCoreService [(null)] - Host State changed SignedOn --> Transacting
2016-03-15 16:35:06,175 [19] INFO  SwitchLink.HostNode.Communication.Controller.BankingCommunicationController [(null)] - Received a message: 005A02103222001182C008810130000000000390000315163506047630031844000002500656025808610010013030534D323030303031343337353836303030202020202020000000000000000200000002056829365A0400000000
2016-03-15 16:35:06,175 [19] DEBUG SwitchLink.ProtocalFactory.HostNode.Factory [(null)] - <STX><DLE>2"<NUL><DC1>\u0082\u00C0<BS>\u0081<SOH>0<NUL><NUL><NUL><NUL><ETX>\u0090<NUL><ETX><NAK><SYN>5<ACK><EOT>v0<ETX><CAN>D<NUL><NUL><STX>P<ACK>V<STX>X<BS>a<NUL><DLE><SOH>00SM200001437586000      <NUL><NUL><NUL><NUL><NUL><NUL><NUL><STX><NUL><NUL><NUL><STX><Enq>h)6Z<EOT><NUL><NUL><NUL><NUL>
2016-03-15 16:35:06,175 [19] INFO  SwitchLink.HostNode.Communication.Services.BankingCoreService [(null)] - Host State changed Transacting --> SignedOn
2016-03-15 16:35:06,175 [19] INFO  SwitchLink.HostNode.Communication.Controller.BankingCommunicationController [(null)] - Received transaction ref: 47630 from Partner
2016-03-15 16:35:06,175 [19] INFO  SwitchLink.HostNode.SocketServer.HostNode [(null)] - A client is disconnected! Client Id = 2c5d8627-ee24-4187-b14f-24e39fa1c406
2016-03-15 16:35:06,175 [10] INFO  SwitchLink.HostNode.SocketServer.HostNode [(null)] - A new client is Connected. Client Id = ae2c21ae-d5c8-4679-b565-d41ddaa48cf5
2016-03-15 16:35:06,222 [40] DEBUG SwitchLink.HostNode.Communication.Services.HostNodeRequestService [(null)] - Creating Transaction Request
2016-03-15 16:35:06,222 [40] DEBUG SwitchLink.HostNode.Services.TransactionService [(null)] - Creating TransactionModel Request
2016-03-15 16:35:06,222 [40] INFO  SwitchLink.ProtocalFactory.HostNode.Helper.BankMessageBuilder [(null)] - host node build (0200) request transaction authorization ==> 0130000000000390000315163506047631163506031503175811002141440000025006560258324902370000002348D121210111234123313630333030303438313231534D323030303031343337353836303030202020202020342F3235204749424245532053542C205359444E45592C204E53572C20415520202020202020202030323854434330315C45464330303030303030305C434349305C46424B565C32E63EF8F18D29E8000000000000000200000003900029365A0400000000
2016-03-15 16:35:06,222 [40] DEBUG SwitchLink.HostNode.Communication.Services.HostNodeRequestService [(null)] - Get Transaction Response
2016-03-15 16:35:06,222 [40] INFO  SwitchLink.HostNode.Communication.Services.BankingCoreService [(null)] - Host State changed SignedOn --> Transacting
2016-03-15 16:35:06,222 [19] INFO  SwitchLink.HostNode.Communication.Controller.BankingCommunicationController [(null)] - Received a message: 005A02103222001182C008810130000000000390000315163506047631031844000002500656025808610010013030534D323030303031343337353836303030202020202020000000000000000200000007485929365A0400000000
2016-03-15 16:35:06,222 [19] DEBUG SwitchLink.ProtocalFactory.HostNode.Factory [(null)] - <STX><DLE>2"<NUL><DC1>\u0082\u00C0<BS>\u0081<SOH>0<NUL><NUL><NUL><NUL><ETX>\u0090<NUL><ETX><NAK><SYN>5<ACK><EOT>v1<ETX><CAN>D<NUL><NUL><STX>P<ACK>V<STX>X<BS>a<NUL><DLE><SOH>00SM200001437586000      <NUL><NUL><NUL><NUL><NUL><NUL><NUL><STX><NUL><NUL><NUL><BEL>HY)6Z<EOT><NUL><NUL><NUL><NUL>
2016-03-15 16:35:06,222 [19] INFO  SwitchLink.HostNode.Communication.Services.BankingCoreService [(null)] - Host State changed Transacting --> SignedOn
2016-03-15 16:35:06,222 [19] INFO  SwitchLink.HostNode.Communication.Controller.BankingCommunicationController [(null)] - Received transaction ref: 47631 from Partner
2016-03-15 16:35:06,237 [19] INFO  SwitchLink.HostNode.SocketServer.HostNode [(null)] - A client is disconnected! Client Id = 0dc7a335-5de2-4eab-b0a6-2149555a583d
2016-03-15 16:35:06,237 [10] INFO  SwitchLink.HostNode.SocketServer.HostNode [(null)] - A new client is Connected. Client Id = 615002ba-f140-4650-a2e5-b554b764a131
2016-03-15 16:35:06,269 [39] DEBUG SwitchLink.HostNode.Communication.Services.HostNodeRequestService [(null)] - Creating Transaction Request
2016-03-15 16:35:06,269 [39] DEBUG SwitchLink.HostNode.Services.TransactionService [(null)] - Creating TransactionModel Request
2016-03-15 16:35:06,284 [39] INFO  SwitchLink.ProtocalFactory.HostNode.Helper.BankMessageBuilder [(null)] - host node build (0200) request transaction authorization ==> 0130000000000390000315163506047632163506031503175811002141440000025006560258324902370000002348D121210111234123313630333030303438313232534D323030303031343337353836303030202020202020342F3235204749424245532053542C205359444E45592C204E53572C20415520202020202020202030323854434330315C45464330303030303030305C434349305C46424B565C32E63EF8F18D29E8000000000000000200000003900029365A0400000000
2016-03-15 16:35:06,284 [39] DEBUG SwitchLink.HostNode.Communication.Services.HostNodeRequestService [(null)] - Get Transaction Response
2016-03-15 16:35:06,284 [39] INFO  SwitchLink.HostNode.Communication.Services.BankingCoreService [(null)] - Host State changed SignedOn --> Transacting
2016-03-15 16:35:06,284 [19] INFO  SwitchLink.HostNode.Communication.Controller.BankingCommunicationController [(null)] - Received a message: 005A02103222001182C008810130000000000390000315163506047632031844000002500656025808610010013030534D323030303031343337353836303030202020202020000000000000000200000006631329365A0400000000
2016-03-15 16:35:06,284 [19] DEBUG SwitchLink.ProtocalFactory.HostNode.Factory [(null)] - <STX><DLE>2"<NUL><DC1>\u0082\u00C0<BS>\u0081<SOH>0<NUL><NUL><NUL><NUL><ETX>\u0090<NUL><ETX><NAK><SYN>5<ACK><EOT>v2<ETX><CAN>D<NUL><NUL><STX>P<ACK>V<STX>X<BS>a<NUL><DLE><SOH>00SM200001437586000      <NUL><NUL><NUL><NUL><NUL><NUL><NUL><STX><NUL><NUL><NUL><ACK>c<DC3>)6Z<EOT><NUL><NUL><NUL><NUL>
2016-03-15 16:35:06,284 [19] INFO  SwitchLink.HostNode.Communication.Services.BankingCoreService [(null)] - Host State changed Transacting --> SignedOn
2016-03-15 16:35:06,284 [19] INFO  SwitchLink.HostNode.Communication.Controller.BankingCommunicationController [(null)] - Received transaction ref: 47632 from Partner
2016-03-15 16:35:06,284 [19] INFO  SwitchLink.HostNode.SocketServer.HostNode [(null)] - A client is disconnected! Client Id = 6adf4b79-d3ca-48b9-9884-c7d59aa42c47
2016-03-15 16:35:06,284 [10] INFO  SwitchLink.HostNode.SocketServer.HostNode [(null)] - A new client is Connected. Client Id = c7ae7b9d-ce4f-49f2-89e4-60450b48ff69
2016-03-15 16:35:06,331 [37] DEBUG SwitchLink.HostNode.Communication.Services.HostNodeRequestService [(null)] - Creating Transaction Request
2016-03-15 16:35:06,331 [37] DEBUG SwitchLink.HostNode.Services.TransactionService [(null)] - Creating TransactionModel Request
2016-03-15 16:35:06,331 [37] INFO  SwitchLink.ProtocalFactory.HostNode.Helper.BankMessageBuilder [(null)] - host node build (0200) request transaction authorization ==> 0130000000000330000315163506047633163506031503175811002141440000025006560258324902370000002348D121210111234123313630333030303438313233534D323030303031343337353836303030202020202020342F3235204749424245532053542C205359444E45592C204E53572C20415520202020202020202030323854434330315C45464330303030303030305C434349305C46424B565C32E63EF8F18D29E8000000000000000200000003300029365A0400000000
2016-03-15 16:35:06,331 [37] DEBUG SwitchLink.HostNode.Communication.Services.HostNodeRequestService [(null)] - Get Transaction Response
2016-03-15 16:35:06,331 [37] INFO  SwitchLink.HostNode.Communication.Services.BankingCoreService [(null)] - Host State changed SignedOn --> Transacting
2016-03-15 16:35:06,347 [19] INFO  SwitchLink.HostNode.Communication.Controller.BankingCommunicationController [(null)] - Received a message: 005A02103222001182C008810130000000000330000315163506047633031844000002500656025808610010013036534D323030303031343337353836303030202020202020000000000000000200000000656929365A0400000000
2016-03-15 16:35:06,347 [19] DEBUG SwitchLink.ProtocalFactory.HostNode.Factory [(null)] - <STX><DLE>2"<NUL><DC1>\u0082\u00C0<BS>\u0081<SOH>0<NUL><NUL><NUL><NUL><ETX>0<NUL><ETX><NAK><SYN>5<ACK><EOT>v3<ETX><CAN>D<NUL><NUL><STX>P<ACK>V<STX>X<BS>a<NUL><DLE><SOH>06SM200001437586000      <NUL><NUL><NUL><NUL><NUL><NUL><NUL><STX><NUL><NUL><NUL><NUL>ei)6Z<EOT><NUL><NUL><NUL><NUL>
2016-03-15 16:35:06,347 [19] INFO  SwitchLink.HostNode.Communication.Services.BankingCoreService [(null)] - Host State changed Transacting --> SignedOn
2016-03-15 16:35:06,347 [19] INFO  SwitchLink.HostNode.Communication.Controller.BankingCommunicationController [(null)] - Received transaction ref: 47633 from Partner
2016-03-15 16:35:06,347 [19] INFO  SwitchLink.HostNode.SocketServer.HostNode [(null)] - A client is disconnected! Client Id = ebfe7cc5-2f72-46fb-8589-9f6f21f389ff
2016-03-15 16:35:06,378 [40] DEBUG SwitchLink.HostNode.Communication.Services.HostNodeRequestService [(null)] - Creating Transaction Request
2016-03-15 16:35:06,378 [40] DEBUG SwitchLink.HostNode.Services.TransactionService [(null)] - Creating TransactionModel Request
2016-03-15 16:35:06,378 [40] INFO  SwitchLink.ProtocalFactory.HostNode.Helper.BankMessageBuilder [(null)] - host node build (0200) request transaction authorization ==> 0130000000000330000315163506047634163506031503175811002141440000025006560258324902370000002348D121210111234123313630333030303438313234534D323030303031343337353836303030202020202020342F3235204749424245532053542C205359444E45592C204E53572C20415520202020202020202030323854434330315C45464330303030303030305C434349305C46424B565C32E63EF8F18D29E8000000000000000200000003300029365A0400000000
2016-03-15 16:35:06,378 [40] DEBUG SwitchLink.HostNode.Communication.Services.HostNodeRequestService [(null)] - Get Transaction Response
2016-03-15 16:35:06,378 [40] INFO  SwitchLink.HostNode.Communication.Services.BankingCoreService [(null)] - Host State changed SignedOn --> Transacting
2016-03-15 16:35:06,378 [19] INFO  SwitchLink.HostNode.Communication.Controller.BankingCommunicationController [(null)] - Received a message: 005A02103222001182C008810130000000000330000315163506047634031844000002500656025808610010013030534D323030303031343337353836303030202020202020000000000000000200000007689529365A0400000000
2016-03-15 16:35:06,378 [19] DEBUG SwitchLink.ProtocalFactory.HostNode.Factory [(null)] - <STX><DLE>2"<NUL><DC1>\u0082\u00C0<BS>\u0081<SOH>0<NUL><NUL><NUL><NUL><ETX>0<NUL><ETX><NAK><SYN>5<ACK><EOT>v4<ETX><CAN>D<NUL><NUL><STX>P<ACK>V<STX>X<BS>a<NUL><DLE><SOH>00SM200001437586000      <NUL><NUL><NUL><NUL><NUL><NUL><NUL><STX><NUL><NUL><NUL><BEL>h\u0095)6Z<EOT><NUL><NUL><NUL><NUL>
2016-03-15 16:35:06,378 [19] INFO  SwitchLink.HostNode.Communication.Services.BankingCoreService [(null)] - Host State changed Transacting --> SignedOn
2016-03-15 16:35:06,378 [19] INFO  SwitchLink.HostNode.Communication.Controller.BankingCommunicationController [(null)] - Received transaction ref: 47634 from Partner
2016-03-15 16:35:06,378 [19] INFO  SwitchLink.HostNode.SocketServer.HostNode [(null)] - A client is disconnected! Client Id = baa1359c-7394-413b-a4f0-58ae47c87572
2016-03-15 16:35:06,425 [39] DEBUG SwitchLink.HostNode.Communication.Services.HostNodeRequestService [(null)] - Creating Transaction Request
2016-03-15 16:35:06,425 [39] DEBUG SwitchLink.HostNode.Services.TransactionService [(null)] - Creating TransactionModel Request
2016-03-15 16:35:06,425 [39] INFO  SwitchLink.ProtocalFactory.HostNode.Helper.BankMessageBuilder [(null)] - host node build (0200) request transaction authorization ==> 0130000000000330000315163506047635163506031503175811002141440000025006560258324902370000002348D121210111234123313630333030303438313235534D323030303031343337353836303030202020202020342F3235204749424245532053542C205359444E45592C204E53572C20415520202020202020202030323854434330315C45464330303030303030305C434349305C46424B565C32E63EF8F18D29E8000000000000000200000003300029365A0400000000
2016-03-15 16:35:06,425 [39] DEBUG SwitchLink.HostNode.Communication.Services.HostNodeRequestService [(null)] - Get Transaction Response
2016-03-15 16:35:06,425 [39] INFO  SwitchLink.HostNode.Communication.Services.BankingCoreService [(null)] - Host State changed SignedOn --> Transacting
2016-03-15 16:35:06,425 [19] INFO  SwitchLink.HostNode.Communication.Controller.BankingCommunicationController [(null)] - Received a message: 005A02103222001182C008810130000000000330000315163506047635031844000002500656025808610010013030534D323030303031343337353836303030202020202020000000000000000200000007998929365A0400000000
2016-03-15 16:35:06,425 [19] DEBUG SwitchLink.ProtocalFactory.HostNode.Factory [(null)] - <STX><DLE>2"<NUL><DC1>\u0082\u00C0<BS>\u0081<SOH>0<NUL><NUL><NUL><NUL><ETX>0<NUL><ETX><NAK><SYN>5<ACK><EOT>v5<ETX><CAN>D<NUL><NUL><STX>P<ACK>V<STX>X<BS>a<NUL><DLE><SOH>00SM200001437586000      <NUL><NUL><NUL><NUL><NUL><NUL><NUL><STX><NUL><NUL><NUL><BEL>\u0099\u0089)6Z<EOT><NUL><NUL><NUL><NUL>
2016-03-15 16:35:06,425 [19] INFO  SwitchLink.HostNode.Communication.Services.BankingCoreService [(null)] - Host State changed Transacting --> SignedOn
2016-03-15 16:35:06,425 [19] INFO  SwitchLink.HostNode.Communication.Controller.BankingCommunicationController [(null)] - Received transaction ref: 47635 from Partner
2016-03-15 16:35:06,425 [19] INFO  SwitchLink.HostNode.SocketServer.HostNode [(null)] - A client is disconnected! Client Id = 1e4a2c01-24b9-4602-b77c-23d952e14e14
2016-03-15 16:35:06,473 [37] DEBUG SwitchLink.HostNode.Communication.Services.HostNodeRequestService [(null)] - Creating Transaction Request
2016-03-15 16:35:06,473 [37] DEBUG SwitchLink.HostNode.Services.TransactionService [(null)] - Creating TransactionModel Request
2016-03-15 16:35:06,473 [37] INFO  SwitchLink.ProtocalFactory.HostNode.Helper.BankMessageBuilder [(null)] - host node build (0200) request transaction authorization ==> 0130000000000330000315163506047636163506031503175811002141440000025006560258324902370000002348D121210111234123313630333030303438313236534D323030303031343337353836303030202020202020342F3235204749424245532053542C205359444E45592C204E53572C20415520202020202020202030323854434330315C45464330303030303030305C434349305C46424B565C32E63EF8F18D29E8000000000000000200000003300029365A0400000000
2016-03-15 16:35:06,473 [37] DEBUG SwitchLink.HostNode.Communication.Services.HostNodeRequestService [(null)] - Get Transaction Response
2016-03-15 16:35:06,487 [37] INFO  SwitchLink.HostNode.Communication.Services.BankingCoreService [(null)] - Host State changed SignedOn --> Transacting
2016-03-15 16:35:06,487 [19] INFO  SwitchLink.HostNode.Communication.Controller.BankingCommunicationController [(null)] - Received a message: 005A02103222001182C008810130000000000330000315163506047636031844000002500656025808610010013030534D323030303031343337353836303030202020202020000000000000000200000007144229365A0400000000
2016-03-15 16:35:06,487 [19] DEBUG SwitchLink.ProtocalFactory.HostNode.Factory [(null)] - <STX><DLE>2"<NUL><DC1>\u0082\u00C0<BS>\u0081<SOH>0<NUL><NUL><NUL><NUL><ETX>0<NUL><ETX><NAK><SYN>5<ACK><EOT>v6<ETX><CAN>D<NUL><NUL><STX>P<ACK>V<STX>X<BS>a<NUL><DLE><SOH>00SM200001437586000      <NUL><NUL><NUL><NUL><NUL><NUL><NUL><STX><NUL><NUL><NUL><BEL><DC4>B)6Z<EOT><NUL><NUL><NUL><NUL>
2016-03-15 16:35:06,487 [19] INFO  SwitchLink.HostNode.Communication.Services.BankingCoreService [(null)] - Host State changed Transacting --> SignedOn
2016-03-15 16:35:06,487 [19] INFO  SwitchLink.HostNode.Communication.Controller.BankingCommunicationController [(null)] - Received transaction ref: 47636 from Partner
2016-03-15 16:35:06,487 [19] INFO  SwitchLink.HostNode.SocketServer.HostNode [(null)] - A client is disconnected! Client Id = ae2c21ae-d5c8-4679-b565-d41ddaa48cf5
2016-03-15 16:35:06,519 [40] DEBUG SwitchLink.HostNode.Communication.Services.HostNodeRequestService [(null)] - Creating Transaction Request
2016-03-15 16:35:06,519 [40] DEBUG SwitchLink.HostNode.Services.TransactionService [(null)] - Creating TransactionModel Request
2016-03-15 16:35:06,534 [40] INFO  SwitchLink.ProtocalFactory.HostNode.Helper.BankMessageBuilder [(null)] - host node build (0200) request transaction authorization ==> 0120000000000090000315163506047637163506031503175811002141440000025006560258324902370000002348D121210111234123313630333030303438313237534D323030303031343337353836303030202020202020342F3235204749424245532053542C205359444E45592C204E53572C20415520202020202020202030323854434330315C45464330303030303030305C434349305C46424B565C32E63EF8F18D29E8000000000000000200000000900029365A0400000000
2016-03-15 16:35:06,534 [40] DEBUG SwitchLink.HostNode.Communication.Services.HostNodeRequestService [(null)] - Get Transaction Response
2016-03-15 16:35:06,534 [40] INFO  SwitchLink.HostNode.Communication.Services.BankingCoreService [(null)] - Host State changed SignedOn --> Transacting
2016-03-15 16:35:06,534 [19] INFO  SwitchLink.HostNode.Communication.Controller.BankingCommunicationController [(null)] - Received a message: 005A02103222001182C008810120000000000090000315163506047637031844000002500656025808610010013030534D323030303031343337353836303030202020202020000000000000000200000002773329365A0400000000
2016-03-15 16:35:06,534 [19] DEBUG SwitchLink.ProtocalFactory.HostNode.Factory [(null)] - <STX><DLE>2"<NUL><DC1>\u0082\u00C0<BS>\u0081<SOH> <NUL><NUL><NUL><NUL><NUL>\u0090<NUL><ETX><NAK><SYN>5<ACK><EOT>v7<ETX><CAN>D<NUL><NUL><STX>P<ACK>V<STX>X<BS>a<NUL><DLE><SOH>00SM200001437586000      <NUL><NUL><NUL><NUL><NUL><NUL><NUL><STX><NUL><NUL><NUL><STX>w3)6Z<EOT><NUL><NUL><NUL><NUL>
2016-03-15 16:35:06,534 [19] INFO  SwitchLink.HostNode.Communication.Services.BankingCoreService [(null)] - Host State changed Transacting --> SignedOn
2016-03-15 16:35:06,534 [19] INFO  SwitchLink.HostNode.Communication.Controller.BankingCommunicationController [(null)] - Received transaction ref: 47637 from Partner
2016-03-15 16:35:06,534 [19] INFO  SwitchLink.HostNode.SocketServer.HostNode [(null)] - A client is disconnected! Client Id = 615002ba-f140-4650-a2e5-b554b764a131
2016-03-15 16:35:06,581 [39] DEBUG SwitchLink.HostNode.Communication.Services.HostNodeRequestService [(null)] - Creating Transaction Request
2016-03-15 16:35:06,581 [39] DEBUG SwitchLink.HostNode.Services.TransactionService [(null)] - Creating TransactionModel Request
2016-03-15 16:35:06,581 [39] INFO  SwitchLink.ProtocalFactory.HostNode.Helper.BankMessageBuilder [(null)] - host node build (0200) request transaction authorization ==> 0120000000000090000315163506047638163506031503175811002141440000025006560258324902370000002348D121210111234123313630333030303438313238534D323030303031343337353836303030202020202020342F3235204749424245532053542C205359444E45592C204E53572C20415520202020202020202030323854434330315C45464330303030303030305C434349305C46424B565C32E63EF8F18D29E8000000000000000200000000900029365A0400000000
2016-03-15 16:35:06,581 [39] DEBUG SwitchLink.HostNode.Communication.Services.HostNodeRequestService [(null)] - Get Transaction Response
2016-03-15 16:35:06,581 [39] INFO  SwitchLink.HostNode.Communication.Services.BankingCoreService [(null)] - Host State changed SignedOn --> Transacting
2016-03-15 16:35:06,581 [19] INFO  SwitchLink.HostNode.Communication.Controller.BankingCommunicationController [(null)] - Received a message: 005A02103222001182C008810120000000000090000315163506047638031844000002500656025808610010013030534D323030303031343337353836303030202020202020000000000000000200000008202429365A0400000000
2016-03-15 16:35:06,581 [19] DEBUG SwitchLink.ProtocalFactory.HostNode.Factory [(null)] - <STX><DLE>2"<NUL><DC1>\u0082\u00C0<BS>\u0081<SOH> <NUL><NUL><NUL><NUL><NUL>\u0090<NUL><ETX><NAK><SYN>5<ACK><EOT>v8<ETX><CAN>D<NUL><NUL><STX>P<ACK>V<STX>X<BS>a<NUL><DLE><SOH>00SM200001437586000      <NUL><NUL><NUL><NUL><NUL><NUL><NUL><STX><NUL><NUL><NUL><BS> $)6Z<EOT><NUL><NUL><NUL><NUL>
2016-03-15 16:35:06,581 [19] INFO  SwitchLink.HostNode.Communication.Services.BankingCoreService [(null)] - Host State changed Transacting --> SignedOn
2016-03-15 16:35:06,581 [19] INFO  SwitchLink.HostNode.Communication.Controller.BankingCommunicationController [(null)] - Received transaction ref: 47638 from Partner
2016-03-15 16:35:06,581 [19] INFO  SwitchLink.HostNode.SocketServer.HostNode [(null)] - A client is disconnected! Client Id = c7ae7b9d-ce4f-49f2-89e4-60450b48ff69
2016-03-15 16:35:08,363 [10] INFO  SwitchLink.HostNode.SocketServer.HostNode [(null)] - A new client is Connected. Client Id = 7ec744f4-03d3-4952-8be8-b7343cec1add
2016-03-15 16:35:08,363 [10] INFO  SwitchLink.HostNode.SocketServer.HostNode [(null)] - A new client is Connected. Client Id = 3deb83a2-b2e9-40fa-ae76-9f391e214173
2016-03-15 16:35:08,363 [37] INFO  SwitchLink.HostNode.Communication.Services.BankingCoreService [(null)] - Host State changed SignedOn --> Transacting
2016-03-15 16:35:08,363 [19] INFO  SwitchLink.HostNode.Communication.Controller.BankingCommunicationController [(null)] - Received a message: 005004303222001182C00880200000000000022000031516350804759403164400000250010008610010013030534D3230303030313433373538363030302020202020200000000000000002000000000000
2016-03-15 16:35:08,363 [19] DEBUG SwitchLink.ProtocalFactory.HostNode.Factory [(null)] - <EOT>02"<NUL><DC1>\u0082\u00C0<BS>\u0080 <NUL><NUL><NUL><NUL><NUL><STX> <NUL><ETX><NAK><SYN>5<BS><EOT>u\u0094<ETX><SYN>D<NUL><NUL><STX>P<SOH><NUL><BS>a<NUL><DLE><SOH>00SM200001437586000      <NUL><NUL><NUL><NUL><NUL><NUL><NUL><STX><NUL><NUL><NUL><NUL><NUL><NUL>
2016-03-15 16:35:08,363 [19] INFO  SwitchLink.HostNode.Communication.Services.BankingCoreService [(null)] - Host State changed Transacting --> SignedOn
2016-03-15 16:35:08,363 [19] INFO  SwitchLink.HostNode.Communication.Controller.BankingCommunicationController [(null)] - Received transaction ref: 47594 from Partner
2016-03-15 16:35:08,363 [19] INFO  SwitchLink.HostNode.SocketServer.HostNode [(null)] - A client is disconnected! Client Id = 7ec744f4-03d3-4952-8be8-b7343cec1add
2016-03-15 16:35:08,378 [10] INFO  SwitchLink.HostNode.SocketServer.HostNode [(null)] - A new client is Connected. Client Id = ecb3fa8e-8bc5-472a-9c65-c8a0f50291c8
2016-03-15 16:35:08,378 [39] INFO  SwitchLink.HostNode.Communication.Services.BankingCoreService [(null)] - Host State changed SignedOn --> Transacting
2016-03-15 16:35:08,378 [19] INFO  SwitchLink.HostNode.Communication.Controller.BankingCommunicationController [(null)] - Received a message: 005004303222001182C00880200000000000035000031516350804760403164400000250010008610010013030534D3230303030313433373538363030302020202020200000000000000002000000000000
2016-03-15 16:35:08,378 [19] DEBUG SwitchLink.ProtocalFactory.HostNode.Factory [(null)] - <EOT>02"<NUL><DC1>\u0082\u00C0<BS>\u0080 <NUL><NUL><NUL><NUL><NUL><ETX>P<NUL><ETX><NAK><SYN>5<BS><EOT>v<EOT><ETX><SYN>D<NUL><NUL><STX>P<SOH><NUL><BS>a<NUL><DLE><SOH>00SM200001437586000      <NUL><NUL><NUL><NUL><NUL><NUL><NUL><STX><NUL><NUL><NUL><NUL><NUL><NUL>
2016-03-15 16:35:08,378 [19] INFO  SwitchLink.HostNode.Communication.Services.BankingCoreService [(null)] - Host State changed Transacting --> SignedOn
2016-03-15 16:35:08,378 [19] INFO  SwitchLink.HostNode.Communication.Controller.BankingCommunicationController [(null)] - Received transaction ref: 47604 from Partner
2016-03-15 16:35:08,378 [19] INFO  SwitchLink.HostNode.SocketServer.HostNode [(null)] - A client is disconnected! Client Id = ecb3fa8e-8bc5-472a-9c65-c8a0f50291c8
2016-03-15 16:35:08,409 [40] INFO  SwitchLink.HostNode.Communication.Services.BankingCoreService [(null)] - Host State changed SignedOn --> Transacting
2016-03-15 16:35:08,409 [19] INFO  SwitchLink.HostNode.Communication.Controller.BankingCommunicationController [(null)] - Received a message: 005004303222001182C00880200000000000035000031516350804759903164400000250010008610010013030534D3230303030313433373538363030302020202020200000000000000002000000000000
2016-03-15 16:35:08,409 [19] DEBUG SwitchLink.ProtocalFactory.HostNode.Factory [(null)] - <EOT>02"<NUL><DC1>\u0082\u00C0<BS>\u0080 <NUL><NUL><NUL><NUL><NUL><ETX>P<NUL><ETX><NAK><SYN>5<BS><EOT>u\u0099<ETX><SYN>D<NUL><NUL><STX>P<SOH><NUL><BS>a<NUL><DLE><SOH>00SM200001437586000      <NUL><NUL><NUL><NUL><NUL><NUL><NUL><STX><NUL><NUL><NUL><NUL><NUL><NUL>
2016-03-15 16:35:08,409 [19] INFO  SwitchLink.HostNode.Communication.Services.BankingCoreService [(null)] - Host State changed Transacting --> SignedOn
2016-03-15 16:35:08,409 [19] INFO  SwitchLink.HostNode.Communication.Controller.BankingCommunicationController [(null)] - Received transaction ref: 47599 from Partner
2016-03-15 16:35:08,409 [19] INFO  SwitchLink.HostNode.SocketServer.HostNode [(null)] - A client is disconnected! Client Id = 3deb83a2-b2e9-40fa-ae76-9f391e214173
2016-03-15 16:35:09,332 [10] INFO  SwitchLink.HostNode.SocketServer.HostNode [(null)] - A new client is Connected. Client Id = 8582c2ee-69ac-4b33-91cc-918162c7d91a
2016-03-15 16:35:09,332 [39] INFO  SwitchLink.HostNode.Communication.Services.BankingCoreService [(null)] - Host State changed SignedOn --> Transacting
2016-03-15 16:35:09,347 [19] INFO  SwitchLink.HostNode.Communication.Controller.BankingCommunicationController [(null)] - Received a message: 005004303222001182C00880200000000000005000031516350904761703164400000250010008610010013030534D3230303030313433373538363030302020202020200000000000000002000000000000
2016-03-15 16:35:09,347 [19] DEBUG SwitchLink.ProtocalFactory.HostNode.Factory [(null)] - <EOT>02"<NUL><DC1>\u0082\u00C0<BS>\u0080 <NUL><NUL><NUL><NUL><NUL><NUL>P<NUL><ETX><NAK><SYN>5<HT><EOT>v<ETB><ETX><SYN>D<NUL><NUL><STX>P<SOH><NUL><BS>a<NUL><DLE><SOH>00SM200001437586000      <NUL><NUL><NUL><NUL><NUL><NUL><NUL><STX><NUL><NUL><NUL><NUL><NUL><NUL>
2016-03-15 16:35:09,347 [19] INFO  SwitchLink.HostNode.Communication.Services.BankingCoreService [(null)] - Host State changed Transacting --> SignedOn
2016-03-15 16:35:09,347 [19] INFO  SwitchLink.HostNode.Communication.Controller.BankingCommunicationController [(null)] - Received transaction ref: 47617 from Partner
2016-03-15 16:35:09,347 [19] INFO  SwitchLink.HostNode.SocketServer.HostNode [(null)] - A client is disconnected! Client Id = 8582c2ee-69ac-4b33-91cc-918162c7d91a
2016-03-15 16:35:09,597 [10] INFO  SwitchLink.HostNode.SocketServer.HostNode [(null)] - A new client is Connected. Client Id = 7e50eb3e-bd48-4114-ba71-925992758fc8
2016-03-15 16:35:09,597 [10] INFO  SwitchLink.HostNode.SocketServer.HostNode [(null)] - A new client is Connected. Client Id = 2f140732-da26-4399-a3c3-5357c13ef30e
2016-03-15 16:35:09,597 [35] INFO  SwitchLink.HostNode.Communication.Services.BankingCoreService [(null)] - Host State changed SignedOn --> Transacting
2016-03-15 16:35:09,597 [19] INFO  SwitchLink.HostNode.Communication.Controller.BankingCommunicationController [(null)] - Received a message: 005004303222001182C00880200000000000033000031516350904763503164400000250010008610010013030534D3230303030313433373538363030302020202020200000000000000002000000000000
2016-03-15 16:35:09,597 [19] DEBUG SwitchLink.ProtocalFactory.HostNode.Factory [(null)] - <EOT>02"<NUL><DC1>\u0082\u00C0<BS>\u0080 <NUL><NUL><NUL><NUL><NUL><ETX>0<NUL><ETX><NAK><SYN>5<HT><EOT>v5<ETX><SYN>D<NUL><NUL><STX>P<SOH><NUL><BS>a<NUL><DLE><SOH>00SM200001437586000      <NUL><NUL><NUL><NUL><NUL><NUL><NUL><STX><NUL><NUL><NUL><NUL><NUL><NUL>
2016-03-15 16:35:09,597 [19] INFO  SwitchLink.HostNode.Communication.Services.BankingCoreService [(null)] - Host State changed Transacting --> SignedOn
2016-03-15 16:35:09,597 [19] INFO  SwitchLink.HostNode.Communication.Controller.BankingCommunicationController [(null)] - Received transaction ref: 47635 from Partner
2016-03-15 16:35:09,597 [39] INFO  SwitchLink.HostNode.Communication.Services.BankingCoreService [(null)] - Host State changed SignedOn --> Transacting
2016-03-15 16:35:09,597 [19] INFO  SwitchLink.HostNode.Communication.Controller.BankingCommunicationController [(null)] - Received a message: 005004303222001182C00880200000000000009000031516350904763703164400000250010008610010013030534D3230303030313433373538363030302020202020200000000000000002000000000000
2016-03-15 16:35:09,597 [19] DEBUG SwitchLink.ProtocalFactory.HostNode.Factory [(null)] - <EOT>02"<NUL><DC1>\u0082\u00C0<BS>\u0080 <NUL><NUL><NUL><NUL><NUL><NUL>\u0090<NUL><ETX><NAK><SYN>5<HT><EOT>v7<ETX><SYN>D<NUL><NUL><STX>P<SOH><NUL><BS>a<NUL><DLE><SOH>00SM200001437586000      <NUL><NUL><NUL><NUL><NUL><NUL><NUL><STX><NUL><NUL><NUL><NUL><NUL><NUL>
2016-03-15 16:35:09,597 [19] INFO  SwitchLink.HostNode.Communication.Services.BankingCoreService [(null)] - Host State changed Transacting --> SignedOn
2016-03-15 16:35:09,597 [19] INFO  SwitchLink.HostNode.Communication.Controller.BankingCommunicationController [(null)] - Received transaction ref: 47637 from Partner
2016-03-15 16:35:09,597 [36] INFO  SwitchLink.HostNode.SocketServer.HostNode [(null)] - A client is disconnected! Client Id = 7e50eb3e-bd48-4114-ba71-925992758fc8
2016-03-15 16:35:09,597 [19] INFO  SwitchLink.HostNode.SocketServer.HostNode [(null)] - A client is disconnected! Client Id = 2f140732-da26-4399-a3c3-5357c13ef30e
