2016-03-15 16:26:15,858 [7] INFO  SwitchLink.CoreNode.SocketServer.CoreNode [(null)] - A new client is connected. Client Id = 9f9f3719-b2ac-4682-af1e-235845d24fbc
2016-03-15 16:26:15,873 [4] DEBUG SwitchLink.CoreNode.Services.CoreNodeRequestService [(null)] - Getting Host Response Object
2016-03-15 16:26:15,873 [24] DEBUG SwitchLink.CoreNode.Services.CryptographyService [(null)] - Geting Name location for Terminal
2016-03-15 16:26:15,873 [28] INFO  SwitchLink.CoreNode.SocketServer.CoreNode [(null)] - A client is disconnected! Client Id = 7eef597e-78e0-468b-b1b3-6499b5ace23e
2016-03-15 16:26:15,873 [22] DEBUG SwitchLink.CoreNode.Services.CoreNodeRequestService [(null)] - Getting Host Response Object
2016-03-15 16:26:15,873 [28] INFO  SwitchLink.CoreNode.SocketServer.CoreNode [(null)] - A client is disconnected! Client Id = abf039d5-8090-419e-8670-b94caed61ddb
2016-03-15 16:26:15,873 [24] DEBUG SwitchLink.CoreNode.Services.ReversalService [(null)] - Constructing Core Request Object
2016-03-15 16:26:15,873 [24] DEBUG SwitchLink.CoreNode.Services.CoreNodeRequestService [(null)] - Sending Core Request Object
2016-03-15 16:26:15,889 [24] DEBUG SwitchLink.CoreNode.Services.CoreNodeRequestService [(null)] - Getting Host Response Object
2016-03-15 16:26:15,889 [28] INFO  SwitchLink.CoreNode.SocketServer.CoreNode [(null)] - A client is disconnected! Client Id = 9f9f3719-b2ac-4682-af1e-235845d24fbc
2016-03-15 16:26:15,967 [20] DEBUG SwitchLink.CoreNode.Services.CoreNodeRequestService [(null)] - Getting Host Response Object
2016-03-15 16:26:15,967 [28] INFO  SwitchLink.CoreNode.SocketServer.CoreNode [(null)] - A client is disconnected! Client Id = 3d62df01-f04f-4002-baa3-a36a5d50fe7e
2016-03-15 16:34:53,925 [7] INFO  SwitchLink.CoreNode.SocketServer.CoreNode [(null)] - A new client is connected. Client Id = fb308dee-8bac-46a3-87e2-fe448a4dff8d
2016-03-15 16:34:53,925 [7] INFO  SwitchLink.CoreNode.SocketServer.CoreNode [(null)] - A new client is connected. Client Id = b0cf3182-8665-4190-9334-76af7670cdce
2016-03-15 16:34:53,925 [35] DEBUG SwitchLink.CoreNode.Services.CryptographyService [(null)] - Geting Keys for Pin Translation
2016-03-15 16:34:53,925 [33] DEBUG SwitchLink.CoreNode.Services.CryptographyService [(null)] - Geting Keys for Pin Translation
2016-03-15 16:34:53,925 [7] INFO  SwitchLink.CoreNode.SocketServer.CoreNode [(null)] - A new client is connected. Client Id = fdd7f00e-8e86-4c87-bba1-dc5a0419f879
2016-03-15 16:34:53,940 [36] DEBUG SwitchLink.CoreNode.Services.CryptographyService [(null)] - Geting Keys for Pin Translation
2016-03-15 16:34:53,940 [7] INFO  SwitchLink.CoreNode.SocketServer.CoreNode [(null)] - A new client is connected. Client Id = 3a2cec92-ca9f-4749-bed9-e2db4ea19e83
2016-03-15 16:34:53,940 [37] DEBUG SwitchLink.CoreNode.Services.CryptographyService [(null)] - Geting Keys for Pin Translation
2016-03-15 16:34:53,972 [35] DEBUG SwitchLink.CoreNode.Services.CryptographyService [(null)] - Formatting PAN
2016-03-15 16:34:53,972 [35] DEBUG SwitchLink.CoreNode.Services.CryptographyService [(null)] - Translating Pin Block
2016-03-15 16:34:53,972 [35] INFO  SwitchLink.Cryptography.TritonCryptography.TritonCryptography [(null)] - Generating TPK Pin Block
2016-03-15 16:34:53,972 [35] INFO  SwitchLink.Cryptography.TritonCryptography.TritonCryptography [(null)] - Message to HSM :D4U2D28A367F94D9D48B1ED46D295998884U6B346B24844A2C5B9E54A675AB70E776EECCBD2A57B822E7237000000234
2016-03-15 16:34:53,972 [33] DEBUG SwitchLink.CoreNode.Services.CryptographyService [(null)] - Formatting PAN
2016-03-15 16:34:53,972 [33] DEBUG SwitchLink.CoreNode.Services.CryptographyService [(null)] - Translating Pin Block
2016-03-15 16:34:53,972 [33] INFO  SwitchLink.Cryptography.TritonCryptography.TritonCryptography [(null)] - Generating TPK Pin Block
2016-03-15 16:34:53,972 [33] INFO  SwitchLink.Cryptography.TritonCryptography.TritonCryptography [(null)] - Message to HSM :D4U2D28A367F94D9D48B1ED46D295998884U6B346B24844A2C5B9E54A675AB70E776EECCBD2A57B822E7237000000234
2016-03-15 16:34:53,972 [7] INFO  SwitchLink.CoreNode.SocketServer.CoreNode [(null)] - A new client is connected. Client Id = 63bcad5e-8830-4052-ba9b-641bc0a0e80b
2016-03-15 16:34:53,972 [38] DEBUG SwitchLink.CoreNode.Services.CryptographyService [(null)] - Geting Keys for Pin Translation
2016-03-15 16:34:53,972 [38] DEBUG SwitchLink.CoreNode.Services.CryptographyService [(null)] - Formatting PAN
2016-03-15 16:34:53,972 [38] DEBUG SwitchLink.CoreNode.Services.CryptographyService [(null)] - Translating Pin Block
2016-03-15 16:34:53,972 [38] INFO  SwitchLink.Cryptography.TritonCryptography.TritonCryptography [(null)] - Generating TPK Pin Block
2016-03-15 16:34:53,972 [38] INFO  SwitchLink.Cryptography.TritonCryptography.TritonCryptography [(null)] - Message to HSM :D4U2D28A367F94D9D48B1ED46D295998884U6B346B24844A2C5B9E54A675AB70E776EECCBD2A57B822E7237000000234
2016-03-15 16:34:53,987 [36] DEBUG SwitchLink.CoreNode.Services.CryptographyService [(null)] - Formatting PAN
2016-03-15 16:34:53,987 [36] DEBUG SwitchLink.CoreNode.Services.CryptographyService [(null)] - Translating Pin Block
2016-03-15 16:34:53,987 [36] INFO  SwitchLink.Cryptography.TritonCryptography.TritonCryptography [(null)] - Generating TPK Pin Block
2016-03-15 16:34:53,987 [36] INFO  SwitchLink.Cryptography.TritonCryptography.TritonCryptography [(null)] - Message to HSM :D4U2D28A367F94D9D48B1ED46D295998884U6B346B24844A2C5B9E54A675AB70E776EECCBD2A57B822E7237000000234
2016-03-15 16:34:53,987 [37] DEBUG SwitchLink.CoreNode.Services.CryptographyService [(null)] - Formatting PAN
2016-03-15 16:34:53,987 [37] DEBUG SwitchLink.CoreNode.Services.CryptographyService [(null)] - Translating Pin Block
2016-03-15 16:34:53,987 [37] INFO  SwitchLink.Cryptography.TritonCryptography.TritonCryptography [(null)] - Generating TPK Pin Block
2016-03-15 16:34:53,987 [37] INFO  SwitchLink.Cryptography.TritonCryptography.TritonCryptography [(null)] - Message to HSM :D4U2D28A367F94D9D48B1ED46D295998884U6B346B24844A2C5B9E54A675AB70E776EECCBD2A57B822E7237000000234
2016-03-15 16:34:54,020 [33] DEBUG SwitchLink.Cryptography.TritonCryptography.TritonCryptography [(null)] - Header: HEAD
2016-03-15 16:34:54,020 [33] DEBUG SwitchLink.Cryptography.TritonCryptography.TritonCryptography [(null)] - ResponseCode: D5
2016-03-15 16:34:54,020 [33] DEBUG SwitchLink.Cryptography.TritonCryptography.TritonCryptography [(null)] - ErrorCode: 00
2016-03-15 16:34:54,020 [33] DEBUG SwitchLink.Cryptography.TritonCryptography.TritonCryptography [(null)] - DestPIN: 32E63EF8F18D29E8
2016-03-15 16:34:54,020 [33] DEBUG SwitchLink.CoreNode.Services.CryptographyService [(null)] - Geting Name location for Terminal
2016-03-15 16:34:54,020 [33] DEBUG SwitchLink.CoreNode.Services.AuthorizationService [(null)] - Constructing Core Request Object
2016-03-15 16:34:54,020 [33] DEBUG SwitchLink.CoreNode.Services.CoreNodeRequestService [(null)] - Sending Core Request Object
2016-03-15 16:34:54,065 [33] DEBUG SwitchLink.CoreNode.Services.CoreNodeRequestService [(null)] - Getting Host Response Object
2016-03-15 16:34:54,065 [35] DEBUG SwitchLink.Cryptography.TritonCryptography.TritonCryptography [(null)] - Header: HEAD
2016-03-15 16:34:54,065 [35] DEBUG SwitchLink.Cryptography.TritonCryptography.TritonCryptography [(null)] - ResponseCode: D5
2016-03-15 16:34:54,065 [35] DEBUG SwitchLink.Cryptography.TritonCryptography.TritonCryptography [(null)] - ErrorCode: 00
2016-03-15 16:34:54,065 [35] DEBUG SwitchLink.Cryptography.TritonCryptography.TritonCryptography [(null)] - DestPIN: 32E63EF8F18D29E8
2016-03-15 16:34:54,081 [35] DEBUG SwitchLink.CoreNode.Services.CryptographyService [(null)] - Geting Name location for Terminal
2016-03-15 16:34:54,081 [35] DEBUG SwitchLink.CoreNode.Services.AuthorizationService [(null)] - Constructing Core Request Object
2016-03-15 16:34:54,081 [35] DEBUG SwitchLink.CoreNode.Services.CoreNodeRequestService [(null)] - Sending Core Request Object
2016-03-15 16:34:54,081 [35] DEBUG SwitchLink.CoreNode.Services.CoreNodeRequestService [(null)] - Getting Host Response Object
2016-03-15 16:34:54,129 [38] DEBUG SwitchLink.Cryptography.TritonCryptography.TritonCryptography [(null)] - Header: HEAD
2016-03-15 16:34:54,129 [38] DEBUG SwitchLink.Cryptography.TritonCryptography.TritonCryptography [(null)] - ResponseCode: D5
2016-03-15 16:34:54,129 [38] DEBUG SwitchLink.Cryptography.TritonCryptography.TritonCryptography [(null)] - ErrorCode: 00
2016-03-15 16:34:54,129 [38] DEBUG SwitchLink.Cryptography.TritonCryptography.TritonCryptography [(null)] - DestPIN: 32E63EF8F18D29E8
2016-03-15 16:34:54,129 [38] DEBUG SwitchLink.CoreNode.Services.CryptographyService [(null)] - Geting Name location for Terminal
2016-03-15 16:34:54,129 [38] DEBUG SwitchLink.CoreNode.Services.AuthorizationService [(null)] - Constructing Core Request Object
2016-03-15 16:34:54,129 [38] DEBUG SwitchLink.CoreNode.Services.CoreNodeRequestService [(null)] - Sending Core Request Object
2016-03-15 16:34:54,129 [38] DEBUG SwitchLink.CoreNode.Services.CoreNodeRequestService [(null)] - Getting Host Response Object
2016-03-15 16:34:54,175 [36] DEBUG SwitchLink.Cryptography.TritonCryptography.TritonCryptography [(null)] - Header: HEAD
2016-03-15 16:34:54,175 [36] DEBUG SwitchLink.Cryptography.TritonCryptography.TritonCryptography [(null)] - ResponseCode: D5
2016-03-15 16:34:54,175 [36] DEBUG SwitchLink.Cryptography.TritonCryptography.TritonCryptography [(null)] - ErrorCode: 00
2016-03-15 16:34:54,175 [36] DEBUG SwitchLink.Cryptography.TritonCryptography.TritonCryptography [(null)] - DestPIN: 32E63EF8F18D29E8
2016-03-15 16:34:54,175 [36] DEBUG SwitchLink.CoreNode.Services.CryptographyService [(null)] - Geting Name location for Terminal
2016-03-15 16:34:54,175 [36] DEBUG SwitchLink.CoreNode.Services.AuthorizationService [(null)] - Constructing Core Request Object
2016-03-15 16:34:54,175 [36] DEBUG SwitchLink.CoreNode.Services.CoreNodeRequestService [(null)] - Sending Core Request Object
2016-03-15 16:34:54,190 [36] DEBUG SwitchLink.CoreNode.Services.CoreNodeRequestService [(null)] - Getting Host Response Object
2016-03-15 16:34:54,222 [37] DEBUG SwitchLink.Cryptography.TritonCryptography.TritonCryptography [(null)] - Header: HEAD
2016-03-15 16:34:54,222 [37] DEBUG SwitchLink.Cryptography.TritonCryptography.TritonCryptography [(null)] - ResponseCode: D5
2016-03-15 16:34:54,222 [37] DEBUG SwitchLink.Cryptography.TritonCryptography.TritonCryptography [(null)] - ErrorCode: 00
2016-03-15 16:34:54,222 [37] DEBUG SwitchLink.Cryptography.TritonCryptography.TritonCryptography [(null)] - DestPIN: 32E63EF8F18D29E8
2016-03-15 16:34:54,222 [37] DEBUG SwitchLink.CoreNode.Services.CryptographyService [(null)] - Geting Name location for Terminal
2016-03-15 16:34:54,222 [37] DEBUG SwitchLink.CoreNode.Services.AuthorizationService [(null)] - Constructing Core Request Object
2016-03-15 16:34:54,222 [37] DEBUG SwitchLink.CoreNode.Services.CoreNodeRequestService [(null)] - Sending Core Request Object
2016-03-15 16:34:54,237 [37] DEBUG SwitchLink.CoreNode.Services.CoreNodeRequestService [(null)] - Getting Host Response Object
2016-03-15 16:34:54,816 [7] INFO  SwitchLink.CoreNode.SocketServer.CoreNode [(null)] - A new client is connected. Client Id = 5eb4bad5-af0b-4870-9067-0499304788da
2016-03-15 16:34:54,816 [38] DEBUG SwitchLink.CoreNode.Services.CryptographyService [(null)] - Geting Keys for Pin Translation
2016-03-15 16:34:54,816 [38] DEBUG SwitchLink.CoreNode.Services.CryptographyService [(null)] - Formatting PAN
2016-03-15 16:34:54,816 [38] DEBUG SwitchLink.CoreNode.Services.CryptographyService [(null)] - Translating Pin Block
2016-03-15 16:34:54,816 [38] INFO  SwitchLink.Cryptography.TritonCryptography.TritonCryptography [(null)] - Generating TPK Pin Block
2016-03-15 16:34:54,831 [38] INFO  SwitchLink.Cryptography.TritonCryptography.TritonCryptography [(null)] - Message to HSM :D4U2D28A367F94D9D48B1ED46D295998884U6B346B24844A2C5B9E54A675AB70E776EECCBD2A57B822E7237000000234
2016-03-15 16:34:54,847 [7] INFO  SwitchLink.CoreNode.SocketServer.CoreNode [(null)] - A new client is connected. Client Id = 6016cee1-4b85-4a20-b814-87282a444a18
2016-03-15 16:34:54,847 [36] DEBUG SwitchLink.CoreNode.Services.CryptographyService [(null)] - Geting Keys for Pin Translation
2016-03-15 16:34:54,847 [36] DEBUG SwitchLink.CoreNode.Services.CryptographyService [(null)] - Formatting PAN
2016-03-15 16:34:54,847 [36] DEBUG SwitchLink.CoreNode.Services.CryptographyService [(null)] - Translating Pin Block
2016-03-15 16:34:54,847 [36] INFO  SwitchLink.Cryptography.TritonCryptography.TritonCryptography [(null)] - Generating TPK Pin Block
2016-03-15 16:34:54,847 [36] INFO  SwitchLink.Cryptography.TritonCryptography.TritonCryptography [(null)] - Message to HSM :D4U2D28A367F94D9D48B1ED46D295998884U6B346B24844A2C5B9E54A675AB70E776EECCBD2A57B822E7237000000234
2016-03-15 16:34:54,878 [38] DEBUG SwitchLink.Cryptography.TritonCryptography.TritonCryptography [(null)] - Header: HEAD
2016-03-15 16:34:54,878 [38] DEBUG SwitchLink.Cryptography.TritonCryptography.TritonCryptography [(null)] - ResponseCode: D5
2016-03-15 16:34:54,878 [38] DEBUG SwitchLink.Cryptography.TritonCryptography.TritonCryptography [(null)] - ErrorCode: 00
2016-03-15 16:34:54,878 [38] DEBUG SwitchLink.Cryptography.TritonCryptography.TritonCryptography [(null)] - DestPIN: 32E63EF8F18D29E8
2016-03-15 16:34:54,878 [38] DEBUG SwitchLink.CoreNode.Services.CryptographyService [(null)] - Geting Name location for Terminal
2016-03-15 16:34:54,893 [38] DEBUG SwitchLink.CoreNode.Services.AuthorizationService [(null)] - Constructing Core Request Object
2016-03-15 16:34:54,893 [38] DEBUG SwitchLink.CoreNode.Services.CoreNodeRequestService [(null)] - Sending Core Request Object
2016-03-15 16:34:54,893 [38] DEBUG SwitchLink.CoreNode.Services.CoreNodeRequestService [(null)] - Getting Host Response Object
2016-03-15 16:34:54,941 [36] DEBUG SwitchLink.Cryptography.TritonCryptography.TritonCryptography [(null)] - Header: HEAD
2016-03-15 16:34:54,941 [36] DEBUG SwitchLink.Cryptography.TritonCryptography.TritonCryptography [(null)] - ResponseCode: D5
2016-03-15 16:34:54,941 [36] DEBUG SwitchLink.Cryptography.TritonCryptography.TritonCryptography [(null)] - ErrorCode: 00
2016-03-15 16:34:54,941 [36] DEBUG SwitchLink.Cryptography.TritonCryptography.TritonCryptography [(null)] - DestPIN: 32E63EF8F18D29E8
2016-03-15 16:34:54,941 [36] DEBUG SwitchLink.CoreNode.Services.CryptographyService [(null)] - Geting Name location for Terminal
2016-03-15 16:34:54,941 [36] DEBUG SwitchLink.CoreNode.Services.AuthorizationService [(null)] - Constructing Core Request Object
2016-03-15 16:34:54,941 [36] DEBUG SwitchLink.CoreNode.Services.CoreNodeRequestService [(null)] - Sending Core Request Object
2016-03-15 16:34:54,941 [36] DEBUG SwitchLink.CoreNode.Services.CoreNodeRequestService [(null)] - Getting Host Response Object
2016-03-15 16:34:55,316 [7] INFO  SwitchLink.CoreNode.SocketServer.CoreNode [(null)] - A new client is connected. Client Id = a3e7eb03-5729-47d4-8ce0-20ff8bf9e758
2016-03-15 16:34:55,316 [39] DEBUG SwitchLink.CoreNode.Services.CryptographyService [(null)] - Geting Keys for Pin Translation
2016-03-15 16:34:55,316 [39] DEBUG SwitchLink.CoreNode.Services.CryptographyService [(null)] - Formatting PAN
2016-03-15 16:34:55,316 [39] DEBUG SwitchLink.CoreNode.Services.CryptographyService [(null)] - Translating Pin Block
2016-03-15 16:34:55,316 [39] INFO  SwitchLink.Cryptography.TritonCryptography.TritonCryptography [(null)] - Generating TPK Pin Block
2016-03-15 16:34:55,316 [39] INFO  SwitchLink.Cryptography.TritonCryptography.TritonCryptography [(null)] - Message to HSM :D4U2D28A367F94D9D48B1ED46D295998884U6B346B24844A2C5B9E54A675AB70E776EECCBD2A57B822E7237000000234
2016-03-15 16:34:55,378 [39] DEBUG SwitchLink.Cryptography.TritonCryptography.TritonCryptography [(null)] - Header: HEAD
2016-03-15 16:34:55,378 [39] DEBUG SwitchLink.Cryptography.TritonCryptography.TritonCryptography [(null)] - ResponseCode: D5
2016-03-15 16:34:55,378 [39] DEBUG SwitchLink.Cryptography.TritonCryptography.TritonCryptography [(null)] - ErrorCode: 00
2016-03-15 16:34:55,378 [39] DEBUG SwitchLink.Cryptography.TritonCryptography.TritonCryptography [(null)] - DestPIN: 32E63EF8F18D29E8
2016-03-15 16:34:55,378 [39] DEBUG SwitchLink.CoreNode.Services.CryptographyService [(null)] - Geting Name location for Terminal
2016-03-15 16:34:55,378 [39] DEBUG SwitchLink.CoreNode.Services.AuthorizationService [(null)] - Constructing Core Request Object
2016-03-15 16:34:55,378 [39] DEBUG SwitchLink.CoreNode.Services.CoreNodeRequestService [(null)] - Sending Core Request Object
2016-03-15 16:34:55,378 [39] DEBUG SwitchLink.CoreNode.Services.CoreNodeRequestService [(null)] - Getting Host Response Object
2016-03-15 16:34:55,831 [7] INFO  SwitchLink.CoreNode.SocketServer.CoreNode [(null)] - A new client is connected. Client Id = e0106d13-ba81-4867-b81a-032ee95626e4
2016-03-15 16:34:55,831 [37] DEBUG SwitchLink.CoreNode.Services.CryptographyService [(null)] - Geting Keys for Pin Translation
2016-03-15 16:34:55,831 [37] DEBUG SwitchLink.CoreNode.Services.CryptographyService [(null)] - Formatting PAN
2016-03-15 16:34:55,831 [37] DEBUG SwitchLink.CoreNode.Services.CryptographyService [(null)] - Translating Pin Block
2016-03-15 16:34:55,831 [37] INFO  SwitchLink.Cryptography.TritonCryptography.TritonCryptography [(null)] - Generating TPK Pin Block
2016-03-15 16:34:55,831 [37] INFO  SwitchLink.Cryptography.TritonCryptography.TritonCryptography [(null)] - Message to HSM :D4U2D28A367F94D9D48B1ED46D295998884U6B346B24844A2C5B9E54A675AB70E776EECCBD2A57B822E7237000000234
2016-03-15 16:34:55,894 [37] DEBUG SwitchLink.Cryptography.TritonCryptography.TritonCryptography [(null)] - Header: HEAD
2016-03-15 16:34:55,894 [37] DEBUG SwitchLink.Cryptography.TritonCryptography.TritonCryptography [(null)] - ResponseCode: D5
2016-03-15 16:34:55,894 [37] DEBUG SwitchLink.Cryptography.TritonCryptography.TritonCryptography [(null)] - ErrorCode: 00
2016-03-15 16:34:55,894 [37] DEBUG SwitchLink.Cryptography.TritonCryptography.TritonCryptography [(null)] - DestPIN: 32E63EF8F18D29E8
2016-03-15 16:34:55,894 [37] DEBUG SwitchLink.CoreNode.Services.CryptographyService [(null)] - Geting Name location for Terminal
2016-03-15 16:34:55,894 [37] DEBUG SwitchLink.CoreNode.Services.AuthorizationService [(null)] - Constructing Core Request Object
2016-03-15 16:34:55,894 [37] DEBUG SwitchLink.CoreNode.Services.CoreNodeRequestService [(null)] - Sending Core Request Object
2016-03-15 16:34:55,909 [37] DEBUG SwitchLink.CoreNode.Services.CoreNodeRequestService [(null)] - Getting Host Response Object
2016-03-15 16:34:56,316 [7] INFO  SwitchLink.CoreNode.SocketServer.CoreNode [(null)] - A new client is connected. Client Id = 30c6fc89-7f5d-405d-975f-a5de6e5e5807
2016-03-15 16:34:56,316 [35] DEBUG SwitchLink.CoreNode.Services.CryptographyService [(null)] - Geting Keys for Pin Translation
2016-03-15 16:34:56,316 [35] DEBUG SwitchLink.CoreNode.Services.CryptographyService [(null)] - Formatting PAN
2016-03-15 16:34:56,316 [35] DEBUG SwitchLink.CoreNode.Services.CryptographyService [(null)] - Translating Pin Block
2016-03-15 16:34:56,316 [35] INFO  SwitchLink.Cryptography.TritonCryptography.TritonCryptography [(null)] - Generating TPK Pin Block
2016-03-15 16:34:56,316 [35] INFO  SwitchLink.Cryptography.TritonCryptography.TritonCryptography [(null)] - Message to HSM :D4U2D28A367F94D9D48B1ED46D295998884U6B346B24844A2C5B9E54A675AB70E776EECCBD2A57B822E7237000000234
2016-03-15 16:34:56,395 [35] DEBUG SwitchLink.Cryptography.TritonCryptography.TritonCryptography [(null)] - Header: HEAD
2016-03-15 16:34:56,395 [35] DEBUG SwitchLink.Cryptography.TritonCryptography.TritonCryptography [(null)] - ResponseCode: D5
2016-03-15 16:34:56,395 [35] DEBUG SwitchLink.Cryptography.TritonCryptography.TritonCryptography [(null)] - ErrorCode: 00
2016-03-15 16:34:56,395 [35] DEBUG SwitchLink.Cryptography.TritonCryptography.TritonCryptography [(null)] - DestPIN: 32E63EF8F18D29E8
2016-03-15 16:34:56,395 [35] DEBUG SwitchLink.CoreNode.Services.CryptographyService [(null)] - Geting Name location for Terminal
2016-03-15 16:34:56,395 [35] DEBUG SwitchLink.CoreNode.Services.AuthorizationService [(null)] - Constructing Core Request Object
2016-03-15 16:34:56,395 [35] DEBUG SwitchLink.CoreNode.Services.CoreNodeRequestService [(null)] - Sending Core Request Object
2016-03-15 16:34:56,409 [35] DEBUG SwitchLink.CoreNode.Services.CoreNodeRequestService [(null)] - Getting Host Response Object
2016-03-15 16:34:56,816 [7] INFO  SwitchLink.CoreNode.SocketServer.CoreNode [(null)] - A new client is connected. Client Id = 60927c7d-801c-4eca-93a9-808c6189fb4b
2016-03-15 16:34:56,816 [33] DEBUG SwitchLink.CoreNode.Services.CryptographyService [(null)] - Geting Keys for Pin Translation
2016-03-15 16:34:56,816 [33] DEBUG SwitchLink.CoreNode.Services.CryptographyService [(null)] - Formatting PAN
2016-03-15 16:34:56,816 [33] DEBUG SwitchLink.CoreNode.Services.CryptographyService [(null)] - Translating Pin Block
2016-03-15 16:34:56,816 [33] INFO  SwitchLink.Cryptography.TritonCryptography.TritonCryptography [(null)] - Generating TPK Pin Block
2016-03-15 16:34:56,816 [33] INFO  SwitchLink.Cryptography.TritonCryptography.TritonCryptography [(null)] - Message to HSM :D4U2D28A367F94D9D48B1ED46D295998884U6B346B24844A2C5B9E54A675AB70E776EECCBD2A57B822E7237000000234
2016-03-15 16:34:56,879 [33] DEBUG SwitchLink.Cryptography.TritonCryptography.TritonCryptography [(null)] - Header: HEAD
2016-03-15 16:34:56,879 [33] DEBUG SwitchLink.Cryptography.TritonCryptography.TritonCryptography [(null)] - ResponseCode: D5
2016-03-15 16:34:56,879 [33] DEBUG SwitchLink.Cryptography.TritonCryptography.TritonCryptography [(null)] - ErrorCode: 00
2016-03-15 16:34:56,879 [33] DEBUG SwitchLink.Cryptography.TritonCryptography.TritonCryptography [(null)] - DestPIN: 32E63EF8F18D29E8
2016-03-15 16:34:56,879 [33] DEBUG SwitchLink.CoreNode.Services.CryptographyService [(null)] - Geting Name location for Terminal
2016-03-15 16:34:56,893 [33] DEBUG SwitchLink.CoreNode.Services.AuthorizationService [(null)] - Constructing Core Request Object
2016-03-15 16:34:56,893 [33] DEBUG SwitchLink.CoreNode.Services.CoreNodeRequestService [(null)] - Sending Core Request Object
2016-03-15 16:34:56,893 [33] DEBUG SwitchLink.CoreNode.Services.CoreNodeRequestService [(null)] - Getting Host Response Object
2016-03-15 16:34:57,316 [7] INFO  SwitchLink.CoreNode.SocketServer.CoreNode [(null)] - A new client is connected. Client Id = 4a905125-2254-4775-bd14-63da0f594a0e
2016-03-15 16:34:57,316 [39] DEBUG SwitchLink.CoreNode.Services.CryptographyService [(null)] - Geting Keys for Pin Translation
2016-03-15 16:34:57,316 [39] DEBUG SwitchLink.CoreNode.Services.CryptographyService [(null)] - Formatting PAN
2016-03-15 16:34:57,316 [39] DEBUG SwitchLink.CoreNode.Services.CryptographyService [(null)] - Translating Pin Block
2016-03-15 16:34:57,316 [39] INFO  SwitchLink.Cryptography.TritonCryptography.TritonCryptography [(null)] - Generating TPK Pin Block
2016-03-15 16:34:57,316 [39] INFO  SwitchLink.Cryptography.TritonCryptography.TritonCryptography [(null)] - Message to HSM :D4U2D28A367F94D9D48B1ED46D295998884U6B346B24844A2C5B9E54A675AB70E776EECCBD2A57B822E7237000000234
2016-03-15 16:34:57,378 [39] DEBUG SwitchLink.Cryptography.TritonCryptography.TritonCryptography [(null)] - Header: HEAD
2016-03-15 16:34:57,378 [39] DEBUG SwitchLink.Cryptography.TritonCryptography.TritonCryptography [(null)] - ResponseCode: D5
2016-03-15 16:34:57,378 [39] DEBUG SwitchLink.Cryptography.TritonCryptography.TritonCryptography [(null)] - ErrorCode: 00
2016-03-15 16:34:57,378 [39] DEBUG SwitchLink.Cryptography.TritonCryptography.TritonCryptography [(null)] - DestPIN: 32E63EF8F18D29E8
2016-03-15 16:34:57,378 [39] DEBUG SwitchLink.CoreNode.Services.CryptographyService [(null)] - Geting Name location for Terminal
2016-03-15 16:34:57,378 [39] DEBUG SwitchLink.CoreNode.Services.AuthorizationService [(null)] - Constructing Core Request Object
2016-03-15 16:34:57,378 [39] DEBUG SwitchLink.CoreNode.Services.CoreNodeRequestService [(null)] - Sending Core Request Object
2016-03-15 16:34:57,378 [39] DEBUG SwitchLink.CoreNode.Services.CoreNodeRequestService [(null)] - Getting Host Response Object
2016-03-15 16:34:57,816 [7] INFO  SwitchLink.CoreNode.SocketServer.CoreNode [(null)] - A new client is connected. Client Id = 90156c30-3e67-4a7b-8f81-b7cbba7bc627
2016-03-15 16:34:57,816 [37] DEBUG SwitchLink.CoreNode.Services.CryptographyService [(null)] - Geting Keys for Pin Translation
2016-03-15 16:34:57,816 [37] DEBUG SwitchLink.CoreNode.Services.CryptographyService [(null)] - Formatting PAN
2016-03-15 16:34:57,816 [37] DEBUG SwitchLink.CoreNode.Services.CryptographyService [(null)] - Translating Pin Block
2016-03-15 16:34:57,816 [37] INFO  SwitchLink.Cryptography.TritonCryptography.TritonCryptography [(null)] - Generating TPK Pin Block
2016-03-15 16:34:57,816 [37] INFO  SwitchLink.Cryptography.TritonCryptography.TritonCryptography [(null)] - Message to HSM :D4U2D28A367F94D9D48B1ED46D295998884U6B346B24844A2C5B9E54A675AB70E776EECCBD2A57B822E7237000000234
2016-03-15 16:34:57,879 [37] DEBUG SwitchLink.Cryptography.TritonCryptography.TritonCryptography [(null)] - Header: HEAD
2016-03-15 16:34:57,879 [37] DEBUG SwitchLink.Cryptography.TritonCryptography.TritonCryptography [(null)] - ResponseCode: D5
2016-03-15 16:34:57,879 [37] DEBUG SwitchLink.Cryptography.TritonCryptography.TritonCryptography [(null)] - ErrorCode: 00
2016-03-15 16:34:57,879 [37] DEBUG SwitchLink.Cryptography.TritonCryptography.TritonCryptography [(null)] - DestPIN: 32E63EF8F18D29E8
2016-03-15 16:34:57,879 [37] DEBUG SwitchLink.CoreNode.Services.CryptographyService [(null)] - Geting Name location for Terminal
2016-03-15 16:34:57,879 [37] DEBUG SwitchLink.CoreNode.Services.AuthorizationService [(null)] - Constructing Core Request Object
2016-03-15 16:34:57,879 [37] DEBUG SwitchLink.CoreNode.Services.CoreNodeRequestService [(null)] - Sending Core Request Object
2016-03-15 16:34:57,893 [37] DEBUG SwitchLink.CoreNode.Services.CoreNodeRequestService [(null)] - Getting Host Response Object
2016-03-15 16:34:58,316 [7] INFO  SwitchLink.CoreNode.SocketServer.CoreNode [(null)] - A new client is connected. Client Id = 148d51e1-d9cc-4d9d-9dd7-9a5bbdb78e44
2016-03-15 16:34:58,332 [38] DEBUG SwitchLink.CoreNode.Services.CryptographyService [(null)] - Geting Keys for Pin Translation
2016-03-15 16:34:58,332 [38] DEBUG SwitchLink.CoreNode.Services.CryptographyService [(null)] - Formatting PAN
2016-03-15 16:34:58,332 [38] DEBUG SwitchLink.CoreNode.Services.CryptographyService [(null)] - Translating Pin Block
2016-03-15 16:34:58,332 [38] INFO  SwitchLink.Cryptography.TritonCryptography.TritonCryptography [(null)] - Generating TPK Pin Block
2016-03-15 16:34:58,332 [38] INFO  SwitchLink.Cryptography.TritonCryptography.TritonCryptography [(null)] - Message to HSM :D4U2D28A367F94D9D48B1ED46D295998884U6B346B24844A2C5B9E54A675AB70E776EECCBD2A57B822E7237000000234
2016-03-15 16:34:58,394 [38] DEBUG SwitchLink.Cryptography.TritonCryptography.TritonCryptography [(null)] - Header: HEAD
2016-03-15 16:34:58,394 [38] DEBUG SwitchLink.Cryptography.TritonCryptography.TritonCryptography [(null)] - ResponseCode: D5
2016-03-15 16:34:58,394 [38] DEBUG SwitchLink.Cryptography.TritonCryptography.TritonCryptography [(null)] - ErrorCode: 00
2016-03-15 16:34:58,394 [38] DEBUG SwitchLink.Cryptography.TritonCryptography.TritonCryptography [(null)] - DestPIN: 32E63EF8F18D29E8
2016-03-15 16:34:58,394 [38] DEBUG SwitchLink.CoreNode.Services.CryptographyService [(null)] - Geting Name location for Terminal
2016-03-15 16:34:58,394 [38] DEBUG SwitchLink.CoreNode.Services.AuthorizationService [(null)] - Constructing Core Request Object
2016-03-15 16:34:58,394 [38] DEBUG SwitchLink.CoreNode.Services.CoreNodeRequestService [(null)] - Sending Core Request Object
2016-03-15 16:34:58,409 [38] DEBUG SwitchLink.CoreNode.Services.CoreNodeRequestService [(null)] - Getting Host Response Object
2016-03-15 16:34:58,816 [7] INFO  SwitchLink.CoreNode.SocketServer.CoreNode [(null)] - A new client is connected. Client Id = fd1d3c76-afba-4582-bad4-e7e7975d0cf1
2016-03-15 16:34:58,831 [33] DEBUG SwitchLink.CoreNode.Services.CryptographyService [(null)] - Geting Keys for Pin Translation
2016-03-15 16:34:58,831 [33] DEBUG SwitchLink.CoreNode.Services.CryptographyService [(null)] - Formatting PAN
2016-03-15 16:34:58,831 [33] DEBUG SwitchLink.CoreNode.Services.CryptographyService [(null)] - Translating Pin Block
2016-03-15 16:34:58,831 [33] INFO  SwitchLink.Cryptography.TritonCryptography.TritonCryptography [(null)] - Generating TPK Pin Block
2016-03-15 16:34:58,831 [33] INFO  SwitchLink.Cryptography.TritonCryptography.TritonCryptography [(null)] - Message to HSM :D4U2D28A367F94D9D48B1ED46D295998884U6B346B24844A2C5B9E54A675AB70E776EECCBD2A57B822E7237000000234
2016-03-15 16:34:58,894 [33] DEBUG SwitchLink.Cryptography.TritonCryptography.TritonCryptography [(null)] - Header: HEAD
2016-03-15 16:34:58,894 [33] DEBUG SwitchLink.Cryptography.TritonCryptography.TritonCryptography [(null)] - ResponseCode: D5
2016-03-15 16:34:58,894 [33] DEBUG SwitchLink.Cryptography.TritonCryptography.TritonCryptography [(null)] - ErrorCode: 00
2016-03-15 16:34:58,894 [33] DEBUG SwitchLink.Cryptography.TritonCryptography.TritonCryptography [(null)] - DestPIN: 32E63EF8F18D29E8
2016-03-15 16:34:58,894 [33] DEBUG SwitchLink.CoreNode.Services.CryptographyService [(null)] - Geting Name location for Terminal
2016-03-15 16:34:58,894 [33] DEBUG SwitchLink.CoreNode.Services.AuthorizationService [(null)] - Constructing Core Request Object
2016-03-15 16:34:58,894 [33] DEBUG SwitchLink.CoreNode.Services.CoreNodeRequestService [(null)] - Sending Core Request Object
2016-03-15 16:34:58,894 [33] DEBUG SwitchLink.CoreNode.Services.CoreNodeRequestService [(null)] - Getting Host Response Object
2016-03-15 16:34:59,316 [34] INFO  SwitchLink.CoreNode.SocketServer.CoreNode [(null)] - A client is disconnected! Client Id = b0cf3182-8665-4190-9334-76af7670cdce
2016-03-15 16:34:59,316 [31] INFO  SwitchLink.CoreNode.SocketServer.CoreNode [(null)] - A client is disconnected! Client Id = fb308dee-8bac-46a3-87e2-fe448a4dff8d
2016-03-15 16:34:59,316 [34] INFO  SwitchLink.CoreNode.SocketServer.CoreNode [(null)] - A client is disconnected! Client Id = 63bcad5e-8830-4052-ba9b-641bc0a0e80b
2016-03-15 16:34:59,316 [31] INFO  SwitchLink.CoreNode.SocketServer.CoreNode [(null)] - A client is disconnected! Client Id = 6016cee1-4b85-4a20-b814-87282a444a18
2016-03-15 16:34:59,316 [31] INFO  SwitchLink.CoreNode.SocketServer.CoreNode [(null)] - A client is disconnected! Client Id = 3a2cec92-ca9f-4749-bed9-e2db4ea19e83
2016-03-15 16:34:59,316 [31] INFO  SwitchLink.CoreNode.SocketServer.CoreNode [(null)] - A client is disconnected! Client Id = fdd7f00e-8e86-4c87-bba1-dc5a0419f879
2016-03-15 16:34:59,331 [31] INFO  SwitchLink.CoreNode.SocketServer.CoreNode [(null)] - A client is disconnected! Client Id = 5eb4bad5-af0b-4870-9067-0499304788da
2016-03-15 16:34:59,331 [31] INFO  SwitchLink.CoreNode.SocketServer.CoreNode [(null)] - A client is disconnected! Client Id = 90156c30-3e67-4a7b-8f81-b7cbba7bc627
2016-03-15 16:34:59,331 [34] INFO  SwitchLink.CoreNode.SocketServer.CoreNode [(null)] - A client is disconnected! Client Id = 30c6fc89-7f5d-405d-975f-a5de6e5e5807
2016-03-15 16:34:59,331 [34] INFO  SwitchLink.CoreNode.SocketServer.CoreNode [(null)] - A client is disconnected! Client Id = 60927c7d-801c-4eca-93a9-808c6189fb4b
2016-03-15 16:34:59,347 [34] INFO  SwitchLink.CoreNode.SocketServer.CoreNode [(null)] - A client is disconnected! Client Id = 148d51e1-d9cc-4d9d-9dd7-9a5bbdb78e44
2016-03-15 16:34:59,347 [34] INFO  SwitchLink.CoreNode.SocketServer.CoreNode [(null)] - A client is disconnected! Client Id = 4a905125-2254-4775-bd14-63da0f594a0e
2016-03-15 16:34:59,347 [34] INFO  SwitchLink.CoreNode.SocketServer.CoreNode [(null)] - A client is disconnected! Client Id = a3e7eb03-5729-47d4-8ce0-20ff8bf9e758
2016-03-15 16:34:59,347 [34] INFO  SwitchLink.CoreNode.SocketServer.CoreNode [(null)] - A client is disconnected! Client Id = e0106d13-ba81-4867-b81a-032ee95626e4
2016-03-15 16:34:59,362 [34] INFO  SwitchLink.CoreNode.SocketServer.CoreNode [(null)] - A client is disconnected! Client Id = fd1d3c76-afba-4582-bad4-e7e7975d0cf1
2016-03-15 16:34:59,801 [7] INFO  SwitchLink.CoreNode.SocketServer.CoreNode [(null)] - A new client is connected. Client Id = b9065895-0bff-42b4-83e1-825598ac9bf1
2016-03-15 16:34:59,801 [7] INFO  SwitchLink.CoreNode.SocketServer.CoreNode [(null)] - A new client is connected. Client Id = 0eda58fe-16e1-499d-8674-abc2e1e42dde
2016-03-15 16:34:59,815 [7] INFO  SwitchLink.CoreNode.SocketServer.CoreNode [(null)] - A new client is connected. Client Id = fc4e8d52-ae14-4775-acf8-e889aa56eb35
2016-03-15 16:34:59,815 [7] INFO  SwitchLink.CoreNode.SocketServer.CoreNode [(null)] - A new client is connected. Client Id = c48adb7b-c6a7-464d-9d5e-fc98f3d112d6
2016-03-15 16:34:59,815 [39] DEBUG SwitchLink.CoreNode.Services.CryptographyService [(null)] - Geting Keys for Pin Translation
2016-03-15 16:34:59,815 [35] DEBUG SwitchLink.CoreNode.Services.CryptographyService [(null)] - Geting Keys for Pin Translation
2016-03-15 16:34:59,815 [39] DEBUG SwitchLink.CoreNode.Services.CryptographyService [(null)] - Formatting PAN
2016-03-15 16:34:59,815 [39] DEBUG SwitchLink.CoreNode.Services.CryptographyService [(null)] - Translating Pin Block
2016-03-15 16:34:59,815 [39] INFO  SwitchLink.Cryptography.TritonCryptography.TritonCryptography [(null)] - Generating TPK Pin Block
2016-03-15 16:34:59,815 [39] INFO  SwitchLink.Cryptography.TritonCryptography.TritonCryptography [(null)] - Message to HSM :D4U2D28A367F94D9D48B1ED46D295998884U6B346B24844A2C5B9E54A675AB70E776EECCBD2A57B822E7237000000234
2016-03-15 16:34:59,815 [35] DEBUG SwitchLink.CoreNode.Services.CryptographyService [(null)] - Formatting PAN
2016-03-15 16:34:59,815 [38] DEBUG SwitchLink.CoreNode.Services.CryptographyService [(null)] - Geting Keys for Pin Translation
2016-03-15 16:34:59,815 [35] DEBUG SwitchLink.CoreNode.Services.CryptographyService [(null)] - Translating Pin Block
2016-03-15 16:34:59,815 [35] INFO  SwitchLink.Cryptography.TritonCryptography.TritonCryptography [(null)] - Generating TPK Pin Block
2016-03-15 16:34:59,815 [35] INFO  SwitchLink.Cryptography.TritonCryptography.TritonCryptography [(null)] - Message to HSM :D4U2D28A367F94D9D48B1ED46D295998884U6B346B24844A2C5B9E54A675AB70E776EECCBD2A57B822E7237000000234
2016-03-15 16:34:59,815 [33] DEBUG SwitchLink.CoreNode.Services.CryptographyService [(null)] - Geting Keys for Pin Translation
2016-03-15 16:34:59,815 [7] INFO  SwitchLink.CoreNode.SocketServer.CoreNode [(null)] - A new client is connected. Client Id = 8e9dde02-da0b-4768-8d28-5f4ef2bb5527
2016-03-15 16:34:59,815 [38] DEBUG SwitchLink.CoreNode.Services.CryptographyService [(null)] - Formatting PAN
2016-03-15 16:34:59,815 [38] DEBUG SwitchLink.CoreNode.Services.CryptographyService [(null)] - Translating Pin Block
2016-03-15 16:34:59,815 [38] INFO  SwitchLink.Cryptography.TritonCryptography.TritonCryptography [(null)] - Generating TPK Pin Block
2016-03-15 16:34:59,815 [38] INFO  SwitchLink.Cryptography.TritonCryptography.TritonCryptography [(null)] - Message to HSM :D4U2D28A367F94D9D48B1ED46D295998884U6B346B24844A2C5B9E54A675AB70E776EECCBD2A57B822E7237000000234
2016-03-15 16:34:59,815 [33] DEBUG SwitchLink.CoreNode.Services.CryptographyService [(null)] - Formatting PAN
2016-03-15 16:34:59,815 [33] DEBUG SwitchLink.CoreNode.Services.CryptographyService [(null)] - Translating Pin Block
2016-03-15 16:34:59,815 [33] INFO  SwitchLink.Cryptography.TritonCryptography.TritonCryptography [(null)] - Generating TPK Pin Block
2016-03-15 16:34:59,815 [33] INFO  SwitchLink.Cryptography.TritonCryptography.TritonCryptography [(null)] - Message to HSM :D4U2D28A367F94D9D48B1ED46D295998884U6B346B24844A2C5B9E54A675AB70E776EECCBD2A57B822E7237000000234
2016-03-15 16:34:59,831 [36] DEBUG SwitchLink.CoreNode.Services.CryptographyService [(null)] - Geting Keys for Pin Translation
2016-03-15 16:34:59,831 [36] DEBUG SwitchLink.CoreNode.Services.CryptographyService [(null)] - Formatting PAN
2016-03-15 16:34:59,831 [36] DEBUG SwitchLink.CoreNode.Services.CryptographyService [(null)] - Translating Pin Block
2016-03-15 16:34:59,831 [36] INFO  SwitchLink.Cryptography.TritonCryptography.TritonCryptography [(null)] - Generating TPK Pin Block
2016-03-15 16:34:59,831 [36] INFO  SwitchLink.Cryptography.TritonCryptography.TritonCryptography [(null)] - Message to HSM :D4U2D28A367F94D9D48B1ED46D295998884U6B346B24844A2C5B9E54A675AB70E776EECCBD2A57B822E7237000000234
2016-03-15 16:34:59,831 [7] INFO  SwitchLink.CoreNode.SocketServer.CoreNode [(null)] - A new client is connected. Client Id = a789a203-0e11-4bda-83c0-7b1ad2fe0b2a
2016-03-15 16:34:59,831 [7] INFO  SwitchLink.CoreNode.SocketServer.CoreNode [(null)] - A new client is connected. Client Id = 33172ef6-f768-43f5-97ce-aaf3691a2326
2016-03-15 16:34:59,831 [37] DEBUG SwitchLink.CoreNode.Services.CryptographyService [(null)] - Geting Keys for Pin Translation
2016-03-15 16:34:59,831 [7] INFO  SwitchLink.CoreNode.SocketServer.CoreNode [(null)] - A new client is connected. Client Id = d6015caf-83f2-42c2-8fed-e7c2f63c56fb
2016-03-15 16:34:59,831 [37] DEBUG SwitchLink.CoreNode.Services.CryptographyService [(null)] - Formatting PAN
2016-03-15 16:34:59,831 [37] DEBUG SwitchLink.CoreNode.Services.CryptographyService [(null)] - Translating Pin Block
2016-03-15 16:34:59,831 [37] INFO  SwitchLink.Cryptography.TritonCryptography.TritonCryptography [(null)] - Generating TPK Pin Block
2016-03-15 16:34:59,831 [37] INFO  SwitchLink.Cryptography.TritonCryptography.TritonCryptography [(null)] - Message to HSM :D4U2D28A367F94D9D48B1ED46D295998884U6B346B24844A2C5B9E54A675AB70E776EECCBD2A57B822E7237000000234
2016-03-15 16:34:59,878 [39] DEBUG SwitchLink.Cryptography.TritonCryptography.TritonCryptography [(null)] - Header: HEAD
2016-03-15 16:34:59,878 [39] DEBUG SwitchLink.Cryptography.TritonCryptography.TritonCryptography [(null)] - ResponseCode: D5
2016-03-15 16:34:59,878 [39] DEBUG SwitchLink.Cryptography.TritonCryptography.TritonCryptography [(null)] - ErrorCode: 00
2016-03-15 16:34:59,878 [39] DEBUG SwitchLink.Cryptography.TritonCryptography.TritonCryptography [(null)] - DestPIN: 32E63EF8F18D29E8
2016-03-15 16:34:59,878 [39] DEBUG SwitchLink.CoreNode.Services.CryptographyService [(null)] - Geting Name location for Terminal
2016-03-15 16:34:59,878 [39] DEBUG SwitchLink.CoreNode.Services.AuthorizationService [(null)] - Constructing Core Request Object
2016-03-15 16:34:59,878 [39] DEBUG SwitchLink.CoreNode.Services.CoreNodeRequestService [(null)] - Sending Core Request Object
2016-03-15 16:34:59,894 [39] DEBUG SwitchLink.CoreNode.Services.CoreNodeRequestService [(null)] - Getting Host Response Object
2016-03-15 16:34:59,894 [39] DEBUG SwitchLink.CoreNode.Services.CryptographyService [(null)] - Geting Keys for Pin Translation
2016-03-15 16:34:59,894 [34] INFO  SwitchLink.CoreNode.SocketServer.CoreNode [(null)] - A client is disconnected! Client Id = b9065895-0bff-42b4-83e1-825598ac9bf1
2016-03-15 16:34:59,894 [39] DEBUG SwitchLink.CoreNode.Services.CryptographyService [(null)] - Formatting PAN
2016-03-15 16:34:59,894 [39] DEBUG SwitchLink.CoreNode.Services.CryptographyService [(null)] - Translating Pin Block
2016-03-15 16:34:59,894 [39] INFO  SwitchLink.Cryptography.TritonCryptography.TritonCryptography [(null)] - Generating TPK Pin Block
2016-03-15 16:34:59,894 [39] INFO  SwitchLink.Cryptography.TritonCryptography.TritonCryptography [(null)] - Message to HSM :D4U2D28A367F94D9D48B1ED46D295998884U6B346B24844A2C5B9E54A675AB70E776EECCBD2A57B822E7237000000234
2016-03-15 16:34:59,925 [35] DEBUG SwitchLink.Cryptography.TritonCryptography.TritonCryptography [(null)] - Header: HEAD
2016-03-15 16:34:59,925 [35] DEBUG SwitchLink.Cryptography.TritonCryptography.TritonCryptography [(null)] - ResponseCode: D5
2016-03-15 16:34:59,925 [35] DEBUG SwitchLink.Cryptography.TritonCryptography.TritonCryptography [(null)] - ErrorCode: 00
2016-03-15 16:34:59,925 [35] DEBUG SwitchLink.Cryptography.TritonCryptography.TritonCryptography [(null)] - DestPIN: 32E63EF8F18D29E8
2016-03-15 16:34:59,925 [35] DEBUG SwitchLink.CoreNode.Services.CryptographyService [(null)] - Geting Name location for Terminal
2016-03-15 16:34:59,925 [35] DEBUG SwitchLink.CoreNode.Services.AuthorizationService [(null)] - Constructing Core Request Object
2016-03-15 16:34:59,925 [35] DEBUG SwitchLink.CoreNode.Services.CoreNodeRequestService [(null)] - Sending Core Request Object
2016-03-15 16:34:59,940 [35] DEBUG SwitchLink.CoreNode.Services.CoreNodeRequestService [(null)] - Getting Host Response Object
2016-03-15 16:34:59,940 [35] DEBUG SwitchLink.CoreNode.Services.CryptographyService [(null)] - Geting Keys for Pin Translation
2016-03-15 16:34:59,940 [34] INFO  SwitchLink.CoreNode.SocketServer.CoreNode [(null)] - A client is disconnected! Client Id = 0eda58fe-16e1-499d-8674-abc2e1e42dde
2016-03-15 16:34:59,940 [35] DEBUG SwitchLink.CoreNode.Services.CryptographyService [(null)] - Formatting PAN
2016-03-15 16:34:59,940 [35] DEBUG SwitchLink.CoreNode.Services.CryptographyService [(null)] - Translating Pin Block
2016-03-15 16:34:59,940 [35] INFO  SwitchLink.Cryptography.TritonCryptography.TritonCryptography [(null)] - Generating TPK Pin Block
2016-03-15 16:34:59,940 [35] INFO  SwitchLink.Cryptography.TritonCryptography.TritonCryptography [(null)] - Message to HSM :D4U2D28A367F94D9D48B1ED46D295998884U6B346B24844A2C5B9E54A675AB70E776EECCBD2A57B822E7237000000234
2016-03-15 16:34:59,973 [38] DEBUG SwitchLink.Cryptography.TritonCryptography.TritonCryptography [(null)] - Header: HEAD
2016-03-15 16:34:59,973 [38] DEBUG SwitchLink.Cryptography.TritonCryptography.TritonCryptography [(null)] - ResponseCode: D5
2016-03-15 16:34:59,973 [38] DEBUG SwitchLink.Cryptography.TritonCryptography.TritonCryptography [(null)] - ErrorCode: 00
2016-03-15 16:34:59,973 [38] DEBUG SwitchLink.Cryptography.TritonCryptography.TritonCryptography [(null)] - DestPIN: 32E63EF8F18D29E8
2016-03-15 16:34:59,973 [38] DEBUG SwitchLink.CoreNode.Services.CryptographyService [(null)] - Geting Name location for Terminal
2016-03-15 16:34:59,973 [38] DEBUG SwitchLink.CoreNode.Services.AuthorizationService [(null)] - Constructing Core Request Object
2016-03-15 16:34:59,973 [38] DEBUG SwitchLink.CoreNode.Services.CoreNodeRequestService [(null)] - Sending Core Request Object
2016-03-15 16:34:59,987 [38] DEBUG SwitchLink.CoreNode.Services.CoreNodeRequestService [(null)] - Getting Host Response Object
2016-03-15 16:34:59,987 [34] INFO  SwitchLink.CoreNode.SocketServer.CoreNode [(null)] - A client is disconnected! Client Id = fc4e8d52-ae14-4775-acf8-e889aa56eb35
2016-03-15 16:35:00,019 [33] DEBUG SwitchLink.Cryptography.TritonCryptography.TritonCryptography [(null)] - Header: HEAD
2016-03-15 16:35:00,034 [33] DEBUG SwitchLink.Cryptography.TritonCryptography.TritonCryptography [(null)] - ResponseCode: D5
2016-03-15 16:35:00,034 [33] DEBUG SwitchLink.Cryptography.TritonCryptography.TritonCryptography [(null)] - ErrorCode: 00
2016-03-15 16:35:00,034 [33] DEBUG SwitchLink.Cryptography.TritonCryptography.TritonCryptography [(null)] - DestPIN: 32E63EF8F18D29E8
2016-03-15 16:35:00,034 [33] DEBUG SwitchLink.CoreNode.Services.CryptographyService [(null)] - Geting Name location for Terminal
2016-03-15 16:35:00,034 [33] DEBUG SwitchLink.CoreNode.Services.AuthorizationService [(null)] - Constructing Core Request Object
2016-03-15 16:35:00,034 [33] DEBUG SwitchLink.CoreNode.Services.CoreNodeRequestService [(null)] - Sending Core Request Object
2016-03-15 16:35:00,034 [33] DEBUG SwitchLink.CoreNode.Services.CoreNodeRequestService [(null)] - Getting Host Response Object
2016-03-15 16:35:00,034 [34] INFO  SwitchLink.CoreNode.SocketServer.CoreNode [(null)] - A client is disconnected! Client Id = c48adb7b-c6a7-464d-9d5e-fc98f3d112d6
2016-03-15 16:35:00,081 [36] DEBUG SwitchLink.Cryptography.TritonCryptography.TritonCryptography [(null)] - Header: HEAD
2016-03-15 16:35:00,081 [36] DEBUG SwitchLink.Cryptography.TritonCryptography.TritonCryptography [(null)] - ResponseCode: D5
2016-03-15 16:35:00,081 [36] DEBUG SwitchLink.Cryptography.TritonCryptography.TritonCryptography [(null)] - ErrorCode: 00
2016-03-15 16:35:00,081 [36] DEBUG SwitchLink.Cryptography.TritonCryptography.TritonCryptography [(null)] - DestPIN: 32E63EF8F18D29E8
2016-03-15 16:35:00,081 [36] DEBUG SwitchLink.CoreNode.Services.CryptographyService [(null)] - Geting Name location for Terminal
2016-03-15 16:35:00,081 [36] DEBUG SwitchLink.CoreNode.Services.AuthorizationService [(null)] - Constructing Core Request Object
2016-03-15 16:35:00,081 [36] DEBUG SwitchLink.CoreNode.Services.CoreNodeRequestService [(null)] - Sending Core Request Object
2016-03-15 16:35:00,081 [36] DEBUG SwitchLink.CoreNode.Services.CoreNodeRequestService [(null)] - Getting Host Response Object
2016-03-15 16:35:00,081 [34] INFO  SwitchLink.CoreNode.SocketServer.CoreNode [(null)] - A client is disconnected! Client Id = 8e9dde02-da0b-4768-8d28-5f4ef2bb5527
2016-03-15 16:35:00,128 [37] DEBUG SwitchLink.Cryptography.TritonCryptography.TritonCryptography [(null)] - Header: HEAD
2016-03-15 16:35:00,128 [37] DEBUG SwitchLink.Cryptography.TritonCryptography.TritonCryptography [(null)] - ResponseCode: D5
2016-03-15 16:35:00,128 [37] DEBUG SwitchLink.Cryptography.TritonCryptography.TritonCryptography [(null)] - ErrorCode: 00
2016-03-15 16:35:00,128 [37] DEBUG SwitchLink.Cryptography.TritonCryptography.TritonCryptography [(null)] - DestPIN: 32E63EF8F18D29E8
2016-03-15 16:35:00,128 [37] DEBUG SwitchLink.CoreNode.Services.CryptographyService [(null)] - Geting Name location for Terminal
2016-03-15 16:35:00,128 [37] DEBUG SwitchLink.CoreNode.Services.AuthorizationService [(null)] - Constructing Core Request Object
2016-03-15 16:35:00,128 [37] DEBUG SwitchLink.CoreNode.Services.CoreNodeRequestService [(null)] - Sending Core Request Object
2016-03-15 16:35:00,128 [37] DEBUG SwitchLink.CoreNode.Services.CoreNodeRequestService [(null)] - Getting Host Response Object
2016-03-15 16:35:00,143 [34] INFO  SwitchLink.CoreNode.SocketServer.CoreNode [(null)] - A client is disconnected! Client Id = a789a203-0e11-4bda-83c0-7b1ad2fe0b2a
2016-03-15 16:35:00,175 [39] DEBUG SwitchLink.Cryptography.TritonCryptography.TritonCryptography [(null)] - Header: HEAD
2016-03-15 16:35:00,175 [39] DEBUG SwitchLink.Cryptography.TritonCryptography.TritonCryptography [(null)] - ResponseCode: D5
2016-03-15 16:35:00,175 [39] DEBUG SwitchLink.Cryptography.TritonCryptography.TritonCryptography [(null)] - ErrorCode: 00
2016-03-15 16:35:00,175 [39] DEBUG SwitchLink.Cryptography.TritonCryptography.TritonCryptography [(null)] - DestPIN: 32E63EF8F18D29E8
2016-03-15 16:35:00,175 [39] DEBUG SwitchLink.CoreNode.Services.CryptographyService [(null)] - Geting Name location for Terminal
2016-03-15 16:35:00,190 [39] DEBUG SwitchLink.CoreNode.Services.AuthorizationService [(null)] - Constructing Core Request Object
2016-03-15 16:35:00,190 [39] DEBUG SwitchLink.CoreNode.Services.CoreNodeRequestService [(null)] - Sending Core Request Object
2016-03-15 16:35:00,190 [39] DEBUG SwitchLink.CoreNode.Services.CoreNodeRequestService [(null)] - Getting Host Response Object
2016-03-15 16:35:00,190 [34] INFO  SwitchLink.CoreNode.SocketServer.CoreNode [(null)] - A client is disconnected! Client Id = 33172ef6-f768-43f5-97ce-aaf3691a2326
2016-03-15 16:35:00,222 [35] DEBUG SwitchLink.Cryptography.TritonCryptography.TritonCryptography [(null)] - Header: HEAD
2016-03-15 16:35:00,222 [35] DEBUG SwitchLink.Cryptography.TritonCryptography.TritonCryptography [(null)] - ResponseCode: D5
2016-03-15 16:35:00,222 [35] DEBUG SwitchLink.Cryptography.TritonCryptography.TritonCryptography [(null)] - ErrorCode: 00
2016-03-15 16:35:00,222 [35] DEBUG SwitchLink.Cryptography.TritonCryptography.TritonCryptography [(null)] - DestPIN: 32E63EF8F18D29E8
2016-03-15 16:35:00,222 [35] DEBUG SwitchLink.CoreNode.Services.CryptographyService [(null)] - Geting Name location for Terminal
2016-03-15 16:35:00,222 [35] DEBUG SwitchLink.CoreNode.Services.AuthorizationService [(null)] - Constructing Core Request Object
2016-03-15 16:35:00,222 [35] DEBUG SwitchLink.CoreNode.Services.CoreNodeRequestService [(null)] - Sending Core Request Object
2016-03-15 16:35:00,237 [35] DEBUG SwitchLink.CoreNode.Services.CoreNodeRequestService [(null)] - Getting Host Response Object
2016-03-15 16:35:00,237 [34] INFO  SwitchLink.CoreNode.SocketServer.CoreNode [(null)] - A client is disconnected! Client Id = d6015caf-83f2-42c2-8fed-e7c2f63c56fb
2016-03-15 16:35:00,237 [7] INFO  SwitchLink.CoreNode.SocketServer.CoreNode [(null)] - A new client is connected. Client Id = 8544445a-ef83-4854-9f72-c266ecfb2c04
2016-03-15 16:35:00,237 [7] INFO  SwitchLink.CoreNode.SocketServer.CoreNode [(null)] - A new client is connected. Client Id = 0a758c1e-561e-4470-ad87-11c03cb70298
2016-03-15 16:35:00,237 [37] DEBUG SwitchLink.CoreNode.Services.CryptographyService [(null)] - Geting Keys for Pin Translation
2016-03-15 16:35:00,237 [39] DEBUG SwitchLink.CoreNode.Services.CryptographyService [(null)] - Geting Keys for Pin Translation
2016-03-15 16:35:00,237 [37] DEBUG SwitchLink.CoreNode.Services.CryptographyService [(null)] - Formatting PAN
2016-03-15 16:35:00,237 [37] DEBUG SwitchLink.CoreNode.Services.CryptographyService [(null)] - Translating Pin Block
2016-03-15 16:35:00,237 [37] INFO  SwitchLink.Cryptography.TritonCryptography.TritonCryptography [(null)] - Generating TPK Pin Block
2016-03-15 16:35:00,253 [37] INFO  SwitchLink.Cryptography.TritonCryptography.TritonCryptography [(null)] - Message to HSM :D4U2D28A367F94D9D48B1ED46D295998884U6B346B24844A2C5B9E54A675AB70E776EECCBD2A57B822E7237000000234
2016-03-15 16:35:00,237 [39] DEBUG SwitchLink.CoreNode.Services.CryptographyService [(null)] - Formatting PAN
2016-03-15 16:35:00,253 [39] DEBUG SwitchLink.CoreNode.Services.CryptographyService [(null)] - Translating Pin Block
2016-03-15 16:35:00,253 [39] INFO  SwitchLink.Cryptography.TritonCryptography.TritonCryptography [(null)] - Generating TPK Pin Block
2016-03-15 16:35:00,253 [39] INFO  SwitchLink.Cryptography.TritonCryptography.TritonCryptography [(null)] - Message to HSM :D4U2D28A367F94D9D48B1ED46D295998884U6B346B24844A2C5B9E54A675AB70E776EECCBD2A57B822E7237000000234
2016-03-15 16:35:00,237 [7] INFO  SwitchLink.CoreNode.SocketServer.CoreNode [(null)] - A new client is connected. Client Id = 495ce7bc-5ea6-446c-b673-a12368ccb823
2016-03-15 16:35:00,253 [35] DEBUG SwitchLink.CoreNode.Services.CryptographyService [(null)] - Geting Keys for Pin Translation
2016-03-15 16:35:00,253 [7] INFO  SwitchLink.CoreNode.SocketServer.CoreNode [(null)] - A new client is connected. Client Id = 93752a12-90e4-4495-b182-410b874e7254
2016-03-15 16:35:00,253 [7] INFO  SwitchLink.CoreNode.SocketServer.CoreNode [(null)] - A new client is connected. Client Id = 01fbf967-180a-492e-9b95-e2cd19a2d455
2016-03-15 16:35:00,253 [35] DEBUG SwitchLink.CoreNode.Services.CryptographyService [(null)] - Formatting PAN
2016-03-15 16:35:00,253 [35] DEBUG SwitchLink.CoreNode.Services.CryptographyService [(null)] - Translating Pin Block
2016-03-15 16:35:00,253 [35] INFO  SwitchLink.Cryptography.TritonCryptography.TritonCryptography [(null)] - Generating TPK Pin Block
2016-03-15 16:35:00,253 [35] INFO  SwitchLink.Cryptography.TritonCryptography.TritonCryptography [(null)] - Message to HSM :D4U2D28A367F94D9D48B1ED46D295998884U6B346B24844A2C5B9E54A675AB70E776EECCBD2A57B822E7237000000234
2016-03-15 16:35:00,253 [33] DEBUG SwitchLink.CoreNode.Services.CryptographyService [(null)] - Geting Keys for Pin Translation
2016-03-15 16:35:00,253 [38] DEBUG SwitchLink.CoreNode.Services.CryptographyService [(null)] - Geting Keys for Pin Translation
2016-03-15 16:35:00,253 [38] DEBUG SwitchLink.CoreNode.Services.CryptographyService [(null)] - Formatting PAN
2016-03-15 16:35:00,253 [38] DEBUG SwitchLink.CoreNode.Services.CryptographyService [(null)] - Translating Pin Block
2016-03-15 16:35:00,253 [38] INFO  SwitchLink.Cryptography.TritonCryptography.TritonCryptography [(null)] - Generating TPK Pin Block
2016-03-15 16:35:00,253 [38] INFO  SwitchLink.Cryptography.TritonCryptography.TritonCryptography [(null)] - Message to HSM :D4U2D28A367F94D9D48B1ED46D295998884U6B346B24844A2C5B9E54A675AB70E776EECCBD2A57B822E7237000000234
2016-03-15 16:35:00,253 [33] DEBUG SwitchLink.CoreNode.Services.CryptographyService [(null)] - Formatting PAN
2016-03-15 16:35:00,253 [33] DEBUG SwitchLink.CoreNode.Services.CryptographyService [(null)] - Translating Pin Block
2016-03-15 16:35:00,253 [33] INFO  SwitchLink.Cryptography.TritonCryptography.TritonCryptography [(null)] - Generating TPK Pin Block
2016-03-15 16:35:00,253 [33] INFO  SwitchLink.Cryptography.TritonCryptography.TritonCryptography [(null)] - Message to HSM :D4U2D28A367F94D9D48B1ED46D295998884U6B346B24844A2C5B9E54A675AB70E776EECCBD2A57B822E7237000000234
2016-03-15 16:35:00,300 [37] DEBUG SwitchLink.Cryptography.TritonCryptography.TritonCryptography [(null)] - Header: HEAD
2016-03-15 16:35:00,300 [37] DEBUG SwitchLink.Cryptography.TritonCryptography.TritonCryptography [(null)] - ResponseCode: D5
2016-03-15 16:35:00,300 [37] DEBUG SwitchLink.Cryptography.TritonCryptography.TritonCryptography [(null)] - ErrorCode: 00
2016-03-15 16:35:00,300 [37] DEBUG SwitchLink.Cryptography.TritonCryptography.TritonCryptography [(null)] - DestPIN: 32E63EF8F18D29E8
2016-03-15 16:35:00,300 [37] DEBUG SwitchLink.CoreNode.Services.CryptographyService [(null)] - Geting Name location for Terminal
2016-03-15 16:35:00,300 [37] DEBUG SwitchLink.CoreNode.Services.AuthorizationService [(null)] - Constructing Core Request Object
2016-03-15 16:35:00,300 [37] DEBUG SwitchLink.CoreNode.Services.CoreNodeRequestService [(null)] - Sending Core Request Object
2016-03-15 16:35:00,315 [37] DEBUG SwitchLink.CoreNode.Services.CoreNodeRequestService [(null)] - Getting Host Response Object
2016-03-15 16:35:00,315 [34] INFO  SwitchLink.CoreNode.SocketServer.CoreNode [(null)] - A client is disconnected! Client Id = 0a758c1e-561e-4470-ad87-11c03cb70298
2016-03-15 16:35:00,348 [39] DEBUG SwitchLink.Cryptography.TritonCryptography.TritonCryptography [(null)] - Header: HEAD
2016-03-15 16:35:00,348 [39] DEBUG SwitchLink.Cryptography.TritonCryptography.TritonCryptography [(null)] - ResponseCode: D5
2016-03-15 16:35:00,348 [39] DEBUG SwitchLink.Cryptography.TritonCryptography.TritonCryptography [(null)] - ErrorCode: 00
2016-03-15 16:35:00,348 [39] DEBUG SwitchLink.Cryptography.TritonCryptography.TritonCryptography [(null)] - DestPIN: 32E63EF8F18D29E8
2016-03-15 16:35:00,348 [39] DEBUG SwitchLink.CoreNode.Services.CryptographyService [(null)] - Geting Name location for Terminal
2016-03-15 16:35:00,348 [39] DEBUG SwitchLink.CoreNode.Services.AuthorizationService [(null)] - Constructing Core Request Object
2016-03-15 16:35:00,348 [39] DEBUG SwitchLink.CoreNode.Services.CoreNodeRequestService [(null)] - Sending Core Request Object
2016-03-15 16:35:00,362 [39] DEBUG SwitchLink.CoreNode.Services.CoreNodeRequestService [(null)] - Getting Host Response Object
2016-03-15 16:35:00,362 [34] INFO  SwitchLink.CoreNode.SocketServer.CoreNode [(null)] - A client is disconnected! Client Id = 8544445a-ef83-4854-9f72-c266ecfb2c04
2016-03-15 16:35:00,409 [35] DEBUG SwitchLink.Cryptography.TritonCryptography.TritonCryptography [(null)] - Header: HEAD
2016-03-15 16:35:00,409 [35] DEBUG SwitchLink.Cryptography.TritonCryptography.TritonCryptography [(null)] - ResponseCode: D5
2016-03-15 16:35:00,409 [35] DEBUG SwitchLink.Cryptography.TritonCryptography.TritonCryptography [(null)] - ErrorCode: 00
2016-03-15 16:35:00,409 [35] DEBUG SwitchLink.Cryptography.TritonCryptography.TritonCryptography [(null)] - DestPIN: 32E63EF8F18D29E8
2016-03-15 16:35:00,409 [35] DEBUG SwitchLink.CoreNode.Services.CryptographyService [(null)] - Geting Name location for Terminal
2016-03-15 16:35:00,409 [35] DEBUG SwitchLink.CoreNode.Services.AuthorizationService [(null)] - Constructing Core Request Object
2016-03-15 16:35:00,409 [35] DEBUG SwitchLink.CoreNode.Services.CoreNodeRequestService [(null)] - Sending Core Request Object
2016-03-15 16:35:00,409 [35] DEBUG SwitchLink.CoreNode.Services.CoreNodeRequestService [(null)] - Getting Host Response Object
2016-03-15 16:35:00,409 [34] INFO  SwitchLink.CoreNode.SocketServer.CoreNode [(null)] - A client is disconnected! Client Id = 495ce7bc-5ea6-446c-b673-a12368ccb823
2016-03-15 16:35:00,457 [38] DEBUG SwitchLink.Cryptography.TritonCryptography.TritonCryptography [(null)] - Header: HEAD
2016-03-15 16:35:00,457 [38] DEBUG SwitchLink.Cryptography.TritonCryptography.TritonCryptography [(null)] - ResponseCode: D5
2016-03-15 16:35:00,457 [38] DEBUG SwitchLink.Cryptography.TritonCryptography.TritonCryptography [(null)] - ErrorCode: 00
2016-03-15 16:35:00,457 [38] DEBUG SwitchLink.Cryptography.TritonCryptography.TritonCryptography [(null)] - DestPIN: 32E63EF8F18D29E8
2016-03-15 16:35:00,457 [38] DEBUG SwitchLink.CoreNode.Services.CryptographyService [(null)] - Geting Name location for Terminal
2016-03-15 16:35:00,457 [38] DEBUG SwitchLink.CoreNode.Services.AuthorizationService [(null)] - Constructing Core Request Object
2016-03-15 16:35:00,457 [38] DEBUG SwitchLink.CoreNode.Services.CoreNodeRequestService [(null)] - Sending Core Request Object
2016-03-15 16:35:00,457 [38] DEBUG SwitchLink.CoreNode.Services.CoreNodeRequestService [(null)] - Getting Host Response Object
2016-03-15 16:35:00,457 [34] INFO  SwitchLink.CoreNode.SocketServer.CoreNode [(null)] - A client is disconnected! Client Id = 01fbf967-180a-492e-9b95-e2cd19a2d455
2016-03-15 16:35:00,472 [7] INFO  SwitchLink.CoreNode.SocketServer.CoreNode [(null)] - A new client is connected. Client Id = 42d72444-9379-4590-a458-717ef97b0f1a
2016-03-15 16:35:00,472 [7] INFO  SwitchLink.CoreNode.SocketServer.CoreNode [(null)] - A new client is connected. Client Id = d6a16eb9-d74f-4a69-9f42-18602a1d2328
2016-03-15 16:35:00,472 [37] DEBUG SwitchLink.CoreNode.Services.CryptographyService [(null)] - Geting Keys for Pin Translation
2016-03-15 16:35:00,472 [36] DEBUG SwitchLink.CoreNode.Services.CryptographyService [(null)] - Geting Keys for Pin Translation
2016-03-15 16:35:00,472 [37] DEBUG SwitchLink.CoreNode.Services.CryptographyService [(null)] - Formatting PAN
2016-03-15 16:35:00,472 [37] DEBUG SwitchLink.CoreNode.Services.CryptographyService [(null)] - Translating Pin Block
2016-03-15 16:35:00,472 [37] INFO  SwitchLink.Cryptography.TritonCryptography.TritonCryptography [(null)] - Generating TPK Pin Block
2016-03-15 16:35:00,472 [37] INFO  SwitchLink.Cryptography.TritonCryptography.TritonCryptography [(null)] - Message to HSM :D4U2D28A367F94D9D48B1ED46D295998884U6B346B24844A2C5B9E54A675AB70E776EECCBD2A57B822E7237000000234
2016-03-15 16:35:00,472 [36] DEBUG SwitchLink.CoreNode.Services.CryptographyService [(null)] - Formatting PAN
2016-03-15 16:35:00,472 [36] DEBUG SwitchLink.CoreNode.Services.CryptographyService [(null)] - Translating Pin Block
2016-03-15 16:35:00,472 [36] INFO  SwitchLink.Cryptography.TritonCryptography.TritonCryptography [(null)] - Generating TPK Pin Block
2016-03-15 16:35:00,472 [36] INFO  SwitchLink.Cryptography.TritonCryptography.TritonCryptography [(null)] - Message to HSM :D4U2D28A367F94D9D48B1ED46D295998884U6B346B24844A2C5B9E54A675AB70E776EECCBD2A57B822E7237000000234
2016-03-15 16:35:00,504 [33] DEBUG SwitchLink.Cryptography.TritonCryptography.TritonCryptography [(null)] - Header: HEAD
2016-03-15 16:35:00,504 [33] DEBUG SwitchLink.Cryptography.TritonCryptography.TritonCryptography [(null)] - ResponseCode: D5
2016-03-15 16:35:00,504 [33] DEBUG SwitchLink.Cryptography.TritonCryptography.TritonCryptography [(null)] - ErrorCode: 00
2016-03-15 16:35:00,504 [33] DEBUG SwitchLink.Cryptography.TritonCryptography.TritonCryptography [(null)] - DestPIN: 32E63EF8F18D29E8
2016-03-15 16:35:00,504 [33] DEBUG SwitchLink.CoreNode.Services.CryptographyService [(null)] - Geting Name location for Terminal
2016-03-15 16:35:00,504 [33] DEBUG SwitchLink.CoreNode.Services.AuthorizationService [(null)] - Constructing Core Request Object
2016-03-15 16:35:00,504 [33] DEBUG SwitchLink.CoreNode.Services.CoreNodeRequestService [(null)] - Sending Core Request Object
2016-03-15 16:35:00,518 [33] DEBUG SwitchLink.CoreNode.Services.CoreNodeRequestService [(null)] - Getting Host Response Object
2016-03-15 16:35:00,518 [34] INFO  SwitchLink.CoreNode.SocketServer.CoreNode [(null)] - A client is disconnected! Client Id = 93752a12-90e4-4495-b182-410b874e7254
2016-03-15 16:35:00,659 [37] DEBUG SwitchLink.Cryptography.TritonCryptography.TritonCryptography [(null)] - Header: HEAD
2016-03-15 16:35:00,659 [37] DEBUG SwitchLink.Cryptography.TritonCryptography.TritonCryptography [(null)] - ResponseCode: D5
2016-03-15 16:35:00,659 [37] DEBUG SwitchLink.Cryptography.TritonCryptography.TritonCryptography [(null)] - ErrorCode: 00
2016-03-15 16:35:00,659 [37] DEBUG SwitchLink.Cryptography.TritonCryptography.TritonCryptography [(null)] - DestPIN: 32E63EF8F18D29E8
2016-03-15 16:35:00,659 [37] DEBUG SwitchLink.CoreNode.Services.CryptographyService [(null)] - Geting Name location for Terminal
2016-03-15 16:35:00,659 [37] DEBUG SwitchLink.CoreNode.Services.AuthorizationService [(null)] - Constructing Core Request Object
2016-03-15 16:35:00,659 [37] DEBUG SwitchLink.CoreNode.Services.CoreNodeRequestService [(null)] - Sending Core Request Object
2016-03-15 16:35:00,659 [37] DEBUG SwitchLink.CoreNode.Services.CoreNodeRequestService [(null)] - Getting Host Response Object
2016-03-15 16:35:00,659 [34] INFO  SwitchLink.CoreNode.SocketServer.CoreNode [(null)] - A client is disconnected! Client Id = 42d72444-9379-4590-a458-717ef97b0f1a
2016-03-15 16:35:00,707 [36] DEBUG SwitchLink.Cryptography.TritonCryptography.TritonCryptography [(null)] - Header: HEAD
2016-03-15 16:35:00,707 [36] DEBUG SwitchLink.Cryptography.TritonCryptography.TritonCryptography [(null)] - ResponseCode: D5
2016-03-15 16:35:00,707 [36] DEBUG SwitchLink.Cryptography.TritonCryptography.TritonCryptography [(null)] - ErrorCode: 00
2016-03-15 16:35:00,707 [36] DEBUG SwitchLink.Cryptography.TritonCryptography.TritonCryptography [(null)] - DestPIN: 32E63EF8F18D29E8
2016-03-15 16:35:00,707 [36] DEBUG SwitchLink.CoreNode.Services.CryptographyService [(null)] - Geting Name location for Terminal
2016-03-15 16:35:00,707 [36] DEBUG SwitchLink.CoreNode.Services.AuthorizationService [(null)] - Constructing Core Request Object
2016-03-15 16:35:00,707 [36] DEBUG SwitchLink.CoreNode.Services.CoreNodeRequestService [(null)] - Sending Core Request Object
2016-03-15 16:35:00,707 [36] DEBUG SwitchLink.CoreNode.Services.CoreNodeRequestService [(null)] - Getting Host Response Object
2016-03-15 16:35:00,707 [34] INFO  SwitchLink.CoreNode.SocketServer.CoreNode [(null)] - A client is disconnected! Client Id = d6a16eb9-d74f-4a69-9f42-18602a1d2328
2016-03-15 16:35:05,815 [7] INFO  SwitchLink.CoreNode.SocketServer.CoreNode [(null)] - A new client is connected. Client Id = b5ebc1a5-7b63-4cca-9f4d-edc289e5c810
2016-03-15 16:35:05,815 [7] INFO  SwitchLink.CoreNode.SocketServer.CoreNode [(null)] - A new client is connected. Client Id = 0961e3c5-4402-450c-b279-747955541562
2016-03-15 16:35:05,815 [33] DEBUG SwitchLink.CoreNode.Services.CryptographyService [(null)] - Geting Keys for Pin Translation
2016-03-15 16:35:05,815 [35] DEBUG SwitchLink.CoreNode.Services.CryptographyService [(null)] - Geting Keys for Pin Translation
2016-03-15 16:35:05,815 [33] DEBUG SwitchLink.CoreNode.Services.CryptographyService [(null)] - Formatting PAN
2016-03-15 16:35:05,815 [33] DEBUG SwitchLink.CoreNode.Services.CryptographyService [(null)] - Translating Pin Block
2016-03-15 16:35:05,815 [33] INFO  SwitchLink.Cryptography.TritonCryptography.TritonCryptography [(null)] - Generating TPK Pin Block
2016-03-15 16:35:05,815 [33] INFO  SwitchLink.Cryptography.TritonCryptography.TritonCryptography [(null)] - Message to HSM :D4U2D28A367F94D9D48B1ED46D295998884U6B346B24844A2C5B9E54A675AB70E776EECCBD2A57B822E7237000000234
2016-03-15 16:35:05,815 [35] DEBUG SwitchLink.CoreNode.Services.CryptographyService [(null)] - Formatting PAN
2016-03-15 16:35:05,815 [35] DEBUG SwitchLink.CoreNode.Services.CryptographyService [(null)] - Translating Pin Block
2016-03-15 16:35:05,815 [35] INFO  SwitchLink.Cryptography.TritonCryptography.TritonCryptography [(null)] - Generating TPK Pin Block
2016-03-15 16:35:05,815 [35] INFO  SwitchLink.Cryptography.TritonCryptography.TritonCryptography [(null)] - Message to HSM :D4U2D28A367F94D9D48B1ED46D295998884U6B346B24844A2C5B9E54A675AB70E776EECCBD2A57B822E7237000000234
2016-03-15 16:35:05,815 [7] INFO  SwitchLink.CoreNode.SocketServer.CoreNode [(null)] - A new client is connected. Client Id = 0d509ecb-3964-4342-a97c-302095ba0447
2016-03-15 16:35:05,815 [36] DEBUG SwitchLink.CoreNode.Services.CryptographyService [(null)] - Geting Keys for Pin Translation
2016-03-15 16:35:05,815 [36] DEBUG SwitchLink.CoreNode.Services.CryptographyService [(null)] - Formatting PAN
2016-03-15 16:35:05,815 [36] DEBUG SwitchLink.CoreNode.Services.CryptographyService [(null)] - Translating Pin Block
2016-03-15 16:35:05,815 [36] INFO  SwitchLink.Cryptography.TritonCryptography.TritonCryptography [(null)] - Generating TPK Pin Block
2016-03-15 16:35:05,815 [36] INFO  SwitchLink.Cryptography.TritonCryptography.TritonCryptography [(null)] - Message to HSM :D4U2D28A367F94D9D48B1ED46D295998884U6B346B24844A2C5B9E54A675AB70E776EECCBD2A57B822E7237000000234
2016-03-15 16:35:05,815 [7] INFO  SwitchLink.CoreNode.SocketServer.CoreNode [(null)] - A new client is connected. Client Id = 31eeaf24-16db-401c-870a-3a516577045a
2016-03-15 16:35:05,815 [38] DEBUG SwitchLink.CoreNode.Services.CryptographyService [(null)] - Geting Keys for Pin Translation
2016-03-15 16:35:05,831 [38] DEBUG SwitchLink.CoreNode.Services.CryptographyService [(null)] - Formatting PAN
2016-03-15 16:35:05,831 [38] DEBUG SwitchLink.CoreNode.Services.CryptographyService [(null)] - Translating Pin Block
2016-03-15 16:35:05,831 [38] INFO  SwitchLink.Cryptography.TritonCryptography.TritonCryptography [(null)] - Generating TPK Pin Block
2016-03-15 16:35:05,831 [38] INFO  SwitchLink.Cryptography.TritonCryptography.TritonCryptography [(null)] - Message to HSM :D4U2D28A367F94D9D48B1ED46D295998884U6B346B24844A2C5B9E54A675AB70E776EECCBD2A57B822E7237000000234
2016-03-15 16:35:05,831 [7] INFO  SwitchLink.CoreNode.SocketServer.CoreNode [(null)] - A new client is connected. Client Id = 9e9c27ab-e40d-4c5e-baaa-255cb264c4ed
2016-03-15 16:35:05,831 [39] DEBUG SwitchLink.CoreNode.Services.CryptographyService [(null)] - Geting Keys for Pin Translation
2016-03-15 16:35:05,831 [39] DEBUG SwitchLink.CoreNode.Services.CryptographyService [(null)] - Formatting PAN
2016-03-15 16:35:05,831 [39] DEBUG SwitchLink.CoreNode.Services.CryptographyService [(null)] - Translating Pin Block
2016-03-15 16:35:05,831 [39] INFO  SwitchLink.Cryptography.TritonCryptography.TritonCryptography [(null)] - Generating TPK Pin Block
2016-03-15 16:35:05,831 [39] INFO  SwitchLink.Cryptography.TritonCryptography.TritonCryptography [(null)] - Message to HSM :D4U2D28A367F94D9D48B1ED46D295998884U6B346B24844A2C5B9E54A675AB70E776EECCBD2A57B822E7237000000234
2016-03-15 16:35:05,831 [7] INFO  SwitchLink.CoreNode.SocketServer.CoreNode [(null)] - A new client is connected. Client Id = 9b564ebf-8e0d-4bab-ac61-d0f668654e33
2016-03-15 16:35:05,831 [37] DEBUG SwitchLink.CoreNode.Services.CryptographyService [(null)] - Geting Keys for Pin Translation
2016-03-15 16:35:05,831 [37] DEBUG SwitchLink.CoreNode.Services.CryptographyService [(null)] - Formatting PAN
2016-03-15 16:35:05,831 [37] DEBUG SwitchLink.CoreNode.Services.CryptographyService [(null)] - Translating Pin Block
2016-03-15 16:35:05,831 [37] INFO  SwitchLink.Cryptography.TritonCryptography.TritonCryptography [(null)] - Generating TPK Pin Block
2016-03-15 16:35:05,831 [37] INFO  SwitchLink.Cryptography.TritonCryptography.TritonCryptography [(null)] - Message to HSM :D4U2D28A367F94D9D48B1ED46D295998884U6B346B24844A2C5B9E54A675AB70E776EECCBD2A57B822E7237000000234
2016-03-15 16:35:05,831 [7] INFO  SwitchLink.CoreNode.SocketServer.CoreNode [(null)] - A new client is connected. Client Id = 46401d80-12ec-49d7-a3a5-9a994b9f1855
2016-03-15 16:35:05,847 [7] INFO  SwitchLink.CoreNode.SocketServer.CoreNode [(null)] - A new client is connected. Client Id = 608b58e9-b0f0-4029-9fe2-00d638c29f13
2016-03-15 16:35:05,847 [7] INFO  SwitchLink.CoreNode.SocketServer.CoreNode [(null)] - A new client is connected. Client Id = 1c47ba32-5db1-43cc-aa67-73b84cdeef70
2016-03-15 16:35:05,847 [7] INFO  SwitchLink.CoreNode.SocketServer.CoreNode [(null)] - A new client is connected. Client Id = 20609642-d403-40ad-9d20-891fb575fec9
2016-03-15 16:35:05,847 [7] INFO  SwitchLink.CoreNode.SocketServer.CoreNode [(null)] - A new client is connected. Client Id = 3a78a1c2-9fc6-4863-8a90-de9c2873c65c
2016-03-15 16:35:05,862 [7] INFO  SwitchLink.CoreNode.SocketServer.CoreNode [(null)] - A new client is connected. Client Id = 53583709-88f5-4e5c-a5ed-dfe45fc94f16
2016-03-15 16:35:05,862 [7] INFO  SwitchLink.CoreNode.SocketServer.CoreNode [(null)] - A new client is connected. Client Id = 54e4758c-0975-4522-b828-81ab2a407d90
2016-03-15 16:35:05,862 [7] INFO  SwitchLink.CoreNode.SocketServer.CoreNode [(null)] - A new client is connected. Client Id = 6cf8e695-151b-4aac-9db5-7749f6b230b1
2016-03-15 16:35:05,862 [7] INFO  SwitchLink.CoreNode.SocketServer.CoreNode [(null)] - A new client is connected. Client Id = 2d0934e5-8c96-4af4-b3e0-38cf4b170d7a
2016-03-15 16:35:05,878 [33] DEBUG SwitchLink.Cryptography.TritonCryptography.TritonCryptography [(null)] - Header: HEAD
2016-03-15 16:35:05,878 [33] DEBUG SwitchLink.Cryptography.TritonCryptography.TritonCryptography [(null)] - ResponseCode: D5
2016-03-15 16:35:05,878 [33] DEBUG SwitchLink.Cryptography.TritonCryptography.TritonCryptography [(null)] - ErrorCode: 00
2016-03-15 16:35:05,878 [33] DEBUG SwitchLink.Cryptography.TritonCryptography.TritonCryptography [(null)] - DestPIN: 32E63EF8F18D29E8
2016-03-15 16:35:05,878 [33] DEBUG SwitchLink.CoreNode.Services.CryptographyService [(null)] - Geting Name location for Terminal
2016-03-15 16:35:05,878 [33] DEBUG SwitchLink.CoreNode.Services.AuthorizationService [(null)] - Constructing Core Request Object
2016-03-15 16:35:05,878 [33] DEBUG SwitchLink.CoreNode.Services.CoreNodeRequestService [(null)] - Sending Core Request Object
2016-03-15 16:35:05,878 [33] DEBUG SwitchLink.CoreNode.Services.CoreNodeRequestService [(null)] - Getting Host Response Object
2016-03-15 16:35:05,878 [33] DEBUG SwitchLink.CoreNode.Services.CryptographyService [(null)] - Geting Keys for Pin Translation
2016-03-15 16:35:05,878 [34] INFO  SwitchLink.CoreNode.SocketServer.CoreNode [(null)] - A client is disconnected! Client Id = b5ebc1a5-7b63-4cca-9f4d-edc289e5c810
2016-03-15 16:35:05,878 [33] DEBUG SwitchLink.CoreNode.Services.CryptographyService [(null)] - Formatting PAN
2016-03-15 16:35:05,878 [33] DEBUG SwitchLink.CoreNode.Services.CryptographyService [(null)] - Translating Pin Block
2016-03-15 16:35:05,878 [33] INFO  SwitchLink.Cryptography.TritonCryptography.TritonCryptography [(null)] - Generating TPK Pin Block
2016-03-15 16:35:05,878 [33] INFO  SwitchLink.Cryptography.TritonCryptography.TritonCryptography [(null)] - Message to HSM :D4U2D28A367F94D9D48B1ED46D295998884U6B346B24844A2C5B9E54A675AB70E776EECCBD2A57B822E7237000000234
2016-03-15 16:35:05,925 [35] DEBUG SwitchLink.Cryptography.TritonCryptography.TritonCryptography [(null)] - Header: HEAD
2016-03-15 16:35:05,925 [35] DEBUG SwitchLink.Cryptography.TritonCryptography.TritonCryptography [(null)] - ResponseCode: D5
2016-03-15 16:35:05,925 [35] DEBUG SwitchLink.Cryptography.TritonCryptography.TritonCryptography [(null)] - ErrorCode: 00
2016-03-15 16:35:05,925 [35] DEBUG SwitchLink.Cryptography.TritonCryptography.TritonCryptography [(null)] - DestPIN: 32E63EF8F18D29E8
2016-03-15 16:35:05,925 [35] DEBUG SwitchLink.CoreNode.Services.CryptographyService [(null)] - Geting Name location for Terminal
2016-03-15 16:35:05,925 [35] DEBUG SwitchLink.CoreNode.Services.AuthorizationService [(null)] - Constructing Core Request Object
2016-03-15 16:35:05,925 [35] DEBUG SwitchLink.CoreNode.Services.CoreNodeRequestService [(null)] - Sending Core Request Object
2016-03-15 16:35:05,925 [35] DEBUG SwitchLink.CoreNode.Services.CoreNodeRequestService [(null)] - Getting Host Response Object
2016-03-15 16:35:05,925 [35] DEBUG SwitchLink.CoreNode.Services.CryptographyService [(null)] - Geting Keys for Pin Translation
2016-03-15 16:35:05,925 [34] INFO  SwitchLink.CoreNode.SocketServer.CoreNode [(null)] - A client is disconnected! Client Id = 0961e3c5-4402-450c-b279-747955541562
2016-03-15 16:35:05,925 [35] DEBUG SwitchLink.CoreNode.Services.CryptographyService [(null)] - Formatting PAN
2016-03-15 16:35:05,940 [35] DEBUG SwitchLink.CoreNode.Services.CryptographyService [(null)] - Translating Pin Block
2016-03-15 16:35:05,940 [35] INFO  SwitchLink.Cryptography.TritonCryptography.TritonCryptography [(null)] - Generating TPK Pin Block
2016-03-15 16:35:05,940 [35] INFO  SwitchLink.Cryptography.TritonCryptography.TritonCryptography [(null)] - Message to HSM :D4U2D28A367F94D9D48B1ED46D295998884U6B346B24844A2C5B9E54A675AB70E776EECCBD2A57B822E7237000000234
2016-03-15 16:35:05,972 [36] DEBUG SwitchLink.Cryptography.TritonCryptography.TritonCryptography [(null)] - Header: HEAD
2016-03-15 16:35:05,972 [36] DEBUG SwitchLink.Cryptography.TritonCryptography.TritonCryptography [(null)] - ResponseCode: D5
2016-03-15 16:35:05,972 [36] DEBUG SwitchLink.Cryptography.TritonCryptography.TritonCryptography [(null)] - ErrorCode: 00
2016-03-15 16:35:05,972 [36] DEBUG SwitchLink.Cryptography.TritonCryptography.TritonCryptography [(null)] - DestPIN: 32E63EF8F18D29E8
2016-03-15 16:35:05,972 [36] DEBUG SwitchLink.CoreNode.Services.CryptographyService [(null)] - Geting Name location for Terminal
2016-03-15 16:35:05,972 [36] DEBUG SwitchLink.CoreNode.Services.AuthorizationService [(null)] - Constructing Core Request Object
2016-03-15 16:35:05,972 [36] DEBUG SwitchLink.CoreNode.Services.CoreNodeRequestService [(null)] - Sending Core Request Object
2016-03-15 16:35:05,987 [36] DEBUG SwitchLink.CoreNode.Services.CoreNodeRequestService [(null)] - Getting Host Response Object
2016-03-15 16:35:05,987 [36] DEBUG SwitchLink.CoreNode.Services.CryptographyService [(null)] - Geting Keys for Pin Translation
2016-03-15 16:35:05,987 [34] INFO  SwitchLink.CoreNode.SocketServer.CoreNode [(null)] - A client is disconnected! Client Id = 0d509ecb-3964-4342-a97c-302095ba0447
2016-03-15 16:35:05,987 [36] DEBUG SwitchLink.CoreNode.Services.CryptographyService [(null)] - Formatting PAN
2016-03-15 16:35:05,987 [36] DEBUG SwitchLink.CoreNode.Services.CryptographyService [(null)] - Translating Pin Block
2016-03-15 16:35:05,987 [36] INFO  SwitchLink.Cryptography.TritonCryptography.TritonCryptography [(null)] - Generating TPK Pin Block
2016-03-15 16:35:05,987 [36] INFO  SwitchLink.Cryptography.TritonCryptography.TritonCryptography [(null)] - Message to HSM :D4U2D28A367F94D9D48B1ED46D295998884U6B346B24844A2C5B9E54A675AB70E776EECCBD2A57B822E7237000000234
2016-03-15 16:35:06,019 [39] DEBUG SwitchLink.Cryptography.TritonCryptography.TritonCryptography [(null)] - Header: HEAD
2016-03-15 16:35:06,019 [39] DEBUG SwitchLink.Cryptography.TritonCryptography.TritonCryptography [(null)] - ResponseCode: D5
2016-03-15 16:35:06,019 [39] DEBUG SwitchLink.Cryptography.TritonCryptography.TritonCryptography [(null)] - ErrorCode: 00
2016-03-15 16:35:06,019 [39] DEBUG SwitchLink.Cryptography.TritonCryptography.TritonCryptography [(null)] - DestPIN: 32E63EF8F18D29E8
2016-03-15 16:35:06,019 [39] DEBUG SwitchLink.CoreNode.Services.CryptographyService [(null)] - Geting Name location for Terminal
2016-03-15 16:35:06,019 [39] DEBUG SwitchLink.CoreNode.Services.AuthorizationService [(null)] - Constructing Core Request Object
2016-03-15 16:35:06,019 [39] DEBUG SwitchLink.CoreNode.Services.CoreNodeRequestService [(null)] - Sending Core Request Object
2016-03-15 16:35:06,034 [39] DEBUG SwitchLink.CoreNode.Services.CoreNodeRequestService [(null)] - Getting Host Response Object
2016-03-15 16:35:06,034 [34] INFO  SwitchLink.CoreNode.SocketServer.CoreNode [(null)] - A client is disconnected! Client Id = 9e9c27ab-e40d-4c5e-baaa-255cb264c4ed
2016-03-15 16:35:06,050 [39] DEBUG SwitchLink.CoreNode.Services.CryptographyService [(null)] - Geting Keys for Pin Translation
2016-03-15 16:35:06,050 [39] DEBUG SwitchLink.CoreNode.Services.CryptographyService [(null)] - Formatting PAN
2016-03-15 16:35:06,050 [39] DEBUG SwitchLink.CoreNode.Services.CryptographyService [(null)] - Translating Pin Block
2016-03-15 16:35:06,050 [39] INFO  SwitchLink.Cryptography.TritonCryptography.TritonCryptography [(null)] - Generating TPK Pin Block
2016-03-15 16:35:06,050 [39] INFO  SwitchLink.Cryptography.TritonCryptography.TritonCryptography [(null)] - Message to HSM :D4U2D28A367F94D9D48B1ED46D295998884U6B346B24844A2C5B9E54A675AB70E776EECCBD2A57B822E7237000000234
2016-03-15 16:35:06,065 [37] DEBUG SwitchLink.Cryptography.TritonCryptography.TritonCryptography [(null)] - Header: HEAD
2016-03-15 16:35:06,081 [37] DEBUG SwitchLink.Cryptography.TritonCryptography.TritonCryptography [(null)] - ResponseCode: D5
2016-03-15 16:35:06,081 [37] DEBUG SwitchLink.Cryptography.TritonCryptography.TritonCryptography [(null)] - ErrorCode: 00
2016-03-15 16:35:06,081 [37] DEBUG SwitchLink.Cryptography.TritonCryptography.TritonCryptography [(null)] - DestPIN: 32E63EF8F18D29E8
2016-03-15 16:35:06,081 [37] DEBUG SwitchLink.CoreNode.Services.CryptographyService [(null)] - Geting Name location for Terminal
2016-03-15 16:35:06,081 [37] DEBUG SwitchLink.CoreNode.Services.AuthorizationService [(null)] - Constructing Core Request Object
2016-03-15 16:35:06,081 [37] DEBUG SwitchLink.CoreNode.Services.CoreNodeRequestService [(null)] - Sending Core Request Object
2016-03-15 16:35:06,081 [37] DEBUG SwitchLink.CoreNode.Services.CoreNodeRequestService [(null)] - Getting Host Response Object
2016-03-15 16:35:06,081 [37] DEBUG SwitchLink.CoreNode.Services.CryptographyService [(null)] - Geting Keys for Pin Translation
2016-03-15 16:35:06,081 [34] INFO  SwitchLink.CoreNode.SocketServer.CoreNode [(null)] - A client is disconnected! Client Id = 9b564ebf-8e0d-4bab-ac61-d0f668654e33
2016-03-15 16:35:06,081 [37] DEBUG SwitchLink.CoreNode.Services.CryptographyService [(null)] - Formatting PAN
2016-03-15 16:35:06,081 [37] DEBUG SwitchLink.CoreNode.Services.CryptographyService [(null)] - Translating Pin Block
2016-03-15 16:35:06,081 [37] INFO  SwitchLink.Cryptography.TritonCryptography.TritonCryptography [(null)] - Generating TPK Pin Block
2016-03-15 16:35:06,081 [37] INFO  SwitchLink.Cryptography.TritonCryptography.TritonCryptography [(null)] - Message to HSM :D4U2D28A367F94D9D48B1ED46D295998884U6B346B24844A2C5B9E54A675AB70E776EECCBD2A57B822E7237000000234
2016-03-15 16:35:06,129 [38] DEBUG SwitchLink.Cryptography.TritonCryptography.TritonCryptography [(null)] - Header: HEAD
2016-03-15 16:35:06,129 [38] DEBUG SwitchLink.Cryptography.TritonCryptography.TritonCryptography [(null)] - ResponseCode: D5
2016-03-15 16:35:06,129 [38] DEBUG SwitchLink.Cryptography.TritonCryptography.TritonCryptography [(null)] - ErrorCode: 00
2016-03-15 16:35:06,129 [38] DEBUG SwitchLink.Cryptography.TritonCryptography.TritonCryptography [(null)] - DestPIN: 32E63EF8F18D29E8
2016-03-15 16:35:06,129 [38] DEBUG SwitchLink.CoreNode.Services.CryptographyService [(null)] - Geting Name location for Terminal
2016-03-15 16:35:06,129 [38] DEBUG SwitchLink.CoreNode.Services.AuthorizationService [(null)] - Constructing Core Request Object
2016-03-15 16:35:06,129 [38] DEBUG SwitchLink.CoreNode.Services.CoreNodeRequestService [(null)] - Sending Core Request Object
2016-03-15 16:35:06,129 [38] DEBUG SwitchLink.CoreNode.Services.CoreNodeRequestService [(null)] - Getting Host Response Object
2016-03-15 16:35:06,129 [34] INFO  SwitchLink.CoreNode.SocketServer.CoreNode [(null)] - A client is disconnected! Client Id = 31eeaf24-16db-401c-870a-3a516577045a
2016-03-15 16:35:06,129 [38] DEBUG SwitchLink.CoreNode.Services.CryptographyService [(null)] - Geting Keys for Pin Translation
2016-03-15 16:35:06,129 [38] DEBUG SwitchLink.CoreNode.Services.CryptographyService [(null)] - Formatting PAN
2016-03-15 16:35:06,129 [38] DEBUG SwitchLink.CoreNode.Services.CryptographyService [(null)] - Translating Pin Block
2016-03-15 16:35:06,129 [38] INFO  SwitchLink.Cryptography.TritonCryptography.TritonCryptography [(null)] - Generating TPK Pin Block
2016-03-15 16:35:06,129 [38] INFO  SwitchLink.Cryptography.TritonCryptography.TritonCryptography [(null)] - Message to HSM :D4U2D28A367F94D9D48B1ED46D295998884U6B346B24844A2C5B9E54A675AB70E776EECCBD2A57B822E7237000000234
2016-03-15 16:35:06,175 [33] DEBUG SwitchLink.Cryptography.TritonCryptography.TritonCryptography [(null)] - Header: HEAD
2016-03-15 16:35:06,175 [33] DEBUG SwitchLink.Cryptography.TritonCryptography.TritonCryptography [(null)] - ResponseCode: D5
2016-03-15 16:35:06,175 [33] DEBUG SwitchLink.Cryptography.TritonCryptography.TritonCryptography [(null)] - ErrorCode: 00
2016-03-15 16:35:06,175 [33] DEBUG SwitchLink.Cryptography.TritonCryptography.TritonCryptography [(null)] - DestPIN: 32E63EF8F18D29E8
2016-03-15 16:35:06,175 [33] DEBUG SwitchLink.CoreNode.Services.CryptographyService [(null)] - Geting Name location for Terminal
2016-03-15 16:35:06,175 [33] DEBUG SwitchLink.CoreNode.Services.AuthorizationService [(null)] - Constructing Core Request Object
2016-03-15 16:35:06,175 [33] DEBUG SwitchLink.CoreNode.Services.CoreNodeRequestService [(null)] - Sending Core Request Object
2016-03-15 16:35:06,175 [33] DEBUG SwitchLink.CoreNode.Services.CoreNodeRequestService [(null)] - Getting Host Response Object
2016-03-15 16:35:06,175 [33] DEBUG SwitchLink.CoreNode.Services.CryptographyService [(null)] - Geting Keys for Pin Translation
2016-03-15 16:35:06,175 [34] INFO  SwitchLink.CoreNode.SocketServer.CoreNode [(null)] - A client is disconnected! Client Id = 46401d80-12ec-49d7-a3a5-9a994b9f1855
2016-03-15 16:35:06,190 [33] DEBUG SwitchLink.CoreNode.Services.CryptographyService [(null)] - Formatting PAN
2016-03-15 16:35:06,190 [33] DEBUG SwitchLink.CoreNode.Services.CryptographyService [(null)] - Translating Pin Block
2016-03-15 16:35:06,190 [33] INFO  SwitchLink.Cryptography.TritonCryptography.TritonCryptography [(null)] - Generating TPK Pin Block
2016-03-15 16:35:06,190 [33] INFO  SwitchLink.Cryptography.TritonCryptography.TritonCryptography [(null)] - Message to HSM :D4U2D28A367F94D9D48B1ED46D295998884U6B346B24844A2C5B9E54A675AB70E776EECCBD2A57B822E7237000000234
2016-03-15 16:35:06,222 [35] DEBUG SwitchLink.Cryptography.TritonCryptography.TritonCryptography [(null)] - Header: HEAD
2016-03-15 16:35:06,222 [35] DEBUG SwitchLink.Cryptography.TritonCryptography.TritonCryptography [(null)] - ResponseCode: D5
2016-03-15 16:35:06,222 [35] DEBUG SwitchLink.Cryptography.TritonCryptography.TritonCryptography [(null)] - ErrorCode: 00
2016-03-15 16:35:06,222 [35] DEBUG SwitchLink.Cryptography.TritonCryptography.TritonCryptography [(null)] - DestPIN: 32E63EF8F18D29E8
2016-03-15 16:35:06,222 [35] DEBUG SwitchLink.CoreNode.Services.CryptographyService [(null)] - Geting Name location for Terminal
2016-03-15 16:35:06,222 [35] DEBUG SwitchLink.CoreNode.Services.AuthorizationService [(null)] - Constructing Core Request Object
2016-03-15 16:35:06,222 [35] DEBUG SwitchLink.CoreNode.Services.CoreNodeRequestService [(null)] - Sending Core Request Object
2016-03-15 16:35:06,237 [35] DEBUG SwitchLink.CoreNode.Services.CoreNodeRequestService [(null)] - Getting Host Response Object
2016-03-15 16:35:06,237 [34] INFO  SwitchLink.CoreNode.SocketServer.CoreNode [(null)] - A client is disconnected! Client Id = 608b58e9-b0f0-4029-9fe2-00d638c29f13
2016-03-15 16:35:06,237 [35] DEBUG SwitchLink.CoreNode.Services.CryptographyService [(null)] - Geting Keys for Pin Translation
2016-03-15 16:35:06,237 [35] DEBUG SwitchLink.CoreNode.Services.CryptographyService [(null)] - Formatting PAN
2016-03-15 16:35:06,237 [35] DEBUG SwitchLink.CoreNode.Services.CryptographyService [(null)] - Translating Pin Block
2016-03-15 16:35:06,237 [35] INFO  SwitchLink.Cryptography.TritonCryptography.TritonCryptography [(null)] - Generating TPK Pin Block
2016-03-15 16:35:06,237 [35] INFO  SwitchLink.Cryptography.TritonCryptography.TritonCryptography [(null)] - Message to HSM :D4U2D28A367F94D9D48B1ED46D295998884U6B346B24844A2C5B9E54A675AB70E776EECCBD2A57B822E7237000000234
2016-03-15 16:35:06,269 [36] DEBUG SwitchLink.Cryptography.TritonCryptography.TritonCryptography [(null)] - Header: HEAD
2016-03-15 16:35:06,269 [36] DEBUG SwitchLink.Cryptography.TritonCryptography.TritonCryptography [(null)] - ResponseCode: D5
2016-03-15 16:35:06,269 [36] DEBUG SwitchLink.Cryptography.TritonCryptography.TritonCryptography [(null)] - ErrorCode: 00
2016-03-15 16:35:06,269 [36] DEBUG SwitchLink.Cryptography.TritonCryptography.TritonCryptography [(null)] - DestPIN: 32E63EF8F18D29E8
2016-03-15 16:35:06,269 [36] DEBUG SwitchLink.CoreNode.Services.CryptographyService [(null)] - Geting Name location for Terminal
2016-03-15 16:35:06,269 [36] DEBUG SwitchLink.CoreNode.Services.AuthorizationService [(null)] - Constructing Core Request Object
2016-03-15 16:35:06,269 [36] DEBUG SwitchLink.CoreNode.Services.CoreNodeRequestService [(null)] - Sending Core Request Object
2016-03-15 16:35:06,284 [36] DEBUG SwitchLink.CoreNode.Services.CoreNodeRequestService [(null)] - Getting Host Response Object
2016-03-15 16:35:06,284 [36] DEBUG SwitchLink.CoreNode.Services.CryptographyService [(null)] - Geting Keys for Pin Translation
2016-03-15 16:35:06,284 [34] INFO  SwitchLink.CoreNode.SocketServer.CoreNode [(null)] - A client is disconnected! Client Id = 1c47ba32-5db1-43cc-aa67-73b84cdeef70
2016-03-15 16:35:06,284 [36] DEBUG SwitchLink.CoreNode.Services.CryptographyService [(null)] - Formatting PAN
2016-03-15 16:35:06,284 [36] DEBUG SwitchLink.CoreNode.Services.CryptographyService [(null)] - Translating Pin Block
2016-03-15 16:35:06,284 [36] INFO  SwitchLink.Cryptography.TritonCryptography.TritonCryptography [(null)] - Generating TPK Pin Block
2016-03-15 16:35:06,284 [36] INFO  SwitchLink.Cryptography.TritonCryptography.TritonCryptography [(null)] - Message to HSM :D4U2D28A367F94D9D48B1ED46D295998884U6B346B24844A2C5B9E54A675AB70E776EECCBD2A57B822E7237000000234
2016-03-15 16:35:06,316 [39] DEBUG SwitchLink.Cryptography.TritonCryptography.TritonCryptography [(null)] - Header: HEAD
2016-03-15 16:35:06,316 [39] DEBUG SwitchLink.Cryptography.TritonCryptography.TritonCryptography [(null)] - ResponseCode: D5
2016-03-15 16:35:06,316 [39] DEBUG SwitchLink.Cryptography.TritonCryptography.TritonCryptography [(null)] - ErrorCode: 00
2016-03-15 16:35:06,331 [39] DEBUG SwitchLink.Cryptography.TritonCryptography.TritonCryptography [(null)] - DestPIN: 32E63EF8F18D29E8
2016-03-15 16:35:06,331 [39] DEBUG SwitchLink.CoreNode.Services.CryptographyService [(null)] - Geting Name location for Terminal
2016-03-15 16:35:06,331 [39] DEBUG SwitchLink.CoreNode.Services.AuthorizationService [(null)] - Constructing Core Request Object
2016-03-15 16:35:06,331 [39] DEBUG SwitchLink.CoreNode.Services.CoreNodeRequestService [(null)] - Sending Core Request Object
2016-03-15 16:35:06,347 [39] DEBUG SwitchLink.CoreNode.Services.CoreNodeRequestService [(null)] - Getting Host Response Object
2016-03-15 16:35:06,347 [34] INFO  SwitchLink.CoreNode.SocketServer.CoreNode [(null)] - A client is disconnected! Client Id = 20609642-d403-40ad-9d20-891fb575fec9
2016-03-15 16:35:06,378 [37] DEBUG SwitchLink.Cryptography.TritonCryptography.TritonCryptography [(null)] - Header: HEAD
2016-03-15 16:35:06,378 [37] DEBUG SwitchLink.Cryptography.TritonCryptography.TritonCryptography [(null)] - ResponseCode: D5
2016-03-15 16:35:06,378 [37] DEBUG SwitchLink.Cryptography.TritonCryptography.TritonCryptography [(null)] - ErrorCode: 00
2016-03-15 16:35:06,378 [37] DEBUG SwitchLink.Cryptography.TritonCryptography.TritonCryptography [(null)] - DestPIN: 32E63EF8F18D29E8
2016-03-15 16:35:06,378 [37] DEBUG SwitchLink.CoreNode.Services.CryptographyService [(null)] - Geting Name location for Terminal
2016-03-15 16:35:06,378 [37] DEBUG SwitchLink.CoreNode.Services.AuthorizationService [(null)] - Constructing Core Request Object
2016-03-15 16:35:06,378 [37] DEBUG SwitchLink.CoreNode.Services.CoreNodeRequestService [(null)] - Sending Core Request Object
2016-03-15 16:35:06,378 [37] DEBUG SwitchLink.CoreNode.Services.CoreNodeRequestService [(null)] - Getting Host Response Object
2016-03-15 16:35:06,378 [34] INFO  SwitchLink.CoreNode.SocketServer.CoreNode [(null)] - A client is disconnected! Client Id = 3a78a1c2-9fc6-4863-8a90-de9c2873c65c
2016-03-15 16:35:06,425 [38] DEBUG SwitchLink.Cryptography.TritonCryptography.TritonCryptography [(null)] - Header: HEAD
2016-03-15 16:35:06,425 [38] DEBUG SwitchLink.Cryptography.TritonCryptography.TritonCryptography [(null)] - ResponseCode: D5
2016-03-15 16:35:06,425 [38] DEBUG SwitchLink.Cryptography.TritonCryptography.TritonCryptography [(null)] - ErrorCode: 00
2016-03-15 16:35:06,425 [38] DEBUG SwitchLink.Cryptography.TritonCryptography.TritonCryptography [(null)] - DestPIN: 32E63EF8F18D29E8
2016-03-15 16:35:06,425 [38] DEBUG SwitchLink.CoreNode.Services.CryptographyService [(null)] - Geting Name location for Terminal
2016-03-15 16:35:06,425 [38] DEBUG SwitchLink.CoreNode.Services.AuthorizationService [(null)] - Constructing Core Request Object
2016-03-15 16:35:06,425 [38] DEBUG SwitchLink.CoreNode.Services.CoreNodeRequestService [(null)] - Sending Core Request Object
2016-03-15 16:35:06,425 [38] DEBUG SwitchLink.CoreNode.Services.CoreNodeRequestService [(null)] - Getting Host Response Object
2016-03-15 16:35:06,425 [34] INFO  SwitchLink.CoreNode.SocketServer.CoreNode [(null)] - A client is disconnected! Client Id = 53583709-88f5-4e5c-a5ed-dfe45fc94f16
2016-03-15 16:35:06,473 [33] DEBUG SwitchLink.Cryptography.TritonCryptography.TritonCryptography [(null)] - Header: HEAD
2016-03-15 16:35:06,473 [33] DEBUG SwitchLink.Cryptography.TritonCryptography.TritonCryptography [(null)] - ResponseCode: D5
2016-03-15 16:35:06,473 [33] DEBUG SwitchLink.Cryptography.TritonCryptography.TritonCryptography [(null)] - ErrorCode: 00
2016-03-15 16:35:06,473 [33] DEBUG SwitchLink.Cryptography.TritonCryptography.TritonCryptography [(null)] - DestPIN: 32E63EF8F18D29E8
2016-03-15 16:35:06,473 [33] DEBUG SwitchLink.CoreNode.Services.CryptographyService [(null)] - Geting Name location for Terminal
2016-03-15 16:35:06,473 [33] DEBUG SwitchLink.CoreNode.Services.AuthorizationService [(null)] - Constructing Core Request Object
2016-03-15 16:35:06,473 [33] DEBUG SwitchLink.CoreNode.Services.CoreNodeRequestService [(null)] - Sending Core Request Object
2016-03-15 16:35:06,487 [33] DEBUG SwitchLink.CoreNode.Services.CoreNodeRequestService [(null)] - Getting Host Response Object
2016-03-15 16:35:06,487 [34] INFO  SwitchLink.CoreNode.SocketServer.CoreNode [(null)] - A client is disconnected! Client Id = 54e4758c-0975-4522-b828-81ab2a407d90
2016-03-15 16:35:06,519 [35] DEBUG SwitchLink.Cryptography.TritonCryptography.TritonCryptography [(null)] - Header: HEAD
2016-03-15 16:35:06,519 [35] DEBUG SwitchLink.Cryptography.TritonCryptography.TritonCryptography [(null)] - ResponseCode: D5
2016-03-15 16:35:06,519 [35] DEBUG SwitchLink.Cryptography.TritonCryptography.TritonCryptography [(null)] - ErrorCode: 00
2016-03-15 16:35:06,519 [35] DEBUG SwitchLink.Cryptography.TritonCryptography.TritonCryptography [(null)] - DestPIN: 32E63EF8F18D29E8
2016-03-15 16:35:06,519 [35] DEBUG SwitchLink.CoreNode.Services.CryptographyService [(null)] - Geting Name location for Terminal
2016-03-15 16:35:06,519 [35] DEBUG SwitchLink.CoreNode.Services.AuthorizationService [(null)] - Constructing Core Request Object
2016-03-15 16:35:06,519 [35] DEBUG SwitchLink.CoreNode.Services.CoreNodeRequestService [(null)] - Sending Core Request Object
2016-03-15 16:35:06,534 [35] DEBUG SwitchLink.CoreNode.Services.CoreNodeRequestService [(null)] - Getting Host Response Object
2016-03-15 16:35:06,534 [34] INFO  SwitchLink.CoreNode.SocketServer.CoreNode [(null)] - A client is disconnected! Client Id = 6cf8e695-151b-4aac-9db5-7749f6b230b1
2016-03-15 16:35:06,566 [36] DEBUG SwitchLink.Cryptography.TritonCryptography.TritonCryptography [(null)] - Header: HEAD
2016-03-15 16:35:06,581 [36] DEBUG SwitchLink.Cryptography.TritonCryptography.TritonCryptography [(null)] - ResponseCode: D5
2016-03-15 16:35:06,581 [36] DEBUG SwitchLink.Cryptography.TritonCryptography.TritonCryptography [(null)] - ErrorCode: 00
2016-03-15 16:35:06,581 [36] DEBUG SwitchLink.Cryptography.TritonCryptography.TritonCryptography [(null)] - DestPIN: 32E63EF8F18D29E8
2016-03-15 16:35:06,581 [36] DEBUG SwitchLink.CoreNode.Services.CryptographyService [(null)] - Geting Name location for Terminal
2016-03-15 16:35:06,581 [36] DEBUG SwitchLink.CoreNode.Services.AuthorizationService [(null)] - Constructing Core Request Object
2016-03-15 16:35:06,581 [36] DEBUG SwitchLink.CoreNode.Services.CoreNodeRequestService [(null)] - Sending Core Request Object
2016-03-15 16:35:06,581 [36] DEBUG SwitchLink.CoreNode.Services.CoreNodeRequestService [(null)] - Getting Host Response Object
2016-03-15 16:35:06,581 [34] INFO  SwitchLink.CoreNode.SocketServer.CoreNode [(null)] - A client is disconnected! Client Id = 2d0934e5-8c96-4af4-b3e0-38cf4b170d7a
2016-03-15 16:35:08,363 [7] INFO  SwitchLink.CoreNode.SocketServer.CoreNode [(null)] - A new client is connected. Client Id = 0959e596-3fce-4a4e-b951-eb709246df53
2016-03-15 16:35:08,363 [7] INFO  SwitchLink.CoreNode.SocketServer.CoreNode [(null)] - A new client is connected. Client Id = 408177ec-1929-4d6d-9277-d48d6325296b
2016-03-15 16:35:08,363 [7] INFO  SwitchLink.CoreNode.SocketServer.CoreNode [(null)] - A new client is connected. Client Id = ae853eaa-63a3-485c-a093-cd3ca58f6247
2016-03-15 16:35:08,363 [33] DEBUG SwitchLink.CoreNode.Services.CryptographyService [(null)] - Geting Name location for Terminal
2016-03-15 16:35:08,363 [35] DEBUG SwitchLink.CoreNode.Services.CryptographyService [(null)] - Geting Name location for Terminal
2016-03-15 16:35:08,363 [33] DEBUG SwitchLink.CoreNode.Services.ReversalService [(null)] - Constructing Core Request Object
2016-03-15 16:35:08,363 [33] DEBUG SwitchLink.CoreNode.Services.CoreNodeRequestService [(null)] - Sending Core Request Object
2016-03-15 16:35:08,363 [35] DEBUG SwitchLink.CoreNode.Services.ReversalService [(null)] - Constructing Core Request Object
2016-03-15 16:35:08,363 [35] DEBUG SwitchLink.CoreNode.Services.CoreNodeRequestService [(null)] - Sending Core Request Object
2016-03-15 16:35:08,363 [33] DEBUG SwitchLink.CoreNode.Services.CoreNodeRequestService [(null)] - Getting Host Response Object
2016-03-15 16:35:08,363 [34] INFO  SwitchLink.CoreNode.SocketServer.CoreNode [(null)] - A client is disconnected! Client Id = 0959e596-3fce-4a4e-b951-eb709246df53
2016-03-15 16:35:08,378 [36] DEBUG SwitchLink.CoreNode.Services.CryptographyService [(null)] - Geting Name location for Terminal
2016-03-15 16:35:08,378 [36] DEBUG SwitchLink.CoreNode.Services.ReversalService [(null)] - Constructing Core Request Object
2016-03-15 16:35:08,378 [36] DEBUG SwitchLink.CoreNode.Services.CoreNodeRequestService [(null)] - Sending Core Request Object
2016-03-15 16:35:08,378 [36] DEBUG SwitchLink.CoreNode.Services.CoreNodeRequestService [(null)] - Getting Host Response Object
2016-03-15 16:35:08,378 [34] INFO  SwitchLink.CoreNode.SocketServer.CoreNode [(null)] - A client is disconnected! Client Id = ae853eaa-63a3-485c-a093-cd3ca58f6247
2016-03-15 16:35:08,409 [35] DEBUG SwitchLink.CoreNode.Services.CoreNodeRequestService [(null)] - Getting Host Response Object
2016-03-15 16:35:08,409 [34] INFO  SwitchLink.CoreNode.SocketServer.CoreNode [(null)] - A client is disconnected! Client Id = 408177ec-1929-4d6d-9277-d48d6325296b
2016-03-15 16:35:09,332 [7] INFO  SwitchLink.CoreNode.SocketServer.CoreNode [(null)] - A new client is connected. Client Id = f4823a55-473f-4e90-b675-5f0eda254c7f
2016-03-15 16:35:09,332 [39] DEBUG SwitchLink.CoreNode.Services.CryptographyService [(null)] - Geting Name location for Terminal
2016-03-15 16:35:09,332 [39] DEBUG SwitchLink.CoreNode.Services.ReversalService [(null)] - Constructing Core Request Object
2016-03-15 16:35:09,332 [39] DEBUG SwitchLink.CoreNode.Services.CoreNodeRequestService [(null)] - Sending Core Request Object
2016-03-15 16:35:09,347 [39] DEBUG SwitchLink.CoreNode.Services.CoreNodeRequestService [(null)] - Getting Host Response Object
2016-03-15 16:35:09,347 [34] INFO  SwitchLink.CoreNode.SocketServer.CoreNode [(null)] - A client is disconnected! Client Id = f4823a55-473f-4e90-b675-5f0eda254c7f
2016-03-15 16:35:09,597 [7] INFO  SwitchLink.CoreNode.SocketServer.CoreNode [(null)] - A new client is connected. Client Id = 2929075d-80e6-4f04-aabc-6382d0261d32
2016-03-15 16:35:09,597 [7] INFO  SwitchLink.CoreNode.SocketServer.CoreNode [(null)] - A new client is connected. Client Id = 534eb6ed-d681-4824-b1be-3900e774c0d0
2016-03-15 16:35:09,597 [38] DEBUG SwitchLink.CoreNode.Services.CryptographyService [(null)] - Geting Name location for Terminal
2016-03-15 16:35:09,597 [36] DEBUG SwitchLink.CoreNode.Services.CryptographyService [(null)] - Geting Name location for Terminal
2016-03-15 16:35:09,597 [38] DEBUG SwitchLink.CoreNode.Services.ReversalService [(null)] - Constructing Core Request Object
2016-03-15 16:35:09,597 [38] DEBUG SwitchLink.CoreNode.Services.CoreNodeRequestService [(null)] - Sending Core Request Object
2016-03-15 16:35:09,597 [36] DEBUG SwitchLink.CoreNode.Services.ReversalService [(null)] - Constructing Core Request Object
2016-03-15 16:35:09,597 [36] DEBUG SwitchLink.CoreNode.Services.CoreNodeRequestService [(null)] - Sending Core Request Object
2016-03-15 16:35:09,597 [38] DEBUG SwitchLink.CoreNode.Services.CoreNodeRequestService [(null)] - Getting Host Response Object
2016-03-15 16:35:09,597 [34] INFO  SwitchLink.CoreNode.SocketServer.CoreNode [(null)] - A client is disconnected! Client Id = 2929075d-80e6-4f04-aabc-6382d0261d32
2016-03-15 16:35:09,597 [36] DEBUG SwitchLink.CoreNode.Services.CoreNodeRequestService [(null)] - Getting Host Response Object
2016-03-15 16:35:09,597 [34] INFO  SwitchLink.CoreNode.SocketServer.CoreNode [(null)] - A client is disconnected! Client Id = 534eb6ed-d681-4824-b1be-3900e774c0d0
