2016-03-15 14:27:03,048 [45] INFO  SwitchLink.HostNode.Communication.Controller.BankingCommunicationController [(null)] - Received a message: 005A02103222001182C008810120000000000040000315142702047041031844000002500656025808610010013030534D323030303035343337353836303030202020202020000000000000000200000006874829365A0400000000
2016-03-15 14:27:03,073 [45] DEBUG SwitchLink.ProtocalFactory.HostNode.Factory [(null)] - <STX><DLE>2"<NUL><DC1>\u0082\u00C0<BS>\u0081<SOH> <NUL><NUL><NUL><NUL><NUL>@<NUL><ETX><NAK><DC4>'<STX><EOT>pA<ETX><CAN>D<NUL><NUL><STX>P<ACK>V<STX>X<BS>a<NUL><DLE><SOH>00SM200005437586000      <NUL><NUL><NUL><NUL><NUL><NUL><NUL><STX><NUL><NUL><NUL><ACK>\u0087H)6Z<EOT><NUL><NUL><NUL><NUL>
2016-03-15 14:27:03,083 [45] INFO  SwitchLink.HostNode.Communication.Services.BankingCoreService [(null)] - Host State changed Transacting --> SignedOn
2016-03-15 14:27:03,084 [45] INFO  SwitchLink.HostNode.Communication.Controller.BankingCommunicationController [(null)] - Received transaction ref: 47041 from Partner
2016-03-15 14:27:03,166 [15] INFO  SwitchLink.HostNode.SocketServer.HostNode [(null)] - A new client is Connected. Client Id = 9fbe24ae-d48d-4c27-bbc7-d956626b6c99
2016-03-15 14:27:03,187 [45] INFO  SwitchLink.HostNode.SocketServer.HostNode [(null)] - A client is disconnected! Client Id = 8e6c0201-b36e-4a01-8e6f-3b106e6233b1
2016-03-15 14:27:03,258 [20] DEBUG SwitchLink.HostNode.Communication.Services.HostNodeRequestService [(null)] - Creating Transaction Request
2016-03-15 14:27:03,260 [20] DEBUG SwitchLink.HostNode.Services.TransactionService [(null)] - Creating TransactionModel Request
2016-03-15 14:27:03,265 [20] INFO  SwitchLink.ProtocalFactory.HostNode.Helper.BankMessageBuilder [(null)] - host node build (0200) request transaction authorization ==> 0120000000000080000315142703047042142703031503175811002141440000025006560258324902370000002348D121210111234123313630333030303437353533534D323030303035343337353836303030202020202020342F3235204749424245532053542C205359444E45592C204E53572C20415520202020202020202030323854434330315C45464330303030303030305C434349305C46424B565C0F3ED266B40C4A18000000000000000200000000800029365A0400000000
2016-03-15 14:27:03,268 [20] DEBUG SwitchLink.HostNode.Communication.Services.HostNodeRequestService [(null)] - Get Transaction Response
2016-03-15 14:27:03,270 [20] INFO  SwitchLink.HostNode.Communication.Services.BankingCoreService [(null)] - Host State changed SignedOn --> Transacting
2016-03-15 14:27:03,281 [45] INFO  SwitchLink.HostNode.Communication.Controller.BankingCommunicationController [(null)] - Received a message: 005A02103222001182C008810120000000000080000315142703047042031844000002500656025808610010013030534D323030303035343337353836303030202020202020000000000000000200000004620329365A0400000000
2016-03-15 14:27:03,285 [45] DEBUG SwitchLink.ProtocalFactory.HostNode.Factory [(null)] - <STX><DLE>2"<NUL><DC1>\u0082\u00C0<BS>\u0081<SOH> <NUL><NUL><NUL><NUL><NUL>\u0080<NUL><ETX><NAK><DC4>'<ETX><EOT>pB<ETX><CAN>D<NUL><NUL><STX>P<ACK>V<STX>X<BS>a<NUL><DLE><SOH>00SM200005437586000      <NUL><NUL><NUL><NUL><NUL><NUL><NUL><STX><NUL><NUL><NUL><EOT>b<ETX>)6Z<EOT><NUL><NUL><NUL><NUL>
2016-03-15 14:27:03,291 [45] INFO  SwitchLink.HostNode.Communication.Services.BankingCoreService [(null)] - Host State changed Transacting --> SignedOn
2016-03-15 14:27:03,295 [14] DEBUG SwitchLink.HostNode.Communication.Services.HostNodeRequestService [(null)] - Creating Transaction Request
2016-03-15 14:27:03,295 [45] INFO  SwitchLink.HostNode.Communication.Controller.BankingCommunicationController [(null)] - Received transaction ref: 47042 from Partner
2016-03-15 14:27:03,296 [14] DEBUG SwitchLink.HostNode.Services.TransactionService [(null)] - Creating TransactionModel Request
2016-03-15 14:27:03,301 [14] INFO  SwitchLink.ProtocalFactory.HostNode.Helper.BankMessageBuilder [(null)] - host node build (0200) request transaction authorization ==> 0110000000000250000315142703047043142703031503175811002141440000025006560258324902370000002348D121210111234123313630333030303437353532534D323030303035343337353836303030202020202020342F3235204749424245532053542C205359444E45592C204E53572C20415520202020202020202030323854434330315C45464330303030303030305C434349305C46424B565C0F3ED266B40C4A18000000000000000200000002500029365A0400000000
2016-03-15 14:27:03,321 [45] INFO  SwitchLink.HostNode.SocketServer.HostNode [(null)] - A client is disconnected! Client Id = f0d36be0-31a8-4201-bb49-3ca5d762cd28
2016-03-15 14:27:03,333 [14] DEBUG SwitchLink.HostNode.Communication.Services.HostNodeRequestService [(null)] - Get Transaction Response
2016-03-15 14:27:03,369 [14] INFO  SwitchLink.HostNode.Communication.Services.BankingCoreService [(null)] - Host State changed SignedOn --> Transacting
2016-03-15 14:27:03,375 [35] DEBUG SwitchLink.HostNode.Communication.Services.HostNodeRequestService [(null)] - Creating Transaction Request
2016-03-15 14:27:03,375 [45] INFO  SwitchLink.HostNode.Communication.Controller.BankingCommunicationController [(null)] - Received a message: 005A02103222001182C008810110000000000250000315142703047043031844000002500656025808610010013036534D323030303035343337353836303030202020202020000000000000000200000000558829365A0400000000
2016-03-15 14:27:03,380 [35] DEBUG SwitchLink.HostNode.Services.TransactionService [(null)] - Creating TransactionModel Request
2016-03-15 14:27:03,382 [45] DEBUG SwitchLink.ProtocalFactory.HostNode.Factory [(null)] - <STX><DLE>2"<NUL><DC1>\u0082\u00C0<BS>\u0081<SOH><DLE><NUL><NUL><NUL><NUL><STX>P<NUL><ETX><NAK><DC4>'<ETX><EOT>pC<ETX><CAN>D<NUL><NUL><STX>P<ACK>V<STX>X<BS>a<NUL><DLE><SOH>06SM200005437586000      <NUL><NUL><NUL><NUL><NUL><NUL><NUL><STX><NUL><NUL><NUL><NUL>U\u0088)6Z<EOT><NUL><NUL><NUL><NUL>
2016-03-15 14:27:03,386 [35] INFO  SwitchLink.ProtocalFactory.HostNode.Helper.BankMessageBuilder [(null)] - host node build (0200) request transaction authorization ==> 0130000000000290000315142703047044142703031503175811002141440000025006560258324902370000002348D121210111234123313630333030303437353534534D323030303035343337353836303030202020202020342F3235204749424245532053542C205359444E45592C204E53572C20415520202020202020202030323854434330315C45464330303030303030305C434349305C46424B565C0F3ED266B40C4A18000000000000000200000002900029365A0400000000
2016-03-15 14:27:03,390 [45] INFO  SwitchLink.HostNode.Communication.Services.BankingCoreService [(null)] - Host State changed Transacting --> SignedOn
2016-03-15 14:27:03,398 [44] DEBUG SwitchLink.HostNode.Communication.Services.HostNodeRequestService [(null)] - Creating Transaction Request
2016-03-15 14:27:03,400 [35] DEBUG SwitchLink.HostNode.Communication.Services.HostNodeRequestService [(null)] - Get Transaction Response
2016-03-15 14:27:03,404 [44] DEBUG SwitchLink.HostNode.Services.TransactionService [(null)] - Creating TransactionModel Request
2016-03-15 14:27:03,403 [45] INFO  SwitchLink.HostNode.Communication.Controller.BankingCommunicationController [(null)] - Received transaction ref: 47043 from Partner
2016-03-15 14:27:03,412 [44] INFO  SwitchLink.ProtocalFactory.HostNode.Helper.BankMessageBuilder [(null)] - host node build (0200) request transaction authorization ==> 0130000000000370000315142703047045142703031503175811002141440000025006560258324902370000002348D121210111234123313630333030303437353535534D323030303035343337353836303030202020202020342F3235204749424245532053542C205359444E45592C204E53572C20415520202020202020202030323854434330315C45464330303030303030305C434349305C46424B565C0F3ED266B40C4A18000000000000000200000003700029365A0400000000
2016-03-15 14:27:03,430 [35] INFO  SwitchLink.HostNode.Communication.Services.BankingCoreService [(null)] - Host State changed SignedOn --> Transacting
2016-03-15 14:27:03,441 [44] DEBUG SwitchLink.HostNode.Communication.Services.HostNodeRequestService [(null)] - Get Transaction Response
2016-03-15 14:27:03,444 [45] INFO  SwitchLink.HostNode.SocketServer.HostNode [(null)] - A client is disconnected! Client Id = 2b25d694-c21d-4dac-9235-7458e07286a3
2016-03-15 14:27:03,456 [41] INFO  SwitchLink.HostNode.Communication.Controller.BankingCommunicationController [(null)] - Received a message: 005A02103222001182C008810130000000000290000315142703047044031844000002500656025808610010013030534D323030303035343337353836303030202020202020000000000000000200000003220429365A0400000000
2016-03-15 14:27:03,465 [41] DEBUG SwitchLink.ProtocalFactory.HostNode.Factory [(null)] - <STX><DLE>2"<NUL><DC1>\u0082\u00C0<BS>\u0081<SOH>0<NUL><NUL><NUL><NUL><STX>\u0090<NUL><ETX><NAK><DC4>'<ETX><EOT>pD<ETX><CAN>D<NUL><NUL><STX>P<ACK>V<STX>X<BS>a<NUL><DLE><SOH>00SM200005437586000      <NUL><NUL><NUL><NUL><NUL><NUL><NUL><STX><NUL><NUL><NUL><ETX>"<EOT>)6Z<EOT><NUL><NUL><NUL><NUL>
2016-03-15 14:27:03,472 [41] INFO  SwitchLink.HostNode.Communication.Services.BankingCoreService [(null)] - Host State changed Transacting --> SignedOn
2016-03-15 14:27:03,477 [41] INFO  SwitchLink.HostNode.Communication.Controller.BankingCommunicationController [(null)] - Received transaction ref: 47044 from Partner
2016-03-15 14:27:03,485 [44] INFO  SwitchLink.HostNode.Communication.Services.BankingCoreService [(null)] - Host State changed SignedOn --> Transacting
2016-03-15 14:27:03,514 [21] INFO  SwitchLink.HostNode.Communication.Controller.BankingCommunicationController [(null)] - Received a message: 005A02103222001182C008810130000000000370000315142703047045031844000002500656025808610010013030534D323030303035343337353836303030202020202020000000000000000200000003529829365A0400000000
2016-03-15 14:27:03,525 [21] DEBUG SwitchLink.ProtocalFactory.HostNode.Factory [(null)] - <STX><DLE>2"<NUL><DC1>\u0082\u00C0<BS>\u0081<SOH>0<NUL><NUL><NUL><NUL><ETX>p<NUL><ETX><NAK><DC4>'<ETX><EOT>pE<ETX><CAN>D<NUL><NUL><STX>P<ACK>V<STX>X<BS>a<NUL><DLE><SOH>00SM200005437586000      <NUL><NUL><NUL><NUL><NUL><NUL><NUL><STX><NUL><NUL><NUL><ETX>R\u0098)6Z<EOT><NUL><NUL><NUL><NUL>
2016-03-15 14:27:03,514 [45] INFO  SwitchLink.HostNode.SocketServer.HostNode [(null)] - A client is disconnected! Client Id = 7f9c0b09-9df4-4d90-9d7e-d53db2b19509
2016-03-15 14:27:03,536 [21] INFO  SwitchLink.HostNode.Communication.Services.BankingCoreService [(null)] - Host State changed Transacting --> SignedOn
2016-03-15 14:27:03,544 [21] INFO  SwitchLink.HostNode.Communication.Controller.BankingCommunicationController [(null)] - Received transaction ref: 47045 from Partner
2016-03-15 14:27:03,587 [21] INFO  SwitchLink.HostNode.SocketServer.HostNode [(null)] - A client is disconnected! Client Id = 9fbe24ae-d48d-4c27-bbc7-d956626b6c99
2016-03-15 14:27:03,659 [15] INFO  SwitchLink.HostNode.SocketServer.HostNode [(null)] - A new client is Connected. Client Id = f07c375e-e472-4dad-9099-08136659fd0b
2016-03-15 14:27:03,789 [20] DEBUG SwitchLink.HostNode.Communication.Services.HostNodeRequestService [(null)] - Creating Transaction Request
2016-03-15 14:27:03,791 [20] DEBUG SwitchLink.HostNode.Services.TransactionService [(null)] - Creating TransactionModel Request
2016-03-15 14:27:03,795 [20] INFO  SwitchLink.ProtocalFactory.HostNode.Helper.BankMessageBuilder [(null)] - host node build (0200) request transaction authorization ==> 0120000000000060000315142703047046142703031503175811002141440000025006560258324902370000002348D121210111234123313630333030303437353536534D323030303035343337353836303030202020202020342F3235204749424245532053542C205359444E45592C204E53572C20415520202020202020202030323854434330315C45464330303030303030305C434349305C46424B565C0F3ED266B40C4A18000000000000000200000000600029365A0400000000
2016-03-15 14:27:03,802 [20] DEBUG SwitchLink.HostNode.Communication.Services.HostNodeRequestService [(null)] - Get Transaction Response
2016-03-15 14:27:03,804 [20] INFO  SwitchLink.HostNode.Communication.Services.BankingCoreService [(null)] - Host State changed SignedOn --> Transacting
2016-03-15 14:27:03,809 [45] INFO  SwitchLink.HostNode.Communication.Controller.BankingCommunicationController [(null)] - Received a message: 005A02103222001182C008810120000000000060000315142703047046031844000002500656025808610010013030534D323030303035343337353836303030202020202020000000000000000200000008617229365A0400000000
2016-03-15 14:27:03,813 [45] DEBUG SwitchLink.ProtocalFactory.HostNode.Factory [(null)] - <STX><DLE>2"<NUL><DC1>\u0082\u00C0<BS>\u0081<SOH> <NUL><NUL><NUL><NUL><NUL>`<NUL><ETX><NAK><DC4>'<ETX><EOT>pF<ETX><CAN>D<NUL><NUL><STX>P<ACK>V<STX>X<BS>a<NUL><DLE><SOH>00SM200005437586000      <NUL><NUL><NUL><NUL><NUL><NUL><NUL><STX><NUL><NUL><NUL><BS>ar)6Z<EOT><NUL><NUL><NUL><NUL>
2016-03-15 14:27:03,815 [45] INFO  SwitchLink.HostNode.Communication.Services.BankingCoreService [(null)] - Host State changed Transacting --> SignedOn
2016-03-15 14:27:03,816 [45] INFO  SwitchLink.HostNode.Communication.Controller.BankingCommunicationController [(null)] - Received transaction ref: 47046 from Partner
2016-03-15 14:27:03,860 [45] INFO  SwitchLink.HostNode.SocketServer.HostNode [(null)] - A client is disconnected! Client Id = f07c375e-e472-4dad-9099-08136659fd0b
2016-03-15 14:27:06,350 [15] INFO  SwitchLink.HostNode.SocketServer.HostNode [(null)] - A new client is Connected. Client Id = fb909f49-5a2a-4283-b4ae-2f3e2017b177
2016-03-15 14:27:06,406 [20] INFO  SwitchLink.HostNode.Communication.Services.BankingCoreService [(null)] - Host State changed SignedOn --> Transacting
2016-03-15 14:27:06,412 [45] INFO  SwitchLink.HostNode.Communication.Controller.BankingCommunicationController [(null)] - Received a message: 005004303222001182C00880200000000000015000031514270604703503164400000250010008610010013036534D3230303030353433373538363030302020202020200000000000000002000000000000
2016-03-15 14:27:06,416 [45] DEBUG SwitchLink.ProtocalFactory.HostNode.Factory [(null)] - <EOT>02"<NUL><DC1>\u0082\u00C0<BS>\u0080 <NUL><NUL><NUL><NUL><NUL><SOH>P<NUL><ETX><NAK><DC4>'<ACK><EOT>p5<ETX><SYN>D<NUL><NUL><STX>P<SOH><NUL><BS>a<NUL><DLE><SOH>06SM200005437586000      <NUL><NUL><NUL><NUL><NUL><NUL><NUL><STX><NUL><NUL><NUL><NUL><NUL><NUL>
2016-03-15 14:27:06,419 [45] INFO  SwitchLink.HostNode.Communication.Services.BankingCoreService [(null)] - Host State changed Transacting --> SignedOn
2016-03-15 14:27:06,420 [45] INFO  SwitchLink.HostNode.Communication.Controller.BankingCommunicationController [(null)] - Received transaction ref: 47035 from Partner
2016-03-15 14:27:06,420 [15] INFO  SwitchLink.HostNode.SocketServer.HostNode [(null)] - A new client is Connected. Client Id = 4e0a9525-679b-429b-b73d-5d539630bcd3
2016-03-15 14:27:06,497 [15] INFO  SwitchLink.HostNode.SocketServer.HostNode [(null)] - A new client is Connected. Client Id = 888d2471-e1c6-49ab-80d7-064c41f4ce99
2016-03-15 14:27:06,499 [45] INFO  SwitchLink.HostNode.SocketServer.HostNode [(null)] - A client is disconnected! Client Id = fb909f49-5a2a-4283-b4ae-2f3e2017b177
2016-03-15 14:27:06,533 [15] INFO  SwitchLink.HostNode.SocketServer.HostNode [(null)] - A new client is Connected. Client Id = d606096a-eb90-4802-a937-61498453f2bd
2016-03-15 14:27:06,501 [20] INFO  SwitchLink.HostNode.Communication.Services.BankingCoreService [(null)] - Host State changed SignedOn --> Transacting
2016-03-15 14:27:06,508 [41] INFO  SwitchLink.HostNode.Communication.Controller.BankingCommunicationController [(null)] - Received a message: 005004303222001182C00880200000000000004000031514270604704103164400000250010008610010013030534D3230303030353433373538363030302020202020200000000000000002000000000000
2016-03-15 14:27:06,601 [41] DEBUG SwitchLink.ProtocalFactory.HostNode.Factory [(null)] - <EOT>02"<NUL><DC1>\u0082\u00C0<BS>\u0080 <NUL><NUL><NUL><NUL><NUL><NUL>@<NUL><ETX><NAK><DC4>'<ACK><EOT>pA<ETX><SYN>D<NUL><NUL><STX>P<SOH><NUL><BS>a<NUL><DLE><SOH>00SM200005437586000      <NUL><NUL><NUL><NUL><NUL><NUL><NUL><STX><NUL><NUL><NUL><NUL><NUL><NUL>
2016-03-15 14:27:06,603 [41] INFO  SwitchLink.HostNode.Communication.Services.BankingCoreService [(null)] - Host State changed Transacting --> SignedOn
2016-03-15 14:27:06,604 [41] INFO  SwitchLink.HostNode.Communication.Controller.BankingCommunicationController [(null)] - Received transaction ref: 47041 from Partner
2016-03-15 14:27:06,658 [41] INFO  SwitchLink.HostNode.SocketServer.HostNode [(null)] - A client is disconnected! Client Id = 4e0a9525-679b-429b-b73d-5d539630bcd3
2016-03-15 14:27:06,663 [15] INFO  SwitchLink.HostNode.SocketServer.HostNode [(null)] - A new client is Connected. Client Id = 9d6f85bd-1939-40f2-9e64-dea34b81218d
2016-03-15 14:27:06,680 [15] INFO  SwitchLink.HostNode.SocketServer.HostNode [(null)] - A new client is Connected. Client Id = a09509dd-125e-4668-8195-355060e117f4
2016-03-15 14:27:06,721 [20] INFO  SwitchLink.HostNode.Communication.Services.BankingCoreService [(null)] - Host State changed SignedOn --> Transacting
2016-03-15 14:27:06,725 [45] INFO  SwitchLink.HostNode.Communication.Controller.BankingCommunicationController [(null)] - Received a message: 005004303222001182C00880200000000000032000031514270604703203164400000250010008610010013035534D3230303030353433373538363030302020202020200000000000000002000000000000
2016-03-15 14:27:06,727 [45] DEBUG SwitchLink.ProtocalFactory.HostNode.Factory [(null)] - <EOT>02"<NUL><DC1>\u0082\u00C0<BS>\u0080 <NUL><NUL><NUL><NUL><NUL><ETX> <NUL><ETX><NAK><DC4>'<ACK><EOT>p2<ETX><SYN>D<NUL><NUL><STX>P<SOH><NUL><BS>a<NUL><DLE><SOH>05SM200005437586000      <NUL><NUL><NUL><NUL><NUL><NUL><NUL><STX><NUL><NUL><NUL><NUL><NUL><NUL>
2016-03-15 14:27:06,729 [45] INFO  SwitchLink.HostNode.Communication.Services.BankingCoreService [(null)] - Host State changed Transacting --> SignedOn
2016-03-15 14:27:06,731 [45] INFO  SwitchLink.HostNode.Communication.Controller.BankingCommunicationController [(null)] - Received transaction ref: 47032 from Partner
2016-03-15 14:27:06,734 [44] INFO  SwitchLink.HostNode.Communication.Services.BankingCoreService [(null)] - Host State changed SignedOn --> Transacting
2016-03-15 14:27:06,756 [41] INFO  SwitchLink.HostNode.Communication.Controller.BankingCommunicationController [(null)] - Received a message: 005004303222001182C00880200000000000028000031514270604702503164400000250010008610010013030534D3230303030353433373538363030302020202020200000000000000002000000000000
2016-03-15 14:27:06,777 [15] INFO  SwitchLink.HostNode.SocketServer.HostNode [(null)] - A new client is Connected. Client Id = d7f2f5d4-f7ae-4420-b8c4-fe72fa5f006a
2016-03-15 14:27:06,778 [45] INFO  SwitchLink.HostNode.SocketServer.HostNode [(null)] - A client is disconnected! Client Id = d606096a-eb90-4802-a937-61498453f2bd
2016-03-15 14:27:06,778 [41] DEBUG SwitchLink.ProtocalFactory.HostNode.Factory [(null)] - <EOT>02"<NUL><DC1>\u0082\u00C0<BS>\u0080 <NUL><NUL><NUL><NUL><NUL><STX>\u0080<NUL><ETX><NAK><DC4>'<ACK><EOT>p%<ETX><SYN>D<NUL><NUL><STX>P<SOH><NUL><BS>a<NUL><DLE><SOH>00SM200005437586000      <NUL><NUL><NUL><NUL><NUL><NUL><NUL><STX><NUL><NUL><NUL><NUL><NUL><NUL>
2016-03-15 14:27:06,785 [41] INFO  SwitchLink.HostNode.Communication.Services.BankingCoreService [(null)] - Host State changed Transacting --> SignedOn
2016-03-15 14:27:06,786 [41] INFO  SwitchLink.HostNode.Communication.Controller.BankingCommunicationController [(null)] - Received transaction ref: 47025 from Partner
2016-03-15 14:27:06,788 [14] INFO  SwitchLink.HostNode.Communication.Services.BankingCoreService [(null)] - Host State changed SignedOn --> Transacting
2016-03-15 14:27:06,794 [45] INFO  SwitchLink.HostNode.Communication.Controller.BankingCommunicationController [(null)] - Received a message: 005004303222001182C00880200000000000008000031514270604704203164400000250010008610010013030534D3230303030353433373538363030302020202020200000000000000002000000000000
2016-03-15 14:27:06,796 [45] DEBUG SwitchLink.ProtocalFactory.HostNode.Factory [(null)] - <EOT>02"<NUL><DC1>\u0082\u00C0<BS>\u0080 <NUL><NUL><NUL><NUL><NUL><NUL>\u0080<NUL><ETX><NAK><DC4>'<ACK><EOT>pB<ETX><SYN>D<NUL><NUL><STX>P<SOH><NUL><BS>a<NUL><DLE><SOH>00SM200005437586000      <NUL><NUL><NUL><NUL><NUL><NUL><NUL><STX><NUL><NUL><NUL><NUL><NUL><NUL>
2016-03-15 14:27:06,801 [45] INFO  SwitchLink.HostNode.Communication.Services.BankingCoreService [(null)] - Host State changed Transacting --> SignedOn
2016-03-15 14:27:06,802 [45] INFO  SwitchLink.HostNode.Communication.Controller.BankingCommunicationController [(null)] - Received transaction ref: 47042 from Partner
2016-03-15 14:27:06,811 [67] INFO  SwitchLink.HostNode.Communication.Services.BankingCoreService [(null)] - Host State changed SignedOn --> Transacting
2016-03-15 14:27:06,828 [45] INFO  SwitchLink.HostNode.Communication.Controller.BankingCommunicationController [(null)] - Received a message: 005004303222001182C00880200000000000019000031514270604703603164400000250010008610010013030534D3230303030353433373538363030302020202020200000000000000002000000000000
2016-03-15 14:27:06,830 [45] DEBUG SwitchLink.ProtocalFactory.HostNode.Factory [(null)] - <EOT>02"<NUL><DC1>\u0082\u00C0<BS>\u0080 <NUL><NUL><NUL><NUL><NUL><SOH>\u0090<NUL><ETX><NAK><DC4>'<ACK><EOT>p6<ETX><SYN>D<NUL><NUL><STX>P<SOH><NUL><BS>a<NUL><DLE><SOH>00SM200005437586000      <NUL><NUL><NUL><NUL><NUL><NUL><NUL><STX><NUL><NUL><NUL><NUL><NUL><NUL>
2016-03-15 14:27:06,833 [45] INFO  SwitchLink.HostNode.Communication.Services.BankingCoreService [(null)] - Host State changed Transacting --> SignedOn
2016-03-15 14:27:06,834 [45] INFO  SwitchLink.HostNode.Communication.Controller.BankingCommunicationController [(null)] - Received transaction ref: 47036 from Partner
2016-03-15 14:27:06,836 [53] INFO  SwitchLink.HostNode.Communication.Services.BankingCoreService [(null)] - Host State changed SignedOn --> Transacting
2016-03-15 14:27:06,837 [41] INFO  SwitchLink.HostNode.SocketServer.HostNode [(null)] - A client is disconnected! Client Id = 888d2471-e1c6-49ab-80d7-064c41f4ce99
2016-03-15 14:27:06,855 [45] INFO  SwitchLink.HostNode.Communication.Controller.BankingCommunicationController [(null)] - Received a message: 005004303222001182C00880200000000000038000031514270604704003164400000250010008610010013030534D3230303030353433373538363030302020202020200000000000000002000000000000
2016-03-15 14:27:06,859 [36] INFO  SwitchLink.HostNode.SocketServer.HostNode [(null)] - A client is disconnected! Client Id = 9d6f85bd-1939-40f2-9e64-dea34b81218d
2016-03-15 14:27:06,888 [21] INFO  SwitchLink.HostNode.SocketServer.HostNode [(null)] - A client is disconnected! Client Id = a09509dd-125e-4668-8195-355060e117f4
2016-03-15 14:27:06,888 [45] DEBUG SwitchLink.ProtocalFactory.HostNode.Factory [(null)] - <EOT>02"<NUL><DC1>\u0082\u00C0<BS>\u0080 <NUL><NUL><NUL><NUL><NUL><ETX>\u0080<NUL><ETX><NAK><DC4>'<ACK><EOT>p@<ETX><SYN>D<NUL><NUL><STX>P<SOH><NUL><BS>a<NUL><DLE><SOH>00SM200005437586000      <NUL><NUL><NUL><NUL><NUL><NUL><NUL><STX><NUL><NUL><NUL><NUL><NUL><NUL>
2016-03-15 14:27:06,894 [45] INFO  SwitchLink.HostNode.Communication.Services.BankingCoreService [(null)] - Host State changed Transacting --> SignedOn
2016-03-15 14:27:06,896 [45] INFO  SwitchLink.HostNode.Communication.Controller.BankingCommunicationController [(null)] - Received transaction ref: 47040 from Partner
2016-03-15 14:27:06,932 [45] INFO  SwitchLink.HostNode.SocketServer.HostNode [(null)] - A client is disconnected! Client Id = d7f2f5d4-f7ae-4420-b8c4-fe72fa5f006a
