2016-02-10 16:57:55,469 [16] WARN  SwitchLink.HostNode.Communication.Controller.BankingCommunicationController [(null)] - Lose Connection to bank...
2016-02-10 16:57:55,933 [16] WARN  SwitchLink.HostNode.Communication.Controller.BankingCommunicationController [(null)] - Lose Connection to bank...
2016-02-10 16:57:55,933 [11] WARN  SwitchLink.HostNode.Communication.Controller.BankingCommunicationController [(null)] - Connecting to bank...
2016-02-10 16:57:56,395 [16] WARN  SwitchLink.HostNode.Communication.Controller.BankingCommunicationController [(null)] - Lose Connection to bank...
2016-02-10 16:57:56,395 [11] WARN  SwitchLink.HostNode.Communication.Controller.BankingCommunicationController [(null)] - Connecting to bank...
2016-02-10 16:57:57,215 [11] WARN  SwitchLink.HostNode.Communication.Controller.BankingCommunicationController [(null)] - Connecting to bank...
2016-02-10 16:57:57,282 [16] WARN  SwitchLink.HostNode.Communication.Controller.BankingCommunicationController [(null)] - Lose Connection to bank...
2016-02-10 16:57:57,752 [16] WARN  SwitchLink.HostNode.Communication.Controller.BankingCommunicationController [(null)] - Lose Connection to bank...
2016-02-10 16:57:57,752 [11] WARN  SwitchLink.HostNode.Communication.Controller.BankingCommunicationController [(null)] - Connecting to bank...
2016-02-10 16:58:06,996 [16] WARN  SwitchLink.HostNode.Communication.Controller.BankingCommunicationController [(null)] - Lose Connection to bank...
2016-02-10 16:58:06,997 [11] WARN  SwitchLink.HostNode.Communication.Controller.BankingCommunicationController [(null)] - Connecting to bank...
2016-02-10 16:58:07,141 [11] ERROR SwitchLink.HostNode.Communication.Controller.BankingCommunicationController [(null)] - An existing connection was forcibly closed by the remote host
2016-02-10 16:58:07,144 [11] WARN  SwitchLink.HostNode.Communication.Controller.BankingCommunicationController [(null)] - Connecting to bank...
2016-02-10 18:00:53,400 [9] WARN  SwitchLink.HostNode.Communication.Controller.BankingCommunicationController [(null)] - Connecting to bank...
2016-02-10 18:00:56,795 [9] WARN  SwitchLink.HostNode.Communication.Controller.BankingCommunicationController [(null)] - Connecting to bank...
2016-02-10 18:00:56,796 [10] WARN  SwitchLink.HostNode.Communication.Controller.BankingCommunicationController [(null)] - Lose Connection to bank...
2016-02-10 18:00:57,360 [14] WARN  SwitchLink.HostNode.Communication.Controller.BankingCommunicationController [(null)] - Lose Connection to bank...
2016-02-10 18:00:57,360 [9] WARN  SwitchLink.HostNode.Communication.Controller.BankingCommunicationController [(null)] - Connecting to bank...
2016-02-10 18:00:57,772 [9] WARN  SwitchLink.HostNode.Communication.Controller.BankingCommunicationController [(null)] - Connecting to bank...
2016-02-10 18:00:57,773 [14] WARN  SwitchLink.HostNode.Communication.Controller.BankingCommunicationController [(null)] - Lose Connection to bank...
2016-02-10 18:00:58,228 [14] WARN  SwitchLink.HostNode.Communication.Controller.BankingCommunicationController [(null)] - Lose Connection to bank...
2016-02-10 18:00:58,229 [9] WARN  SwitchLink.HostNode.Communication.Controller.BankingCommunicationController [(null)] - Connecting to bank...
2016-02-10 18:00:58,701 [14] WARN  SwitchLink.HostNode.Communication.Controller.BankingCommunicationController [(null)] - Lose Connection to bank...
2016-02-10 18:00:58,702 [9] WARN  SwitchLink.HostNode.Communication.Controller.BankingCommunicationController [(null)] - Connecting to bank...
2016-02-10 18:00:59,284 [14] WARN  SwitchLink.HostNode.Communication.Controller.BankingCommunicationController [(null)] - Lose Connection to bank...
2016-02-10 18:00:59,285 [9] WARN  SwitchLink.HostNode.Communication.Controller.BankingCommunicationController [(null)] - Connecting to bank...
2016-02-10 18:01:02,207 [14] WARN  SwitchLink.HostNode.Communication.Controller.BankingCommunicationController [(null)] - Lose Connection to bank...
2016-02-10 18:01:02,208 [9] WARN  SwitchLink.HostNode.Communication.Controller.BankingCommunicationController [(null)] - Connecting to bank...
2016-02-10 18:01:02,633 [14] WARN  SwitchLink.HostNode.Communication.Controller.BankingCommunicationController [(null)] - Lose Connection to bank...
2016-02-10 18:01:02,633 [9] WARN  SwitchLink.HostNode.Communication.Controller.BankingCommunicationController [(null)] - Connecting to bank...
2016-02-11 12:32:27,761 [9] WARN  SwitchLink.HostNode.Communication.Controller.BankingCommunicationController [(null)] - Connecting to bank...
2016-02-11 12:32:34,215 [9] WARN  SwitchLink.HostNode.Communication.Controller.BankingCommunicationController [(null)] - Connecting to bank...
2016-02-11 12:32:34,215 [10] WARN  SwitchLink.HostNode.Communication.Controller.BankingCommunicationController [(null)] - Lose Connection to bank...
2016-02-11 12:32:36,352 [9] WARN  SwitchLink.HostNode.Communication.Controller.BankingCommunicationController [(null)] - Connecting to bank...
2016-02-11 12:32:36,352 [14] WARN  SwitchLink.HostNode.Communication.Controller.BankingCommunicationController [(null)] - Lose Connection to bank...
2016-02-11 12:37:04,935 [9] WARN  SwitchLink.HostNode.Communication.Controller.BankingCommunicationController [(null)] - Connecting to bank...
2016-02-11 12:45:11,148 [10] ERROR SwitchLink.HostNode.Communication.Controller.BankingCommunicationController [(null)] - Object reference not set to an instance of an object.
2016-02-11 12:46:38,571 [8] WARN  SwitchLink.HostNode.Communication.Controller.BankingCommunicationController [(null)] - Connecting to bank...
2016-02-11 12:46:42,775 [8] WARN  SwitchLink.HostNode.Communication.Controller.BankingCommunicationController [(null)] - Connecting to bank...
2016-02-11 12:46:42,776 [9] WARN  SwitchLink.HostNode.Communication.Controller.BankingCommunicationController [(null)] - Lose Connection to bank...
2016-02-11 12:46:44,809 [13] WARN  SwitchLink.HostNode.Communication.Controller.BankingCommunicationController [(null)] - Lose Connection to bank...
2016-02-11 12:46:44,809 [8] WARN  SwitchLink.HostNode.Communication.Controller.BankingCommunicationController [(null)] - Connecting to bank...
2016-02-11 12:46:46,368 [13] WARN  SwitchLink.HostNode.Communication.Controller.BankingCommunicationController [(null)] - Lose Connection to bank...
2016-02-11 12:46:46,368 [8] WARN  SwitchLink.HostNode.Communication.Controller.BankingCommunicationController [(null)] - Connecting to bank...
2016-02-11 12:46:47,593 [8] WARN  SwitchLink.HostNode.Communication.Controller.BankingCommunicationController [(null)] - Connecting to bank...
2016-02-11 12:46:47,593 [13] WARN  SwitchLink.HostNode.Communication.Controller.BankingCommunicationController [(null)] - Lose Connection to bank...
2016-02-11 12:46:48,709 [13] WARN  SwitchLink.HostNode.Communication.Controller.BankingCommunicationController [(null)] - Lose Connection to bank...
2016-02-11 12:46:48,709 [8] WARN  SwitchLink.HostNode.Communication.Controller.BankingCommunicationController [(null)] - Connecting to bank...
2016-02-11 12:46:52,234 [13] WARN  SwitchLink.HostNode.Communication.Controller.BankingCommunicationController [(null)] - Lose Connection to bank...
2016-02-11 12:46:52,234 [8] WARN  SwitchLink.HostNode.Communication.Controller.BankingCommunicationController [(null)] - Connecting to bank...
2016-02-11 12:46:52,599 [13] WARN  SwitchLink.HostNode.Communication.Controller.BankingCommunicationController [(null)] - Lose Connection to bank...
2016-02-11 12:46:52,600 [8] WARN  SwitchLink.HostNode.Communication.Controller.BankingCommunicationController [(null)] - Connecting to bank...
2016-02-11 12:46:52,948 [13] WARN  SwitchLink.HostNode.Communication.Controller.BankingCommunicationController [(null)] - Lose Connection to bank...
2016-02-11 12:46:52,948 [8] WARN  SwitchLink.HostNode.Communication.Controller.BankingCommunicationController [(null)] - Connecting to bank...
2016-02-11 12:46:53,421 [13] WARN  SwitchLink.HostNode.Communication.Controller.BankingCommunicationController [(null)] - Lose Connection to bank...
2016-02-11 12:46:53,422 [8] WARN  SwitchLink.HostNode.Communication.Controller.BankingCommunicationController [(null)] - Connecting to bank...
2016-02-11 12:46:53,872 [8] WARN  SwitchLink.HostNode.Communication.Controller.BankingCommunicationController [(null)] - Connecting to bank...
2016-02-11 12:46:53,873 [13] WARN  SwitchLink.HostNode.Communication.Controller.BankingCommunicationController [(null)] - Lose Connection to bank...
2016-02-11 12:46:54,343 [13] WARN  SwitchLink.HostNode.Communication.Controller.BankingCommunicationController [(null)] - Lose Connection to bank...
2016-02-11 12:46:54,343 [8] WARN  SwitchLink.HostNode.Communication.Controller.BankingCommunicationController [(null)] - Connecting to bank...
2016-02-11 12:46:54,761 [13] WARN  SwitchLink.HostNode.Communication.Controller.BankingCommunicationController [(null)] - Lose Connection to bank...
2016-02-11 12:46:54,761 [8] WARN  SwitchLink.HostNode.Communication.Controller.BankingCommunicationController [(null)] - Connecting to bank...
2016-02-11 12:46:55,149 [8] WARN  SwitchLink.HostNode.Communication.Controller.BankingCommunicationController [(null)] - Connecting to bank...
2016-02-11 12:46:55,150 [13] WARN  SwitchLink.HostNode.Communication.Controller.BankingCommunicationController [(null)] - Lose Connection to bank...
2016-02-11 12:46:55,500 [8] WARN  SwitchLink.HostNode.Communication.Controller.BankingCommunicationController [(null)] - Connecting to bank...
2016-02-11 12:46:55,500 [13] WARN  SwitchLink.HostNode.Communication.Controller.BankingCommunicationController [(null)] - Lose Connection to bank...
2016-02-11 12:46:55,897 [13] WARN  SwitchLink.HostNode.Communication.Controller.BankingCommunicationController [(null)] - Lose Connection to bank...
2016-02-11 12:46:55,897 [8] WARN  SwitchLink.HostNode.Communication.Controller.BankingCommunicationController [(null)] - Connecting to bank...
2016-02-11 12:46:56,338 [13] WARN  SwitchLink.HostNode.Communication.Controller.BankingCommunicationController [(null)] - Lose Connection to bank...
2016-02-11 12:46:56,339 [8] WARN  SwitchLink.HostNode.Communication.Controller.BankingCommunicationController [(null)] - Connecting to bank...
2016-02-11 12:46:56,887 [13] WARN  SwitchLink.HostNode.Communication.Controller.BankingCommunicationController [(null)] - Lose Connection to bank...
2016-02-11 12:46:56,887 [8] WARN  SwitchLink.HostNode.Communication.Controller.BankingCommunicationController [(null)] - Connecting to bank...
2016-02-11 12:46:57,326 [8] WARN  SwitchLink.HostNode.Communication.Controller.BankingCommunicationController [(null)] - Connecting to bank...
2016-02-11 12:46:57,327 [14] WARN  SwitchLink.HostNode.Communication.Controller.BankingCommunicationController [(null)] - Lose Connection to bank...
2016-02-11 12:46:57,796 [8] WARN  SwitchLink.HostNode.Communication.Controller.BankingCommunicationController [(null)] - Connecting to bank...
2016-02-11 12:46:57,797 [14] WARN  SwitchLink.HostNode.Communication.Controller.BankingCommunicationController [(null)] - Lose Connection to bank...
2016-02-11 12:47:04,804 [14] WARN  SwitchLink.HostNode.Communication.Controller.BankingCommunicationController [(null)] - Lose Connection to bank...
2016-02-11 12:47:04,805 [8] WARN  SwitchLink.HostNode.Communication.Controller.BankingCommunicationController [(null)] - Connecting to bank...
2016-02-11 12:47:05,387 [14] WARN  SwitchLink.HostNode.Communication.Controller.BankingCommunicationController [(null)] - Lose Connection to bank...
2016-02-11 12:47:05,389 [8] WARN  SwitchLink.HostNode.Communication.Controller.BankingCommunicationController [(null)] - Connecting to bank...
2016-02-11 12:47:05,863 [14] WARN  SwitchLink.HostNode.Communication.Controller.BankingCommunicationController [(null)] - Lose Connection to bank...
2016-02-11 12:47:05,864 [8] WARN  SwitchLink.HostNode.Communication.Controller.BankingCommunicationController [(null)] - Connecting to bank...
2016-02-11 12:52:39,942 [10] WARN  SwitchLink.HostNode.Communication.Controller.BankingCommunicationController [(null)] - Connecting to bank...
2016-02-11 12:52:41,767 [10] WARN  SwitchLink.HostNode.Communication.Controller.BankingCommunicationController [(null)] - Connecting to bank...
2016-02-11 12:52:41,769 [11] WARN  SwitchLink.HostNode.Communication.Controller.BankingCommunicationController [(null)] - Lose Connection to bank...
2016-02-11 12:52:42,146 [15] WARN  SwitchLink.HostNode.Communication.Controller.BankingCommunicationController [(null)] - Lose Connection to bank...
2016-02-11 12:52:42,146 [10] WARN  SwitchLink.HostNode.Communication.Controller.BankingCommunicationController [(null)] - Connecting to bank...
2016-02-11 12:52:42,488 [15] WARN  SwitchLink.HostNode.Communication.Controller.BankingCommunicationController [(null)] - Lose Connection to bank...
2016-02-11 12:52:42,489 [10] WARN  SwitchLink.HostNode.Communication.Controller.BankingCommunicationController [(null)] - Connecting to bank...
2016-02-11 12:52:42,812 [15] WARN  SwitchLink.HostNode.Communication.Controller.BankingCommunicationController [(null)] - Lose Connection to bank...
2016-02-11 12:52:42,813 [10] WARN  SwitchLink.HostNode.Communication.Controller.BankingCommunicationController [(null)] - Connecting to bank...
2016-02-11 12:52:43,155 [10] WARN  SwitchLink.HostNode.Communication.Controller.BankingCommunicationController [(null)] - Connecting to bank...
2016-02-11 12:52:43,156 [15] WARN  SwitchLink.HostNode.Communication.Controller.BankingCommunicationController [(null)] - Lose Connection to bank...
2016-02-11 12:52:43,499 [15] WARN  SwitchLink.HostNode.Communication.Controller.BankingCommunicationController [(null)] - Lose Connection to bank...
2016-02-11 12:52:43,499 [10] WARN  SwitchLink.HostNode.Communication.Controller.BankingCommunicationController [(null)] - Connecting to bank...
2016-02-11 12:52:43,826 [15] WARN  SwitchLink.HostNode.Communication.Controller.BankingCommunicationController [(null)] - Lose Connection to bank...
2016-02-11 12:52:43,826 [10] WARN  SwitchLink.HostNode.Communication.Controller.BankingCommunicationController [(null)] - Connecting to bank...
2016-02-11 12:52:44,185 [15] WARN  SwitchLink.HostNode.Communication.Controller.BankingCommunicationController [(null)] - Lose Connection to bank...
2016-02-11 12:52:44,186 [10] WARN  SwitchLink.HostNode.Communication.Controller.BankingCommunicationController [(null)] - Connecting to bank...
2016-02-11 12:52:44,531 [15] WARN  SwitchLink.HostNode.Communication.Controller.BankingCommunicationController [(null)] - Lose Connection to bank...
2016-02-11 12:52:44,532 [10] WARN  SwitchLink.HostNode.Communication.Controller.BankingCommunicationController [(null)] - Connecting to bank...
2016-02-11 12:52:44,853 [10] WARN  SwitchLink.HostNode.Communication.Controller.BankingCommunicationController [(null)] - Connecting to bank...
2016-02-11 12:52:44,854 [15] WARN  SwitchLink.HostNode.Communication.Controller.BankingCommunicationController [(null)] - Lose Connection to bank...
2016-02-11 12:52:45,188 [15] WARN  SwitchLink.HostNode.Communication.Controller.BankingCommunicationController [(null)] - Lose Connection to bank...
2016-02-11 12:52:45,189 [10] WARN  SwitchLink.HostNode.Communication.Controller.BankingCommunicationController [(null)] - Connecting to bank...
2016-02-11 12:52:45,516 [10] WARN  SwitchLink.HostNode.Communication.Controller.BankingCommunicationController [(null)] - Connecting to bank...
2016-02-11 12:52:45,517 [15] WARN  SwitchLink.HostNode.Communication.Controller.BankingCommunicationController [(null)] - Lose Connection to bank...
2016-02-11 12:52:45,872 [15] WARN  SwitchLink.HostNode.Communication.Controller.BankingCommunicationController [(null)] - Lose Connection to bank...
2016-02-11 12:52:45,872 [10] WARN  SwitchLink.HostNode.Communication.Controller.BankingCommunicationController [(null)] - Connecting to bank...
2016-02-11 12:52:46,181 [10] WARN  SwitchLink.HostNode.Communication.Controller.BankingCommunicationController [(null)] - Connecting to bank...
2016-02-11 12:52:46,182 [15] WARN  SwitchLink.HostNode.Communication.Controller.BankingCommunicationController [(null)] - Lose Connection to bank...
2016-02-11 12:52:46,531 [15] WARN  SwitchLink.HostNode.Communication.Controller.BankingCommunicationController [(null)] - Lose Connection to bank...
2016-02-11 12:52:46,532 [10] WARN  SwitchLink.HostNode.Communication.Controller.BankingCommunicationController [(null)] - Connecting to bank...
2016-02-11 12:52:46,868 [15] WARN  SwitchLink.HostNode.Communication.Controller.BankingCommunicationController [(null)] - Lose Connection to bank...
2016-02-11 12:52:46,868 [10] WARN  SwitchLink.HostNode.Communication.Controller.BankingCommunicationController [(null)] - Connecting to bank...
2016-02-11 12:52:47,224 [10] WARN  SwitchLink.HostNode.Communication.Controller.BankingCommunicationController [(null)] - Connecting to bank...
2016-02-11 12:52:47,225 [15] WARN  SwitchLink.HostNode.Communication.Controller.BankingCommunicationController [(null)] - Lose Connection to bank...
2016-02-11 12:52:47,578 [10] WARN  SwitchLink.HostNode.Communication.Controller.BankingCommunicationController [(null)] - Connecting to bank...
2016-02-11 12:52:47,592 [15] WARN  SwitchLink.HostNode.Communication.Controller.BankingCommunicationController [(null)] - Lose Connection to bank...
2016-02-11 12:52:47,963 [15] WARN  SwitchLink.HostNode.Communication.Controller.BankingCommunicationController [(null)] - Lose Connection to bank...
2016-02-11 12:52:47,963 [10] WARN  SwitchLink.HostNode.Communication.Controller.BankingCommunicationController [(null)] - Connecting to bank...
2016-02-11 12:52:48,507 [15] WARN  SwitchLink.HostNode.Communication.Controller.BankingCommunicationController [(null)] - Lose Connection to bank...
2016-02-11 12:52:48,507 [10] WARN  SwitchLink.HostNode.Communication.Controller.BankingCommunicationController [(null)] - Connecting to bank...
2016-02-11 12:52:49,048 [10] WARN  SwitchLink.HostNode.Communication.Controller.BankingCommunicationController [(null)] - Connecting to bank...
2016-02-11 12:52:49,109 [15] WARN  SwitchLink.HostNode.Communication.Controller.BankingCommunicationController [(null)] - Lose Connection to bank...
2016-02-11 12:52:49,534 [10] WARN  SwitchLink.HostNode.Communication.Controller.BankingCommunicationController [(null)] - Connecting to bank...
2016-02-11 12:52:49,535 [15] WARN  SwitchLink.HostNode.Communication.Controller.BankingCommunicationController [(null)] - Lose Connection to bank...
2016-02-11 12:52:49,989 [10] WARN  SwitchLink.HostNode.Communication.Controller.BankingCommunicationController [(null)] - Connecting to bank...
2016-02-11 12:52:50,060 [15] WARN  SwitchLink.HostNode.Communication.Controller.BankingCommunicationController [(null)] - Lose Connection to bank...
2016-02-11 12:52:55,747 [10] WARN  SwitchLink.HostNode.Communication.Controller.BankingCommunicationController [(null)] - Connecting to bank...
2016-02-11 12:52:55,746 [15] WARN  SwitchLink.HostNode.Communication.Controller.BankingCommunicationController [(null)] - Lose Connection to bank...
2016-02-11 12:52:56,215 [15] WARN  SwitchLink.HostNode.Communication.Controller.BankingCommunicationController [(null)] - Lose Connection to bank...
2016-02-11 12:52:56,218 [10] WARN  SwitchLink.HostNode.Communication.Controller.BankingCommunicationController [(null)] - Connecting to bank...
2016-02-11 12:52:56,633 [10] WARN  SwitchLink.HostNode.Communication.Controller.BankingCommunicationController [(null)] - Connecting to bank...
2016-02-11 12:52:56,633 [15] WARN  SwitchLink.HostNode.Communication.Controller.BankingCommunicationController [(null)] - Lose Connection to bank...
2016-02-11 12:52:56,977 [15] WARN  SwitchLink.HostNode.Communication.Controller.BankingCommunicationController [(null)] - Lose Connection to bank...
2016-02-11 12:52:56,977 [10] WARN  SwitchLink.HostNode.Communication.Controller.BankingCommunicationController [(null)] - Connecting to bank...
2016-02-11 12:52:57,319 [10] WARN  SwitchLink.HostNode.Communication.Controller.BankingCommunicationController [(null)] - Connecting to bank...
2016-02-11 12:52:57,320 [15] WARN  SwitchLink.HostNode.Communication.Controller.BankingCommunicationController [(null)] - Lose Connection to bank...
2016-02-11 12:53:21,574 [8] WARN  SwitchLink.HostNode.Communication.Controller.BankingCommunicationController [(null)] - Connecting to bank...
2016-02-11 12:53:23,582 [8] WARN  SwitchLink.HostNode.Communication.Controller.BankingCommunicationController [(null)] - Connecting to bank...
2016-02-11 13:06:30,400 [9] WARN  SwitchLink.HostNode.Communication.Controller.BankingCommunicationController [(null)] - Lose Connection to bank...
2016-02-11 13:06:47,917 [9] WARN  SwitchLink.HostNode.Communication.Controller.BankingCommunicationController [(null)] - Connecting to bank...
2016-02-11 13:08:10,898 [9] WARN  SwitchLink.HostNode.Communication.Controller.BankingCommunicationController [(null)] - Connecting to bank...
2016-02-11 13:09:06,872 [8] WARN  SwitchLink.HostNode.Communication.Controller.BankingCommunicationController [(null)] - Connecting to bank...
2016-02-11 13:09:08,403 [9] WARN  SwitchLink.HostNode.Communication.Controller.BankingCommunicationController [(null)] - Lose Connection to bank...
2016-02-11 13:12:29,532 [10] WARN  SwitchLink.HostNode.Communication.Controller.BankingCommunicationController [(null)] - Connecting to bank...
2016-02-11 13:14:16,922 [9] WARN  SwitchLink.HostNode.Communication.Controller.BankingCommunicationController [(null)] - Connecting to bank...
2016-02-11 13:33:33,592 [10] WARN  SwitchLink.HostNode.Communication.Controller.BankingCommunicationController [(null)] - Connecting to bank...
2016-02-11 13:33:35,948 [10] WARN  SwitchLink.HostNode.Communication.Controller.BankingCommunicationController [(null)] - Connecting to bank...
2016-02-11 13:33:35,950 [11] WARN  SwitchLink.HostNode.Communication.Controller.BankingCommunicationController [(null)] - Lose Connection to bank...
2016-02-11 13:34:38,567 [11] WARN  SwitchLink.HostNode.Communication.Controller.BankingCommunicationController [(null)] - Lose Connection to bank...
2016-02-11 13:34:38,567 [10] WARN  SwitchLink.HostNode.Communication.Controller.BankingCommunicationController [(null)] - Connecting to bank...
2016-02-11 15:28:56,158 [10] WARN  SwitchLink.HostNode.Communication.Controller.BankingCommunicationController [(null)] - Connecting to bank...
2016-02-11 15:28:58,802 [10] WARN  SwitchLink.HostNode.Communication.Controller.BankingCommunicationController [(null)] - Connecting to bank...
2016-02-11 15:28:58,832 [11] WARN  SwitchLink.HostNode.Communication.Controller.BankingCommunicationController [(null)] - Lose Connection to bank...
2016-02-11 15:28:59,156 [10] WARN  SwitchLink.HostNode.Communication.Controller.BankingCommunicationController [(null)] - Connecting to bank...
2016-02-11 15:28:59,156 [11] WARN  SwitchLink.HostNode.Communication.Controller.BankingCommunicationController [(null)] - Lose Connection to bank...
2016-02-11 15:28:59,554 [10] WARN  SwitchLink.HostNode.Communication.Controller.BankingCommunicationController [(null)] - Connecting to bank...
2016-02-11 15:28:59,554 [14] WARN  SwitchLink.HostNode.Communication.Controller.BankingCommunicationController [(null)] - Lose Connection to bank...
2016-02-11 15:28:59,885 [14] WARN  SwitchLink.HostNode.Communication.Controller.BankingCommunicationController [(null)] - Lose Connection to bank...
2016-02-11 15:28:59,885 [10] WARN  SwitchLink.HostNode.Communication.Controller.BankingCommunicationController [(null)] - Connecting to bank...
2016-02-11 15:29:00,337 [10] WARN  SwitchLink.HostNode.Communication.Controller.BankingCommunicationController [(null)] - Connecting to bank...
2016-02-11 15:29:00,338 [14] WARN  SwitchLink.HostNode.Communication.Controller.BankingCommunicationController [(null)] - Lose Connection to bank...
2016-02-11 15:29:00,752 [10] WARN  SwitchLink.HostNode.Communication.Controller.BankingCommunicationController [(null)] - Connecting to bank...
2016-02-11 15:29:00,752 [14] WARN  SwitchLink.HostNode.Communication.Controller.BankingCommunicationController [(null)] - Lose Connection to bank...
2016-02-11 15:29:01,094 [10] WARN  SwitchLink.HostNode.Communication.Controller.BankingCommunicationController [(null)] - Connecting to bank...
2016-02-11 15:29:01,095 [14] WARN  SwitchLink.HostNode.Communication.Controller.BankingCommunicationController [(null)] - Lose Connection to bank...
2016-02-11 15:29:01,434 [14] WARN  SwitchLink.HostNode.Communication.Controller.BankingCommunicationController [(null)] - Lose Connection to bank...
2016-02-11 15:29:01,435 [10] WARN  SwitchLink.HostNode.Communication.Controller.BankingCommunicationController [(null)] - Connecting to bank...
2016-02-11 15:29:05,360 [14] WARN  SwitchLink.HostNode.Communication.Controller.BankingCommunicationController [(null)] - Lose Connection to bank...
2016-02-11 15:29:05,360 [10] WARN  SwitchLink.HostNode.Communication.Controller.BankingCommunicationController [(null)] - Connecting to bank...
2016-02-11 15:29:05,765 [14] WARN  SwitchLink.HostNode.Communication.Controller.BankingCommunicationController [(null)] - Lose Connection to bank...
2016-02-11 15:29:05,766 [10] WARN  SwitchLink.HostNode.Communication.Controller.BankingCommunicationController [(null)] - Connecting to bank...
2016-02-11 15:29:06,176 [10] WARN  SwitchLink.HostNode.Communication.Controller.BankingCommunicationController [(null)] - Connecting to bank...
2016-02-11 15:29:06,197 [14] WARN  SwitchLink.HostNode.Communication.Controller.BankingCommunicationController [(null)] - Lose Connection to bank...
2016-02-11 15:29:06,622 [14] WARN  SwitchLink.HostNode.Communication.Controller.BankingCommunicationController [(null)] - Lose Connection to bank...
2016-02-11 15:29:06,623 [10] WARN  SwitchLink.HostNode.Communication.Controller.BankingCommunicationController [(null)] - Connecting to bank...
2016-02-11 15:30:15,589 [9] WARN  SwitchLink.HostNode.Communication.Controller.BankingCommunicationController [(null)] - Connecting to bank...
2016-02-11 15:30:17,396 [9] WARN  SwitchLink.HostNode.Communication.Controller.BankingCommunicationController [(null)] - Connecting to bank...
2016-02-11 15:30:17,397 [10] WARN  SwitchLink.HostNode.Communication.Controller.BankingCommunicationController [(null)] - Lose Connection to bank...
2016-02-11 15:30:17,856 [9] WARN  SwitchLink.HostNode.Communication.Controller.BankingCommunicationController [(null)] - Connecting to bank...
2016-02-11 15:30:17,857 [14] WARN  SwitchLink.HostNode.Communication.Controller.BankingCommunicationController [(null)] - Lose Connection to bank...
2016-02-11 15:30:18,269 [14] WARN  SwitchLink.HostNode.Communication.Controller.BankingCommunicationController [(null)] - Lose Connection to bank...
2016-02-11 15:30:18,269 [9] WARN  SwitchLink.HostNode.Communication.Controller.BankingCommunicationController [(null)] - Connecting to bank...
2016-02-11 15:30:18,669 [14] WARN  SwitchLink.HostNode.Communication.Controller.BankingCommunicationController [(null)] - Lose Connection to bank...
2016-02-11 15:30:18,670 [9] WARN  SwitchLink.HostNode.Communication.Controller.BankingCommunicationController [(null)] - Connecting to bank...
2016-02-11 15:30:19,136 [14] WARN  SwitchLink.HostNode.Communication.Controller.BankingCommunicationController [(null)] - Lose Connection to bank...
2016-02-11 15:30:19,136 [9] WARN  SwitchLink.HostNode.Communication.Controller.BankingCommunicationController [(null)] - Connecting to bank...
2016-02-11 15:30:19,532 [14] WARN  SwitchLink.HostNode.Communication.Controller.BankingCommunicationController [(null)] - Lose Connection to bank...
2016-02-11 15:30:19,532 [9] WARN  SwitchLink.HostNode.Communication.Controller.BankingCommunicationController [(null)] - Connecting to bank...
2016-02-11 15:30:19,881 [9] WARN  SwitchLink.HostNode.Communication.Controller.BankingCommunicationController [(null)] - Connecting to bank...
2016-02-11 15:30:19,902 [14] WARN  SwitchLink.HostNode.Communication.Controller.BankingCommunicationController [(null)] - Lose Connection to bank...
2016-02-11 15:30:20,199 [9] WARN  SwitchLink.HostNode.Communication.Controller.BankingCommunicationController [(null)] - Connecting to bank...
2016-02-11 15:30:20,199 [14] WARN  SwitchLink.HostNode.Communication.Controller.BankingCommunicationController [(null)] - Lose Connection to bank...
2016-02-11 15:30:20,661 [14] WARN  SwitchLink.HostNode.Communication.Controller.BankingCommunicationController [(null)] - Lose Connection to bank...
2016-02-11 15:30:20,661 [9] WARN  SwitchLink.HostNode.Communication.Controller.BankingCommunicationController [(null)] - Connecting to bank...
2016-02-11 15:30:21,156 [14] WARN  SwitchLink.HostNode.Communication.Controller.BankingCommunicationController [(null)] - Lose Connection to bank...
2016-02-11 15:30:21,157 [9] WARN  SwitchLink.HostNode.Communication.Controller.BankingCommunicationController [(null)] - Connecting to bank...
2016-02-11 15:32:15,118 [8] WARN  SwitchLink.HostNode.Communication.Controller.BankingCommunicationController [(null)] - Connecting to bank...
2016-02-11 15:32:19,699 [8] WARN  SwitchLink.HostNode.Communication.Controller.BankingCommunicationController [(null)] - Connecting to bank...
2016-02-11 15:32:19,700 [9] WARN  SwitchLink.HostNode.Communication.Controller.BankingCommunicationController [(null)] - Lose Connection to bank...
2016-02-11 15:32:39,305 [9] WARN  SwitchLink.HostNode.Communication.Controller.BankingCommunicationController [(null)] - Connecting to bank...
2016-02-11 15:32:42,549 [9] WARN  SwitchLink.HostNode.Communication.Controller.BankingCommunicationController [(null)] - Connecting to bank...
2016-02-11 15:32:42,550 [10] WARN  SwitchLink.HostNode.Communication.Controller.BankingCommunicationController [(null)] - Lose Connection to bank...
2016-02-11 15:42:37,993 [9] WARN  SwitchLink.HostNode.Communication.Controller.BankingCommunicationController [(null)] - Connecting to bank...
2016-02-11 15:42:57,217 [10] WARN  SwitchLink.HostNode.Communication.Controller.BankingCommunicationController [(null)] - Lose Connection to bank...
2016-02-11 15:44:34,727 [9] WARN  SwitchLink.HostNode.Communication.Controller.BankingCommunicationController [(null)] - Connecting to bank...
2016-02-11 15:44:43,712 [10] WARN  SwitchLink.HostNode.Communication.Controller.BankingCommunicationController [(null)] - Lose Connection to bank...
2016-02-11 15:47:50,349 [10] WARN  SwitchLink.HostNode.Communication.Controller.BankingCommunicationController [(null)] - Connecting to bank...
2016-02-11 15:47:53,289 [11] WARN  SwitchLink.HostNode.Communication.Controller.BankingCommunicationController [(null)] - Lose Connection to bank...
2016-02-11 15:49:45,644 [9] WARN  SwitchLink.HostNode.Communication.Controller.BankingCommunicationController [(null)] - Connecting to bank...
2016-02-11 15:49:50,896 [10] WARN  SwitchLink.HostNode.Communication.Controller.BankingCommunicationController [(null)] - Lose Connection to bank...
2016-02-11 16:58:19,377 [10] WARN  SwitchLink.HostNode.Communication.Controller.BankingCommunicationController [(null)] - Connecting to bank...
2016-02-11 16:58:22,815 [11] WARN  SwitchLink.HostNode.Communication.Controller.BankingCommunicationController [(null)] - Lose Connection to bank...
2016-02-11 17:01:12,852 [10] WARN  SwitchLink.HostNode.Communication.Controller.BankingCommunicationController [(null)] - Connecting to bank...
2016-02-11 17:01:15,933 [11] WARN  SwitchLink.HostNode.Communication.Controller.BankingCommunicationController [(null)] - Lose Connection to bank...
2016-02-11 17:04:13,046 [10] WARN  SwitchLink.HostNode.Communication.Controller.BankingCommunicationController [(null)] - Connecting to bank...
2016-02-11 17:04:20,372 [11] WARN  SwitchLink.HostNode.Communication.Controller.BankingCommunicationController [(null)] - Lose Connection to bank...
2016-02-11 17:48:41,888 [9] WARN  SwitchLink.HostNode.Communication.Controller.BankingCommunicationController [(null)] - Connecting to bank...
2016-02-11 17:49:00,535 [9] ERROR SwitchLink.HostNode.Communication.Controller.BankingCommunicationController [(null)] - The host failed to connect. Timeout occured.
2016-02-11 17:49:47,377 [8] WARN  SwitchLink.HostNode.Communication.Controller.BankingCommunicationController [(null)] - Connecting to bank...
2016-02-11 17:50:15,488 [9] WARN  SwitchLink.HostNode.Communication.Controller.BankingCommunicationController [(null)] - Lose Connection to bank...
2016-02-11 17:56:04,058 [9] WARN  SwitchLink.HostNode.Communication.Controller.BankingCommunicationController [(null)] - Connecting to bank...
2016-02-11 17:56:27,507 [10] WARN  SwitchLink.HostNode.Communication.Controller.BankingCommunicationController [(null)] - Lose Connection to bank...
2016-02-11 18:12:52,944 [9] WARN  SwitchLink.HostNode.Communication.Controller.BankingCommunicationController [(null)] - Connecting to bank...
2016-02-11 18:13:10,717 [9] ERROR SwitchLink.HostNode.Communication.Controller.BankingCommunicationController [(null)] - The host failed to connect. Timeout occured.
2016-02-11 18:13:44,981 [9] WARN  SwitchLink.HostNode.Communication.Controller.BankingCommunicationController [(null)] - Connecting to bank...
2016-02-11 18:14:00,113 [9] ERROR SwitchLink.HostNode.Communication.Controller.BankingCommunicationController [(null)] - The host failed to connect. Timeout occured.
2016-02-11 18:15:18,607 [9] WARN  SwitchLink.HostNode.Communication.Controller.BankingCommunicationController [(null)] - Connecting to bank...
2016-02-11 18:15:42,105 [10] WARN  SwitchLink.HostNode.Communication.Controller.BankingCommunicationController [(null)] - Lose Connection to bank...
2016-02-12 11:13:04,315 [9] WARN  SwitchLink.HostNode.Communication.Controller.BankingCommunicationController [(null)] - Connecting to bank...
2016-02-12 11:13:06,134 [10] WARN  SwitchLink.HostNode.Communication.Controller.BankingCommunicationController [(null)] - Lose Connection to bank...
2016-02-12 11:29:17,046 [10] WARN  SwitchLink.HostNode.Communication.Controller.BankingCommunicationController [(null)] - Connecting to bank...
2016-02-12 11:29:18,439 [11] WARN  SwitchLink.HostNode.Communication.Controller.BankingCommunicationController [(null)] - Lose Connection to bank...
2016-02-12 11:39:20,758 [9] WARN  SwitchLink.HostNode.Communication.Controller.BankingCommunicationController [(null)] - Connecting to bank...
2016-02-12 11:39:26,484 [10] WARN  SwitchLink.HostNode.Communication.Controller.BankingCommunicationController [(null)] - Lose Connection to bank...
2016-02-12 11:56:16,011 [10] WARN  SwitchLink.HostNode.Communication.Controller.BankingCommunicationController [(null)] - Connecting to bank...
2016-02-12 11:56:31,046 [10] ERROR SwitchLink.HostNode.Communication.Controller.BankingCommunicationController [(null)] - The host failed to connect. Timeout occured.
2016-02-12 11:56:38,095 [10] WARN  SwitchLink.HostNode.Communication.Controller.BankingCommunicationController [(null)] - Connecting to bank...
2016-02-12 11:56:39,755 [11] WARN  SwitchLink.HostNode.Communication.Controller.BankingCommunicationController [(null)] - Lose Connection to bank...
2016-02-12 12:09:42,926 [9] WARN  SwitchLink.HostNode.Communication.Controller.BankingCommunicationController [(null)] - Connecting to bank...
2016-02-12 12:09:44,957 [10] WARN  SwitchLink.HostNode.Communication.Controller.BankingCommunicationController [(null)] - Lose Connection to bank...
2016-02-12 12:10:55,479 [8] WARN  SwitchLink.HostNode.Communication.Controller.BankingCommunicationController [(null)] - Connecting to bank...
2016-02-12 12:10:57,085 [9] WARN  SwitchLink.HostNode.Communication.Controller.BankingCommunicationController [(null)] - Lose Connection to bank...
2016-02-12 12:12:12,722 [8] WARN  SwitchLink.HostNode.Communication.Controller.BankingCommunicationController [(null)] - Connecting to bank...
2016-02-12 12:12:13,666 [9] WARN  SwitchLink.HostNode.Communication.Controller.BankingCommunicationController [(null)] - Lose Connection to bank...
2016-02-12 12:14:10,898 [8] WARN  SwitchLink.HostNode.Communication.Controller.BankingCommunicationController [(null)] - Connecting to bank...
2016-02-12 12:14:11,888 [9] WARN  SwitchLink.HostNode.Communication.Controller.BankingCommunicationController [(null)] - Lose Connection to bank...
2016-02-12 12:14:25,625 [9] WARN  SwitchLink.HostNode.Communication.Controller.BankingCommunicationController [(null)] - Connecting to bank...
2016-02-12 12:14:27,380 [10] WARN  SwitchLink.HostNode.Communication.Controller.BankingCommunicationController [(null)] - Lose Connection to bank...
2016-02-12 12:14:40,930 [9] WARN  SwitchLink.HostNode.Communication.Controller.BankingCommunicationController [(null)] - Connecting to bank...
2016-02-12 12:14:56,722 [10] WARN  SwitchLink.HostNode.Communication.Controller.BankingCommunicationController [(null)] - Connecting to bank...
2016-02-12 12:16:02,144 [9] WARN  SwitchLink.HostNode.Communication.Controller.BankingCommunicationController [(null)] - Connecting to bank...
2016-02-12 12:16:06,035 [10] WARN  SwitchLink.HostNode.Communication.Controller.BankingCommunicationController [(null)] - Lose Connection to bank...
2016-02-12 12:16:33,492 [10] WARN  SwitchLink.HostNode.Communication.Controller.BankingCommunicationController [(null)] - Connecting to bank...
2016-02-12 12:21:50,762 [10] WARN  SwitchLink.HostNode.Communication.Controller.BankingCommunicationController [(null)] - Connecting to bank...
2016-02-12 12:22:07,753 [9] WARN  SwitchLink.HostNode.Communication.Controller.BankingCommunicationController [(null)] - Connecting to bank...
2016-02-12 12:23:52,451 [9] WARN  SwitchLink.HostNode.Communication.Controller.BankingCommunicationController [(null)] - Connecting to bank...
2016-02-12 12:31:02,945 [9] WARN  SwitchLink.HostNode.Communication.Controller.BankingCommunicationController [(null)] - Connecting to bank...
2016-02-12 12:33:08,236 [8] WARN  SwitchLink.HostNode.Communication.Controller.BankingCommunicationController [(null)] - Connecting to bank...
2016-02-12 12:34:50,540 [9] WARN  SwitchLink.HostNode.Communication.Controller.BankingCommunicationController [(null)] - Lose Connection to bank...
2016-02-12 12:35:08,354 [9] WARN  SwitchLink.HostNode.Communication.Controller.BankingCommunicationController [(null)] - Connecting to bank...
2016-02-12 12:35:25,830 [10] WARN  SwitchLink.HostNode.Communication.Controller.BankingCommunicationController [(null)] - Connecting to bank...
2016-02-12 12:39:03,916 [8] WARN  SwitchLink.HostNode.Communication.Controller.BankingCommunicationController [(null)] - Connecting to bank...
2016-02-12 12:39:14,104 [13] WARN  SwitchLink.HostNode.Communication.Controller.BankingCommunicationController [(null)] - Lose Connection to bank...
2016-02-12 12:41:09,505 [10] WARN  SwitchLink.HostNode.Communication.Controller.BankingCommunicationController [(null)] - Connecting to bank...
2016-02-12 12:41:24,775 [10] WARN  SwitchLink.HostNode.Communication.Controller.BankingCommunicationController [(null)] - Connecting to bank...
2016-02-12 12:45:01,270 [10] WARN  SwitchLink.HostNode.Communication.Controller.BankingCommunicationController [(null)] - Connecting to bank...
2016-02-12 12:46:22,266 [10] WARN  SwitchLink.HostNode.Communication.Controller.BankingCommunicationController [(null)] - Connecting to bank...
2016-02-12 12:47:31,214 [9] WARN  SwitchLink.HostNode.Communication.Controller.BankingCommunicationController [(null)] - Connecting to bank...
2016-02-12 12:51:29,494 [10] WARN  SwitchLink.HostNode.Communication.Controller.BankingCommunicationController [(null)] - Connecting to bank...
2016-02-12 12:54:09,795 [10] WARN  SwitchLink.HostNode.Communication.Controller.BankingCommunicationController [(null)] - Connecting to bank...
2016-02-12 12:54:26,329 [9] WARN  SwitchLink.HostNode.Communication.Controller.BankingCommunicationController [(null)] - Connecting to bank...
2016-02-12 13:05:09,448 [30] WARN  SwitchLink.HostNode.Communication.Controller.BankingCommunicationController [(null)] - Lose Connection to bank...
2016-02-12 14:08:29,483 [10] WARN  SwitchLink.HostNode.Communication.Controller.BankingCommunicationController [(null)] - Connecting to bank...
2016-02-12 14:08:49,089 [9] WARN  SwitchLink.HostNode.Communication.Controller.BankingCommunicationController [(null)] - Connecting to bank...
2016-02-12 14:12:11,057 [9] WARN  SwitchLink.HostNode.Communication.Controller.BankingCommunicationController [(null)] - Connecting to bank...
2016-02-12 14:13:01,743 [9] WARN  SwitchLink.HostNode.Communication.Controller.BankingCommunicationController [(null)] - Connecting to bank...
2016-02-12 14:23:32,192 [10] WARN  SwitchLink.HostNode.Communication.Controller.BankingCommunicationController [(null)] - Connecting to bank...
2016-02-12 14:29:43,938 [9] WARN  SwitchLink.HostNode.Communication.Controller.BankingCommunicationController [(null)] - Connecting to bank...
2016-02-12 14:31:56,000 [9] WARN  SwitchLink.HostNode.Communication.Controller.BankingCommunicationController [(null)] - Connecting to bank...
2016-02-12 14:35:40,427 [9] WARN  SwitchLink.HostNode.Communication.Controller.BankingCommunicationController [(null)] - Connecting to bank...
2016-02-12 14:42:11,352 [10] WARN  SwitchLink.HostNode.Communication.Controller.BankingCommunicationController [(null)] - Connecting to bank...
2016-02-12 14:46:36,867 [9] WARN  SwitchLink.HostNode.Communication.Controller.BankingCommunicationController [(null)] - Connecting to bank...
2016-02-12 14:49:27,990 [10] WARN  SwitchLink.HostNode.Communication.Controller.BankingCommunicationController [(null)] - Connecting to bank...
2016-02-12 15:02:04,884 [9] WARN  SwitchLink.HostNode.Communication.Controller.BankingCommunicationController [(null)] - Connecting to bank...
2016-02-12 15:03:37,782 [9] WARN  SwitchLink.HostNode.Communication.Controller.BankingCommunicationController [(null)] - Connecting to bank...
2016-02-12 15:05:10,255 [9] WARN  SwitchLink.HostNode.Communication.Controller.BankingCommunicationController [(null)] - Connecting to bank...
2016-02-12 15:08:11,728 [10] WARN  SwitchLink.HostNode.Communication.Controller.BankingCommunicationController [(null)] - Connecting to bank...
2016-02-12 15:08:59,391 [9] WARN  SwitchLink.HostNode.Communication.Controller.BankingCommunicationController [(null)] - Connecting to bank...
2016-02-12 15:09:11,090 [9] WARN  SwitchLink.HostNode.Communication.Controller.BankingCommunicationController [(null)] - Connecting to bank...
2016-02-12 15:09:30,972 [9] WARN  SwitchLink.HostNode.Communication.Controller.BankingCommunicationController [(null)] - Connecting to bank...
2016-02-12 15:16:29,970 [10] WARN  SwitchLink.HostNode.Communication.Controller.BankingCommunicationController [(null)] - Connecting to bank...
2016-02-23 17:05:43,936 [15] WARN  SwitchLink.HostNode.Communication.Services.BankingCoreService [(null)] - Host Disonnected From Partner..
2016-02-23 17:05:43,979 [15] WARN  SwitchLink.HostNode.Communication.Controller.BankingCommunicationController [(null)] - Connecting to Partner...
2016-02-23 17:05:54,467 [9] WARN  SwitchLink.HostNode.Communication.Services.BankingCoreService [(null)] - Host Disonnected From Partner..
2016-02-23 17:05:54,473 [9] ERROR SwitchLink.HostNode.Communication.Controller.BankingCommunicationController [(null)] - Lost Connection to bank due to exception...
2016-02-23 17:05:54,473 [15] WARN  SwitchLink.HostNode.Communication.Services.BankingCoreService [(null)] - Host Disonnected From Partner..
2016-02-23 17:05:54,478 [15] WARN  SwitchLink.HostNode.Communication.Controller.BankingCommunicationController [(null)] - Connecting to Partner...
2016-03-15 12:20:49,589 [6] WARN  SwitchLink.HostNode.Communication.Services.BankingCoreService [(null)] - Host Disonnected From Partner..
2016-03-15 12:20:49,626 [6] WARN  SwitchLink.HostNode.Communication.Controller.BankingCommunicationController [(null)] - Connecting to Partner...
2016-03-15 12:22:25,964 [6] WARN  SwitchLink.HostNode.Communication.Services.BankingCoreService [(null)] - Host Disonnected From Partner..
2016-03-15 12:22:25,978 [6] WARN  SwitchLink.HostNode.Communication.Controller.BankingCommunicationController [(null)] - Connecting to Partner...
2016-03-15 12:23:18,446 [9] WARN  SwitchLink.HostNode.Communication.Services.BankingCoreService [(null)] - Host Disonnected From Partner..
2016-03-15 12:23:18,451 [9] ERROR SwitchLink.HostNode.Communication.Controller.BankingCommunicationController [(null)] - Lost Connection to bank due to exception...
2016-03-15 12:24:39,369 [6] WARN  SwitchLink.HostNode.Communication.Services.BankingCoreService [(null)] - Host Disonnected From Partner..
2016-03-15 12:24:39,371 [6] WARN  SwitchLink.HostNode.Communication.Controller.BankingCommunicationController [(null)] - Connecting to Partner...
2016-03-15 12:28:01,874 [6] WARN  SwitchLink.HostNode.Communication.Services.BankingCoreService [(null)] - Host Disonnected From Partner..
2016-03-15 12:28:01,876 [6] WARN  SwitchLink.HostNode.Communication.Controller.BankingCommunicationController [(null)] - Connecting to Partner...
2016-03-15 12:29:45,036 [23] WARN  SwitchLink.HostNode.Communication.Services.BankingCoreService [(null)] - Host Disonnected From Partner..
2016-03-15 12:29:45,040 [24] WARN  SwitchLink.HostNode.Communication.Services.BankingCoreService [(null)] - Host Disonnected From Partner..
2016-03-15 12:29:45,048 [24] WARN  SwitchLink.HostNode.Communication.Controller.BankingCommunicationController [(null)] - Connecting to Partner...
2016-03-15 12:32:16,124 [6] WARN  SwitchLink.HostNode.Communication.Services.BankingCoreService [(null)] - Host Disonnected From Partner..
2016-03-15 12:32:16,128 [6] WARN  SwitchLink.HostNode.Communication.Controller.BankingCommunicationController [(null)] - Connecting to Partner...
2016-03-15 12:49:35,664 [96] WARN  SwitchLink.HostNode.Communication.Services.BankingCoreService [(null)] - Host Disonnected From Partner..
2016-03-15 12:49:35,670 [94] WARN  SwitchLink.HostNode.Communication.Services.BankingCoreService [(null)] - Host Disonnected From Partner..
2016-03-15 12:49:35,677 [94] WARN  SwitchLink.HostNode.Communication.Controller.BankingCommunicationController [(null)] - Connecting to Partner...
2016-03-15 13:20:40,309 [6] WARN  SwitchLink.HostNode.Communication.Services.BankingCoreService [(null)] - Host Disonnected From Partner..
2016-03-15 13:20:40,311 [6] WARN  SwitchLink.HostNode.Communication.Controller.BankingCommunicationController [(null)] - Connecting to Partner...
2016-03-15 13:23:53,110 [6] WARN  SwitchLink.HostNode.Communication.Services.BankingCoreService [(null)] - Host Disonnected From Partner..
2016-03-15 13:23:53,112 [6] WARN  SwitchLink.HostNode.Communication.Controller.BankingCommunicationController [(null)] - Connecting to Partner...
2016-03-15 13:24:40,624 [6] WARN  SwitchLink.HostNode.Communication.Services.BankingCoreService [(null)] - Host Disonnected From Partner..
2016-03-15 13:24:40,626 [6] WARN  SwitchLink.HostNode.Communication.Controller.BankingCommunicationController [(null)] - Connecting to Partner...
2016-03-15 13:27:25,554 [6] WARN  SwitchLink.HostNode.Communication.Services.BankingCoreService [(null)] - Host Disonnected From Partner..
2016-03-15 13:27:25,555 [6] WARN  SwitchLink.HostNode.Communication.Controller.BankingCommunicationController [(null)] - Connecting to Partner...
2016-03-15 13:28:08,705 [17] ERROR SwitchLink.HostNode.Communication.Controller.BankingCommunicationController [(null)] - Transaction ref:41523 timeout => Partner not responding request in 6 sec.
2016-03-15 13:29:46,305 [29] ERROR SwitchLink.HostNode.Communication.Controller.BankingCommunicationController [(null)] - Transaction ref:41616 timeout => Partner not responding request in 6 sec.
2016-03-15 13:30:23,778 [24] ERROR SwitchLink.HostNode.Communication.Controller.BankingCommunicationController [(null)] - Transaction ref:41715 timeout => Partner not responding request in 6 sec.
2016-03-15 13:33:47,610 [6] WARN  SwitchLink.HostNode.Communication.Services.BankingCoreService [(null)] - Host Disonnected From Partner..
2016-03-15 13:33:47,612 [6] WARN  SwitchLink.HostNode.Communication.Controller.BankingCommunicationController [(null)] - Connecting to Partner...
2016-03-15 13:35:40,518 [33] ERROR SwitchLink.HostNode.Communication.Controller.BankingCommunicationController [(null)] - Transaction ref:41841 timeout => Partner not responding request in 6 sec.
2016-03-15 13:36:27,484 [29] ERROR SwitchLink.HostNode.Communication.Controller.BankingCommunicationController [(null)] - Transaction ref:41884 timeout => Partner not responding request in 6 sec.
2016-03-15 13:37:20,486 [34] ERROR SwitchLink.HostNode.Communication.Controller.BankingCommunicationController [(null)] - Transaction ref:41971 timeout => Partner not responding request in 6 sec.
2016-03-15 13:38:46,731 [17] ERROR SwitchLink.HostNode.Communication.Controller.BankingCommunicationController [(null)] - Transaction ref:42152 timeout => Partner not responding request in 6 sec.
2016-03-15 13:41:36,070 [21] ERROR SwitchLink.HostNode.Communication.Controller.BankingCommunicationController [(null)] - Transaction ref:42410 timeout => Partner not responding request in 6 sec.
2016-03-15 13:45:47,129 [18] ERROR SwitchLink.HostNode.Communication.Controller.BankingCommunicationController [(null)] - Transaction ref:42762 timeout => Partner not responding request in 6 sec.
2016-03-15 13:46:19,396 [17] ERROR SwitchLink.HostNode.Communication.Controller.BankingCommunicationController [(null)] - Transaction ref:42823 timeout => Partner not responding request in 6 sec.
2016-03-15 13:46:25,914 [34] ERROR SwitchLink.HostNode.Communication.Controller.BankingCommunicationController [(null)] - Transaction ref:42781 timeout => Partner not responding request in 6 sec.
2016-03-15 13:47:17,027 [37] ERROR SwitchLink.HostNode.Communication.Controller.BankingCommunicationController [(null)] - Transaction ref:42929 timeout => Partner not responding request in 6 sec.
2016-03-15 13:47:23,221 [23] ERROR SwitchLink.HostNode.Communication.Controller.BankingCommunicationController [(null)] - Transaction ref:42936 timeout => Partner not responding request in 6 sec.
2016-03-15 13:47:59,330 [31] ERROR SwitchLink.HostNode.Communication.Controller.BankingCommunicationController [(null)] - Transaction ref:42978 timeout => Partner not responding request in 6 sec.
2016-03-15 13:51:36,415 [21] ERROR SwitchLink.HostNode.Communication.Controller.BankingCommunicationController [(null)] - Transaction ref:43228 timeout => Partner not responding request in 6 sec.
2016-03-15 13:51:49,800 [21] ERROR SwitchLink.HostNode.Communication.Controller.BankingCommunicationController [(null)] - Transaction ref:43269 timeout => Partner not responding request in 6 sec.
2016-03-15 13:51:56,046 [49] ERROR SwitchLink.HostNode.Communication.Controller.BankingCommunicationController [(null)] - Transaction ref:43237 timeout => Partner not responding request in 6 sec.
2016-03-15 13:52:16,257 [39] ERROR SwitchLink.HostNode.Communication.Controller.BankingCommunicationController [(null)] - Transaction ref:43326 timeout => Partner not responding request in 6 sec.
2016-03-15 13:53:06,599 [49] ERROR SwitchLink.HostNode.Communication.Controller.BankingCommunicationController [(null)] - Transaction ref:43430 timeout => Partner not responding request in 6 sec.
2016-03-15 13:56:50,645 [21] ERROR SwitchLink.HostNode.Communication.Controller.BankingCommunicationController [(null)] - Transaction ref:43722 timeout => Partner not responding request in 6 sec.
2016-03-15 13:57:07,119 [46] ERROR SwitchLink.HostNode.Communication.Controller.BankingCommunicationController [(null)] - Transaction ref:43755 timeout => Partner not responding request in 6 sec.
2016-03-15 13:58:14,966 [48] ERROR SwitchLink.HostNode.Communication.Controller.BankingCommunicationController [(null)] - Transaction ref:43878 timeout => Partner not responding request in 6 sec.
2016-03-15 13:58:28,759 [52] ERROR SwitchLink.HostNode.Communication.Controller.BankingCommunicationController [(null)] - Transaction ref:43920 timeout => Partner not responding request in 6 sec.
2016-03-15 13:59:06,330 [20] ERROR SwitchLink.HostNode.Communication.Controller.BankingCommunicationController [(null)] - Transaction ref:43958 timeout => Partner not responding request in 6 sec.
2016-03-15 13:59:26,975 [45] ERROR SwitchLink.HostNode.Communication.Controller.BankingCommunicationController [(null)] - Transaction ref:44013 timeout => Partner not responding request in 6 sec.
2016-03-15 14:00:55,074 [19] ERROR SwitchLink.HostNode.Communication.Controller.BankingCommunicationController [(null)] - Transaction ref:44105 timeout => Partner not responding request in 6 sec.
2016-03-15 14:03:05,543 [34] ERROR SwitchLink.HostNode.Communication.Controller.BankingCommunicationController [(null)] - Transaction ref:44326 timeout => Partner not responding request in 6 sec.
2016-03-15 14:03:12,058 [40] ERROR SwitchLink.HostNode.Communication.Controller.BankingCommunicationController [(null)] - Transaction ref:44320 timeout => Partner not responding request in 6 sec.
2016-03-15 14:03:19,263 [18] ERROR SwitchLink.HostNode.Communication.Controller.BankingCommunicationController [(null)] - Transaction ref:44339 timeout => Partner not responding request in 6 sec.
2016-03-15 14:04:07,471 [29] ERROR SwitchLink.HostNode.Communication.Controller.BankingCommunicationController [(null)] - Transaction ref:44409 timeout => Partner not responding request in 6 sec.
2016-03-15 14:04:13,715 [23] ERROR SwitchLink.HostNode.Communication.Controller.BankingCommunicationController [(null)] - Transaction ref:44410 timeout => Partner not responding request in 6 sec.
2016-03-15 14:04:28,728 [23] ERROR SwitchLink.HostNode.Communication.Controller.BankingCommunicationController [(null)] - Transaction ref:44463 timeout => Partner not responding request in 6 sec.
2016-03-15 14:04:35,049 [48] ERROR SwitchLink.HostNode.Communication.Controller.BankingCommunicationController [(null)] - Transaction ref:44466 timeout => Partner not responding request in 6 sec.
2016-03-15 14:05:50,273 [23] ERROR SwitchLink.HostNode.Communication.Controller.BankingCommunicationController [(null)] - Transaction ref:44646 timeout => Partner not responding request in 6 sec.
2016-03-15 14:05:56,763 [20] ERROR SwitchLink.HostNode.Communication.Controller.BankingCommunicationController [(null)] - Transaction ref:44648 timeout => Partner not responding request in 6 sec.
2016-03-15 14:06:39,284 [47] ERROR SwitchLink.HostNode.Communication.Controller.BankingCommunicationController [(null)] - Transaction ref:44745 timeout => Partner not responding request in 6 sec.
2016-03-15 14:09:55,931 [30] ERROR SwitchLink.HostNode.Communication.Controller.BankingCommunicationController [(null)] - Transaction ref:45150 timeout => Partner not responding request in 6 sec.
2016-03-15 14:10:26,461 [51] ERROR SwitchLink.HostNode.Communication.Controller.BankingCommunicationController [(null)] - Transaction ref:45199 timeout => Partner not responding request in 6 sec.
2016-03-15 14:10:32,852 [38] ERROR SwitchLink.HostNode.Communication.Controller.BankingCommunicationController [(null)] - Transaction ref:45200 timeout => Partner not responding request in 6 sec.
2016-03-15 14:10:57,458 [20] ERROR SwitchLink.HostNode.Communication.Controller.BankingCommunicationController [(null)] - Transaction ref:45255 timeout => Partner not responding request in 6 sec.
2016-03-15 14:11:28,714 [38] ERROR SwitchLink.HostNode.Communication.Controller.BankingCommunicationController [(null)] - Transaction ref:45314 timeout => Partner not responding request in 6 sec.
2016-03-15 14:11:34,883 [30] ERROR SwitchLink.HostNode.Communication.Controller.BankingCommunicationController [(null)] - Transaction ref:45315 timeout => Partner not responding request in 6 sec.
2016-03-15 14:13:27,008 [39] ERROR SwitchLink.HostNode.Communication.Controller.BankingCommunicationController [(null)] - Transaction ref:45527 timeout => Partner not responding request in 6 sec.
2016-03-15 14:13:58,858 [48] ERROR SwitchLink.HostNode.Communication.Controller.BankingCommunicationController [(null)] - Transaction ref:45607 timeout => Partner not responding request in 6 sec.
2016-03-15 14:14:05,906 [37] ERROR SwitchLink.HostNode.Communication.Controller.BankingCommunicationController [(null)] - Transaction ref:45615 timeout => Partner not responding request in 6 sec.
2016-03-15 14:14:27,167 [39] ERROR SwitchLink.HostNode.Communication.Controller.BankingCommunicationController [(null)] - Transaction ref:45678 timeout => Partner not responding request in 6 sec.
2016-03-15 14:14:47,269 [46] ERROR SwitchLink.HostNode.Communication.Controller.BankingCommunicationController [(null)] - Transaction ref:45699 timeout => Partner not responding request in 6 sec.
2016-03-15 14:15:06,494 [18] ERROR SwitchLink.HostNode.Communication.Controller.BankingCommunicationController [(null)] - Transaction ref:45722 timeout => Partner not responding request in 6 sec.
2016-03-15 14:15:56,181 [16] ERROR SwitchLink.HostNode.Communication.Controller.BankingCommunicationController [(null)] - Transaction ref:45806 timeout => Partner not responding request in 6 sec.
2016-03-15 14:17:15,513 [25] ERROR SwitchLink.HostNode.Communication.Controller.BankingCommunicationController [(null)] - Transaction ref:45930 timeout => Partner not responding request in 6 sec.
2016-03-15 14:17:23,876 [35] ERROR SwitchLink.HostNode.Communication.Controller.BankingCommunicationController [(null)] - Transaction ref:45947 timeout => Partner not responding request in 6 sec.
2016-03-15 14:18:35,161 [47] ERROR SwitchLink.HostNode.Communication.Controller.BankingCommunicationController [(null)] - Transaction ref:46072 timeout => Partner not responding request in 6 sec.
2016-03-15 14:18:55,359 [48] ERROR SwitchLink.HostNode.Communication.Controller.BankingCommunicationController [(null)] - Transaction ref:46123 timeout => Partner not responding request in 6 sec.
2016-03-15 14:19:05,226 [25] ERROR SwitchLink.HostNode.Communication.Controller.BankingCommunicationController [(null)] - Transaction ref:46145 timeout => Partner not responding request in 6 sec.
2016-03-15 14:19:11,300 [46] ERROR SwitchLink.HostNode.Communication.Controller.BankingCommunicationController [(null)] - Transaction ref:46128 timeout => Partner not responding request in 6 sec.
2016-03-15 14:19:17,479 [20] ERROR SwitchLink.HostNode.Communication.Controller.BankingCommunicationController [(null)] - Transaction ref:46147 timeout => Partner not responding request in 6 sec.
2016-03-15 14:19:39,649 [37] ERROR SwitchLink.HostNode.Communication.Controller.BankingCommunicationController [(null)] - Transaction ref:46207 timeout => Partner not responding request in 6 sec.
2016-03-15 14:19:46,158 [28] ERROR SwitchLink.HostNode.Communication.Controller.BankingCommunicationController [(null)] - Transaction ref:46212 timeout => Partner not responding request in 6 sec.
2016-03-15 14:19:52,672 [41] ERROR SwitchLink.HostNode.Communication.Controller.BankingCommunicationController [(null)] - Transaction ref:46213 timeout => Partner not responding request in 6 sec.
2016-03-15 14:19:58,807 [56] ERROR SwitchLink.HostNode.Communication.Controller.BankingCommunicationController [(null)] - Transaction ref:46194 timeout => Partner not responding request in 6 sec.
2016-03-15 14:20:08,909 [26] ERROR SwitchLink.HostNode.Communication.Controller.BankingCommunicationController [(null)] - Transaction ref:46249 timeout => Partner not responding request in 6 sec.
2016-03-15 14:20:15,101 [61] ERROR SwitchLink.HostNode.Communication.Controller.BankingCommunicationController [(null)] - Transaction ref:46265 timeout => Partner not responding request in 6 sec.
2016-03-15 14:20:22,300 [67] ERROR SwitchLink.HostNode.Communication.Controller.BankingCommunicationController [(null)] - Transaction ref:46272 timeout => Partner not responding request in 6 sec.
2016-03-15 14:20:28,512 [73] ERROR SwitchLink.HostNode.Communication.Controller.BankingCommunicationController [(null)] - Transaction ref:46211 timeout => Partner not responding request in 6 sec.
2016-03-15 14:21:13,629 [78] ERROR SwitchLink.HostNode.Communication.Controller.BankingCommunicationController [(null)] - Transaction ref:46329 timeout => Partner not responding request in 6 sec.
2016-03-15 14:21:48,376 [77] ERROR SwitchLink.HostNode.Communication.Controller.BankingCommunicationController [(null)] - Transaction ref:46442 timeout => Partner not responding request in 6 sec.
2016-03-15 14:23:58,780 [75] ERROR SwitchLink.HostNode.Communication.Controller.BankingCommunicationController [(null)] - Transaction ref:46646 timeout => Partner not responding request in 6 sec.
2016-03-15 14:24:05,816 [71] ERROR SwitchLink.HostNode.Communication.Controller.BankingCommunicationController [(null)] - Transaction ref:46671 timeout => Partner not responding request in 6 sec.
2016-03-15 14:24:16,597 [80] ERROR SwitchLink.HostNode.Communication.Controller.BankingCommunicationController [(null)] - Transaction ref:46675 timeout => Partner not responding request in 6 sec.
2016-03-15 14:24:23,609 [57] ERROR SwitchLink.HostNode.Communication.Controller.BankingCommunicationController [(null)] - Transaction ref:46682 timeout => Partner not responding request in 6 sec.
2016-03-15 14:24:30,122 [55] ERROR SwitchLink.HostNode.Communication.Controller.BankingCommunicationController [(null)] - Transaction ref:46688 timeout => Partner not responding request in 6 sec.
2016-03-15 14:24:37,139 [52] ERROR SwitchLink.HostNode.Communication.Controller.BankingCommunicationController [(null)] - Transaction ref:46694 timeout => Partner not responding request in 6 sec.
2016-03-15 14:24:45,695 [53] ERROR SwitchLink.HostNode.Communication.Controller.BankingCommunicationController [(null)] - Transaction ref:46724 timeout => Partner not responding request in 6 sec.
2016-03-15 14:25:57,064 [53] ERROR SwitchLink.HostNode.Communication.Controller.BankingCommunicationController [(null)] - Transaction ref:46857 timeout => Partner not responding request in 6 sec.
2016-03-15 14:26:28,012 [44] ERROR SwitchLink.HostNode.Communication.Controller.BankingCommunicationController [(null)] - Transaction ref:46897 timeout => Partner not responding request in 6 sec.
