2016-03-15 16:18:24,729 [1] DEBUG AtmSimulatorWinForm.AtmSimulator [(null)] - Start Atm Simulator
2016-03-15 16:18:58,405 [1] DEBUG AtmSimulatorWinForm.ConnectionServices [(null)] - Atm Id : 1 Sent
2016-03-15 16:18:58,405 [1] DEBUG AtmSimulatorWinForm.ConnectionServices [(null)] - Atm Id : 2 Sent
2016-03-15 16:18:58,421 [1] DEBUG AtmSimulatorWinForm.ConnectionServices [(null)] - Atm Id : 3 Sent
2016-03-15 16:18:58,421 [1] DEBUG AtmSimulatorWinForm.ConnectionServices [(null)] - Atm Id : 4 Sent
2016-03-15 16:18:58,421 [1] DEBUG AtmSimulatorWinForm.ConnectionServices [(null)] - Atm Id : 5 Sent
2016-03-15 16:18:58,421 [1] DEBUG AtmSimulatorWinForm.ConnectionServices [(null)] - Atm Id : 6 Sent
2016-03-15 16:18:58,421 [1] DEBUG AtmSimulatorWinForm.ConnectionServices [(null)] - Atm Id : 7 Sent
2016-03-15 16:18:58,421 [1] DEBUG AtmSimulatorWinForm.ConnectionServices [(null)] - Atm Id : 8 Sent
2016-03-15 16:18:58,421 [1] DEBUG AtmSimulatorWinForm.ConnectionServices [(null)] - Atm Id : 9 Sent
2016-03-15 16:18:58,421 [1] DEBUG AtmSimulatorWinForm.ConnectionServices [(null)] - Atm Id : 10 Sent
2016-03-15 16:19:02,414 [6] DEBUG AtmSimulatorWinForm.ConnectionServices [(null)] - Atm Id : 5 Received reponse from Bank, Time elapsed: 00:00:03.9914605
2016-03-15 16:19:02,414 [6] DEBUG AtmSimulatorWinForm.ConnectionServices [(null)] - Atm Id : 5 : Not Responsed ACK
2016-03-15 16:19:02,414 [6] DEBUG AtmSimulatorWinForm.ConnectionServices [(null)] - Atm Id : 2 Received reponse from Bank, Time elapsed: 00:00:03.9987364
2016-03-15 16:19:02,414 [6] DEBUG AtmSimulatorWinForm.ConnectionServices [(null)] - Atm Id : 2 : Not Responsed ACK
2016-03-15 16:19:02,429 [6] DEBUG AtmSimulatorWinForm.ConnectionServices [(null)] - Atm Id : 1 Received reponse from Bank, Time elapsed: 00:00:04.0040605
2016-03-15 16:19:02,429 [6] DEBUG AtmSimulatorWinForm.ConnectionServices [(null)] - Atm Id : 1 : Responsed ACK
2016-03-15 16:19:02,429 [6] DEBUG AtmSimulatorWinForm.ConnectionServices [(null)] - Atm Id : 6 Received reponse from Bank, Time elapsed: 00:00:04.0004714
2016-03-15 16:19:02,429 [6] DEBUG AtmSimulatorWinForm.ConnectionServices [(null)] - Atm Id : 6 : Responsed ACK
2016-03-15 16:19:02,429 [6] DEBUG AtmSimulatorWinForm.ConnectionServices [(null)] - Atm Id : 4 Received reponse from Bank, Time elapsed: 00:00:04.0061959
2016-03-15 16:19:02,429 [6] DEBUG AtmSimulatorWinForm.ConnectionServices [(null)] - Atm Id : 4 : Responsed ACK
2016-03-15 16:19:02,429 [7] DEBUG AtmSimulatorWinForm.ConnectionServices [(null)] - Atm Id : 10 Received reponse from Bank, Time elapsed: 00:00:04.0010973
2016-03-15 16:19:02,429 [6] DEBUG AtmSimulatorWinForm.ConnectionServices [(null)] - Atm Id : 7 Received reponse from Bank, Time elapsed: 00:00:04.0052543
2016-03-15 16:19:02,429 [7] DEBUG AtmSimulatorWinForm.ConnectionServices [(null)] - Atm Id : 10 : Responsed ACK
2016-03-15 16:19:02,429 [6] DEBUG AtmSimulatorWinForm.ConnectionServices [(null)] - Atm Id : 7 : Responsed ACK
2016-03-15 16:19:02,429 [6] DEBUG AtmSimulatorWinForm.ConnectionServices [(null)] - Atm Id : 9 Received reponse from Bank, Time elapsed: 00:00:04.0075063
2016-03-15 16:19:02,444 [6] DEBUG AtmSimulatorWinForm.ConnectionServices [(null)] - Atm Id : 9 : Not Responsed ACK
2016-03-15 16:19:02,444 [6] DEBUG AtmSimulatorWinForm.ConnectionServices [(null)] - Atm Id : 3 Received reponse from Bank, Time elapsed: 00:00:04.0195954
2016-03-15 16:19:02,444 [6] DEBUG AtmSimulatorWinForm.ConnectionServices [(null)] - Atm Id : 3 : Not Responsed ACK
2016-03-15 16:19:02,444 [7] DEBUG AtmSimulatorWinForm.ConnectionServices [(null)] - Atm Id : 8 Received reponse from Bank, Time elapsed: 00:00:04.0150573
2016-03-15 16:19:02,444 [7] DEBUG AtmSimulatorWinForm.ConnectionServices [(null)] - Atm Id : 8 : Not Responsed ACK
2016-03-15 16:19:05,451 [6] DEBUG AtmSimulatorWinForm.ConnectionServices [(null)] - Atm Id : 8 Received reponse from Bank, Time elapsed: 00:00:04.0150573
2016-03-15 16:19:05,451 [3] DEBUG AtmSimulatorWinForm.ConnectionServices [(null)] - Atm Id : 5 Received reponse from Bank, Time elapsed: 00:00:03.9914605
2016-03-15 16:19:05,451 [7] DEBUG AtmSimulatorWinForm.ConnectionServices [(null)] - Atm Id : 3 Received reponse from Bank, Time elapsed: 00:00:04.0195954
2016-03-15 16:19:05,451 [8] DEBUG AtmSimulatorWinForm.ConnectionServices [(null)] - Atm Id : 2 Received reponse from Bank, Time elapsed: 00:00:03.9987364
2016-03-15 16:19:05,451 [6] DEBUG AtmSimulatorWinForm.ConnectionServices [(null)] - Atm Id : 8 : Not Responsed ACK
2016-03-15 16:19:05,451 [3] DEBUG AtmSimulatorWinForm.ConnectionServices [(null)] - Atm Id : 5 : Not Responsed ACK
2016-03-15 16:19:05,451 [4] DEBUG AtmSimulatorWinForm.ConnectionServices [(null)] - Atm Id : 9 Received reponse from Bank, Time elapsed: 00:00:04.0075063
2016-03-15 16:19:05,451 [7] DEBUG AtmSimulatorWinForm.ConnectionServices [(null)] - Atm Id : 3 : Not Responsed ACK
2016-03-15 16:19:05,451 [8] DEBUG AtmSimulatorWinForm.ConnectionServices [(null)] - Atm Id : 2 : Not Responsed ACK
2016-03-15 16:19:05,451 [4] DEBUG AtmSimulatorWinForm.ConnectionServices [(null)] - Atm Id : 9 : Not Responsed ACK
2016-03-15 16:19:08,472 [4] DEBUG AtmSimulatorWinForm.ConnectionServices [(null)] - Atm Id : 5 Received reponse from Bank, Time elapsed: 00:00:03.9914605
2016-03-15 16:19:08,472 [3] DEBUG AtmSimulatorWinForm.ConnectionServices [(null)] - Atm Id : 2 Received reponse from Bank, Time elapsed: 00:00:03.9987364
2016-03-15 16:19:08,472 [8] DEBUG AtmSimulatorWinForm.ConnectionServices [(null)] - Atm Id : 8 Received reponse from Bank, Time elapsed: 00:00:04.0150573
2016-03-15 16:19:08,472 [6] DEBUG AtmSimulatorWinForm.ConnectionServices [(null)] - Atm Id : 3 Received reponse from Bank, Time elapsed: 00:00:04.0195954
2016-03-15 16:19:08,472 [7] DEBUG AtmSimulatorWinForm.ConnectionServices [(null)] - Atm Id : 9 Received reponse from Bank, Time elapsed: 00:00:04.0075063
2016-03-15 16:19:08,472 [4] DEBUG AtmSimulatorWinForm.ConnectionServices [(null)] - Atm Id : 5 : Not Responsed ACK
2016-03-15 16:19:08,472 [3] DEBUG AtmSimulatorWinForm.ConnectionServices [(null)] - Atm Id : 2 : Not Responsed ACK
2016-03-15 16:19:08,472 [8] DEBUG AtmSimulatorWinForm.ConnectionServices [(null)] - Atm Id : 8 : Not Responsed ACK
2016-03-15 16:19:08,472 [6] DEBUG AtmSimulatorWinForm.ConnectionServices [(null)] - Atm Id : 3 : Not Responsed ACK
2016-03-15 16:19:08,472 [7] DEBUG AtmSimulatorWinForm.ConnectionServices [(null)] - Atm Id : 9 : Not Responsed ACK
2016-03-15 16:19:18,445 [1] DEBUG AtmSimulatorWinForm.ConnectionServices [(null)] - Atm Id : 1 Sent
2016-03-15 16:19:18,445 [1] DEBUG AtmSimulatorWinForm.ConnectionServices [(null)] - Atm Id : 2 Sent
2016-03-15 16:19:18,445 [1] DEBUG AtmSimulatorWinForm.ConnectionServices [(null)] - Atm Id : 3 Sent
2016-03-15 16:19:18,445 [1] DEBUG AtmSimulatorWinForm.ConnectionServices [(null)] - Atm Id : 4 Sent
2016-03-15 16:19:18,445 [1] DEBUG AtmSimulatorWinForm.ConnectionServices [(null)] - Atm Id : 5 Sent
2016-03-15 16:19:18,445 [1] DEBUG AtmSimulatorWinForm.ConnectionServices [(null)] - Atm Id : 6 Sent
2016-03-15 16:19:18,460 [1] DEBUG AtmSimulatorWinForm.ConnectionServices [(null)] - Atm Id : 7 Sent
2016-03-15 16:19:18,460 [1] DEBUG AtmSimulatorWinForm.ConnectionServices [(null)] - Atm Id : 8 Sent
2016-03-15 16:19:18,460 [1] DEBUG AtmSimulatorWinForm.ConnectionServices [(null)] - Atm Id : 9 Sent
2016-03-15 16:19:18,460 [1] DEBUG AtmSimulatorWinForm.ConnectionServices [(null)] - Atm Id : 10 Sent
2016-03-15 16:19:22,454 [6] DEBUG AtmSimulatorWinForm.ConnectionServices [(null)] - Atm Id : 1 Received reponse from Bank, Time elapsed: 00:00:04.0001875
2016-03-15 16:19:22,454 [6] DEBUG AtmSimulatorWinForm.ConnectionServices [(null)] - Atm Id : 1 : Responsed ACK
2016-03-15 16:19:22,454 [7] DEBUG AtmSimulatorWinForm.ConnectionServices [(null)] - Atm Id : 7 Received reponse from Bank, Time elapsed: 00:00:03.9862619
2016-03-15 16:19:22,454 [8] DEBUG AtmSimulatorWinForm.ConnectionServices [(null)] - Atm Id : 6 Received reponse from Bank, Time elapsed: 00:00:03.9908377
2016-03-15 16:19:22,454 [6] DEBUG AtmSimulatorWinForm.ConnectionServices [(null)] - Atm Id : 3 Received reponse from Bank, Time elapsed: 00:00:04.0004695
2016-03-15 16:19:22,454 [7] DEBUG AtmSimulatorWinForm.ConnectionServices [(null)] - Atm Id : 7 : Responsed ACK
2016-03-15 16:19:22,454 [8] DEBUG AtmSimulatorWinForm.ConnectionServices [(null)] - Atm Id : 6 : Responsed ACK
2016-03-15 16:19:22,454 [6] DEBUG AtmSimulatorWinForm.ConnectionServices [(null)] - Atm Id : 3 : Responsed ACK
2016-03-15 16:19:22,454 [3] DEBUG AtmSimulatorWinForm.ConnectionServices [(null)] - Atm Id : 2 Received reponse from Bank, Time elapsed: 00:00:04.0067579
2016-03-15 16:19:22,454 [7] DEBUG AtmSimulatorWinForm.ConnectionServices [(null)] - Atm Id : 4 Received reponse from Bank, Time elapsed: 00:00:04.0018012
2016-03-15 16:19:22,468 [3] DEBUG AtmSimulatorWinForm.ConnectionServices [(null)] - Atm Id : 2 : Not Responsed ACK
2016-03-15 16:19:22,468 [7] DEBUG AtmSimulatorWinForm.ConnectionServices [(null)] - Atm Id : 4 : Not Responsed ACK
2016-03-15 16:19:22,468 [7] DEBUG AtmSimulatorWinForm.ConnectionServices [(null)] - Atm Id : 5 Received reponse from Bank, Time elapsed: 00:00:04.0080124
2016-03-15 16:19:22,468 [7] DEBUG AtmSimulatorWinForm.ConnectionServices [(null)] - Atm Id : 5 : Not Responsed ACK
2016-03-15 16:19:22,468 [7] DEBUG AtmSimulatorWinForm.ConnectionServices [(null)] - Atm Id : 8 Received reponse from Bank, Time elapsed: 00:00:04.0078556
2016-03-15 16:19:22,484 [7] DEBUG AtmSimulatorWinForm.ConnectionServices [(null)] - Atm Id : 8 : Responsed ACK
2016-03-15 16:19:22,484 [3] DEBUG AtmSimulatorWinForm.ConnectionServices [(null)] - Atm Id : 9 Received reponse from Bank, Time elapsed: 00:00:04.0113727
2016-03-15 16:19:22,484 [3] DEBUG AtmSimulatorWinForm.ConnectionServices [(null)] - Atm Id : 9 : Responsed ACK
2016-03-15 16:19:22,484 [7] DEBUG AtmSimulatorWinForm.ConnectionServices [(null)] - Atm Id : 10 Received reponse from Bank, Time elapsed: 00:00:04.0118908
2016-03-15 16:19:22,484 [7] DEBUG AtmSimulatorWinForm.ConnectionServices [(null)] - Atm Id : 10 : Responsed ACK
2016-03-15 16:19:25,490 [7] DEBUG AtmSimulatorWinForm.ConnectionServices [(null)] - Atm Id : 4 Received reponse from Bank, Time elapsed: 00:00:04.0018012
2016-03-15 16:19:25,490 [3] DEBUG AtmSimulatorWinForm.ConnectionServices [(null)] - Atm Id : 5 Received reponse from Bank, Time elapsed: 00:00:04.0080124
2016-03-15 16:19:25,490 [4] DEBUG AtmSimulatorWinForm.ConnectionServices [(null)] - Atm Id : 2 Received reponse from Bank, Time elapsed: 00:00:04.0067579
2016-03-15 16:19:25,490 [7] DEBUG AtmSimulatorWinForm.ConnectionServices [(null)] - Atm Id : 4 : Responsed ACK
2016-03-15 16:19:25,490 [3] DEBUG AtmSimulatorWinForm.ConnectionServices [(null)] - Atm Id : 5 : Responsed ACK
2016-03-15 16:19:25,490 [4] DEBUG AtmSimulatorWinForm.ConnectionServices [(null)] - Atm Id : 2 : Responsed ACK
2016-03-15 16:19:38,485 [1] DEBUG AtmSimulatorWinForm.ConnectionServices [(null)] - Atm Id : 1 Sent
2016-03-15 16:19:38,485 [1] DEBUG AtmSimulatorWinForm.ConnectionServices [(null)] - Atm Id : 2 Sent
2016-03-15 16:19:38,485 [1] DEBUG AtmSimulatorWinForm.ConnectionServices [(null)] - Atm Id : 3 Sent
2016-03-15 16:19:38,485 [1] DEBUG AtmSimulatorWinForm.ConnectionServices [(null)] - Atm Id : 4 Sent
2016-03-15 16:19:38,485 [1] DEBUG AtmSimulatorWinForm.ConnectionServices [(null)] - Atm Id : 5 Sent
2016-03-15 16:19:38,500 [1] DEBUG AtmSimulatorWinForm.ConnectionServices [(null)] - Atm Id : 6 Sent
2016-03-15 16:19:38,500 [1] DEBUG AtmSimulatorWinForm.ConnectionServices [(null)] - Atm Id : 7 Sent
2016-03-15 16:19:38,500 [1] DEBUG AtmSimulatorWinForm.ConnectionServices [(null)] - Atm Id : 8 Sent
2016-03-15 16:19:38,500 [1] DEBUG AtmSimulatorWinForm.ConnectionServices [(null)] - Atm Id : 9 Sent
2016-03-15 16:19:38,500 [1] DEBUG AtmSimulatorWinForm.ConnectionServices [(null)] - Atm Id : 10 Sent
2016-03-15 16:19:42,493 [4] DEBUG AtmSimulatorWinForm.ConnectionServices [(null)] - Atm Id : 4 Received reponse from Bank, Time elapsed: 00:00:03.9916386
2016-03-15 16:19:42,493 [4] DEBUG AtmSimulatorWinForm.ConnectionServices [(null)] - Atm Id : 4 : Not Responsed ACK
2016-03-15 16:19:42,493 [4] DEBUG AtmSimulatorWinForm.ConnectionServices [(null)] - Atm Id : 3 Received reponse from Bank, Time elapsed: 00:00:04.0025471
2016-03-15 16:19:42,508 [4] DEBUG AtmSimulatorWinForm.ConnectionServices [(null)] - Atm Id : 3 : Responsed ACK
2016-03-15 16:19:42,508 [10] DEBUG AtmSimulatorWinForm.ConnectionServices [(null)] - Atm Id : 6 Received reponse from Bank, Time elapsed: 00:00:03.9965921
2016-03-15 16:19:42,508 [10] DEBUG AtmSimulatorWinForm.ConnectionServices [(null)] - Atm Id : 6 : Responsed ACK
2016-03-15 16:19:42,508 [4] DEBUG AtmSimulatorWinForm.ConnectionServices [(null)] - Atm Id : 5 Received reponse from Bank, Time elapsed: 00:00:04.0046162
2016-03-15 16:19:42,508 [11] DEBUG AtmSimulatorWinForm.ConnectionServices [(null)] - Atm Id : 7 Received reponse from Bank, Time elapsed: 00:00:04.0000434
2016-03-15 16:19:42,508 [4] DEBUG AtmSimulatorWinForm.ConnectionServices [(null)] - Atm Id : 5 : Responsed ACK
2016-03-15 16:19:42,508 [11] DEBUG AtmSimulatorWinForm.ConnectionServices [(null)] - Atm Id : 7 : Responsed ACK
2016-03-15 16:19:42,508 [10] DEBUG AtmSimulatorWinForm.ConnectionServices [(null)] - Atm Id : 8 Received reponse from Bank, Time elapsed: 00:00:04.0009733
2016-03-15 16:19:42,524 [10] DEBUG AtmSimulatorWinForm.ConnectionServices [(null)] - Atm Id : 8 : Not Responsed ACK
2016-03-15 16:19:42,524 [11] DEBUG AtmSimulatorWinForm.ConnectionServices [(null)] - Atm Id : 9 Received reponse from Bank, Time elapsed: 00:00:04.0029098
2016-03-15 16:19:42,524 [4] DEBUG AtmSimulatorWinForm.ConnectionServices [(null)] - Atm Id : 10 Received reponse from Bank, Time elapsed: 00:00:04.0027565
2016-03-15 16:19:42,524 [8] DEBUG AtmSimulatorWinForm.ConnectionServices [(null)] - Atm Id : 2 Received reponse from Bank, Time elapsed: 00:00:04.0298785
2016-03-15 16:19:42,524 [11] DEBUG AtmSimulatorWinForm.ConnectionServices [(null)] - Atm Id : 9 : Not Responsed ACK
2016-03-15 16:19:42,524 [4] DEBUG AtmSimulatorWinForm.ConnectionServices [(null)] - Atm Id : 10 : Not Responsed ACK
2016-03-15 16:19:42,524 [10] DEBUG AtmSimulatorWinForm.ConnectionServices [(null)] - Atm Id : 1 Received reponse from Bank, Time elapsed: 00:00:04.0376071
2016-03-15 16:19:42,524 [8] DEBUG AtmSimulatorWinForm.ConnectionServices [(null)] - Atm Id : 2 : Not Responsed ACK
2016-03-15 16:19:42,539 [10] DEBUG AtmSimulatorWinForm.ConnectionServices [(null)] - Atm Id : 1 : Not Responsed ACK
2016-03-15 16:19:45,531 [8] DEBUG AtmSimulatorWinForm.ConnectionServices [(null)] - Atm Id : 1 Received reponse from Bank, Time elapsed: 00:00:04.0376071
2016-03-15 16:19:45,531 [4] DEBUG AtmSimulatorWinForm.ConnectionServices [(null)] - Atm Id : 10 Received reponse from Bank, Time elapsed: 00:00:04.0027565
2016-03-15 16:19:45,531 [7] DEBUG AtmSimulatorWinForm.ConnectionServices [(null)] - Atm Id : 8 Received reponse from Bank, Time elapsed: 00:00:04.0009733
2016-03-15 16:19:45,531 [11] DEBUG AtmSimulatorWinForm.ConnectionServices [(null)] - Atm Id : 9 Received reponse from Bank, Time elapsed: 00:00:04.0029098
2016-03-15 16:19:45,531 [10] DEBUG AtmSimulatorWinForm.ConnectionServices [(null)] - Atm Id : 2 Received reponse from Bank, Time elapsed: 00:00:04.0298785
2016-03-15 16:19:45,531 [8] DEBUG AtmSimulatorWinForm.ConnectionServices [(null)] - Atm Id : 1 : Not Responsed ACK
2016-03-15 16:19:45,531 [4] DEBUG AtmSimulatorWinForm.ConnectionServices [(null)] - Atm Id : 10 : Not Responsed ACK
2016-03-15 16:19:45,531 [7] DEBUG AtmSimulatorWinForm.ConnectionServices [(null)] - Atm Id : 8 : Not Responsed ACK
2016-03-15 16:19:45,531 [11] DEBUG AtmSimulatorWinForm.ConnectionServices [(null)] - Atm Id : 9 : Not Responsed ACK
2016-03-15 16:19:45,531 [10] DEBUG AtmSimulatorWinForm.ConnectionServices [(null)] - Atm Id : 2 : Not Responsed ACK
2016-03-15 16:19:45,545 [8] DEBUG AtmSimulatorWinForm.ConnectionServices [(null)] - Atm Id : 4 Received reponse from Bank, Time elapsed: 00:00:03.9916386
2016-03-15 16:19:45,545 [8] DEBUG AtmSimulatorWinForm.ConnectionServices [(null)] - Atm Id : 4 : Not Responsed ACK
2016-03-15 16:19:48,552 [11] DEBUG AtmSimulatorWinForm.ConnectionServices [(null)] - Atm Id : 2 Received reponse from Bank, Time elapsed: 00:00:04.0298785
2016-03-15 16:19:48,552 [4] DEBUG AtmSimulatorWinForm.ConnectionServices [(null)] - Atm Id : 8 Received reponse from Bank, Time elapsed: 00:00:04.0009733
2016-03-15 16:19:48,552 [9] DEBUG AtmSimulatorWinForm.ConnectionServices [(null)] - Atm Id : 4 Received reponse from Bank, Time elapsed: 00:00:03.9916386
2016-03-15 16:19:48,552 [7] DEBUG AtmSimulatorWinForm.ConnectionServices [(null)] - Atm Id : 1 Received reponse from Bank, Time elapsed: 00:00:04.0376071
2016-03-15 16:19:48,552 [10] DEBUG AtmSimulatorWinForm.ConnectionServices [(null)] - Atm Id : 9 Received reponse from Bank, Time elapsed: 00:00:04.0029098
2016-03-15 16:19:48,552 [11] DEBUG AtmSimulatorWinForm.ConnectionServices [(null)] - Atm Id : 2 : Not Responsed ACK
2016-03-15 16:19:48,552 [8] DEBUG AtmSimulatorWinForm.ConnectionServices [(null)] - Atm Id : 10 Received reponse from Bank, Time elapsed: 00:00:04.0027565
2016-03-15 16:19:48,552 [4] DEBUG AtmSimulatorWinForm.ConnectionServices [(null)] - Atm Id : 8 : Not Responsed ACK
2016-03-15 16:19:48,552 [9] DEBUG AtmSimulatorWinForm.ConnectionServices [(null)] - Atm Id : 4 : Not Responsed ACK
2016-03-15 16:19:48,552 [7] DEBUG AtmSimulatorWinForm.ConnectionServices [(null)] - Atm Id : 1 : Not Responsed ACK
2016-03-15 16:19:48,552 [10] DEBUG AtmSimulatorWinForm.ConnectionServices [(null)] - Atm Id : 9 : Not Responsed ACK
2016-03-15 16:19:48,567 [8] DEBUG AtmSimulatorWinForm.ConnectionServices [(null)] - Atm Id : 10 : Responsed ACK
2016-03-15 16:19:58,524 [1] DEBUG AtmSimulatorWinForm.ConnectionServices [(null)] - Atm Id : 1 Sent
2016-03-15 16:19:58,524 [1] DEBUG AtmSimulatorWinForm.ConnectionServices [(null)] - Atm Id : 2 Sent
2016-03-15 16:19:58,524 [1] DEBUG AtmSimulatorWinForm.ConnectionServices [(null)] - Atm Id : 3 Sent
2016-03-15 16:19:58,524 [1] DEBUG AtmSimulatorWinForm.ConnectionServices [(null)] - Atm Id : 4 Sent
2016-03-15 16:19:58,540 [1] DEBUG AtmSimulatorWinForm.ConnectionServices [(null)] - Atm Id : 5 Sent
2016-03-15 16:19:58,540 [1] DEBUG AtmSimulatorWinForm.ConnectionServices [(null)] - Atm Id : 6 Sent
2016-03-15 16:19:58,540 [1] DEBUG AtmSimulatorWinForm.ConnectionServices [(null)] - Atm Id : 7 Sent
2016-03-15 16:19:58,555 [1] DEBUG AtmSimulatorWinForm.ConnectionServices [(null)] - Atm Id : 8 Sent
2016-03-15 16:19:58,555 [1] DEBUG AtmSimulatorWinForm.ConnectionServices [(null)] - Atm Id : 9 Sent
2016-03-15 16:19:58,555 [1] DEBUG AtmSimulatorWinForm.ConnectionServices [(null)] - Atm Id : 10 Sent
2016-03-15 16:20:02,533 [10] DEBUG AtmSimulatorWinForm.ConnectionServices [(null)] - Atm Id : 4 Received reponse from Bank, Time elapsed: 00:00:03.9854104
2016-03-15 16:20:02,533 [9] DEBUG AtmSimulatorWinForm.ConnectionServices [(null)] - Atm Id : 1 Received reponse from Bank, Time elapsed: 00:00:04.0076098
2016-03-15 16:20:02,533 [4] DEBUG AtmSimulatorWinForm.ConnectionServices [(null)] - Atm Id : 5 Received reponse from Bank, Time elapsed: 00:00:03.9901601
2016-03-15 16:20:02,533 [8] DEBUG AtmSimulatorWinForm.ConnectionServices [(null)] - Atm Id : 6 Received reponse from Bank, Time elapsed: 00:00:03.9798729
2016-03-15 16:20:02,548 [11] DEBUG AtmSimulatorWinForm.ConnectionServices [(null)] - Atm Id : 3 Received reponse from Bank, Time elapsed: 00:00:04.0053394
2016-03-15 16:20:02,548 [9] DEBUG AtmSimulatorWinForm.ConnectionServices [(null)] - Atm Id : 1 : Not Responsed ACK
2016-03-15 16:20:02,563 [4] DEBUG AtmSimulatorWinForm.ConnectionServices [(null)] - Atm Id : 5 : Responsed ACK
2016-03-15 16:20:02,533 [7] DEBUG AtmSimulatorWinForm.ConnectionServices [(null)] - Atm Id : 8 Received reponse from Bank, Time elapsed: 00:00:03.9741855
2016-03-15 16:20:02,563 [8] DEBUG AtmSimulatorWinForm.ConnectionServices [(null)] - Atm Id : 6 : Responsed ACK
2016-03-15 16:20:02,563 [11] DEBUG AtmSimulatorWinForm.ConnectionServices [(null)] - Atm Id : 3 : Responsed ACK
2016-03-15 16:20:02,533 [10] DEBUG AtmSimulatorWinForm.ConnectionServices [(null)] - Atm Id : 4 : Responsed ACK
2016-03-15 16:20:02,563 [6] DEBUG AtmSimulatorWinForm.ConnectionServices [(null)] - Atm Id : 9 Received reponse from Bank, Time elapsed: 00:00:03.9993550
2016-03-15 16:20:02,563 [9] DEBUG AtmSimulatorWinForm.ConnectionServices [(null)] - Atm Id : 10 Received reponse from Bank, Time elapsed: 00:00:03.9966752
2016-03-15 16:20:02,563 [4] DEBUG AtmSimulatorWinForm.ConnectionServices [(null)] - Atm Id : 2 Received reponse from Bank, Time elapsed: 00:00:04.0329471
2016-03-15 16:20:02,563 [7] DEBUG AtmSimulatorWinForm.ConnectionServices [(null)] - Atm Id : 8 : Responsed ACK
2016-03-15 16:20:02,563 [8] DEBUG AtmSimulatorWinForm.ConnectionServices [(null)] - Atm Id : 7 Received reponse from Bank, Time elapsed: 00:00:04.0138088
2016-03-15 16:20:02,579 [6] DEBUG AtmSimulatorWinForm.ConnectionServices [(null)] - Atm Id : 9 : Not Responsed ACK
2016-03-15 16:20:02,579 [9] DEBUG AtmSimulatorWinForm.ConnectionServices [(null)] - Atm Id : 10 : Not Responsed ACK
2016-03-15 16:20:02,579 [4] DEBUG AtmSimulatorWinForm.ConnectionServices [(null)] - Atm Id : 2 : Not Responsed ACK
2016-03-15 16:20:02,595 [8] DEBUG AtmSimulatorWinForm.ConnectionServices [(null)] - Atm Id : 7 : Responsed ACK
2016-03-15 16:20:05,554 [4] DEBUG AtmSimulatorWinForm.ConnectionServices [(null)] - Atm Id : 1 Received reponse from Bank, Time elapsed: 00:00:04.0076098
2016-03-15 16:20:05,554 [8] DEBUG AtmSimulatorWinForm.ConnectionServices [(null)] - Atm Id : 10 Received reponse from Bank, Time elapsed: 00:00:03.9966752
2016-03-15 16:20:05,554 [4] DEBUG AtmSimulatorWinForm.ConnectionServices [(null)] - Atm Id : 1 : Responsed ACK
2016-03-15 16:20:05,554 [8] DEBUG AtmSimulatorWinForm.ConnectionServices [(null)] - Atm Id : 10 : Responsed ACK
2016-03-15 16:20:05,586 [4] DEBUG AtmSimulatorWinForm.ConnectionServices [(null)] - Atm Id : 2 Received reponse from Bank, Time elapsed: 00:00:04.0329471
2016-03-15 16:20:05,586 [8] DEBUG AtmSimulatorWinForm.ConnectionServices [(null)] - Atm Id : 9 Received reponse from Bank, Time elapsed: 00:00:03.9993550
2016-03-15 16:20:05,586 [4] DEBUG AtmSimulatorWinForm.ConnectionServices [(null)] - Atm Id : 2 : Responsed ACK
2016-03-15 16:20:05,586 [8] DEBUG AtmSimulatorWinForm.ConnectionServices [(null)] - Atm Id : 9 : Responsed ACK
2016-03-15 16:20:18,564 [1] DEBUG AtmSimulatorWinForm.ConnectionServices [(null)] - Atm Id : 1 Sent
2016-03-15 16:20:18,564 [1] DEBUG AtmSimulatorWinForm.ConnectionServices [(null)] - Atm Id : 2 Sent
2016-03-15 16:20:18,564 [1] DEBUG AtmSimulatorWinForm.ConnectionServices [(null)] - Atm Id : 3 Sent
2016-03-15 16:20:18,564 [1] DEBUG AtmSimulatorWinForm.ConnectionServices [(null)] - Atm Id : 4 Sent
2016-03-15 16:20:18,579 [1] DEBUG AtmSimulatorWinForm.ConnectionServices [(null)] - Atm Id : 5 Sent
2016-03-15 16:20:18,579 [1] DEBUG AtmSimulatorWinForm.ConnectionServices [(null)] - Atm Id : 6 Sent
2016-03-15 16:20:18,579 [1] DEBUG AtmSimulatorWinForm.ConnectionServices [(null)] - Atm Id : 7 Sent
2016-03-15 16:20:18,595 [1] DEBUG AtmSimulatorWinForm.ConnectionServices [(null)] - Atm Id : 8 Sent
2016-03-15 16:20:18,595 [1] DEBUG AtmSimulatorWinForm.ConnectionServices [(null)] - Atm Id : 9 Sent
2016-03-15 16:20:18,595 [1] DEBUG AtmSimulatorWinForm.ConnectionServices [(null)] - Atm Id : 10 Sent
2016-03-15 16:22:33,892 [1] DEBUG AtmSimulatorWinForm.AtmSimulator [(null)] - Start Atm Simulator
2016-03-15 16:24:08,814 [1] DEBUG AtmSimulatorWinForm.AtmSimulator [(null)] - Start Atm Simulator
2016-03-15 16:24:41,373 [1] DEBUG AtmSimulatorWinForm.ConnectionServices [(null)] - Atm Id : 1 Sent
2016-03-15 16:24:41,373 [1] DEBUG AtmSimulatorWinForm.ConnectionServices [(null)] - Atm Id : 2 Sent
2016-03-15 16:24:41,373 [1] DEBUG AtmSimulatorWinForm.ConnectionServices [(null)] - Atm Id : 3 Sent
2016-03-15 16:24:41,373 [1] DEBUG AtmSimulatorWinForm.ConnectionServices [(null)] - Atm Id : 4 Sent
2016-03-15 16:24:41,373 [1] DEBUG AtmSimulatorWinForm.ConnectionServices [(null)] - Atm Id : 5 Sent
2016-03-15 16:24:41,373 [1] DEBUG AtmSimulatorWinForm.ConnectionServices [(null)] - Atm Id : 6 Sent
2016-03-15 16:24:41,373 [1] DEBUG AtmSimulatorWinForm.ConnectionServices [(null)] - Atm Id : 7 Sent
2016-03-15 16:24:41,373 [1] DEBUG AtmSimulatorWinForm.ConnectionServices [(null)] - Atm Id : 8 Sent
2016-03-15 16:24:41,373 [1] DEBUG AtmSimulatorWinForm.ConnectionServices [(null)] - Atm Id : 9 Sent
2016-03-15 16:24:41,373 [1] DEBUG AtmSimulatorWinForm.ConnectionServices [(null)] - Atm Id : 10 Sent
2016-03-15 16:24:45,217 [8] DEBUG AtmSimulatorWinForm.ConnectionServices [(null)] - Atm Id : 2 Received reponse from Bank, Time elapsed: 00:00:03.8462549
2016-03-15 16:24:45,217 [8] DEBUG AtmSimulatorWinForm.ConnectionServices [(null)] - Atm Id : 2 : Responsed ACK
2016-03-15 16:24:45,217 [8] DEBUG AtmSimulatorWinForm.ConnectionServices [(null)] - Atm Id : 6 Received reponse from Bank, Time elapsed: 00:00:03.8476262
2016-03-15 16:24:45,217 [8] DEBUG AtmSimulatorWinForm.ConnectionServices [(null)] - Atm Id : 6 : Responsed ACK
2016-03-15 16:24:45,265 [9] DEBUG AtmSimulatorWinForm.ConnectionServices [(null)] - Atm Id : 9 Received reponse from Bank, Time elapsed: 00:00:03.8913267
2016-03-15 16:24:45,265 [9] DEBUG AtmSimulatorWinForm.ConnectionServices [(null)] - Atm Id : 9 : Not Responsed ACK
2016-03-15 16:24:45,327 [9] DEBUG AtmSimulatorWinForm.ConnectionServices [(null)] - Atm Id : 10 Received reponse from Bank, Time elapsed: 00:00:03.9441367
2016-03-15 16:24:45,327 [9] DEBUG AtmSimulatorWinForm.ConnectionServices [(null)] - Atm Id : 10 : Not Responsed ACK
2016-03-15 16:24:45,374 [9] DEBUG AtmSimulatorWinForm.ConnectionServices [(null)] - Atm Id : 7 Received reponse from Bank, Time elapsed: 00:00:03.9995833
2016-03-15 16:24:45,374 [9] DEBUG AtmSimulatorWinForm.ConnectionServices [(null)] - Atm Id : 7 : Responsed ACK
2016-03-15 16:24:45,420 [9] DEBUG AtmSimulatorWinForm.ConnectionServices [(null)] - Atm Id : 8 Received reponse from Bank, Time elapsed: 00:00:04.0437207
2016-03-15 16:24:45,420 [9] DEBUG AtmSimulatorWinForm.ConnectionServices [(null)] - Atm Id : 8 : Responsed ACK
2016-03-15 16:24:45,467 [9] DEBUG AtmSimulatorWinForm.ConnectionServices [(null)] - Atm Id : 5 Received reponse from Bank, Time elapsed: 00:00:04.0960881
2016-03-15 16:24:45,467 [9] DEBUG AtmSimulatorWinForm.ConnectionServices [(null)] - Atm Id : 5 : Not Responsed ACK
2016-03-15 16:24:45,530 [9] DEBUG AtmSimulatorWinForm.ConnectionServices [(null)] - Atm Id : 3 Received reponse from Bank, Time elapsed: 00:00:04.1576793
2016-03-15 16:24:45,530 [9] DEBUG AtmSimulatorWinForm.ConnectionServices [(null)] - Atm Id : 3 : Not Responsed ACK
2016-03-15 16:24:45,577 [9] DEBUG AtmSimulatorWinForm.ConnectionServices [(null)] - Atm Id : 4 Received reponse from Bank, Time elapsed: 00:00:04.1988217
2016-03-15 16:24:45,577 [9] DEBUG AtmSimulatorWinForm.ConnectionServices [(null)] - Atm Id : 4 : Responsed ACK
2016-03-15 16:24:45,623 [9] DEBUG AtmSimulatorWinForm.ConnectionServices [(null)] - Atm Id : 1 Received reponse from Bank, Time elapsed: 00:00:04.2531220
2016-03-15 16:24:45,623 [9] DEBUG AtmSimulatorWinForm.ConnectionServices [(null)] - Atm Id : 1 : Not Responsed ACK
2016-03-15 16:24:48,280 [9] DEBUG AtmSimulatorWinForm.ConnectionServices [(null)] - Atm Id : 9 Received reponse from Bank, Time elapsed: 00:00:03.8913267
2016-03-15 16:24:48,280 [9] DEBUG AtmSimulatorWinForm.ConnectionServices [(null)] - Atm Id : 9 : Responsed ACK
2016-03-15 16:24:48,327 [9] DEBUG AtmSimulatorWinForm.ConnectionServices [(null)] - Atm Id : 10 Received reponse from Bank, Time elapsed: 00:00:03.9441367
2016-03-15 16:24:48,327 [9] DEBUG AtmSimulatorWinForm.ConnectionServices [(null)] - Atm Id : 10 : Not Responsed ACK
2016-03-15 16:24:48,468 [9] DEBUG AtmSimulatorWinForm.ConnectionServices [(null)] - Atm Id : 5 Received reponse from Bank, Time elapsed: 00:00:04.0960881
2016-03-15 16:24:48,468 [9] DEBUG AtmSimulatorWinForm.ConnectionServices [(null)] - Atm Id : 5 : Not Responsed ACK
2016-03-15 16:24:48,531 [9] DEBUG AtmSimulatorWinForm.ConnectionServices [(null)] - Atm Id : 3 Received reponse from Bank, Time elapsed: 00:00:04.1576793
2016-03-15 16:24:48,531 [9] DEBUG AtmSimulatorWinForm.ConnectionServices [(null)] - Atm Id : 3 : Not Responsed ACK
2016-03-15 16:24:48,624 [9] DEBUG AtmSimulatorWinForm.ConnectionServices [(null)] - Atm Id : 1 Received reponse from Bank, Time elapsed: 00:00:04.2531220
2016-03-15 16:24:48,624 [9] DEBUG AtmSimulatorWinForm.ConnectionServices [(null)] - Atm Id : 1 : Not Responsed ACK
2016-03-15 16:24:51,342 [9] DEBUG AtmSimulatorWinForm.ConnectionServices [(null)] - Atm Id : 10 Received reponse from Bank, Time elapsed: 00:00:03.9441367
2016-03-15 16:24:51,342 [9] DEBUG AtmSimulatorWinForm.ConnectionServices [(null)] - Atm Id : 10 : Not Responsed ACK
2016-03-15 16:24:51,358 [1] DEBUG AtmSimulatorWinForm.ConnectionServices [(null)] - Atm Id : 1 Sent
2016-03-15 16:24:51,358 [1] DEBUG AtmSimulatorWinForm.ConnectionServices [(null)] - Atm Id : 2 Sent
2016-03-15 16:24:51,358 [1] DEBUG AtmSimulatorWinForm.ConnectionServices [(null)] - Atm Id : 3 Sent
2016-03-15 16:24:51,358 [1] DEBUG AtmSimulatorWinForm.ConnectionServices [(null)] - Atm Id : 4 Sent
2016-03-15 16:24:51,373 [1] DEBUG AtmSimulatorWinForm.ConnectionServices [(null)] - Atm Id : 5 Sent
2016-03-15 16:24:51,373 [1] DEBUG AtmSimulatorWinForm.ConnectionServices [(null)] - Atm Id : 6 Sent
2016-03-15 16:24:51,373 [1] DEBUG AtmSimulatorWinForm.ConnectionServices [(null)] - Atm Id : 7 Sent
2016-03-15 16:24:51,373 [1] DEBUG AtmSimulatorWinForm.ConnectionServices [(null)] - Atm Id : 8 Sent
2016-03-15 16:24:51,389 [1] DEBUG AtmSimulatorWinForm.ConnectionServices [(null)] - Atm Id : 9 Sent
2016-03-15 16:24:51,389 [1] DEBUG AtmSimulatorWinForm.ConnectionServices [(null)] - Atm Id : 10 Sent
2016-03-15 16:24:51,436 [9] DEBUG AtmSimulatorWinForm.ConnectionServices [(null)] - Atm Id : 2 Received reponse from Bank, Time elapsed: 00:00:00.0769617
2016-03-15 16:24:51,436 [9] DEBUG AtmSimulatorWinForm.ConnectionServices [(null)] - Atm Id : 2 : Not Responsed ACK
2016-03-15 16:24:51,484 [9] DEBUG AtmSimulatorWinForm.ConnectionServices [(null)] - Atm Id : 5 Received reponse from Bank, Time elapsed: 00:00:04.0960881
2016-03-15 16:24:51,484 [9] DEBUG AtmSimulatorWinForm.ConnectionServices [(null)] - Atm Id : 5 : Not Responsed ACK
2016-03-15 16:24:51,484 [9] DEBUG AtmSimulatorWinForm.ConnectionServices [(null)] - Atm Id : 1 Received reponse from Bank, Time elapsed: 00:00:00.1315686
2016-03-15 16:24:51,498 [9] DEBUG AtmSimulatorWinForm.ConnectionServices [(null)] - Atm Id : 1 : Not Responsed ACK
2016-03-15 16:24:51,530 [9] DEBUG AtmSimulatorWinForm.ConnectionServices [(null)] - Atm Id : 3 Received reponse from Bank, Time elapsed: 00:00:00.1740209
2016-03-15 16:24:51,545 [8] DEBUG AtmSimulatorWinForm.ConnectionServices [(null)] - Atm Id : 3 Received reponse from Bank, Time elapsed: 00:00:04.1576793
2016-03-15 16:24:51,545 [9] DEBUG AtmSimulatorWinForm.ConnectionServices [(null)] - Atm Id : 3 : Not Responsed ACK
2016-03-15 16:24:51,545 [8] DEBUG AtmSimulatorWinForm.ConnectionServices [(null)] - Atm Id : 3 : Not Responsed ACK
2016-03-15 16:24:51,592 [8] DEBUG AtmSimulatorWinForm.ConnectionServices [(null)] - Atm Id : 5 Received reponse from Bank, Time elapsed: 00:00:00.2181978
2016-03-15 16:24:51,592 [8] DEBUG AtmSimulatorWinForm.ConnectionServices [(null)] - Atm Id : 5 : Not Responsed ACK
2016-03-15 16:24:51,639 [8] DEBUG AtmSimulatorWinForm.ConnectionServices [(null)] - Atm Id : 1 Received reponse from Bank, Time elapsed: 00:00:04.2531220
2016-03-15 16:24:51,639 [8] DEBUG AtmSimulatorWinForm.ConnectionServices [(null)] - Atm Id : 1 : Responsed ACK
2016-03-15 16:24:51,655 [8] DEBUG AtmSimulatorWinForm.ConnectionServices [(null)] - Atm Id : 6 Received reponse from Bank, Time elapsed: 00:00:00.2764706
2016-03-15 16:24:51,655 [8] DEBUG AtmSimulatorWinForm.ConnectionServices [(null)] - Atm Id : 6 : Responsed ACK
2016-03-15 16:24:51,686 [8] DEBUG AtmSimulatorWinForm.ConnectionServices [(null)] - Atm Id : 4 Received reponse from Bank, Time elapsed: 00:00:00.3204375
2016-03-15 16:24:51,686 [8] DEBUG AtmSimulatorWinForm.ConnectionServices [(null)] - Atm Id : 4 : Not Responsed ACK
2016-03-15 16:24:51,733 [8] DEBUG AtmSimulatorWinForm.ConnectionServices [(null)] - Atm Id : 7 Received reponse from Bank, Time elapsed: 00:00:00.3635632
2016-03-15 16:24:51,748 [8] DEBUG AtmSimulatorWinForm.ConnectionServices [(null)] - Atm Id : 7 : Not Responsed ACK
2016-03-15 16:24:51,781 [8] DEBUG AtmSimulatorWinForm.ConnectionServices [(null)] - Atm Id : 8 Received reponse from Bank, Time elapsed: 00:00:00.4052142
2016-03-15 16:24:51,795 [8] DEBUG AtmSimulatorWinForm.ConnectionServices [(null)] - Atm Id : 8 : Not Responsed ACK
2016-03-15 16:24:51,842 [8] DEBUG AtmSimulatorWinForm.ConnectionServices [(null)] - Atm Id : 9 Received reponse from Bank, Time elapsed: 00:00:00.4518130
2016-03-15 16:24:51,842 [8] DEBUG AtmSimulatorWinForm.ConnectionServices [(null)] - Atm Id : 9 : Responsed ACK
2016-03-15 16:24:51,889 [8] DEBUG AtmSimulatorWinForm.ConnectionServices [(null)] - Atm Id : 10 Received reponse from Bank, Time elapsed: 00:00:00.4986115
2016-03-15 16:24:51,889 [8] DEBUG AtmSimulatorWinForm.ConnectionServices [(null)] - Atm Id : 10 : Not Responsed ACK
2016-03-15 16:24:54,452 [8] DEBUG AtmSimulatorWinForm.ConnectionServices [(null)] - Atm Id : 2 Received reponse from Bank, Time elapsed: 00:00:00.0769617
2016-03-15 16:24:54,452 [8] DEBUG AtmSimulatorWinForm.ConnectionServices [(null)] - Atm Id : 2 : Not Responsed ACK
2016-03-15 16:24:54,498 [8] DEBUG AtmSimulatorWinForm.ConnectionServices [(null)] - Atm Id : 1 Received reponse from Bank, Time elapsed: 00:00:00.1315686
2016-03-15 16:24:54,498 [8] DEBUG AtmSimulatorWinForm.ConnectionServices [(null)] - Atm Id : 1 : Responsed ACK
2016-03-15 16:24:54,545 [8] DEBUG AtmSimulatorWinForm.ConnectionServices [(null)] - Atm Id : 3 Received reponse from Bank, Time elapsed: 00:00:00.1740209
2016-03-15 16:24:54,545 [8] DEBUG AtmSimulatorWinForm.ConnectionServices [(null)] - Atm Id : 3 : Responsed ACK
2016-03-15 16:24:54,608 [8] DEBUG AtmSimulatorWinForm.ConnectionServices [(null)] - Atm Id : 5 Received reponse from Bank, Time elapsed: 00:00:00.2181978
2016-03-15 16:24:54,608 [8] DEBUG AtmSimulatorWinForm.ConnectionServices [(null)] - Atm Id : 5 : Responsed ACK
2016-03-15 16:24:54,687 [8] DEBUG AtmSimulatorWinForm.ConnectionServices [(null)] - Atm Id : 4 Received reponse from Bank, Time elapsed: 00:00:00.3204375
2016-03-15 16:24:54,687 [8] DEBUG AtmSimulatorWinForm.ConnectionServices [(null)] - Atm Id : 4 : Not Responsed ACK
2016-03-15 16:24:54,749 [8] DEBUG AtmSimulatorWinForm.ConnectionServices [(null)] - Atm Id : 7 Received reponse from Bank, Time elapsed: 00:00:00.3635632
2016-03-15 16:24:54,749 [8] DEBUG AtmSimulatorWinForm.ConnectionServices [(null)] - Atm Id : 7 : Not Responsed ACK
2016-03-15 16:24:54,796 [8] DEBUG AtmSimulatorWinForm.ConnectionServices [(null)] - Atm Id : 8 Received reponse from Bank, Time elapsed: 00:00:00.4052142
2016-03-15 16:24:54,796 [8] DEBUG AtmSimulatorWinForm.ConnectionServices [(null)] - Atm Id : 8 : Not Responsed ACK
2016-03-15 16:24:54,906 [8] DEBUG AtmSimulatorWinForm.ConnectionServices [(null)] - Atm Id : 10 Received reponse from Bank, Time elapsed: 00:00:00.4986115
2016-03-15 16:24:54,906 [8] DEBUG AtmSimulatorWinForm.ConnectionServices [(null)] - Atm Id : 10 : Responsed ACK
2016-03-15 16:24:57,453 [8] DEBUG AtmSimulatorWinForm.ConnectionServices [(null)] - Atm Id : 2 Received reponse from Bank, Time elapsed: 00:00:00.0769617
2016-03-15 16:24:57,453 [8] DEBUG AtmSimulatorWinForm.ConnectionServices [(null)] - Atm Id : 2 : Not Responsed ACK
2016-03-15 16:24:57,703 [8] DEBUG AtmSimulatorWinForm.ConnectionServices [(null)] - Atm Id : 4 Received reponse from Bank, Time elapsed: 00:00:00.3204375
2016-03-15 16:24:57,703 [8] DEBUG AtmSimulatorWinForm.ConnectionServices [(null)] - Atm Id : 4 : Not Responsed ACK
2016-03-15 16:24:57,764 [8] DEBUG AtmSimulatorWinForm.ConnectionServices [(null)] - Atm Id : 7 Received reponse from Bank, Time elapsed: 00:00:00.3635632
2016-03-15 16:24:57,764 [8] DEBUG AtmSimulatorWinForm.ConnectionServices [(null)] - Atm Id : 7 : Not Responsed ACK
2016-03-15 16:24:57,796 [8] DEBUG AtmSimulatorWinForm.ConnectionServices [(null)] - Atm Id : 8 Received reponse from Bank, Time elapsed: 00:00:00.4052142
2016-03-15 16:24:57,796 [8] DEBUG AtmSimulatorWinForm.ConnectionServices [(null)] - Atm Id : 8 : Responsed ACK
2016-03-15 16:25:01,358 [1] DEBUG AtmSimulatorWinForm.ConnectionServices [(null)] - Atm Id : 1 Sent
2016-03-15 16:25:01,358 [1] DEBUG AtmSimulatorWinForm.ConnectionServices [(null)] - Atm Id : 2 Sent
2016-03-15 16:25:01,358 [1] DEBUG AtmSimulatorWinForm.ConnectionServices [(null)] - Atm Id : 3 Sent
2016-03-15 16:25:01,358 [1] DEBUG AtmSimulatorWinForm.ConnectionServices [(null)] - Atm Id : 4 Sent
2016-03-15 16:25:01,374 [1] DEBUG AtmSimulatorWinForm.ConnectionServices [(null)] - Atm Id : 5 Sent
2016-03-15 16:25:01,374 [1] DEBUG AtmSimulatorWinForm.ConnectionServices [(null)] - Atm Id : 6 Sent
2016-03-15 16:25:01,374 [1] DEBUG AtmSimulatorWinForm.ConnectionServices [(null)] - Atm Id : 7 Sent
2016-03-15 16:25:01,374 [1] DEBUG AtmSimulatorWinForm.ConnectionServices [(null)] - Atm Id : 8 Sent
2016-03-15 16:25:01,389 [1] DEBUG AtmSimulatorWinForm.ConnectionServices [(null)] - Atm Id : 9 Sent
2016-03-15 16:25:01,389 [1] DEBUG AtmSimulatorWinForm.ConnectionServices [(null)] - Atm Id : 10 Sent
2016-03-15 16:25:01,452 [8] DEBUG AtmSimulatorWinForm.ConnectionServices [(null)] - Atm Id : 1 Received reponse from Bank, Time elapsed: 00:00:00.0998906
2016-03-15 16:25:01,467 [8] DEBUG AtmSimulatorWinForm.ConnectionServices [(null)] - Atm Id : 1 : Not Responsed ACK
2016-03-15 16:25:01,514 [8] DEBUG AtmSimulatorWinForm.ConnectionServices [(null)] - Atm Id : 3 Received reponse from Bank, Time elapsed: 00:00:00.1435771
2016-03-15 16:25:01,514 [8] DEBUG AtmSimulatorWinForm.ConnectionServices [(null)] - Atm Id : 3 : Not Responsed ACK
2016-03-15 16:25:01,576 [8] DEBUG AtmSimulatorWinForm.ConnectionServices [(null)] - Atm Id : 4 Received reponse from Bank, Time elapsed: 00:00:00.2035280
2016-03-15 16:25:01,576 [8] DEBUG AtmSimulatorWinForm.ConnectionServices [(null)] - Atm Id : 4 : Not Responsed ACK
2016-03-15 16:25:01,608 [8] DEBUG AtmSimulatorWinForm.ConnectionServices [(null)] - Atm Id : 5 Received reponse from Bank, Time elapsed: 00:00:00.2405521
2016-03-15 16:25:01,608 [8] DEBUG AtmSimulatorWinForm.ConnectionServices [(null)] - Atm Id : 5 : Responsed ACK
2016-03-15 16:25:01,655 [8] DEBUG AtmSimulatorWinForm.ConnectionServices [(null)] - Atm Id : 6 Received reponse from Bank, Time elapsed: 00:00:00.2858119
2016-03-15 16:25:01,655 [8] DEBUG AtmSimulatorWinForm.ConnectionServices [(null)] - Atm Id : 6 : Not Responsed ACK
2016-03-15 16:25:01,702 [8] DEBUG AtmSimulatorWinForm.ConnectionServices [(null)] - Atm Id : 2 Received reponse from Bank, Time elapsed: 00:00:00.3481668
2016-03-15 16:25:01,717 [8] DEBUG AtmSimulatorWinForm.ConnectionServices [(null)] - Atm Id : 2 : Responsed ACK
2016-03-15 16:25:01,764 [8] DEBUG AtmSimulatorWinForm.ConnectionServices [(null)] - Atm Id : 7 Received reponse from Bank, Time elapsed: 00:00:00.3814164
2016-03-15 16:25:01,764 [8] DEBUG AtmSimulatorWinForm.ConnectionServices [(null)] - Atm Id : 7 : Not Responsed ACK
2016-03-15 16:25:01,811 [8] DEBUG AtmSimulatorWinForm.ConnectionServices [(null)] - Atm Id : 8 Received reponse from Bank, Time elapsed: 00:00:00.4295488
2016-03-15 16:25:01,811 [8] DEBUG AtmSimulatorWinForm.ConnectionServices [(null)] - Atm Id : 8 : Responsed ACK
2016-03-15 16:25:01,858 [8] DEBUG AtmSimulatorWinForm.ConnectionServices [(null)] - Atm Id : 9 Received reponse from Bank, Time elapsed: 00:00:00.4749519
2016-03-15 16:25:01,873 [8] DEBUG AtmSimulatorWinForm.ConnectionServices [(null)] - Atm Id : 9 : Responsed ACK
2016-03-15 16:25:01,905 [8] DEBUG AtmSimulatorWinForm.ConnectionServices [(null)] - Atm Id : 10 Received reponse from Bank, Time elapsed: 00:00:00.5169474
2016-03-15 16:25:01,920 [8] DEBUG AtmSimulatorWinForm.ConnectionServices [(null)] - Atm Id : 10 : Responsed ACK
2016-03-15 16:25:04,468 [8] DEBUG AtmSimulatorWinForm.ConnectionServices [(null)] - Atm Id : 1 Received reponse from Bank, Time elapsed: 00:00:00.0998906
2016-03-15 16:25:04,468 [8] DEBUG AtmSimulatorWinForm.ConnectionServices [(null)] - Atm Id : 1 : Not Responsed ACK
2016-03-15 16:25:04,515 [8] DEBUG AtmSimulatorWinForm.ConnectionServices [(null)] - Atm Id : 3 Received reponse from Bank, Time elapsed: 00:00:00.1435771
2016-03-15 16:25:04,515 [8] DEBUG AtmSimulatorWinForm.ConnectionServices [(null)] - Atm Id : 3 : Responsed ACK
2016-03-15 16:25:04,577 [8] DEBUG AtmSimulatorWinForm.ConnectionServices [(null)] - Atm Id : 4 Received reponse from Bank, Time elapsed: 00:00:00.2035280
2016-03-15 16:25:04,577 [8] DEBUG AtmSimulatorWinForm.ConnectionServices [(null)] - Atm Id : 4 : Responsed ACK
2016-03-15 16:25:04,655 [8] DEBUG AtmSimulatorWinForm.ConnectionServices [(null)] - Atm Id : 6 Received reponse from Bank, Time elapsed: 00:00:00.2858119
2016-03-15 16:25:04,655 [8] DEBUG AtmSimulatorWinForm.ConnectionServices [(null)] - Atm Id : 6 : Not Responsed ACK
2016-03-15 16:25:04,764 [8] DEBUG AtmSimulatorWinForm.ConnectionServices [(null)] - Atm Id : 7 Received reponse from Bank, Time elapsed: 00:00:00.3814164
2016-03-15 16:25:04,764 [8] DEBUG AtmSimulatorWinForm.ConnectionServices [(null)] - Atm Id : 7 : Not Responsed ACK
2016-03-15 16:25:07,483 [8] DEBUG AtmSimulatorWinForm.ConnectionServices [(null)] - Atm Id : 1 Received reponse from Bank, Time elapsed: 00:00:00.0998906
2016-03-15 16:25:07,483 [8] DEBUG AtmSimulatorWinForm.ConnectionServices [(null)] - Atm Id : 1 : Responsed ACK
2016-03-15 16:25:07,671 [8] DEBUG AtmSimulatorWinForm.ConnectionServices [(null)] - Atm Id : 6 Received reponse from Bank, Time elapsed: 00:00:00.2858119
2016-03-15 16:25:07,671 [8] DEBUG AtmSimulatorWinForm.ConnectionServices [(null)] - Atm Id : 6 : Responsed ACK
2016-03-15 16:25:07,780 [8] DEBUG AtmSimulatorWinForm.ConnectionServices [(null)] - Atm Id : 7 Received reponse from Bank, Time elapsed: 00:00:00.3814164
2016-03-15 16:25:07,780 [8] DEBUG AtmSimulatorWinForm.ConnectionServices [(null)] - Atm Id : 7 : Not Responsed ACK
2016-03-15 16:25:11,359 [1] DEBUG AtmSimulatorWinForm.ConnectionServices [(null)] - Atm Id : 1 Sent
2016-03-15 16:25:11,359 [1] DEBUG AtmSimulatorWinForm.ConnectionServices [(null)] - Atm Id : 2 Sent
2016-03-15 16:25:11,359 [1] DEBUG AtmSimulatorWinForm.ConnectionServices [(null)] - Atm Id : 3 Sent
2016-03-15 16:25:11,373 [1] DEBUG AtmSimulatorWinForm.ConnectionServices [(null)] - Atm Id : 4 Sent
2016-03-15 16:25:11,373 [1] DEBUG AtmSimulatorWinForm.ConnectionServices [(null)] - Atm Id : 5 Sent
2016-03-15 16:25:11,420 [1] DEBUG AtmSimulatorWinForm.ConnectionServices [(null)] - Atm Id : 6 Sent
2016-03-15 16:25:11,420 [1] DEBUG AtmSimulatorWinForm.ConnectionServices [(null)] - Atm Id : 7 Sent
2016-03-15 16:25:11,436 [1] DEBUG AtmSimulatorWinForm.ConnectionServices [(null)] - Atm Id : 8 Sent
2016-03-15 16:25:11,436 [1] DEBUG AtmSimulatorWinForm.ConnectionServices [(null)] - Atm Id : 9 Sent
2016-03-15 16:25:11,436 [1] DEBUG AtmSimulatorWinForm.ConnectionServices [(null)] - Atm Id : 10 Sent
2016-03-15 16:25:11,483 [8] DEBUG AtmSimulatorWinForm.ConnectionServices [(null)] - Atm Id : 3 Received reponse from Bank, Time elapsed: 00:00:00.1197987
2016-03-15 16:25:11,498 [8] DEBUG AtmSimulatorWinForm.ConnectionServices [(null)] - Atm Id : 3 : Not Responsed ACK
2016-03-15 16:25:11,545 [8] DEBUG AtmSimulatorWinForm.ConnectionServices [(null)] - Atm Id : 4 Received reponse from Bank, Time elapsed: 00:00:00.1663511
2016-03-15 16:25:11,545 [8] DEBUG AtmSimulatorWinForm.ConnectionServices [(null)] - Atm Id : 4 : Not Responsed ACK
2016-03-15 16:25:11,592 [8] DEBUG AtmSimulatorWinForm.ConnectionServices [(null)] - Atm Id : 2 Received reponse from Bank, Time elapsed: 00:00:00.2253180
2016-03-15 16:25:11,592 [8] DEBUG AtmSimulatorWinForm.ConnectionServices [(null)] - Atm Id : 2 : Not Responsed ACK
2016-03-15 16:25:11,639 [8] DEBUG AtmSimulatorWinForm.ConnectionServices [(null)] - Atm Id : 1 Received reponse from Bank, Time elapsed: 00:00:00.2785427
2016-03-15 16:25:11,639 [8] DEBUG AtmSimulatorWinForm.ConnectionServices [(null)] - Atm Id : 1 : Not Responsed ACK
2016-03-15 16:25:11,702 [8] DEBUG AtmSimulatorWinForm.ConnectionServices [(null)] - Atm Id : 5 Received reponse from Bank, Time elapsed: 00:00:00.2851497
2016-03-15 16:25:11,702 [8] DEBUG AtmSimulatorWinForm.ConnectionServices [(null)] - Atm Id : 5 : Not Responsed ACK
2016-03-15 16:25:11,733 [8] DEBUG AtmSimulatorWinForm.ConnectionServices [(null)] - Atm Id : 6 Received reponse from Bank, Time elapsed: 00:00:00.3134034
2016-03-15 16:25:11,748 [8] DEBUG AtmSimulatorWinForm.ConnectionServices [(null)] - Atm Id : 6 : Responsed ACK
2016-03-15 16:25:11,795 [8] DEBUG AtmSimulatorWinForm.ConnectionServices [(null)] - Atm Id : 7 Received reponse from Bank, Time elapsed: 00:00:00.3565946
2016-03-15 16:25:11,795 [8] DEBUG AtmSimulatorWinForm.ConnectionServices [(null)] - Atm Id : 7 : Responsed ACK
2016-03-15 16:25:11,842 [8] DEBUG AtmSimulatorWinForm.ConnectionServices [(null)] - Atm Id : 8 Received reponse from Bank, Time elapsed: 00:00:00.4026652
2016-03-15 16:25:11,842 [8] DEBUG AtmSimulatorWinForm.ConnectionServices [(null)] - Atm Id : 8 : Not Responsed ACK
2016-03-15 16:25:11,889 [8] DEBUG AtmSimulatorWinForm.ConnectionServices [(null)] - Atm Id : 9 Received reponse from Bank, Time elapsed: 00:00:00.4468482
2016-03-15 16:25:11,889 [8] DEBUG AtmSimulatorWinForm.ConnectionServices [(null)] - Atm Id : 9 : Responsed ACK
2016-03-15 16:25:11,936 [8] DEBUG AtmSimulatorWinForm.ConnectionServices [(null)] - Atm Id : 10 Received reponse from Bank, Time elapsed: 00:00:00.4940666
2016-03-15 16:25:11,936 [8] DEBUG AtmSimulatorWinForm.ConnectionServices [(null)] - Atm Id : 10 : Not Responsed ACK
2016-03-15 16:25:14,498 [8] DEBUG AtmSimulatorWinForm.ConnectionServices [(null)] - Atm Id : 3 Received reponse from Bank, Time elapsed: 00:00:00.1197987
2016-03-15 16:25:14,498 [8] DEBUG AtmSimulatorWinForm.ConnectionServices [(null)] - Atm Id : 3 : Not Responsed ACK
2016-03-15 16:25:14,561 [8] DEBUG AtmSimulatorWinForm.ConnectionServices [(null)] - Atm Id : 4 Received reponse from Bank, Time elapsed: 00:00:00.1663511
2016-03-15 16:25:14,561 [8] DEBUG AtmSimulatorWinForm.ConnectionServices [(null)] - Atm Id : 4 : Responsed ACK
2016-03-15 16:25:14,593 [8] DEBUG AtmSimulatorWinForm.ConnectionServices [(null)] - Atm Id : 2 Received reponse from Bank, Time elapsed: 00:00:00.2253180
2016-03-15 16:25:14,593 [8] DEBUG AtmSimulatorWinForm.ConnectionServices [(null)] - Atm Id : 2 : Responsed ACK
2016-03-15 16:25:14,639 [8] DEBUG AtmSimulatorWinForm.ConnectionServices [(null)] - Atm Id : 1 Received reponse from Bank, Time elapsed: 00:00:00.2785427
2016-03-15 16:25:14,639 [8] DEBUG AtmSimulatorWinForm.ConnectionServices [(null)] - Atm Id : 1 : Not Responsed ACK
2016-03-15 16:25:14,718 [8] DEBUG AtmSimulatorWinForm.ConnectionServices [(null)] - Atm Id : 5 Received reponse from Bank, Time elapsed: 00:00:00.2851497
2016-03-15 16:25:14,718 [8] DEBUG AtmSimulatorWinForm.ConnectionServices [(null)] - Atm Id : 5 : Not Responsed ACK
2016-03-15 16:25:14,843 [8] DEBUG AtmSimulatorWinForm.ConnectionServices [(null)] - Atm Id : 8 Received reponse from Bank, Time elapsed: 00:00:00.4026652
2016-03-15 16:25:14,843 [8] DEBUG AtmSimulatorWinForm.ConnectionServices [(null)] - Atm Id : 8 : Not Responsed ACK
2016-03-15 16:25:14,937 [8] DEBUG AtmSimulatorWinForm.ConnectionServices [(null)] - Atm Id : 10 Received reponse from Bank, Time elapsed: 00:00:00.4940666
2016-03-15 16:25:14,937 [8] DEBUG AtmSimulatorWinForm.ConnectionServices [(null)] - Atm Id : 10 : Not Responsed ACK
2016-03-15 16:25:17,499 [8] DEBUG AtmSimulatorWinForm.ConnectionServices [(null)] - Atm Id : 3 Received reponse from Bank, Time elapsed: 00:00:00.1197987
2016-03-15 16:25:17,499 [8] DEBUG AtmSimulatorWinForm.ConnectionServices [(null)] - Atm Id : 3 : Not Responsed ACK
2016-03-15 16:25:17,655 [8] DEBUG AtmSimulatorWinForm.ConnectionServices [(null)] - Atm Id : 1 Received reponse from Bank, Time elapsed: 00:00:00.2785427
2016-03-15 16:25:17,655 [8] DEBUG AtmSimulatorWinForm.ConnectionServices [(null)] - Atm Id : 1 : Not Responsed ACK
2016-03-15 16:25:17,734 [8] DEBUG AtmSimulatorWinForm.ConnectionServices [(null)] - Atm Id : 5 Received reponse from Bank, Time elapsed: 00:00:00.2851497
2016-03-15 16:25:17,734 [8] DEBUG AtmSimulatorWinForm.ConnectionServices [(null)] - Atm Id : 5 : Responsed ACK
2016-03-15 16:25:17,843 [8] DEBUG AtmSimulatorWinForm.ConnectionServices [(null)] - Atm Id : 8 Received reponse from Bank, Time elapsed: 00:00:00.4026652
2016-03-15 16:25:17,843 [8] DEBUG AtmSimulatorWinForm.ConnectionServices [(null)] - Atm Id : 8 : Responsed ACK
2016-03-15 16:25:17,953 [8] DEBUG AtmSimulatorWinForm.ConnectionServices [(null)] - Atm Id : 10 Received reponse from Bank, Time elapsed: 00:00:00.4940666
2016-03-15 16:25:17,953 [8] DEBUG AtmSimulatorWinForm.ConnectionServices [(null)] - Atm Id : 10 : Not Responsed ACK
2016-03-15 16:25:41,359 [1] DEBUG AtmSimulatorWinForm.ConnectionServices [(null)] - Atm Id : 1 Sent
2016-03-15 16:25:41,359 [1] DEBUG AtmSimulatorWinForm.ConnectionServices [(null)] - Atm Id : 2 Sent
2016-03-15 16:25:41,359 [1] DEBUG AtmSimulatorWinForm.ConnectionServices [(null)] - Atm Id : 3 Sent
2016-03-15 16:25:41,373 [1] DEBUG AtmSimulatorWinForm.ConnectionServices [(null)] - Atm Id : 4 Sent
2016-03-15 16:25:41,373 [1] DEBUG AtmSimulatorWinForm.ConnectionServices [(null)] - Atm Id : 5 Sent
2016-03-15 16:25:41,389 [1] DEBUG AtmSimulatorWinForm.ConnectionServices [(null)] - Atm Id : 6 Sent
2016-03-15 16:25:41,389 [1] DEBUG AtmSimulatorWinForm.ConnectionServices [(null)] - Atm Id : 7 Sent
2016-03-15 16:25:41,389 [1] DEBUG AtmSimulatorWinForm.ConnectionServices [(null)] - Atm Id : 8 Sent
2016-03-15 16:25:41,405 [1] DEBUG AtmSimulatorWinForm.ConnectionServices [(null)] - Atm Id : 9 Sent
2016-03-15 16:25:41,405 [1] DEBUG AtmSimulatorWinForm.ConnectionServices [(null)] - Atm Id : 10 Sent
2016-03-15 16:25:44,374 [5] DEBUG AtmSimulatorWinForm.ConnectionServices [(null)] - Atm Id : 2 Received reponse from Bank, Time elapsed: 00:00:03.0119581
2016-03-15 16:25:44,374 [8] DEBUG AtmSimulatorWinForm.ConnectionServices [(null)] - Atm Id : 9 Received reponse from Bank, Time elapsed: 00:00:02.9752383
2016-03-15 16:25:44,374 [3] DEBUG AtmSimulatorWinForm.ConnectionServices [(null)] - Atm Id : 8 Received reponse from Bank, Time elapsed: 00:00:02.9838324
2016-03-15 16:25:44,389 [5] DEBUG AtmSimulatorWinForm.ConnectionServices [(null)] - Atm Id : 2 : Not Responsed ACK
2016-03-15 16:25:44,389 [10] DEBUG AtmSimulatorWinForm.ConnectionServices [(null)] - Atm Id : 6 Received reponse from Bank, Time elapsed: 00:00:02.9985058
2016-03-15 16:25:44,389 [11] DEBUG AtmSimulatorWinForm.ConnectionServices [(null)] - Atm Id : 5 Received reponse from Bank, Time elapsed: 00:00:03.0049910
2016-03-15 16:25:44,389 [8] DEBUG AtmSimulatorWinForm.ConnectionServices [(null)] - Atm Id : 9 : Not Responsed ACK
2016-03-15 16:25:44,389 [7] DEBUG AtmSimulatorWinForm.ConnectionServices [(null)] - Atm Id : 3 Received reponse from Bank, Time elapsed: 00:00:03.0162917
2016-03-15 16:25:44,389 [3] DEBUG AtmSimulatorWinForm.ConnectionServices [(null)] - Atm Id : 8 : Not Responsed ACK
2016-03-15 16:25:44,389 [5] DEBUG AtmSimulatorWinForm.ConnectionServices [(null)] - Atm Id : 7 Received reponse from Bank, Time elapsed: 00:00:03.0029266
2016-03-15 16:25:44,405 [10] DEBUG AtmSimulatorWinForm.ConnectionServices [(null)] - Atm Id : 6 : Responsed ACK
2016-03-15 16:25:44,405 [11] DEBUG AtmSimulatorWinForm.ConnectionServices [(null)] - Atm Id : 5 : Responsed ACK
2016-03-15 16:25:44,405 [8] DEBUG AtmSimulatorWinForm.ConnectionServices [(null)] - Atm Id : 1 Received reponse from Bank, Time elapsed: 00:00:03.0472829
2016-03-15 16:25:44,405 [7] DEBUG AtmSimulatorWinForm.ConnectionServices [(null)] - Atm Id : 3 : Responsed ACK
2016-03-15 16:25:44,405 [3] DEBUG AtmSimulatorWinForm.ConnectionServices [(null)] - Atm Id : 4 Received reponse from Bank, Time elapsed: 00:00:03.0353634
2016-03-15 16:25:44,420 [5] DEBUG AtmSimulatorWinForm.ConnectionServices [(null)] - Atm Id : 7 : Responsed ACK
2016-03-15 16:25:44,420 [10] DEBUG AtmSimulatorWinForm.ConnectionServices [(null)] - Atm Id : 10 Received reponse from Bank, Time elapsed: 00:00:03.0125425
2016-03-15 16:25:44,420 [8] DEBUG AtmSimulatorWinForm.ConnectionServices [(null)] - Atm Id : 1 : Responsed ACK
2016-03-15 16:25:44,436 [3] DEBUG AtmSimulatorWinForm.ConnectionServices [(null)] - Atm Id : 4 : Not Responsed ACK
2016-03-15 16:25:44,436 [10] DEBUG AtmSimulatorWinForm.ConnectionServices [(null)] - Atm Id : 10 : Not Responsed ACK
2016-03-15 16:25:47,390 [3] DEBUG AtmSimulatorWinForm.ConnectionServices [(null)] - Atm Id : 9 Received reponse from Bank, Time elapsed: 00:00:02.9752383
2016-03-15 16:25:47,390 [10] DEBUG AtmSimulatorWinForm.ConnectionServices [(null)] - Atm Id : 10 Received reponse from Bank, Time elapsed: 00:00:03.0125425
2016-03-15 16:25:47,390 [7] DEBUG AtmSimulatorWinForm.ConnectionServices [(null)] - Atm Id : 8 Received reponse from Bank, Time elapsed: 00:00:02.9838324
2016-03-15 16:25:47,390 [8] DEBUG AtmSimulatorWinForm.ConnectionServices [(null)] - Atm Id : 4 Received reponse from Bank, Time elapsed: 00:00:03.0353634
2016-03-15 16:25:47,390 [5] DEBUG AtmSimulatorWinForm.ConnectionServices [(null)] - Atm Id : 2 Received reponse from Bank, Time elapsed: 00:00:03.0119581
2016-03-15 16:25:47,390 [3] DEBUG AtmSimulatorWinForm.ConnectionServices [(null)] - Atm Id : 9 : Responsed ACK
2016-03-15 16:25:47,390 [10] DEBUG AtmSimulatorWinForm.ConnectionServices [(null)] - Atm Id : 10 : Responsed ACK
2016-03-15 16:25:47,390 [7] DEBUG AtmSimulatorWinForm.ConnectionServices [(null)] - Atm Id : 8 : Responsed ACK
2016-03-15 16:25:47,405 [8] DEBUG AtmSimulatorWinForm.ConnectionServices [(null)] - Atm Id : 4 : Not Responsed ACK
2016-03-15 16:25:47,405 [5] DEBUG AtmSimulatorWinForm.ConnectionServices [(null)] - Atm Id : 2 : Not Responsed ACK
2016-03-15 16:25:50,405 [5] DEBUG AtmSimulatorWinForm.ConnectionServices [(null)] - Atm Id : 4 Received reponse from Bank, Time elapsed: 00:00:03.0353634
2016-03-15 16:25:50,405 [8] DEBUG AtmSimulatorWinForm.ConnectionServices [(null)] - Atm Id : 2 Received reponse from Bank, Time elapsed: 00:00:03.0119581
2016-03-15 16:25:50,405 [5] DEBUG AtmSimulatorWinForm.ConnectionServices [(null)] - Atm Id : 4 : Not Responsed ACK
2016-03-15 16:25:50,405 [8] DEBUG AtmSimulatorWinForm.ConnectionServices [(null)] - Atm Id : 2 : Not Responsed ACK
2016-03-15 16:25:51,359 [1] DEBUG AtmSimulatorWinForm.ConnectionServices [(null)] - Atm Id : 1 Sent
2016-03-15 16:25:51,359 [1] DEBUG AtmSimulatorWinForm.ConnectionServices [(null)] - Atm Id : 2 Sent
2016-03-15 16:25:51,359 [1] DEBUG AtmSimulatorWinForm.ConnectionServices [(null)] - Atm Id : 3 Sent
2016-03-15 16:25:51,373 [1] DEBUG AtmSimulatorWinForm.ConnectionServices [(null)] - Atm Id : 4 Sent
2016-03-15 16:25:51,373 [1] DEBUG AtmSimulatorWinForm.ConnectionServices [(null)] - Atm Id : 5 Sent
2016-03-15 16:25:51,373 [1] DEBUG AtmSimulatorWinForm.ConnectionServices [(null)] - Atm Id : 6 Sent
2016-03-15 16:25:51,389 [1] DEBUG AtmSimulatorWinForm.ConnectionServices [(null)] - Atm Id : 7 Sent
2016-03-15 16:25:51,389 [1] DEBUG AtmSimulatorWinForm.ConnectionServices [(null)] - Atm Id : 8 Sent
2016-03-15 16:25:51,389 [1] DEBUG AtmSimulatorWinForm.ConnectionServices [(null)] - Atm Id : 9 Sent
2016-03-15 16:25:51,421 [1] DEBUG AtmSimulatorWinForm.ConnectionServices [(null)] - Atm Id : 10 Sent
2016-03-15 16:25:51,451 [8] DEBUG AtmSimulatorWinForm.ConnectionServices [(null)] - Atm Id : 3 Received reponse from Bank, Time elapsed: 00:00:00.0768083
2016-03-15 16:25:51,451 [8] DEBUG AtmSimulatorWinForm.ConnectionServices [(null)] - Atm Id : 3 : Not Responsed ACK
2016-03-15 16:25:51,498 [8] DEBUG AtmSimulatorWinForm.ConnectionServices [(null)] - Atm Id : 2 Received reponse from Bank, Time elapsed: 00:00:00.1318362
2016-03-15 16:25:51,498 [8] DEBUG AtmSimulatorWinForm.ConnectionServices [(null)] - Atm Id : 2 : Not Responsed ACK
2016-03-15 16:25:51,545 [8] DEBUG AtmSimulatorWinForm.ConnectionServices [(null)] - Atm Id : 1 Received reponse from Bank, Time elapsed: 00:00:00.1865106
2016-03-15 16:25:51,545 [8] DEBUG AtmSimulatorWinForm.ConnectionServices [(null)] - Atm Id : 1 : Not Responsed ACK
2016-03-15 16:25:51,592 [8] DEBUG AtmSimulatorWinForm.ConnectionServices [(null)] - Atm Id : 4 Received reponse from Bank, Time elapsed: 00:00:00.2229601
2016-03-15 16:25:51,608 [8] DEBUG AtmSimulatorWinForm.ConnectionServices [(null)] - Atm Id : 4 : Responsed ACK
2016-03-15 16:25:51,639 [8] DEBUG AtmSimulatorWinForm.ConnectionServices [(null)] - Atm Id : 5 Received reponse from Bank, Time elapsed: 00:00:00.2652238
2016-03-15 16:25:51,655 [8] DEBUG AtmSimulatorWinForm.ConnectionServices [(null)] - Atm Id : 5 : Not Responsed ACK
2016-03-15 16:25:51,701 [8] DEBUG AtmSimulatorWinForm.ConnectionServices [(null)] - Atm Id : 6 Received reponse from Bank, Time elapsed: 00:00:00.3113864
2016-03-15 16:25:51,701 [8] DEBUG AtmSimulatorWinForm.ConnectionServices [(null)] - Atm Id : 6 : Not Responsed ACK
2016-03-15 16:25:51,748 [8] DEBUG AtmSimulatorWinForm.ConnectionServices [(null)] - Atm Id : 7 Received reponse from Bank, Time elapsed: 00:00:00.3538261
2016-03-15 16:25:51,748 [8] DEBUG AtmSimulatorWinForm.ConnectionServices [(null)] - Atm Id : 7 : Responsed ACK
2016-03-15 16:25:51,795 [8] DEBUG AtmSimulatorWinForm.ConnectionServices [(null)] - Atm Id : 8 Received reponse from Bank, Time elapsed: 00:00:00.4004055
2016-03-15 16:25:51,795 [8] DEBUG AtmSimulatorWinForm.ConnectionServices [(null)] - Atm Id : 8 : Responsed ACK
2016-03-15 16:25:51,842 [8] DEBUG AtmSimulatorWinForm.ConnectionServices [(null)] - Atm Id : 9 Received reponse from Bank, Time elapsed: 00:00:00.4466274
2016-03-15 16:25:51,858 [8] DEBUG AtmSimulatorWinForm.ConnectionServices [(null)] - Atm Id : 9 : Not Responsed ACK
2016-03-15 16:25:51,889 [8] DEBUG AtmSimulatorWinForm.ConnectionServices [(null)] - Atm Id : 10 Received reponse from Bank, Time elapsed: 00:00:00.4759522
2016-03-15 16:25:51,905 [8] DEBUG AtmSimulatorWinForm.ConnectionServices [(null)] - Atm Id : 10 : Not Responsed ACK
2016-03-15 16:25:54,452 [8] DEBUG AtmSimulatorWinForm.ConnectionServices [(null)] - Atm Id : 3 Received reponse from Bank, Time elapsed: 00:00:00.0768083
2016-03-15 16:25:54,452 [8] DEBUG AtmSimulatorWinForm.ConnectionServices [(null)] - Atm Id : 3 : Responsed ACK
2016-03-15 16:25:54,499 [8] DEBUG AtmSimulatorWinForm.ConnectionServices [(null)] - Atm Id : 2 Received reponse from Bank, Time elapsed: 00:00:00.1318362
2016-03-15 16:25:54,499 [8] DEBUG AtmSimulatorWinForm.ConnectionServices [(null)] - Atm Id : 2 : Not Responsed ACK
2016-03-15 16:25:54,562 [8] DEBUG AtmSimulatorWinForm.ConnectionServices [(null)] - Atm Id : 1 Received reponse from Bank, Time elapsed: 00:00:00.1865106
2016-03-15 16:25:54,562 [8] DEBUG AtmSimulatorWinForm.ConnectionServices [(null)] - Atm Id : 1 : Responsed ACK
2016-03-15 16:25:54,655 [8] DEBUG AtmSimulatorWinForm.ConnectionServices [(null)] - Atm Id : 5 Received reponse from Bank, Time elapsed: 00:00:00.2652238
2016-03-15 16:25:54,655 [8] DEBUG AtmSimulatorWinForm.ConnectionServices [(null)] - Atm Id : 5 : Responsed ACK
2016-03-15 16:25:54,703 [8] DEBUG AtmSimulatorWinForm.ConnectionServices [(null)] - Atm Id : 6 Received reponse from Bank, Time elapsed: 00:00:00.3113864
2016-03-15 16:25:54,703 [8] DEBUG AtmSimulatorWinForm.ConnectionServices [(null)] - Atm Id : 6 : Not Responsed ACK
2016-03-15 16:25:54,843 [8] DEBUG AtmSimulatorWinForm.ConnectionServices [(null)] - Atm Id : 9 Received reponse from Bank, Time elapsed: 00:00:00.4466274
2016-03-15 16:25:54,843 [8] DEBUG AtmSimulatorWinForm.ConnectionServices [(null)] - Atm Id : 9 : Not Responsed ACK
2016-03-15 16:25:54,890 [8] DEBUG AtmSimulatorWinForm.ConnectionServices [(null)] - Atm Id : 10 Received reponse from Bank, Time elapsed: 00:00:00.4759522
2016-03-15 16:25:54,890 [8] DEBUG AtmSimulatorWinForm.ConnectionServices [(null)] - Atm Id : 10 : Not Responsed ACK
2016-03-15 16:25:57,515 [8] DEBUG AtmSimulatorWinForm.ConnectionServices [(null)] - Atm Id : 2 Received reponse from Bank, Time elapsed: 00:00:00.1318362
2016-03-15 16:25:57,515 [8] DEBUG AtmSimulatorWinForm.ConnectionServices [(null)] - Atm Id : 2 : Not Responsed ACK
2016-03-15 16:25:57,718 [8] DEBUG AtmSimulatorWinForm.ConnectionServices [(null)] - Atm Id : 6 Received reponse from Bank, Time elapsed: 00:00:00.3113864
2016-03-15 16:25:57,718 [8] DEBUG AtmSimulatorWinForm.ConnectionServices [(null)] - Atm Id : 6 : Not Responsed ACK
2016-03-15 16:25:57,859 [8] DEBUG AtmSimulatorWinForm.ConnectionServices [(null)] - Atm Id : 9 Received reponse from Bank, Time elapsed: 00:00:00.4466274
2016-03-15 16:25:57,859 [8] DEBUG AtmSimulatorWinForm.ConnectionServices [(null)] - Atm Id : 9 : Not Responsed ACK
2016-03-15 16:25:57,905 [8] DEBUG AtmSimulatorWinForm.ConnectionServices [(null)] - Atm Id : 10 Received reponse from Bank, Time elapsed: 00:00:00.4759522
2016-03-15 16:25:57,905 [8] DEBUG AtmSimulatorWinForm.ConnectionServices [(null)] - Atm Id : 10 : Responsed ACK
2016-03-15 16:26:11,359 [1] DEBUG AtmSimulatorWinForm.ConnectionServices [(null)] - Atm Id : 1 Sent
2016-03-15 16:26:11,373 [1] DEBUG AtmSimulatorWinForm.ConnectionServices [(null)] - Atm Id : 2 Sent
2016-03-15 16:26:11,373 [1] DEBUG AtmSimulatorWinForm.ConnectionServices [(null)] - Atm Id : 3 Sent
2016-03-15 16:26:11,373 [1] DEBUG AtmSimulatorWinForm.ConnectionServices [(null)] - Atm Id : 4 Sent
2016-03-15 16:26:11,389 [1] DEBUG AtmSimulatorWinForm.ConnectionServices [(null)] - Atm Id : 5 Sent
2016-03-15 16:26:11,389 [1] DEBUG AtmSimulatorWinForm.ConnectionServices [(null)] - Atm Id : 6 Sent
2016-03-15 16:26:11,389 [1] DEBUG AtmSimulatorWinForm.ConnectionServices [(null)] - Atm Id : 7 Sent
2016-03-15 16:26:11,405 [1] DEBUG AtmSimulatorWinForm.ConnectionServices [(null)] - Atm Id : 8 Sent
2016-03-15 16:26:11,405 [1] DEBUG AtmSimulatorWinForm.ConnectionServices [(null)] - Atm Id : 9 Sent
2016-03-15 16:26:11,405 [1] DEBUG AtmSimulatorWinForm.ConnectionServices [(null)] - Atm Id : 10 Sent
2016-03-15 16:26:14,374 [6] DEBUG AtmSimulatorWinForm.ConnectionServices [(null)] - Atm Id : 6 Received reponse from Bank, Time elapsed: 00:00:02.9809508
2016-03-15 16:26:14,374 [8] DEBUG AtmSimulatorWinForm.ConnectionServices [(null)] - Atm Id : 2 Received reponse from Bank, Time elapsed: 00:00:03.0045943
2016-03-15 16:26:14,389 [6] DEBUG AtmSimulatorWinForm.ConnectionServices [(null)] - Atm Id : 6 : Not Responsed ACK
2016-03-15 16:26:14,389 [7] DEBUG AtmSimulatorWinForm.ConnectionServices [(null)] - Atm Id : 3 Received reponse from Bank, Time elapsed: 00:00:03.0127600
2016-03-15 16:26:14,389 [11] DEBUG AtmSimulatorWinForm.ConnectionServices [(null)] - Atm Id : 8 Received reponse from Bank, Time elapsed: 00:00:02.9841200
2016-03-15 16:26:14,389 [3] DEBUG AtmSimulatorWinForm.ConnectionServices [(null)] - Atm Id : 4 Received reponse from Bank, Time elapsed: 00:00:03.0080550
2016-03-15 16:26:14,389 [10] DEBUG AtmSimulatorWinForm.ConnectionServices [(null)] - Atm Id : 10 Received reponse from Bank, Time elapsed: 00:00:02.9750198
2016-03-15 16:26:14,389 [8] DEBUG AtmSimulatorWinForm.ConnectionServices [(null)] - Atm Id : 2 : Not Responsed ACK
2016-03-15 16:26:14,389 [6] DEBUG AtmSimulatorWinForm.ConnectionServices [(null)] - Atm Id : 7 Received reponse from Bank, Time elapsed: 00:00:02.9967559
2016-03-15 16:26:14,405 [7] DEBUG AtmSimulatorWinForm.ConnectionServices [(null)] - Atm Id : 3 : Responsed ACK
2016-03-15 16:26:14,405 [11] DEBUG AtmSimulatorWinForm.ConnectionServices [(null)] - Atm Id : 8 : Responsed ACK
2016-03-15 16:26:14,405 [3] DEBUG AtmSimulatorWinForm.ConnectionServices [(null)] - Atm Id : 4 : Responsed ACK
2016-03-15 16:26:14,421 [10] DEBUG AtmSimulatorWinForm.ConnectionServices [(null)] - Atm Id : 10 : Not Responsed ACK
2016-03-15 16:26:14,421 [8] DEBUG AtmSimulatorWinForm.ConnectionServices [(null)] - Atm Id : 5 Received reponse from Bank, Time elapsed: 00:00:03.0322766
2016-03-15 16:26:14,421 [6] DEBUG AtmSimulatorWinForm.ConnectionServices [(null)] - Atm Id : 7 : Not Responsed ACK
2016-03-15 16:26:14,436 [7] DEBUG AtmSimulatorWinForm.ConnectionServices [(null)] - Atm Id : 1 Received reponse from Bank, Time elapsed: 00:00:03.0670126
2016-03-15 16:26:14,436 [11] DEBUG AtmSimulatorWinForm.ConnectionServices [(null)] - Atm Id : 9 Received reponse from Bank, Time elapsed: 00:00:03.0238760
2016-03-15 16:26:14,451 [8] DEBUG AtmSimulatorWinForm.ConnectionServices [(null)] - Atm Id : 5 : Not Responsed ACK
2016-03-15 16:26:14,451 [7] DEBUG AtmSimulatorWinForm.ConnectionServices [(null)] - Atm Id : 1 : Not Responsed ACK
2016-03-15 16:26:14,467 [11] DEBUG AtmSimulatorWinForm.ConnectionServices [(null)] - Atm Id : 9 : Not Responsed ACK
2016-03-15 16:34:29,487 [1] DEBUG AtmSimulatorWinForm.AtmSimulator [(null)] - Start Atm Simulator
2016-03-15 16:34:53,815 [1] DEBUG AtmSimulatorWinForm.ConnectionServices [(null)] - Atm Id : 1 Sent
2016-03-15 16:34:53,815 [1] DEBUG AtmSimulatorWinForm.ConnectionServices [(null)] - Atm Id : 2 Sent
2016-03-15 16:34:53,815 [1] DEBUG AtmSimulatorWinForm.ConnectionServices [(null)] - Atm Id : 3 Sent
2016-03-15 16:34:53,815 [1] DEBUG AtmSimulatorWinForm.ConnectionServices [(null)] - Atm Id : 4 Sent
2016-03-15 16:34:53,831 [1] DEBUG AtmSimulatorWinForm.ConnectionServices [(null)] - Atm Id : 5 Sent
2016-03-15 16:34:53,831 [1] DEBUG AtmSimulatorWinForm.ConnectionServices [(null)] - Atm Id : 6 Sent
2016-03-15 16:34:53,831 [1] DEBUG AtmSimulatorWinForm.ConnectionServices [(null)] - Atm Id : 7 Sent
2016-03-15 16:34:53,831 [1] DEBUG AtmSimulatorWinForm.ConnectionServices [(null)] - Atm Id : 8 Sent
2016-03-15 16:34:53,831 [1] DEBUG AtmSimulatorWinForm.ConnectionServices [(null)] - Atm Id : 9 Sent
2016-03-15 16:34:53,831 [1] DEBUG AtmSimulatorWinForm.ConnectionServices [(null)] - Atm Id : 10 Sent
2016-03-15 16:34:53,831 [1] DEBUG AtmSimulatorWinForm.ConnectionServices [(null)] - Atm Id : 11 Sent
2016-03-15 16:34:53,831 [1] DEBUG AtmSimulatorWinForm.ConnectionServices [(null)] - Atm Id : 12 Sent
2016-03-15 16:34:53,831 [1] DEBUG AtmSimulatorWinForm.ConnectionServices [(null)] - Atm Id : 13 Sent
2016-03-15 16:34:53,831 [1] DEBUG AtmSimulatorWinForm.ConnectionServices [(null)] - Atm Id : 14 Sent
2016-03-15 16:34:53,831 [1] DEBUG AtmSimulatorWinForm.ConnectionServices [(null)] - Atm Id : 15 Sent
2016-03-15 16:34:59,331 [9] DEBUG AtmSimulatorWinForm.ConnectionServices [(null)] - Atm Id : 1 Received reponse from Bank, Time elapsed: 00:00:05.5082475
2016-03-15 16:34:59,331 [9] DEBUG AtmSimulatorWinForm.ConnectionServices [(null)] - Atm Id : 1 : Not Responsed ACK
2016-03-15 16:34:59,331 [9] DEBUG AtmSimulatorWinForm.ConnectionServices [(null)] - Atm Id : 11 Received reponse from Bank, Time elapsed: 00:00:05.5008535
2016-03-15 16:34:59,331 [6] DEBUG AtmSimulatorWinForm.ConnectionServices [(null)] - Atm Id : 7 Received reponse from Bank, Time elapsed: 00:00:05.5057418
2016-03-15 16:34:59,331 [9] DEBUG AtmSimulatorWinForm.ConnectionServices [(null)] - Atm Id : 11 : Not Responsed ACK
2016-03-15 16:34:59,331 [4] DEBUG AtmSimulatorWinForm.ConnectionServices [(null)] - Atm Id : 6 Received reponse from Bank, Time elapsed: 00:00:05.5108430
2016-03-15 16:34:59,331 [6] DEBUG AtmSimulatorWinForm.ConnectionServices [(null)] - Atm Id : 7 : Not Responsed ACK
2016-03-15 16:34:59,347 [4] DEBUG AtmSimulatorWinForm.ConnectionServices [(null)] - Atm Id : 6 : Not Responsed ACK
2016-03-15 16:34:59,347 [9] DEBUG AtmSimulatorWinForm.ConnectionServices [(null)] - Atm Id : 2 Received reponse from Bank, Time elapsed: 00:00:05.5195400
2016-03-15 16:34:59,347 [6] DEBUG AtmSimulatorWinForm.ConnectionServices [(null)] - Atm Id : 3 Received reponse from Bank, Time elapsed: 00:00:05.5189322
2016-03-15 16:34:59,347 [4] DEBUG AtmSimulatorWinForm.ConnectionServices [(null)] - Atm Id : 5 Received reponse from Bank, Time elapsed: 00:00:05.5166716
2016-03-15 16:34:59,347 [6] DEBUG AtmSimulatorWinForm.ConnectionServices [(null)] - Atm Id : 3 : Not Responsed ACK
2016-03-15 16:34:59,347 [9] DEBUG AtmSimulatorWinForm.ConnectionServices [(null)] - Atm Id : 2 : Not Responsed ACK
2016-03-15 16:34:59,347 [8] DEBUG AtmSimulatorWinForm.ConnectionServices [(null)] - Atm Id : 10 Received reponse from Bank, Time elapsed: 00:00:05.5124780
2016-03-15 16:34:59,347 [6] DEBUG AtmSimulatorWinForm.ConnectionServices [(null)] - Atm Id : 4 Received reponse from Bank, Time elapsed: 00:00:05.5217712
2016-03-15 16:34:59,347 [8] DEBUG AtmSimulatorWinForm.ConnectionServices [(null)] - Atm Id : 10 : Not Responsed ACK
2016-03-15 16:34:59,347 [9] DEBUG AtmSimulatorWinForm.ConnectionServices [(null)] - Atm Id : 14 Received reponse from Bank, Time elapsed: 00:00:05.5119057
2016-03-15 16:34:59,347 [6] DEBUG AtmSimulatorWinForm.ConnectionServices [(null)] - Atm Id : 4 : Not Responsed ACK
2016-03-15 16:34:59,347 [8] DEBUG AtmSimulatorWinForm.ConnectionServices [(null)] - Atm Id : 12 Received reponse from Bank, Time elapsed: 00:00:05.5164611
2016-03-15 16:34:59,347 [9] DEBUG AtmSimulatorWinForm.ConnectionServices [(null)] - Atm Id : 14 : Not Responsed ACK
2016-03-15 16:34:59,347 [4] DEBUG AtmSimulatorWinForm.ConnectionServices [(null)] - Atm Id : 5 : Not Responsed ACK
2016-03-15 16:34:59,347 [6] DEBUG AtmSimulatorWinForm.ConnectionServices [(null)] - Atm Id : 13 Received reponse from Bank, Time elapsed: 00:00:05.5173191
2016-03-15 16:34:59,347 [8] DEBUG AtmSimulatorWinForm.ConnectionServices [(null)] - Atm Id : 12 : Not Responsed ACK
2016-03-15 16:34:59,347 [7] DEBUG AtmSimulatorWinForm.ConnectionServices [(null)] - Atm Id : 8 Received reponse from Bank, Time elapsed: 00:00:05.5234268
2016-03-15 16:34:59,347 [4] DEBUG AtmSimulatorWinForm.ConnectionServices [(null)] - Atm Id : 9 Received reponse from Bank, Time elapsed: 00:00:05.5231816
2016-03-15 16:34:59,347 [6] DEBUG AtmSimulatorWinForm.ConnectionServices [(null)] - Atm Id : 13 : Not Responsed ACK
2016-03-15 16:34:59,362 [7] DEBUG AtmSimulatorWinForm.ConnectionServices [(null)] - Atm Id : 8 : Not Responsed ACK
2016-03-15 16:34:59,362 [4] DEBUG AtmSimulatorWinForm.ConnectionServices [(null)] - Atm Id : 9 : Not Responsed ACK
2016-03-15 16:34:59,362 [6] DEBUG AtmSimulatorWinForm.ConnectionServices [(null)] - Atm Id : 15 Received reponse from Bank, Time elapsed: 00:00:05.5197730
2016-03-15 16:34:59,362 [6] DEBUG AtmSimulatorWinForm.ConnectionServices [(null)] - Atm Id : 15 : Not Responsed ACK
2016-03-15 16:34:59,801 [1] DEBUG AtmSimulatorWinForm.ConnectionServices [(null)] - Atm Id : 1 Sent
2016-03-15 16:34:59,801 [1] DEBUG AtmSimulatorWinForm.ConnectionServices [(null)] - Atm Id : 2 Sent
2016-03-15 16:34:59,801 [1] DEBUG AtmSimulatorWinForm.ConnectionServices [(null)] - Atm Id : 3 Sent
2016-03-15 16:34:59,801 [1] DEBUG AtmSimulatorWinForm.ConnectionServices [(null)] - Atm Id : 4 Sent
2016-03-15 16:34:59,801 [1] DEBUG AtmSimulatorWinForm.ConnectionServices [(null)] - Atm Id : 5 Sent
2016-03-15 16:34:59,801 [1] DEBUG AtmSimulatorWinForm.ConnectionServices [(null)] - Atm Id : 6 Sent
2016-03-15 16:34:59,815 [1] DEBUG AtmSimulatorWinForm.ConnectionServices [(null)] - Atm Id : 7 Sent
2016-03-15 16:34:59,815 [1] DEBUG AtmSimulatorWinForm.ConnectionServices [(null)] - Atm Id : 8 Sent
2016-03-15 16:34:59,815 [1] DEBUG AtmSimulatorWinForm.ConnectionServices [(null)] - Atm Id : 9 Sent
2016-03-15 16:34:59,815 [1] DEBUG AtmSimulatorWinForm.ConnectionServices [(null)] - Atm Id : 10 Sent
2016-03-15 16:34:59,815 [1] DEBUG AtmSimulatorWinForm.ConnectionServices [(null)] - Atm Id : 11 Sent
2016-03-15 16:34:59,831 [1] DEBUG AtmSimulatorWinForm.ConnectionServices [(null)] - Atm Id : 12 Sent
2016-03-15 16:34:59,831 [1] DEBUG AtmSimulatorWinForm.ConnectionServices [(null)] - Atm Id : 13 Sent
2016-03-15 16:34:59,831 [1] DEBUG AtmSimulatorWinForm.ConnectionServices [(null)] - Atm Id : 14 Sent
2016-03-15 16:34:59,847 [1] DEBUG AtmSimulatorWinForm.ConnectionServices [(null)] - Atm Id : 15 Sent
2016-03-15 16:34:59,894 [6] DEBUG AtmSimulatorWinForm.ConnectionServices [(null)] - Atm Id : 1 Received reponse from Bank, Time elapsed: 00:00:00.0965844
2016-03-15 16:34:59,894 [6] DEBUG AtmSimulatorWinForm.ConnectionServices [(null)] - Atm Id : 1 : Responsed ACK
2016-03-15 16:34:59,940 [6] DEBUG AtmSimulatorWinForm.ConnectionServices [(null)] - Atm Id : 3 Received reponse from Bank, Time elapsed: 00:00:00.1376808
2016-03-15 16:34:59,940 [6] DEBUG AtmSimulatorWinForm.ConnectionServices [(null)] - Atm Id : 3 : Not Responsed ACK
2016-03-15 16:34:59,987 [6] DEBUG AtmSimulatorWinForm.ConnectionServices [(null)] - Atm Id : 2 Received reponse from Bank, Time elapsed: 00:00:00.1893526
2016-03-15 16:34:59,987 [6] DEBUG AtmSimulatorWinForm.ConnectionServices [(null)] - Atm Id : 2 : Responsed ACK
2016-03-15 16:35:00,034 [6] DEBUG AtmSimulatorWinForm.ConnectionServices [(null)] - Atm Id : 4 Received reponse from Bank, Time elapsed: 00:00:00.2343744
2016-03-15 16:35:00,034 [6] DEBUG AtmSimulatorWinForm.ConnectionServices [(null)] - Atm Id : 4 : Not Responsed ACK
2016-03-15 16:35:00,081 [6] DEBUG AtmSimulatorWinForm.ConnectionServices [(null)] - Atm Id : 5 Received reponse from Bank, Time elapsed: 00:00:00.2810342
2016-03-15 16:35:00,097 [6] DEBUG AtmSimulatorWinForm.ConnectionServices [(null)] - Atm Id : 5 : Responsed ACK
2016-03-15 16:35:00,143 [6] DEBUG AtmSimulatorWinForm.ConnectionServices [(null)] - Atm Id : 6 Received reponse from Bank, Time elapsed: 00:00:00.3264126
2016-03-15 16:35:00,143 [6] DEBUG AtmSimulatorWinForm.ConnectionServices [(null)] - Atm Id : 6 : Not Responsed ACK
2016-03-15 16:35:00,190 [6] DEBUG AtmSimulatorWinForm.ConnectionServices [(null)] - Atm Id : 7 Received reponse from Bank, Time elapsed: 00:00:00.3770145
2016-03-15 16:35:00,190 [6] DEBUG AtmSimulatorWinForm.ConnectionServices [(null)] - Atm Id : 7 : Responsed ACK
2016-03-15 16:35:00,237 [6] DEBUG AtmSimulatorWinForm.ConnectionServices [(null)] - Atm Id : 8 Received reponse from Bank, Time elapsed: 00:00:00.4195315
2016-03-15 16:35:00,237 [6] DEBUG AtmSimulatorWinForm.ConnectionServices [(null)] - Atm Id : 8 : Not Responsed ACK
2016-03-15 16:35:00,315 [6] DEBUG AtmSimulatorWinForm.ConnectionServices [(null)] - Atm Id : 10 Received reponse from Bank, Time elapsed: 00:00:00.4897956
2016-03-15 16:35:00,315 [6] DEBUG AtmSimulatorWinForm.ConnectionServices [(null)] - Atm Id : 10 : Not Responsed ACK
2016-03-15 16:35:00,362 [6] DEBUG AtmSimulatorWinForm.ConnectionServices [(null)] - Atm Id : 9 Received reponse from Bank, Time elapsed: 00:00:00.5426505
2016-03-15 16:35:00,362 [6] DEBUG AtmSimulatorWinForm.ConnectionServices [(null)] - Atm Id : 9 : Responsed ACK
2016-03-15 16:35:00,409 [6] DEBUG AtmSimulatorWinForm.ConnectionServices [(null)] - Atm Id : 11 Received reponse from Bank, Time elapsed: 00:00:00.5898201
2016-03-15 16:35:00,409 [6] DEBUG AtmSimulatorWinForm.ConnectionServices [(null)] - Atm Id : 11 : Not Responsed ACK
2016-03-15 16:35:00,457 [6] DEBUG AtmSimulatorWinForm.ConnectionServices [(null)] - Atm Id : 13 Received reponse from Bank, Time elapsed: 00:00:00.6334952
2016-03-15 16:35:00,472 [6] DEBUG AtmSimulatorWinForm.ConnectionServices [(null)] - Atm Id : 13 : Responsed ACK
2016-03-15 16:35:00,518 [6] DEBUG AtmSimulatorWinForm.ConnectionServices [(null)] - Atm Id : 12 Received reponse from Bank, Time elapsed: 00:00:00.6863316
2016-03-15 16:35:00,518 [6] DEBUG AtmSimulatorWinForm.ConnectionServices [(null)] - Atm Id : 12 : Not Responsed ACK
2016-03-15 16:35:00,659 [6] DEBUG AtmSimulatorWinForm.ConnectionServices [(null)] - Atm Id : 14 Received reponse from Bank, Time elapsed: 00:00:00.8297802
2016-03-15 16:35:00,659 [6] DEBUG AtmSimulatorWinForm.ConnectionServices [(null)] - Atm Id : 14 : Not Responsed ACK
2016-03-15 16:35:00,707 [6] DEBUG AtmSimulatorWinForm.ConnectionServices [(null)] - Atm Id : 15 Received reponse from Bank, Time elapsed: 00:00:00.8718800
2016-03-15 16:35:00,722 [6] DEBUG AtmSimulatorWinForm.ConnectionServices [(null)] - Atm Id : 15 : Not Responsed ACK
2016-03-15 16:35:02,347 [7] DEBUG AtmSimulatorWinForm.ConnectionServices [(null)] - Atm Id : 8 Received reponse from Bank, Time elapsed: 00:00:05.5234268
2016-03-15 16:35:02,347 [9] DEBUG AtmSimulatorWinForm.ConnectionServices [(null)] - Atm Id : 6 Received reponse from Bank, Time elapsed: 00:00:05.5108430
2016-03-15 16:35:02,347 [8] DEBUG AtmSimulatorWinForm.ConnectionServices [(null)] - Atm Id : 10 Received reponse from Bank, Time elapsed: 00:00:05.5124780
2016-03-15 16:35:02,347 [4] DEBUG AtmSimulatorWinForm.ConnectionServices [(null)] - Atm Id : 9 Received reponse from Bank, Time elapsed: 00:00:05.5231816
2016-03-15 16:35:02,347 [6] DEBUG AtmSimulatorWinForm.ConnectionServices [(null)] - Atm Id : 13 Received reponse from Bank, Time elapsed: 00:00:05.5173191
2016-03-15 16:35:02,347 [3] DEBUG AtmSimulatorWinForm.ConnectionServices [(null)] - Atm Id : 1 Received reponse from Bank, Time elapsed: 00:00:05.5082475
2016-03-15 16:35:02,347 [10] DEBUG AtmSimulatorWinForm.ConnectionServices [(null)] - Atm Id : 12 Received reponse from Bank, Time elapsed: 00:00:05.5164611
2016-03-15 16:35:02,347 [7] DEBUG AtmSimulatorWinForm.ConnectionServices [(null)] - Atm Id : 8 : Not Responsed ACK
2016-03-15 16:35:02,347 [9] DEBUG AtmSimulatorWinForm.ConnectionServices [(null)] - Atm Id : 6 : Not Responsed ACK
2016-03-15 16:35:02,347 [8] DEBUG AtmSimulatorWinForm.ConnectionServices [(null)] - Atm Id : 10 : Not Responsed ACK
2016-03-15 16:35:02,347 [4] DEBUG AtmSimulatorWinForm.ConnectionServices [(null)] - Atm Id : 9 : Not Responsed ACK
2016-03-15 16:35:02,347 [6] DEBUG AtmSimulatorWinForm.ConnectionServices [(null)] - Atm Id : 13 : Not Responsed ACK
2016-03-15 16:35:02,347 [3] DEBUG AtmSimulatorWinForm.ConnectionServices [(null)] - Atm Id : 1 : Not Responsed ACK
2016-03-15 16:35:02,347 [10] DEBUG AtmSimulatorWinForm.ConnectionServices [(null)] - Atm Id : 12 : Not Responsed ACK
2016-03-15 16:35:02,362 [7] DEBUG AtmSimulatorWinForm.ConnectionServices [(null)] - Atm Id : 14 Received reponse from Bank, Time elapsed: 00:00:05.5119057
2016-03-15 16:35:02,362 [9] DEBUG AtmSimulatorWinForm.ConnectionServices [(null)] - Atm Id : 4 Received reponse from Bank, Time elapsed: 00:00:05.5217712
2016-03-15 16:35:02,362 [8] DEBUG AtmSimulatorWinForm.ConnectionServices [(null)] - Atm Id : 5 Received reponse from Bank, Time elapsed: 00:00:05.5166716
2016-03-15 16:35:02,362 [4] DEBUG AtmSimulatorWinForm.ConnectionServices [(null)] - Atm Id : 2 Received reponse from Bank, Time elapsed: 00:00:05.5195400
2016-03-15 16:35:02,362 [6] DEBUG AtmSimulatorWinForm.ConnectionServices [(null)] - Atm Id : 3 Received reponse from Bank, Time elapsed: 00:00:05.5189322
2016-03-15 16:35:02,362 [3] DEBUG AtmSimulatorWinForm.ConnectionServices [(null)] - Atm Id : 7 Received reponse from Bank, Time elapsed: 00:00:05.5057418
2016-03-15 16:35:02,362 [10] DEBUG AtmSimulatorWinForm.ConnectionServices [(null)] - Atm Id : 11 Received reponse from Bank, Time elapsed: 00:00:05.5008535
2016-03-15 16:35:02,362 [7] DEBUG AtmSimulatorWinForm.ConnectionServices [(null)] - Atm Id : 14 : Responsed ACK
2016-03-15 16:35:02,362 [9] DEBUG AtmSimulatorWinForm.ConnectionServices [(null)] - Atm Id : 4 : Responsed ACK
2016-03-15 16:35:02,378 [8] DEBUG AtmSimulatorWinForm.ConnectionServices [(null)] - Atm Id : 5 : Not Responsed ACK
2016-03-15 16:35:02,378 [4] DEBUG AtmSimulatorWinForm.ConnectionServices [(null)] - Atm Id : 2 : Not Responsed ACK
2016-03-15 16:35:02,378 [6] DEBUG AtmSimulatorWinForm.ConnectionServices [(null)] - Atm Id : 3 : Not Responsed ACK
2016-03-15 16:35:02,378 [3] DEBUG AtmSimulatorWinForm.ConnectionServices [(null)] - Atm Id : 7 : Not Responsed ACK
2016-03-15 16:35:02,378 [10] DEBUG AtmSimulatorWinForm.ConnectionServices [(null)] - Atm Id : 11 : Not Responsed ACK
2016-03-15 16:35:02,378 [7] DEBUG AtmSimulatorWinForm.ConnectionServices [(null)] - Atm Id : 15 Received reponse from Bank, Time elapsed: 00:00:05.5197730
2016-03-15 16:35:02,393 [7] DEBUG AtmSimulatorWinForm.ConnectionServices [(null)] - Atm Id : 15 : Responsed ACK
2016-03-15 16:35:02,941 [7] DEBUG AtmSimulatorWinForm.ConnectionServices [(null)] - Atm Id : 3 Received reponse from Bank, Time elapsed: 00:00:00.1376808
2016-03-15 16:35:02,941 [7] DEBUG AtmSimulatorWinForm.ConnectionServices [(null)] - Atm Id : 3 : Responsed ACK
2016-03-15 16:35:03,035 [7] DEBUG AtmSimulatorWinForm.ConnectionServices [(null)] - Atm Id : 4 Received reponse from Bank, Time elapsed: 00:00:00.2343744
2016-03-15 16:35:03,035 [7] DEBUG AtmSimulatorWinForm.ConnectionServices [(null)] - Atm Id : 4 : Responsed ACK
2016-03-15 16:35:03,144 [7] DEBUG AtmSimulatorWinForm.ConnectionServices [(null)] - Atm Id : 6 Received reponse from Bank, Time elapsed: 00:00:00.3264126
2016-03-15 16:35:03,144 [7] DEBUG AtmSimulatorWinForm.ConnectionServices [(null)] - Atm Id : 6 : Responsed ACK
2016-03-15 16:35:03,238 [7] DEBUG AtmSimulatorWinForm.ConnectionServices [(null)] - Atm Id : 8 Received reponse from Bank, Time elapsed: 00:00:00.4195315
2016-03-15 16:35:03,238 [7] DEBUG AtmSimulatorWinForm.ConnectionServices [(null)] - Atm Id : 8 : Responsed ACK
2016-03-15 16:35:03,316 [7] DEBUG AtmSimulatorWinForm.ConnectionServices [(null)] - Atm Id : 10 Received reponse from Bank, Time elapsed: 00:00:00.4897956
2016-03-15 16:35:03,316 [7] DEBUG AtmSimulatorWinForm.ConnectionServices [(null)] - Atm Id : 10 : Not Responsed ACK
2016-03-15 16:35:03,409 [7] DEBUG AtmSimulatorWinForm.ConnectionServices [(null)] - Atm Id : 11 Received reponse from Bank, Time elapsed: 00:00:00.5898201
2016-03-15 16:35:03,409 [7] DEBUG AtmSimulatorWinForm.ConnectionServices [(null)] - Atm Id : 11 : Responsed ACK
2016-03-15 16:35:03,520 [7] DEBUG AtmSimulatorWinForm.ConnectionServices [(null)] - Atm Id : 12 Received reponse from Bank, Time elapsed: 00:00:00.6863316
2016-03-15 16:35:03,520 [7] DEBUG AtmSimulatorWinForm.ConnectionServices [(null)] - Atm Id : 12 : Responsed ACK
2016-03-15 16:35:03,676 [7] DEBUG AtmSimulatorWinForm.ConnectionServices [(null)] - Atm Id : 14 Received reponse from Bank, Time elapsed: 00:00:00.8297802
2016-03-15 16:35:03,676 [7] DEBUG AtmSimulatorWinForm.ConnectionServices [(null)] - Atm Id : 14 : Not Responsed ACK
2016-03-15 16:35:03,707 [7] DEBUG AtmSimulatorWinForm.ConnectionServices [(null)] - Atm Id : 15 Received reponse from Bank, Time elapsed: 00:00:00.8718800
2016-03-15 16:35:03,707 [7] DEBUG AtmSimulatorWinForm.ConnectionServices [(null)] - Atm Id : 15 : Responsed ACK
2016-03-15 16:35:05,348 [7] DEBUG AtmSimulatorWinForm.ConnectionServices [(null)] - Atm Id : 8 Received reponse from Bank, Time elapsed: 00:00:05.5234268
2016-03-15 16:35:05,348 [6] DEBUG AtmSimulatorWinForm.ConnectionServices [(null)] - Atm Id : 1 Received reponse from Bank, Time elapsed: 00:00:05.5082475
2016-03-15 16:35:05,348 [9] DEBUG AtmSimulatorWinForm.ConnectionServices [(null)] - Atm Id : 12 Received reponse from Bank, Time elapsed: 00:00:05.5164611
2016-03-15 16:35:05,348 [4] DEBUG AtmSimulatorWinForm.ConnectionServices [(null)] - Atm Id : 6 Received reponse from Bank, Time elapsed: 00:00:05.5108430
2016-03-15 16:35:05,348 [3] DEBUG AtmSimulatorWinForm.ConnectionServices [(null)] - Atm Id : 10 Received reponse from Bank, Time elapsed: 00:00:05.5124780
2016-03-15 16:35:05,348 [8] DEBUG AtmSimulatorWinForm.ConnectionServices [(null)] - Atm Id : 13 Received reponse from Bank, Time elapsed: 00:00:05.5173191
2016-03-15 16:35:05,348 [11] DEBUG AtmSimulatorWinForm.ConnectionServices [(null)] - Atm Id : 5 Received reponse from Bank, Time elapsed: 00:00:05.5166716
2016-03-15 16:35:05,348 [10] DEBUG AtmSimulatorWinForm.ConnectionServices [(null)] - Atm Id : 9 Received reponse from Bank, Time elapsed: 00:00:05.5231816
2016-03-15 16:35:05,348 [7] DEBUG AtmSimulatorWinForm.ConnectionServices [(null)] - Atm Id : 8 : Responsed ACK
2016-03-15 16:35:05,348 [6] DEBUG AtmSimulatorWinForm.ConnectionServices [(null)] - Atm Id : 1 : Responsed ACK
2016-03-15 16:35:05,348 [9] DEBUG AtmSimulatorWinForm.ConnectionServices [(null)] - Atm Id : 12 : Responsed ACK
2016-03-15 16:35:05,362 [4] DEBUG AtmSimulatorWinForm.ConnectionServices [(null)] - Atm Id : 6 : Responsed ACK
2016-03-15 16:35:05,362 [3] DEBUG AtmSimulatorWinForm.ConnectionServices [(null)] - Atm Id : 10 : Responsed ACK
2016-03-15 16:35:05,362 [8] DEBUG AtmSimulatorWinForm.ConnectionServices [(null)] - Atm Id : 13 : Responsed ACK
2016-03-15 16:35:05,362 [11] DEBUG AtmSimulatorWinForm.ConnectionServices [(null)] - Atm Id : 5 : Responsed ACK
2016-03-15 16:35:05,362 [10] DEBUG AtmSimulatorWinForm.ConnectionServices [(null)] - Atm Id : 9 : Responsed ACK
2016-03-15 16:35:05,362 [7] DEBUG AtmSimulatorWinForm.ConnectionServices [(null)] - Atm Id : 2 Received reponse from Bank, Time elapsed: 00:00:05.5195400
2016-03-15 16:35:05,362 [6] DEBUG AtmSimulatorWinForm.ConnectionServices [(null)] - Atm Id : 3 Received reponse from Bank, Time elapsed: 00:00:05.5189322
2016-03-15 16:35:05,378 [9] DEBUG AtmSimulatorWinForm.ConnectionServices [(null)] - Atm Id : 7 Received reponse from Bank, Time elapsed: 00:00:05.5057418
2016-03-15 16:35:05,378 [4] DEBUG AtmSimulatorWinForm.ConnectionServices [(null)] - Atm Id : 11 Received reponse from Bank, Time elapsed: 00:00:05.5008535
2016-03-15 16:35:05,393 [7] DEBUG AtmSimulatorWinForm.ConnectionServices [(null)] - Atm Id : 2 : Not Responsed ACK
2016-03-15 16:35:05,393 [6] DEBUG AtmSimulatorWinForm.ConnectionServices [(null)] - Atm Id : 3 : Not Responsed ACK
2016-03-15 16:35:05,393 [9] DEBUG AtmSimulatorWinForm.ConnectionServices [(null)] - Atm Id : 7 : Not Responsed ACK
2016-03-15 16:35:05,393 [4] DEBUG AtmSimulatorWinForm.ConnectionServices [(null)] - Atm Id : 11 : Not Responsed ACK
2016-03-15 16:35:05,800 [1] DEBUG AtmSimulatorWinForm.ConnectionServices [(null)] - Atm Id : 1 Sent
2016-03-15 16:35:05,800 [1] DEBUG AtmSimulatorWinForm.ConnectionServices [(null)] - Atm Id : 2 Sent
2016-03-15 16:35:05,815 [1] DEBUG AtmSimulatorWinForm.ConnectionServices [(null)] - Atm Id : 3 Sent
2016-03-15 16:35:05,815 [1] DEBUG AtmSimulatorWinForm.ConnectionServices [(null)] - Atm Id : 4 Sent
2016-03-15 16:35:05,815 [1] DEBUG AtmSimulatorWinForm.ConnectionServices [(null)] - Atm Id : 5 Sent
2016-03-15 16:35:05,831 [1] DEBUG AtmSimulatorWinForm.ConnectionServices [(null)] - Atm Id : 6 Sent
2016-03-15 16:35:05,831 [1] DEBUG AtmSimulatorWinForm.ConnectionServices [(null)] - Atm Id : 7 Sent
2016-03-15 16:35:05,831 [1] DEBUG AtmSimulatorWinForm.ConnectionServices [(null)] - Atm Id : 8 Sent
2016-03-15 16:35:05,831 [1] DEBUG AtmSimulatorWinForm.ConnectionServices [(null)] - Atm Id : 9 Sent
2016-03-15 16:35:05,847 [1] DEBUG AtmSimulatorWinForm.ConnectionServices [(null)] - Atm Id : 10 Sent
2016-03-15 16:35:05,847 [1] DEBUG AtmSimulatorWinForm.ConnectionServices [(null)] - Atm Id : 11 Sent
2016-03-15 16:35:05,847 [1] DEBUG AtmSimulatorWinForm.ConnectionServices [(null)] - Atm Id : 12 Sent
2016-03-15 16:35:05,862 [1] DEBUG AtmSimulatorWinForm.ConnectionServices [(null)] - Atm Id : 13 Sent
2016-03-15 16:35:05,862 [1] DEBUG AtmSimulatorWinForm.ConnectionServices [(null)] - Atm Id : 14 Sent
2016-03-15 16:35:05,862 [1] DEBUG AtmSimulatorWinForm.ConnectionServices [(null)] - Atm Id : 15 Sent
2016-03-15 16:35:05,878 [4] DEBUG AtmSimulatorWinForm.ConnectionServices [(null)] - Atm Id : 1 Received reponse from Bank, Time elapsed: 00:00:00.0814066
2016-03-15 16:35:05,893 [4] DEBUG AtmSimulatorWinForm.ConnectionServices [(null)] - Atm Id : 1 : Not Responsed ACK
2016-03-15 16:35:05,925 [4] DEBUG AtmSimulatorWinForm.ConnectionServices [(null)] - Atm Id : 2 Received reponse from Bank, Time elapsed: 00:00:00.1234317
2016-03-15 16:35:05,940 [4] DEBUG AtmSimulatorWinForm.ConnectionServices [(null)] - Atm Id : 2 : Responsed ACK
2016-03-15 16:35:05,987 [4] DEBUG AtmSimulatorWinForm.ConnectionServices [(null)] - Atm Id : 3 Received reponse from Bank, Time elapsed: 00:00:00.1704375
2016-03-15 16:35:05,987 [4] DEBUG AtmSimulatorWinForm.ConnectionServices [(null)] - Atm Id : 3 : Not Responsed ACK
2016-03-15 16:35:06,034 [4] DEBUG AtmSimulatorWinForm.ConnectionServices [(null)] - Atm Id : 5 Received reponse from Bank, Time elapsed: 00:00:00.2095601
2016-03-15 16:35:06,034 [4] DEBUG AtmSimulatorWinForm.ConnectionServices [(null)] - Atm Id : 5 : Not Responsed ACK
2016-03-15 16:35:06,081 [4] DEBUG AtmSimulatorWinForm.ConnectionServices [(null)] - Atm Id : 6 Received reponse from Bank, Time elapsed: 00:00:00.2556319
2016-03-15 16:35:06,081 [4] DEBUG AtmSimulatorWinForm.ConnectionServices [(null)] - Atm Id : 6 : Responsed ACK
2016-03-15 16:35:06,129 [4] DEBUG AtmSimulatorWinForm.ConnectionServices [(null)] - Atm Id : 4 Received reponse from Bank, Time elapsed: 00:00:00.3144772
2016-03-15 16:35:06,144 [4] DEBUG AtmSimulatorWinForm.ConnectionServices [(null)] - Atm Id : 4 : Responsed ACK
2016-03-15 16:35:06,190 [4] DEBUG AtmSimulatorWinForm.ConnectionServices [(null)] - Atm Id : 7 Received reponse from Bank, Time elapsed: 00:00:00.3516682
2016-03-15 16:35:06,190 [4] DEBUG AtmSimulatorWinForm.ConnectionServices [(null)] - Atm Id : 7 : Not Responsed ACK
2016-03-15 16:35:06,237 [4] DEBUG AtmSimulatorWinForm.ConnectionServices [(null)] - Atm Id : 8 Received reponse from Bank, Time elapsed: 00:00:00.3965511
2016-03-15 16:35:06,237 [4] DEBUG AtmSimulatorWinForm.ConnectionServices [(null)] - Atm Id : 8 : Not Responsed ACK
2016-03-15 16:35:06,284 [4] DEBUG AtmSimulatorWinForm.ConnectionServices [(null)] - Atm Id : 9 Received reponse from Bank, Time elapsed: 00:00:00.4432982
2016-03-15 16:35:06,284 [4] DEBUG AtmSimulatorWinForm.ConnectionServices [(null)] - Atm Id : 9 : Responsed ACK
2016-03-15 16:35:06,331 [4] DEBUG AtmSimulatorWinForm.ConnectionServices [(null)] - Atm Id : 10 Received reponse from Bank, Time elapsed: 00:00:00.4897956
2016-03-15 16:35:06,331 [4] DEBUG AtmSimulatorWinForm.ConnectionServices [(null)] - Atm Id : 10 : Not Responsed ACK
2016-03-15 16:35:06,347 [4] DEBUG AtmSimulatorWinForm.ConnectionServices [(null)] - Atm Id : 10 Received reponse from Bank, Time elapsed: 00:00:00.4983271
2016-03-15 16:35:06,347 [4] DEBUG AtmSimulatorWinForm.ConnectionServices [(null)] - Atm Id : 10 : Not Responsed ACK
2016-03-15 16:35:06,378 [4] DEBUG AtmSimulatorWinForm.ConnectionServices [(null)] - Atm Id : 11 Received reponse from Bank, Time elapsed: 00:00:00.5340966
2016-03-15 16:35:06,393 [4] DEBUG AtmSimulatorWinForm.ConnectionServices [(null)] - Atm Id : 11 : Responsed ACK
2016-03-15 16:35:06,440 [4] DEBUG AtmSimulatorWinForm.ConnectionServices [(null)] - Atm Id : 12 Received reponse from Bank, Time elapsed: 00:00:00.5804777
2016-03-15 16:35:06,440 [4] DEBUG AtmSimulatorWinForm.ConnectionServices [(null)] - Atm Id : 12 : Not Responsed ACK
2016-03-15 16:35:06,487 [4] DEBUG AtmSimulatorWinForm.ConnectionServices [(null)] - Atm Id : 13 Received reponse from Bank, Time elapsed: 00:00:00.6247114
2016-03-15 16:35:06,487 [4] DEBUG AtmSimulatorWinForm.ConnectionServices [(null)] - Atm Id : 13 : Responsed ACK
2016-03-15 16:35:06,534 [4] DEBUG AtmSimulatorWinForm.ConnectionServices [(null)] - Atm Id : 14 Received reponse from Bank, Time elapsed: 00:00:00.6692207
2016-03-15 16:35:06,534 [4] DEBUG AtmSimulatorWinForm.ConnectionServices [(null)] - Atm Id : 14 : Not Responsed ACK
2016-03-15 16:35:06,581 [4] DEBUG AtmSimulatorWinForm.ConnectionServices [(null)] - Atm Id : 15 Received reponse from Bank, Time elapsed: 00:00:00.7179030
2016-03-15 16:35:06,581 [4] DEBUG AtmSimulatorWinForm.ConnectionServices [(null)] - Atm Id : 15 : Responsed ACK
2016-03-15 16:35:06,691 [4] DEBUG AtmSimulatorWinForm.ConnectionServices [(null)] - Atm Id : 14 Received reponse from Bank, Time elapsed: 00:00:00.8297802
2016-03-15 16:35:06,691 [4] DEBUG AtmSimulatorWinForm.ConnectionServices [(null)] - Atm Id : 14 : Responsed ACK
2016-03-15 16:35:08,894 [4] DEBUG AtmSimulatorWinForm.ConnectionServices [(null)] - Atm Id : 1 Received reponse from Bank, Time elapsed: 00:00:00.0814066
2016-03-15 16:35:08,894 [4] DEBUG AtmSimulatorWinForm.ConnectionServices [(null)] - Atm Id : 1 : Responsed ACK
2016-03-15 16:35:08,988 [4] DEBUG AtmSimulatorWinForm.ConnectionServices [(null)] - Atm Id : 3 Received reponse from Bank, Time elapsed: 00:00:00.1704375
2016-03-15 16:35:08,988 [4] DEBUG AtmSimulatorWinForm.ConnectionServices [(null)] - Atm Id : 3 : Responsed ACK
2016-03-15 16:35:09,035 [4] DEBUG AtmSimulatorWinForm.ConnectionServices [(null)] - Atm Id : 5 Received reponse from Bank, Time elapsed: 00:00:00.2095601
2016-03-15 16:35:09,035 [4] DEBUG AtmSimulatorWinForm.ConnectionServices [(null)] - Atm Id : 5 : Not Responsed ACK
2016-03-15 16:35:09,191 [4] DEBUG AtmSimulatorWinForm.ConnectionServices [(null)] - Atm Id : 7 Received reponse from Bank, Time elapsed: 00:00:00.3516682
2016-03-15 16:35:09,191 [4] DEBUG AtmSimulatorWinForm.ConnectionServices [(null)] - Atm Id : 7 : Responsed ACK
2016-03-15 16:35:09,253 [4] DEBUG AtmSimulatorWinForm.ConnectionServices [(null)] - Atm Id : 8 Received reponse from Bank, Time elapsed: 00:00:00.3965511
2016-03-15 16:35:09,253 [4] DEBUG AtmSimulatorWinForm.ConnectionServices [(null)] - Atm Id : 8 : Responsed ACK
2016-03-15 16:35:09,347 [4] DEBUG AtmSimulatorWinForm.ConnectionServices [(null)] - Atm Id : 10 Received reponse from Bank, Time elapsed: 00:00:00.4983271
2016-03-15 16:35:09,347 [4] DEBUG AtmSimulatorWinForm.ConnectionServices [(null)] - Atm Id : 10 : Not Responsed ACK
2016-03-15 16:35:09,441 [4] DEBUG AtmSimulatorWinForm.ConnectionServices [(null)] - Atm Id : 12 Received reponse from Bank, Time elapsed: 00:00:00.5804777
2016-03-15 16:35:09,441 [4] DEBUG AtmSimulatorWinForm.ConnectionServices [(null)] - Atm Id : 12 : Not Responsed ACK
2016-03-15 16:35:09,535 [4] DEBUG AtmSimulatorWinForm.ConnectionServices [(null)] - Atm Id : 14 Received reponse from Bank, Time elapsed: 00:00:00.6692207
